TpTrace Verbose: 0 : 7372, 1, 2024/04/23, 20:24:06.316, 13193168574063, vstest.console.dll, Version: 17.9.0-release-24072-02 Current process architecture: X64
TpTrace Verbose: 0 : 7372, 1, 2024/04/23, 20:24:06.322, 13193168633624, vstest.console.dll, Runtime location: C:\Program Files\dotnet\shared\Microsoft.NETCore.App\8.0.3
TpTrace Verbose: 0 : 7372, 1, 2024/04/23, 20:24:06.327, 13193168683058, vstest.console.dll, ArtifactProcessingPostProcessModeProcessorExecutor.Initialize: ArtifactProcessingMode.Collect
TpTrace Verbose: 0 : 7372, 1, 2024/04/23, 20:24:06.327, 13193168685336, vstest.console.dll, TestSessionCorrelationIdProcessorModeProcessorExecutor.Initialize: TestSessionCorrelationId '19916_d95a3adf-fb77-43e6-9b40-9b6fe8b1841f'
TpTrace Information: 0 : 7372, 1, 2024/04/23, 20:24:06.342, 13193168830520, vstest.console.dll, FilePatternParser: The given file C:\Users\VC\source\repos\Day7\ClinicAppointmentSolution\ClinicDoctorBLUnitTest\bin\Debug\net6.0\fine-code-coverage\build-output\ClinicDoctorBLUnitTest.dll is a full path.
TpTrace Verbose: 0 : 7372, 1, 2024/04/23, 20:24:06.351, 13193168922759, vstest.console.dll, TestPluginCache.DiscoverTestExtensions: finding test extensions in assemblies ends with: RuntimeProvider.dll TPluginInfo: Microsoft.VisualStudio.TestPlatform.Common.ExtensionFramework.Utilities.TestRuntimePluginInformation TExtension: Microsoft.VisualStudio.TestPlatform.ObjectModel.Host.ITestRuntimeProvider
TpTrace Verbose: 0 : 7372, 1, 2024/04/23, 20:24:06.352, 13193168928378, vstest.console.dll, TestPluginCache.GetExtensionPaths: Filtered extension paths: 
TpTrace Verbose: 0 : 7372, 1, 2024/04/23, 20:24:06.352, 13193168929803, vstest.console.dll, TestPluginCache.GetExtensionPaths: Added default extension paths: C:\Program Files\dotnet\sdk\8.0.202\Extensions\Microsoft.Diagnostics.NETCore.Client.dll
C:\Program Files\dotnet\sdk\8.0.202\Extensions\Microsoft.TestPlatform.Extensions.BlameDataCollector.dll
C:\Program Files\dotnet\sdk\8.0.202\Extensions\Microsoft.TestPlatform.Extensions.EventLogCollector.dll
C:\Program Files\dotnet\sdk\8.0.202\Extensions\Microsoft.TestPlatform.TestHostRuntimeProvider.dll
C:\Program Files\dotnet\sdk\8.0.202\Extensions\Microsoft.VisualStudio.TestPlatform.Extensions.Html.TestLogger.dll
C:\Program Files\dotnet\sdk\8.0.202\Extensions\Microsoft.VisualStudio.TestPlatform.Extensions.Trx.TestLogger.dll
TpTrace Verbose: 0 : 7372, 1, 2024/04/23, 20:24:06.352, 13193168930305, vstest.console.dll, TestPluginCache.GetExtensionPaths: Added unfilterableExtensionPaths: 
TpTrace Information: 0 : 7372, 1, 2024/04/23, 20:24:06.353, 13193168939330, vstest.console.dll, AssemblyResolver.ctor: Creating AssemblyResolver with searchDirectories C:\Program Files\dotnet\sdk\8.0.202\Extensions,C:\Program Files\dotnet\sdk\8.0.202
TpTrace Verbose: 0 : 7372, 1, 2024/04/23, 20:24:06.356, 13193168965750, vstest.console.dll, TestPluginCache.DiscoverTestExtensions: Discovering the extensions using extension path.
TpTrace Verbose: 0 : 7372, 1, 2024/04/23, 20:24:06.356, 13193168968673, vstest.console.dll, TestPluginCache.GetExtensionPaths: Filtered extension paths: 
TpTrace Verbose: 0 : 7372, 1, 2024/04/23, 20:24:06.356, 13193168969338, vstest.console.dll, TestPluginCache.GetExtensionPaths: Added default extension paths: C:\Program Files\dotnet\sdk\8.0.202\Extensions\Microsoft.Diagnostics.NETCore.Client.dll
C:\Program Files\dotnet\sdk\8.0.202\Extensions\Microsoft.TestPlatform.Extensions.BlameDataCollector.dll
C:\Program Files\dotnet\sdk\8.0.202\Extensions\Microsoft.TestPlatform.Extensions.EventLogCollector.dll
C:\Program Files\dotnet\sdk\8.0.202\Extensions\Microsoft.TestPlatform.TestHostRuntimeProvider.dll
C:\Program Files\dotnet\sdk\8.0.202\Extensions\Microsoft.VisualStudio.TestPlatform.Extensions.Html.TestLogger.dll
C:\Program Files\dotnet\sdk\8.0.202\Extensions\Microsoft.VisualStudio.TestPlatform.Extensions.Trx.TestLogger.dll
TpTrace Verbose: 0 : 7372, 1, 2024/04/23, 20:24:06.356, 13193168969845, vstest.console.dll, TestPluginCache.GetExtensionPaths: Added unfilterableExtensionPaths: 
TpTrace Verbose: 0 : 7372, 1, 2024/04/23, 20:24:06.356, 13193168970778, vstest.console.dll, TestPluginCache.DiscoverTestExtensions: Discovering the extensions using allExtensionPaths: C:\Program Files\dotnet\sdk\8.0.202\Extensions\Microsoft.Diagnostics.NETCore.Client.dll
C:\Program Files\dotnet\sdk\8.0.202\Extensions\Microsoft.TestPlatform.Extensions.BlameDataCollector.dll
C:\Program Files\dotnet\sdk\8.0.202\Extensions\Microsoft.TestPlatform.Extensions.EventLogCollector.dll
C:\Program Files\dotnet\sdk\8.0.202\Extensions\Microsoft.TestPlatform.TestHostRuntimeProvider.dll
C:\Program Files\dotnet\sdk\8.0.202\Extensions\Microsoft.VisualStudio.TestPlatform.Extensions.Html.TestLogger.dll
C:\Program Files\dotnet\sdk\8.0.202\Extensions\Microsoft.VisualStudio.TestPlatform.Extensions.Trx.TestLogger.dll
TpTrace Information: 0 : 7372, 1, 2024/04/23, 20:24:06.356, 13193168973724, vstest.console.dll, AssemblyResolver.AddSearchDirectories: Adding more searchDirectories C:\Program Files\dotnet\sdk\8.0.202\Extensions,C:\Program Files\dotnet\sdk\8.0.202
TpTrace Information: 0 : 7372, 1, 2024/04/23, 20:24:06.356, 13193168974678, vstest.console.dll, AssemblyResolver.AddSearchDirectories: Adding more searchDirectories C:\Program Files\dotnet\sdk\8.0.202\Extensions,C:\Program Files\dotnet\sdk\8.0.202
TpTrace Information: 0 : 7372, 1, 2024/04/23, 20:24:06.356, 13193168975123, vstest.console.dll, AssemblyResolver.AddSearchDirectories: Adding more searchDirectories C:\Program Files\dotnet\sdk\8.0.202\Extensions,C:\Program Files\dotnet\sdk\8.0.202
TpTrace Information: 0 : 7372, 1, 2024/04/23, 20:24:06.356, 13193168975517, vstest.console.dll, AssemblyResolver.AddSearchDirectories: Adding more searchDirectories C:\Program Files\dotnet\sdk\8.0.202\Extensions,C:\Program Files\dotnet\sdk\8.0.202
TpTrace Information: 0 : 7372, 1, 2024/04/23, 20:24:06.357, 13193168975976, vstest.console.dll, AssemblyResolver.AddSearchDirectories: Adding more searchDirectories C:\Program Files\dotnet\sdk\8.0.202\Extensions,C:\Program Files\dotnet\sdk\8.0.202
TpTrace Information: 0 : 7372, 1, 2024/04/23, 20:24:06.357, 13193168976361, vstest.console.dll, AssemblyResolver.AddSearchDirectories: Adding more searchDirectories C:\Program Files\dotnet\sdk\8.0.202\Extensions,C:\Program Files\dotnet\sdk\8.0.202
TpTrace Information: 0 : 7372, 1, 2024/04/23, 20:24:06.357, 13193168985201, vstest.console.dll, AssemblyResolver.OnResolve: Microsoft.Diagnostics.NETCore.Client: Resolving assembly.
TpTrace Information: 0 : 7372, 1, 2024/04/23, 20:24:06.358, 13193168986302, vstest.console.dll, AssemblyResolver.OnResolve: Microsoft.Diagnostics.NETCore.Client: Searching in: 'C:\Program Files\dotnet\sdk\8.0.202\Extensions'.
TpTrace Information: 0 : 7372, 1, 2024/04/23, 20:24:06.368, 13193169087007, vstest.console.dll, AssemblyResolver.OnResolve: Microsoft.Diagnostics.NETCore.Client: Loading assembly 'C:\Program Files\dotnet\sdk\8.0.202\Extensions\Microsoft.Diagnostics.NETCore.Client.dll'.
TpTrace Information: 0 : 7372, 1, 2024/04/23, 20:24:06.369, 13193169096288, vstest.console.dll, AssemblyResolver.OnResolve: Resolved assembly: Microsoft.Diagnostics.NETCore.Client, from path: C:\Program Files\dotnet\sdk\8.0.202\Extensions\Microsoft.Diagnostics.NETCore.Client.dll
TpTrace Verbose: 0 : 7372, 1, 2024/04/23, 20:24:06.373, 13193169143269, vstest.console.dll, MetadataReaderExtensionsHelper: Discovering extensions inside assembly 'Microsoft.Diagnostics.NETCore.Client, Version=0.2.9.2401, Culture=neutral, PublicKeyToken=31bf3856ad364e35' file path 'C:\Program Files\dotnet\sdk\8.0.202\Extensions\Microsoft.Diagnostics.NETCore.Client.dll'
TpTrace Information: 0 : 7372, 1, 2024/04/23, 20:24:06.378, 13193169189548, vstest.console.dll, AssemblyResolver.OnResolve: Microsoft.Bcl.AsyncInterfaces: Resolving assembly.
TpTrace Information: 0 : 7372, 1, 2024/04/23, 20:24:06.378, 13193169190244, vstest.console.dll, AssemblyResolver.OnResolve: Microsoft.Bcl.AsyncInterfaces: Searching in: 'C:\Program Files\dotnet\sdk\8.0.202\Extensions'.
TpTrace Information: 0 : 7372, 1, 2024/04/23, 20:24:06.378, 13193169190981, vstest.console.dll, AssemblyResolver.OnResolve: Microsoft.Bcl.AsyncInterfaces: Assembly path does not exist: 'C:\Program Files\dotnet\sdk\8.0.202\Extensions\Microsoft.Bcl.AsyncInterfaces.dll', returning.
TpTrace Information: 0 : 7372, 1, 2024/04/23, 20:24:06.378, 13193169191888, vstest.console.dll, AssemblyResolver.OnResolve: Microsoft.Bcl.AsyncInterfaces: Assembly path does not exist: 'C:\Program Files\dotnet\sdk\8.0.202\Extensions\Microsoft.Bcl.AsyncInterfaces.exe', returning.
TpTrace Information: 0 : 7372, 1, 2024/04/23, 20:24:06.378, 13193169192120, vstest.console.dll, AssemblyResolver.OnResolve: Microsoft.Bcl.AsyncInterfaces: Searching in: 'C:\Program Files\dotnet\sdk\8.0.202'.
TpTrace Information: 0 : 7372, 1, 2024/04/23, 20:24:06.378, 13193169192580, vstest.console.dll, AssemblyResolver.OnResolve: Microsoft.Bcl.AsyncInterfaces: Assembly path does not exist: 'C:\Program Files\dotnet\sdk\8.0.202\Microsoft.Bcl.AsyncInterfaces.dll', returning.
TpTrace Information: 0 : 7372, 1, 2024/04/23, 20:24:06.378, 13193169192950, vstest.console.dll, AssemblyResolver.OnResolve: Microsoft.Bcl.AsyncInterfaces: Assembly path does not exist: 'C:\Program Files\dotnet\sdk\8.0.202\Microsoft.Bcl.AsyncInterfaces.exe', returning.
TpTrace Information: 0 : 7372, 1, 2024/04/23, 20:24:06.378, 13193169193132, vstest.console.dll, AssemblyResolver.OnResolve: Microsoft.Bcl.AsyncInterfaces: Failed to load assembly.
TpTrace Verbose: 0 : 7372, 1, 2024/04/23, 20:24:06.378, 13193169193384, vstest.console.dll, CurrentDomainAssemblyResolve: Resolving assembly 'Microsoft.Bcl.AsyncInterfaces'.
TpTrace Information: 0 : 7372, 1, 2024/04/23, 20:24:06.378, 13193169193855, vstest.console.dll, AssemblyResolver.OnResolve: Microsoft.Bcl.AsyncInterfaces: Resolving assembly.
TpTrace Information: 0 : 7372, 1, 2024/04/23, 20:24:06.378, 13193169194107, vstest.console.dll, AssemblyResolver.OnResolve: Microsoft.Bcl.AsyncInterfaces: Resolved from cache.
TpTrace Verbose: 0 : 7372, 1, 2024/04/23, 20:24:06.378, 13193169194280, vstest.console.dll, CurrentDomainAssemblyResolve: Resolving assembly 'Microsoft.Bcl.AsyncInterfaces'.
TpTrace Verbose: 0 : 7372, 1, 2024/04/23, 20:24:06.378, 13193169194495, vstest.console.dll, CurrentDomainAssemblyResolve: Failed to resolve assembly 'Microsoft.Bcl.AsyncInterfaces'.
TpTrace Verbose: 0 : 7372, 1, 2024/04/23, 20:24:06.379, 13193169202203, vstest.console.dll, CurrentDomainAssemblyResolve: Failed to resolve assembly 'Microsoft.Bcl.AsyncInterfaces'.
TpTrace Warning: 0 : 7372, 1, 2024/04/23, 20:24:06.389, 13193169301391, vstest.console.dll, TestPluginDiscoverer: Failed to get types from assembly 'Microsoft.Diagnostics.NETCore.Client, Version=0.2.9.2401, Culture=neutral, PublicKeyToken=31bf3856ad364e35'. Error: System.Reflection.ReflectionTypeLoadException: Unable to load one or more of the requested types.
Could not load file or assembly 'Microsoft.Bcl.AsyncInterfaces, Version=6.0.0.0, Culture=neutral, PublicKeyToken=cc7b13ffcd2ddd51'. The system cannot find the file specified.
   at System.Reflection.RuntimeModule.GetTypes(RuntimeModule module)
   at System.Reflection.RuntimeModule.GetTypes()
   at Microsoft.VisualStudio.TestPlatform.Common.ExtensionFramework.TestPluginDiscoverer.GetTestExtensionsFromAssembly[TPluginInfo,TExtension](Assembly assembly, Dictionary`2 pluginInfos, String filePath) in /_/src/Microsoft.TestPlatform.Common/ExtensionFramework/TestPluginDiscoverer.cs:line 158
System.IO.FileNotFoundException: Could not load file or assembly 'Microsoft.Bcl.AsyncInterfaces, Version=6.0.0.0, Culture=neutral, PublicKeyToken=cc7b13ffcd2ddd51'. The system cannot find the file specified.
File name: 'Microsoft.Bcl.AsyncInterfaces, Version=6.0.0.0, Culture=neutral, PublicKeyToken=cc7b13ffcd2ddd51'
 ---> System.IO.FileNotFoundException: Could not load file or assembly 'Microsoft.Bcl.AsyncInterfaces, Culture=neutral, PublicKeyToken=null'. The system cannot find the file specified.
File name: 'Microsoft.Bcl.AsyncInterfaces, Culture=neutral, PublicKeyToken=null'
   at System.Reflection.RuntimeAssembly.InternalLoad(AssemblyName assemblyName, StackCrawlMark& stackMark, AssemblyLoadContext assemblyLoadContext, RuntimeAssembly requestingAssembly, Boolean throwOnFileNotFound)
   at System.Reflection.Assembly.Load(AssemblyName assemblyRef)
   at Microsoft.VisualStudio.TestPlatform.Common.ExtensionFramework.TestPluginCache.CurrentDomainAssemblyResolve(Object sender, AssemblyResolveEventArgs args) in /_/src/Microsoft.TestPlatform.Common/ExtensionFramework/TestPluginCache.cs:line 513
   at System.Runtime.Loader.AssemblyLoadContext.GetFirstResolvedAssemblyFromResolvingEvent(AssemblyName assemblyName)
   at System.Runtime.Loader.AssemblyLoadContext.ResolveUsingEvent(AssemblyName assemblyName)
   at System.Runtime.Loader.AssemblyLoadContext.ResolveUsingResolvingEvent(IntPtr gchManagedAssemblyLoadContext, AssemblyName assemblyName)
TpTrace Warning: 0 : 7372, 1, 2024/04/23, 20:24:06.389, 13193169305495, vstest.console.dll, LoaderExceptions: System.IO.FileNotFoundException: Could not load file or assembly 'Microsoft.Bcl.AsyncInterfaces, Version=6.0.0.0, Culture=neutral, PublicKeyToken=cc7b13ffcd2ddd51'. The system cannot find the file specified.
File name: 'Microsoft.Bcl.AsyncInterfaces, Version=6.0.0.0, Culture=neutral, PublicKeyToken=cc7b13ffcd2ddd51'
 ---> System.IO.FileNotFoundException: Could not load file or assembly 'Microsoft.Bcl.AsyncInterfaces, Culture=neutral, PublicKeyToken=null'. The system cannot find the file specified.
File name: 'Microsoft.Bcl.AsyncInterfaces, Culture=neutral, PublicKeyToken=null'
   at System.Reflection.RuntimeAssembly.InternalLoad(AssemblyName assemblyName, StackCrawlMark& stackMark, AssemblyLoadContext assemblyLoadContext, RuntimeAssembly requestingAssembly, Boolean throwOnFileNotFound)
   at System.Reflection.Assembly.Load(AssemblyName assemblyRef)
   at Microsoft.VisualStudio.TestPlatform.Common.ExtensionFramework.TestPluginCache.CurrentDomainAssemblyResolve(Object sender, AssemblyResolveEventArgs args) in /_/src/Microsoft.TestPlatform.Common/ExtensionFramework/TestPluginCache.cs:line 513
   at System.Runtime.Loader.AssemblyLoadContext.GetFirstResolvedAssemblyFromResolvingEvent(AssemblyName assemblyName)
   at System.Runtime.Loader.AssemblyLoadContext.ResolveUsingEvent(AssemblyName assemblyName)
   at System.Runtime.Loader.AssemblyLoadContext.ResolveUsingResolvingEvent(IntPtr gchManagedAssemblyLoadContext, AssemblyName assemblyName)
TpTrace Information: 0 : 7372, 1, 2024/04/23, 20:24:06.390, 13193169306962, vstest.console.dll, AssemblyResolver.OnResolve: Microsoft.TestPlatform.Extensions.BlameDataCollector: Resolving assembly.
TpTrace Information: 0 : 7372, 1, 2024/04/23, 20:24:06.390, 13193169307298, vstest.console.dll, AssemblyResolver.OnResolve: Microsoft.TestPlatform.Extensions.BlameDataCollector: Searching in: 'C:\Program Files\dotnet\sdk\8.0.202\Extensions'.
TpTrace Information: 0 : 7372, 1, 2024/04/23, 20:24:06.390, 13193169314501, vstest.console.dll, AssemblyResolver.OnResolve: Microsoft.TestPlatform.Extensions.BlameDataCollector: Loading assembly 'C:\Program Files\dotnet\sdk\8.0.202\Extensions\Microsoft.TestPlatform.Extensions.BlameDataCollector.dll'.
TpTrace Information: 0 : 7372, 1, 2024/04/23, 20:24:06.391, 13193169320967, vstest.console.dll, AssemblyResolver.OnResolve: Resolved assembly: Microsoft.TestPlatform.Extensions.BlameDataCollector, from path: C:\Program Files\dotnet\sdk\8.0.202\Extensions\Microsoft.TestPlatform.Extensions.BlameDataCollector.dll
TpTrace Verbose: 0 : 7372, 1, 2024/04/23, 20:24:06.391, 13193169321698, vstest.console.dll, MetadataReaderExtensionsHelper: Discovering extensions inside assembly 'Microsoft.TestPlatform.Extensions.BlameDataCollector, Version=15.0.0.0, Culture=neutral, PublicKeyToken=b03f5f7f11d50a3a' file path 'C:\Program Files\dotnet\sdk\8.0.202\Extensions\Microsoft.TestPlatform.Extensions.BlameDataCollector.dll'
TpTrace Information: 0 : 7372, 1, 2024/04/23, 20:24:06.393, 13193169335710, vstest.console.dll, AssemblyResolver.OnResolve: Microsoft.TestPlatform.Extensions.EventLogCollector: Resolving assembly.
TpTrace Information: 0 : 7372, 1, 2024/04/23, 20:24:06.393, 13193169336246, vstest.console.dll, AssemblyResolver.OnResolve: Microsoft.TestPlatform.Extensions.EventLogCollector: Searching in: 'C:\Program Files\dotnet\sdk\8.0.202\Extensions'.
TpTrace Information: 0 : 7372, 1, 2024/04/23, 20:24:06.393, 13193169340798, vstest.console.dll, AssemblyResolver.OnResolve: Microsoft.TestPlatform.Extensions.EventLogCollector: Loading assembly 'C:\Program Files\dotnet\sdk\8.0.202\Extensions\Microsoft.TestPlatform.Extensions.EventLogCollector.dll'.
TpTrace Information: 0 : 7372, 1, 2024/04/23, 20:24:06.393, 13193169345472, vstest.console.dll, AssemblyResolver.OnResolve: Resolved assembly: Microsoft.TestPlatform.Extensions.EventLogCollector, from path: C:\Program Files\dotnet\sdk\8.0.202\Extensions\Microsoft.TestPlatform.Extensions.EventLogCollector.dll
TpTrace Verbose: 0 : 7372, 1, 2024/04/23, 20:24:06.394, 13193169346043, vstest.console.dll, MetadataReaderExtensionsHelper: Discovering extensions inside assembly 'Microsoft.TestPlatform.Extensions.EventLogCollector, Version=15.0.0.0, Culture=neutral, PublicKeyToken=b03f5f7f11d50a3a' file path 'C:\Program Files\dotnet\sdk\8.0.202\Extensions\Microsoft.TestPlatform.Extensions.EventLogCollector.dll'
TpTrace Information: 0 : 7372, 1, 2024/04/23, 20:24:06.396, 13193169372335, vstest.console.dll, AssemblyResolver.OnResolve: Microsoft.TestPlatform.TestHostRuntimeProvider: Resolving assembly.
TpTrace Information: 0 : 7372, 1, 2024/04/23, 20:24:06.396, 13193169372839, vstest.console.dll, AssemblyResolver.OnResolve: Microsoft.TestPlatform.TestHostRuntimeProvider: Searching in: 'C:\Program Files\dotnet\sdk\8.0.202\Extensions'.
TpTrace Information: 0 : 7372, 1, 2024/04/23, 20:24:06.397, 13193169377299, vstest.console.dll, AssemblyResolver.OnResolve: Microsoft.TestPlatform.TestHostRuntimeProvider: Loading assembly 'C:\Program Files\dotnet\sdk\8.0.202\Extensions\Microsoft.TestPlatform.TestHostRuntimeProvider.dll'.
TpTrace Information: 0 : 7372, 1, 2024/04/23, 20:24:06.397, 13193169382367, vstest.console.dll, AssemblyResolver.OnResolve: Resolved assembly: Microsoft.TestPlatform.TestHostRuntimeProvider, from path: C:\Program Files\dotnet\sdk\8.0.202\Extensions\Microsoft.TestPlatform.TestHostRuntimeProvider.dll
TpTrace Verbose: 0 : 7372, 1, 2024/04/23, 20:24:06.397, 13193169382883, vstest.console.dll, MetadataReaderExtensionsHelper: Discovering extensions inside assembly 'Microsoft.TestPlatform.TestHostRuntimeProvider, Version=15.0.0.0, Culture=neutral, PublicKeyToken=b03f5f7f11d50a3a' file path 'C:\Program Files\dotnet\sdk\8.0.202\Extensions\Microsoft.TestPlatform.TestHostRuntimeProvider.dll'
TpTrace Information: 0 : 7372, 1, 2024/04/23, 20:24:06.399, 13193169397014, vstest.console.dll, GetTestExtensionFromType: Register extension with identifier data 'HostProvider://DefaultTestHost' and type 'Microsoft.VisualStudio.TestPlatform.CrossPlatEngine.Hosting.DefaultTestHostManager, Microsoft.TestPlatform.TestHostRuntimeProvider, Version=15.0.0.0, Culture=neutral, PublicKeyToken=b03f5f7f11d50a3a' inside file 'C:\Program Files\dotnet\sdk\8.0.202\Extensions\Microsoft.TestPlatform.TestHostRuntimeProvider.dll'
TpTrace Information: 0 : 7372, 1, 2024/04/23, 20:24:06.399, 13193169399255, vstest.console.dll, GetTestExtensionFromType: Register extension with identifier data 'HostProvider://DotnetTestHost' and type 'Microsoft.VisualStudio.TestPlatform.CrossPlatEngine.Hosting.DotnetTestHostManager, Microsoft.TestPlatform.TestHostRuntimeProvider, Version=15.0.0.0, Culture=neutral, PublicKeyToken=b03f5f7f11d50a3a' inside file 'C:\Program Files\dotnet\sdk\8.0.202\Extensions\Microsoft.TestPlatform.TestHostRuntimeProvider.dll'
TpTrace Information: 0 : 7372, 1, 2024/04/23, 20:24:06.399, 13193169399879, vstest.console.dll, AssemblyResolver.OnResolve: Microsoft.VisualStudio.TestPlatform.Extensions.Html.TestLogger: Resolving assembly.
TpTrace Information: 0 : 7372, 1, 2024/04/23, 20:24:06.399, 13193169400111, vstest.console.dll, AssemblyResolver.OnResolve: Microsoft.VisualStudio.TestPlatform.Extensions.Html.TestLogger: Searching in: 'C:\Program Files\dotnet\sdk\8.0.202\Extensions'.
TpTrace Information: 0 : 7372, 1, 2024/04/23, 20:24:06.399, 13193169405290, vstest.console.dll, AssemblyResolver.OnResolve: Microsoft.VisualStudio.TestPlatform.Extensions.Html.TestLogger: Loading assembly 'C:\Program Files\dotnet\sdk\8.0.202\Extensions\Microsoft.VisualStudio.TestPlatform.Extensions.Html.TestLogger.dll'.
TpTrace Information: 0 : 7372, 1, 2024/04/23, 20:24:06.400, 13193169411248, vstest.console.dll, AssemblyResolver.OnResolve: Resolved assembly: Microsoft.VisualStudio.TestPlatform.Extensions.Html.TestLogger, from path: C:\Program Files\dotnet\sdk\8.0.202\Extensions\Microsoft.VisualStudio.TestPlatform.Extensions.Html.TestLogger.dll
TpTrace Verbose: 0 : 7372, 1, 2024/04/23, 20:24:06.400, 13193169411720, vstest.console.dll, MetadataReaderExtensionsHelper: Discovering extensions inside assembly 'Microsoft.VisualStudio.TestPlatform.Extensions.Html.TestLogger, Version=15.0.0.0, Culture=neutral, PublicKeyToken=b03f5f7f11d50a3a' file path 'C:\Program Files\dotnet\sdk\8.0.202\Extensions\Microsoft.VisualStudio.TestPlatform.Extensions.Html.TestLogger.dll'
TpTrace Information: 0 : 7372, 1, 2024/04/23, 20:24:06.401, 13193169420008, vstest.console.dll, AssemblyResolver.OnResolve: Microsoft.VisualStudio.TestPlatform.Extensions.Trx.TestLogger: Resolving assembly.
TpTrace Information: 0 : 7372, 1, 2024/04/23, 20:24:06.401, 13193169420416, vstest.console.dll, AssemblyResolver.OnResolve: Microsoft.VisualStudio.TestPlatform.Extensions.Trx.TestLogger: Searching in: 'C:\Program Files\dotnet\sdk\8.0.202\Extensions'.
TpTrace Information: 0 : 7372, 1, 2024/04/23, 20:24:06.401, 13193169424904, vstest.console.dll, AssemblyResolver.OnResolve: Microsoft.VisualStudio.TestPlatform.Extensions.Trx.TestLogger: Loading assembly 'C:\Program Files\dotnet\sdk\8.0.202\Extensions\Microsoft.VisualStudio.TestPlatform.Extensions.Trx.TestLogger.dll'.
TpTrace Information: 0 : 7372, 1, 2024/04/23, 20:24:06.402, 13193169430362, vstest.console.dll, AssemblyResolver.OnResolve: Resolved assembly: Microsoft.VisualStudio.TestPlatform.Extensions.Trx.TestLogger, from path: C:\Program Files\dotnet\sdk\8.0.202\Extensions\Microsoft.VisualStudio.TestPlatform.Extensions.Trx.TestLogger.dll
TpTrace Verbose: 0 : 7372, 1, 2024/04/23, 20:24:06.402, 13193169430859, vstest.console.dll, MetadataReaderExtensionsHelper: Discovering extensions inside assembly 'Microsoft.VisualStudio.TestPlatform.Extensions.Trx.TestLogger, Version=15.0.0.0, Culture=neutral, PublicKeyToken=b03f5f7f11d50a3a' file path 'C:\Program Files\dotnet\sdk\8.0.202\Extensions\Microsoft.VisualStudio.TestPlatform.Extensions.Trx.TestLogger.dll'
TpTrace Verbose: 0 : 7372, 1, 2024/04/23, 20:24:06.403, 13193169441146, vstest.console.dll, TestPluginCache: Discovered the extensions using extension path ''.
TpTrace Verbose: 0 : 7372, 1, 2024/04/23, 20:24:06.403, 13193169442508, vstest.console.dll, TestPluginCache: Discoverers are ''.
TpTrace Verbose: 0 : 7372, 1, 2024/04/23, 20:24:06.403, 13193169442688, vstest.console.dll, TestPluginCache: Executors are ''.
TpTrace Verbose: 0 : 7372, 1, 2024/04/23, 20:24:06.403, 13193169443286, vstest.console.dll, TestPluginCache: Executors2 are ''.
TpTrace Verbose: 0 : 7372, 1, 2024/04/23, 20:24:06.403, 13193169443475, vstest.console.dll, TestPluginCache: Setting providers are ''.
TpTrace Verbose: 0 : 7372, 1, 2024/04/23, 20:24:06.403, 13193169443629, vstest.console.dll, TestPluginCache: Loggers are ''.
TpTrace Verbose: 0 : 7372, 1, 2024/04/23, 20:24:06.403, 13193169444229, vstest.console.dll, TestPluginCache: TestHosts are 'HostProvider://DefaultTestHost,HostProvider://DotnetTestHost'.
TpTrace Verbose: 0 : 7372, 1, 2024/04/23, 20:24:06.403, 13193169444471, vstest.console.dll, TestPluginCache: DataCollectors are ''.
TpTrace Information: 0 : 7372, 1, 2024/04/23, 20:24:06.414, 13193169552244, vstest.console.dll, RunTestsArgumentProcessor:Execute: Test run is starting.
TpTrace Verbose: 0 : 7372, 1, 2024/04/23, 20:24:06.414, 13193169553082, vstest.console.dll, RunTestsArgumentProcessor:Execute: Queuing Test run.
TpTrace Information: 0 : 7372, 1, 2024/04/23, 20:24:06.414, 13193169554660, vstest.console.dll, TestRequestManager.RunTests: run tests started.
TpTrace Information: 0 : 7372, 1, 2024/04/23, 20:24:06.415, 13193169564608, vstest.console.dll, AssemblyMetadataProvider.GetFrameworkName: Determined framework:'.NETCoreApp,Version=v6.0' for source: 'C:\Users\VC\source\repos\Day7\ClinicAppointmentSolution\ClinicDoctorBLUnitTest\bin\Debug\net6.0\fine-code-coverage\build-output\ClinicDoctorBLUnitTest.dll'
TpTrace Information: 0 : 7372, 1, 2024/04/23, 20:24:06.416, 13193169566620, vstest.console.dll, Determined framework for all sources: .NETCoreApp,Version=v6.0
TpTrace Verbose: 0 : 7372, 1, 2024/04/23, 20:24:06.416, 13193169569438, vstest.console.dll, TestRequestManager.UpdateRunSettingsIfRequired: Default architecture: X64 IsDefaultTargetArchitecture: True, Current process architecture: X64 OperatingSystem: Windows.
TpTrace Information: 0 : 7372, 1, 2024/04/23, 20:24:06.417, 13193169582875, vstest.console.dll, AssemblyMetadataProvider.GetArchitecture: Determined architecture:AnyCPU info for assembly: C:\Users\VC\source\repos\Day7\ClinicAppointmentSolution\ClinicDoctorBLUnitTest\bin\Debug\net6.0\fine-code-coverage\build-output\ClinicDoctorBLUnitTest.dll
TpTrace Information: 0 : 7372, 1, 2024/04/23, 20:24:06.417, 13193169583362, vstest.console.dll, Determined platform for source 'C:\Users\VC\source\repos\Day7\ClinicAppointmentSolution\ClinicDoctorBLUnitTest\bin\Debug\net6.0\fine-code-coverage\build-output\ClinicDoctorBLUnitTest.dll' was AnyCPU and it will use the default plaform X64.
TpTrace Information: 0 : 7372, 1, 2024/04/23, 20:24:06.417, 13193169583551, vstest.console.dll, None of the sources provided any runnable platform, using the default platform: X64
TpTrace Information: 0 : 7372, 1, 2024/04/23, 20:24:06.417, 13193169584254, vstest.console.dll, Platform was updated to 'X64'.
TpTrace Information: 0 : 7372, 1, 2024/04/23, 20:24:06.420, 13193169611698, vstest.console.dll, InferRunSettingsHelper.IsTestSettingsEnabled: Unable to navigate to RunSettings/MSTest. Current node: RunSettings
TpTrace Information: 0 : 7372, 1, 2024/04/23, 20:24:06.421, 13193169621185, vstest.console.dll, AssemblyResolver.OnResolve: Microsoft.VisualStudio.TestPlatform.Fakes: Resolving assembly.
TpTrace Information: 0 : 7372, 1, 2024/04/23, 20:24:06.421, 13193169621810, vstest.console.dll, AssemblyResolver.OnResolve: Microsoft.VisualStudio.TestPlatform.Fakes: Searching in: 'C:\Program Files\dotnet\sdk\8.0.202\Extensions'.
TpTrace Information: 0 : 7372, 1, 2024/04/23, 20:24:06.421, 13193169622887, vstest.console.dll, AssemblyResolver.OnResolve: Microsoft.VisualStudio.TestPlatform.Fakes: Assembly path does not exist: 'C:\Program Files\dotnet\sdk\8.0.202\Extensions\Microsoft.VisualStudio.TestPlatform.Fakes.dll', returning.
TpTrace Information: 0 : 7372, 1, 2024/04/23, 20:24:06.421, 13193169623393, vstest.console.dll, AssemblyResolver.OnResolve: Microsoft.VisualStudio.TestPlatform.Fakes: Assembly path does not exist: 'C:\Program Files\dotnet\sdk\8.0.202\Extensions\Microsoft.VisualStudio.TestPlatform.Fakes.exe', returning.
TpTrace Information: 0 : 7372, 1, 2024/04/23, 20:24:06.421, 13193169623609, vstest.console.dll, AssemblyResolver.OnResolve: Microsoft.VisualStudio.TestPlatform.Fakes: Searching in: 'C:\Program Files\dotnet\sdk\8.0.202'.
TpTrace Information: 0 : 7372, 1, 2024/04/23, 20:24:06.421, 13193169624064, vstest.console.dll, AssemblyResolver.OnResolve: Microsoft.VisualStudio.TestPlatform.Fakes: Assembly path does not exist: 'C:\Program Files\dotnet\sdk\8.0.202\Microsoft.VisualStudio.TestPlatform.Fakes.dll', returning.
TpTrace Information: 0 : 7372, 1, 2024/04/23, 20:24:06.421, 13193169624480, vstest.console.dll, AssemblyResolver.OnResolve: Microsoft.VisualStudio.TestPlatform.Fakes: Assembly path does not exist: 'C:\Program Files\dotnet\sdk\8.0.202\Microsoft.VisualStudio.TestPlatform.Fakes.exe', returning.
TpTrace Information: 0 : 7372, 1, 2024/04/23, 20:24:06.421, 13193169624677, vstest.console.dll, AssemblyResolver.OnResolve: Microsoft.VisualStudio.TestPlatform.Fakes: Failed to load assembly.
TpTrace Information: 0 : 7372, 1, 2024/04/23, 20:24:06.422, 13193169627103, vstest.console.dll, Failed to load assembly Microsoft.VisualStudio.TestPlatform.Fakes, Version=17.0.0.0, Culture=neutral. Reason:System.IO.FileNotFoundException: Could not load file or assembly 'Microsoft.VisualStudio.TestPlatform.Fakes, Version=17.0.0.0, Culture=neutral, PublicKeyToken=null'. The system cannot find the file specified.
File name: 'Microsoft.VisualStudio.TestPlatform.Fakes, Version=17.0.0.0, Culture=neutral, PublicKeyToken=null'
   at System.Reflection.RuntimeAssembly.InternalLoad(AssemblyName assemblyName, StackCrawlMark& stackMark, AssemblyLoadContext assemblyLoadContext, RuntimeAssembly requestingAssembly, Boolean throwOnFileNotFound)
   at System.Reflection.Assembly.Load(AssemblyName assemblyRef)
   at Microsoft.VisualStudio.TestPlatform.Common.Utilities.FakesUtilities.LoadTestPlatformAssembly() in /_/src/Microsoft.TestPlatform.Common/Utilities/FakesUtilities.cs:line 272
TpTrace Verbose: 0 : 7372, 1, 2024/04/23, 20:24:06.424, 13193169652211, vstest.console.dll, TestPluginCache.DiscoverTestExtensions: finding test extensions in assemblies ends with: TestLogger.dll TPluginInfo: Microsoft.VisualStudio.TestPlatform.Common.ExtensionFramework.Utilities.TestLoggerPluginInformation TExtension: Microsoft.VisualStudio.TestPlatform.ObjectModel.Client.ITestLogger
TpTrace Verbose: 0 : 7372, 1, 2024/04/23, 20:24:06.424, 13193169652980, vstest.console.dll, TestPluginCache.GetExtensionPaths: Filtered extension paths: 
TpTrace Verbose: 0 : 7372, 1, 2024/04/23, 20:24:06.424, 13193169653245, vstest.console.dll, TestPluginCache.GetExtensionPaths: Added default extension paths: C:\Program Files\dotnet\sdk\8.0.202\Extensions\Microsoft.Diagnostics.NETCore.Client.dll
C:\Program Files\dotnet\sdk\8.0.202\Extensions\Microsoft.TestPlatform.Extensions.BlameDataCollector.dll
C:\Program Files\dotnet\sdk\8.0.202\Extensions\Microsoft.TestPlatform.Extensions.EventLogCollector.dll
C:\Program Files\dotnet\sdk\8.0.202\Extensions\Microsoft.TestPlatform.TestHostRuntimeProvider.dll
C:\Program Files\dotnet\sdk\8.0.202\Extensions\Microsoft.VisualStudio.TestPlatform.Extensions.Html.TestLogger.dll
C:\Program Files\dotnet\sdk\8.0.202\Extensions\Microsoft.VisualStudio.TestPlatform.Extensions.Trx.TestLogger.dll
TpTrace Verbose: 0 : 7372, 1, 2024/04/23, 20:24:06.424, 13193169653448, vstest.console.dll, TestPluginCache.GetExtensionPaths: Added unfilterableExtensionPaths: 
TpTrace Information: 0 : 7372, 1, 2024/04/23, 20:24:06.424, 13193169654602, vstest.console.dll, AssemblyResolver.AddSearchDirectories: Adding more searchDirectories C:\Program Files\dotnet\sdk\8.0.202\Extensions,C:\Program Files\dotnet\sdk\8.0.202
TpTrace Verbose: 0 : 7372, 1, 2024/04/23, 20:24:06.424, 13193169654929, vstest.console.dll, TestPluginCache.DiscoverTestExtensions: Discovering the extensions using extension path.
TpTrace Verbose: 0 : 7372, 1, 2024/04/23, 20:24:06.424, 13193169655160, vstest.console.dll, TestPluginCache.GetExtensionPaths: Filtered extension paths: 
TpTrace Verbose: 0 : 7372, 1, 2024/04/23, 20:24:06.424, 13193169655390, vstest.console.dll, TestPluginCache.GetExtensionPaths: Added default extension paths: C:\Program Files\dotnet\sdk\8.0.202\Extensions\Microsoft.Diagnostics.NETCore.Client.dll
C:\Program Files\dotnet\sdk\8.0.202\Extensions\Microsoft.TestPlatform.Extensions.BlameDataCollector.dll
C:\Program Files\dotnet\sdk\8.0.202\Extensions\Microsoft.TestPlatform.Extensions.EventLogCollector.dll
C:\Program Files\dotnet\sdk\8.0.202\Extensions\Microsoft.TestPlatform.TestHostRuntimeProvider.dll
C:\Program Files\dotnet\sdk\8.0.202\Extensions\Microsoft.VisualStudio.TestPlatform.Extensions.Html.TestLogger.dll
C:\Program Files\dotnet\sdk\8.0.202\Extensions\Microsoft.VisualStudio.TestPlatform.Extensions.Trx.TestLogger.dll
TpTrace Verbose: 0 : 7372, 1, 2024/04/23, 20:24:06.425, 13193169655586, vstest.console.dll, TestPluginCache.GetExtensionPaths: Added unfilterableExtensionPaths: 
TpTrace Verbose: 0 : 7372, 1, 2024/04/23, 20:24:06.425, 13193169655809, vstest.console.dll, TestPluginCache.DiscoverTestExtensions: Discovering the extensions using allExtensionPaths: C:\Program Files\dotnet\sdk\8.0.202\Extensions\Microsoft.Diagnostics.NETCore.Client.dll
C:\Program Files\dotnet\sdk\8.0.202\Extensions\Microsoft.TestPlatform.Extensions.BlameDataCollector.dll
C:\Program Files\dotnet\sdk\8.0.202\Extensions\Microsoft.TestPlatform.Extensions.EventLogCollector.dll
C:\Program Files\dotnet\sdk\8.0.202\Extensions\Microsoft.TestPlatform.TestHostRuntimeProvider.dll
C:\Program Files\dotnet\sdk\8.0.202\Extensions\Microsoft.VisualStudio.TestPlatform.Extensions.Html.TestLogger.dll
C:\Program Files\dotnet\sdk\8.0.202\Extensions\Microsoft.VisualStudio.TestPlatform.Extensions.Trx.TestLogger.dll
TpTrace Information: 0 : 7372, 1, 2024/04/23, 20:24:06.425, 13193169656554, vstest.console.dll, AssemblyResolver.AddSearchDirectories: Adding more searchDirectories C:\Program Files\dotnet\sdk\8.0.202\Extensions,C:\Program Files\dotnet\sdk\8.0.202
TpTrace Information: 0 : 7372, 1, 2024/04/23, 20:24:06.425, 13193169656864, vstest.console.dll, AssemblyResolver.AddSearchDirectories: Adding more searchDirectories C:\Program Files\dotnet\sdk\8.0.202\Extensions,C:\Program Files\dotnet\sdk\8.0.202
TpTrace Information: 0 : 7372, 1, 2024/04/23, 20:24:06.425, 13193169657074, vstest.console.dll, AssemblyResolver.AddSearchDirectories: Adding more searchDirectories C:\Program Files\dotnet\sdk\8.0.202\Extensions,C:\Program Files\dotnet\sdk\8.0.202
TpTrace Information: 0 : 7372, 1, 2024/04/23, 20:24:06.425, 13193169657274, vstest.console.dll, AssemblyResolver.AddSearchDirectories: Adding more searchDirectories C:\Program Files\dotnet\sdk\8.0.202\Extensions,C:\Program Files\dotnet\sdk\8.0.202
TpTrace Information: 0 : 7372, 1, 2024/04/23, 20:24:06.425, 13193169657474, vstest.console.dll, AssemblyResolver.AddSearchDirectories: Adding more searchDirectories C:\Program Files\dotnet\sdk\8.0.202\Extensions,C:\Program Files\dotnet\sdk\8.0.202
TpTrace Information: 0 : 7372, 1, 2024/04/23, 20:24:06.425, 13193169657696, vstest.console.dll, AssemblyResolver.AddSearchDirectories: Adding more searchDirectories C:\Program Files\dotnet\sdk\8.0.202\Extensions,C:\Program Files\dotnet\sdk\8.0.202
TpTrace Verbose: 0 : 7372, 1, 2024/04/23, 20:24:06.425, 13193169658539, vstest.console.dll, MetadataReaderExtensionsHelper: Discovering extensions inside assembly 'Microsoft.Diagnostics.NETCore.Client, Version=0.2.9.2401, Culture=neutral, PublicKeyToken=31bf3856ad364e35' file path 'C:\Program Files\dotnet\sdk\8.0.202\Extensions\Microsoft.Diagnostics.NETCore.Client.dll'
TpTrace Information: 0 : 7372, 1, 2024/04/23, 20:24:06.426, 13193169668001, vstest.console.dll, AssemblyResolver.OnResolve: Microsoft.Bcl.AsyncInterfaces: Resolving assembly.
TpTrace Information: 0 : 7372, 1, 2024/04/23, 20:24:06.426, 13193169668492, vstest.console.dll, AssemblyResolver.OnResolve: Microsoft.Bcl.AsyncInterfaces: Resolved from cache.
TpTrace Verbose: 0 : 7372, 1, 2024/04/23, 20:24:06.426, 13193169668704, vstest.console.dll, CurrentDomainAssemblyResolve: Resolving assembly 'Microsoft.Bcl.AsyncInterfaces'.
TpTrace Information: 0 : 7372, 1, 2024/04/23, 20:24:06.426, 13193169669079, vstest.console.dll, AssemblyResolver.OnResolve: Microsoft.Bcl.AsyncInterfaces: Resolving assembly.
TpTrace Information: 0 : 7372, 1, 2024/04/23, 20:24:06.426, 13193169669271, vstest.console.dll, AssemblyResolver.OnResolve: Microsoft.Bcl.AsyncInterfaces: Resolved from cache.
TpTrace Verbose: 0 : 7372, 1, 2024/04/23, 20:24:06.426, 13193169669452, vstest.console.dll, CurrentDomainAssemblyResolve: Resolving assembly 'Microsoft.Bcl.AsyncInterfaces'.
TpTrace Verbose: 0 : 7372, 1, 2024/04/23, 20:24:06.426, 13193169669627, vstest.console.dll, CurrentDomainAssemblyResolve: Failed to resolve assembly 'Microsoft.Bcl.AsyncInterfaces'.
TpTrace Verbose: 0 : 7372, 1, 2024/04/23, 20:24:06.426, 13193169670792, vstest.console.dll, CurrentDomainAssemblyResolve: Failed to resolve assembly 'Microsoft.Bcl.AsyncInterfaces'.
TpTrace Warning: 0 : 7372, 1, 2024/04/23, 20:24:06.426, 13193169673536, vstest.console.dll, TestPluginDiscoverer: Failed to get types from assembly 'Microsoft.Diagnostics.NETCore.Client, Version=0.2.9.2401, Culture=neutral, PublicKeyToken=31bf3856ad364e35'. Error: System.Reflection.ReflectionTypeLoadException: Unable to load one or more of the requested types.
Could not load file or assembly 'Microsoft.Bcl.AsyncInterfaces, Version=6.0.0.0, Culture=neutral, PublicKeyToken=cc7b13ffcd2ddd51'. The system cannot find the file specified.
   at System.Reflection.RuntimeModule.GetTypes(RuntimeModule module)
   at System.Reflection.RuntimeModule.GetTypes()
   at Microsoft.VisualStudio.TestPlatform.Common.ExtensionFramework.TestPluginDiscoverer.GetTestExtensionsFromAssembly[TPluginInfo,TExtension](Assembly assembly, Dictionary`2 pluginInfos, String filePath) in /_/src/Microsoft.TestPlatform.Common/ExtensionFramework/TestPluginDiscoverer.cs:line 158
System.IO.FileNotFoundException: Could not load file or assembly 'Microsoft.Bcl.AsyncInterfaces, Version=6.0.0.0, Culture=neutral, PublicKeyToken=cc7b13ffcd2ddd51'. The system cannot find the file specified.
File name: 'Microsoft.Bcl.AsyncInterfaces, Version=6.0.0.0, Culture=neutral, PublicKeyToken=cc7b13ffcd2ddd51'
 ---> System.IO.FileNotFoundException: Could not load file or assembly 'Microsoft.Bcl.AsyncInterfaces, Culture=neutral, PublicKeyToken=null'. The system cannot find the file specified.
File name: 'Microsoft.Bcl.AsyncInterfaces, Culture=neutral, PublicKeyToken=null'
   at System.Reflection.RuntimeAssembly.InternalLoad(AssemblyName assemblyName, StackCrawlMark& stackMark, AssemblyLoadContext assemblyLoadContext, RuntimeAssembly requestingAssembly, Boolean throwOnFileNotFound)
   at System.Reflection.Assembly.Load(AssemblyName assemblyRef)
   at Microsoft.VisualStudio.TestPlatform.Common.ExtensionFramework.TestPluginCache.CurrentDomainAssemblyResolve(Object sender, AssemblyResolveEventArgs args) in /_/src/Microsoft.TestPlatform.Common/ExtensionFramework/TestPluginCache.cs:line 513
   at System.Runtime.Loader.AssemblyLoadContext.GetFirstResolvedAssemblyFromResolvingEvent(AssemblyName assemblyName)
   at System.Runtime.Loader.AssemblyLoadContext.ResolveUsingEvent(AssemblyName assemblyName)
   at System.Runtime.Loader.AssemblyLoadContext.ResolveUsingResolvingEvent(IntPtr gchManagedAssemblyLoadContext, AssemblyName assemblyName)
TpTrace Warning: 0 : 7372, 1, 2024/04/23, 20:24:06.426, 13193169675043, vstest.console.dll, LoaderExceptions: System.IO.FileNotFoundException: Could not load file or assembly 'Microsoft.Bcl.AsyncInterfaces, Version=6.0.0.0, Culture=neutral, PublicKeyToken=cc7b13ffcd2ddd51'. The system cannot find the file specified.
File name: 'Microsoft.Bcl.AsyncInterfaces, Version=6.0.0.0, Culture=neutral, PublicKeyToken=cc7b13ffcd2ddd51'
 ---> System.IO.FileNotFoundException: Could not load file or assembly 'Microsoft.Bcl.AsyncInterfaces, Culture=neutral, PublicKeyToken=null'. The system cannot find the file specified.
File name: 'Microsoft.Bcl.AsyncInterfaces, Culture=neutral, PublicKeyToken=null'
   at System.Reflection.RuntimeAssembly.InternalLoad(AssemblyName assemblyName, StackCrawlMark& stackMark, AssemblyLoadContext assemblyLoadContext, RuntimeAssembly requestingAssembly, Boolean throwOnFileNotFound)
   at System.Reflection.Assembly.Load(AssemblyName assemblyRef)
   at Microsoft.VisualStudio.TestPlatform.Common.ExtensionFramework.TestPluginCache.CurrentDomainAssemblyResolve(Object sender, AssemblyResolveEventArgs args) in /_/src/Microsoft.TestPlatform.Common/ExtensionFramework/TestPluginCache.cs:line 513
   at System.Runtime.Loader.AssemblyLoadContext.GetFirstResolvedAssemblyFromResolvingEvent(AssemblyName assemblyName)
   at System.Runtime.Loader.AssemblyLoadContext.ResolveUsingEvent(AssemblyName assemblyName)
   at System.Runtime.Loader.AssemblyLoadContext.ResolveUsingResolvingEvent(IntPtr gchManagedAssemblyLoadContext, AssemblyName assemblyName)
TpTrace Verbose: 0 : 7372, 1, 2024/04/23, 20:24:06.427, 13193169675933, vstest.console.dll, MetadataReaderExtensionsHelper: Discovering extensions inside assembly 'Microsoft.TestPlatform.Extensions.BlameDataCollector, Version=15.0.0.0, Culture=neutral, PublicKeyToken=b03f5f7f11d50a3a' file path 'C:\Program Files\dotnet\sdk\8.0.202\Extensions\Microsoft.TestPlatform.Extensions.BlameDataCollector.dll'
TpTrace Information: 0 : 7372, 1, 2024/04/23, 20:24:06.427, 13193169682530, vstest.console.dll, GetTestExtensionFromType: Register extension with identifier data 'logger://Microsoft/TestPlatform/Extensions/Blame/v1' and type 'Microsoft.TestPlatform.Extensions.BlameDataCollector.BlameLogger, Microsoft.TestPlatform.Extensions.BlameDataCollector, Version=15.0.0.0, Culture=neutral, PublicKeyToken=b03f5f7f11d50a3a' inside file 'C:\Program Files\dotnet\sdk\8.0.202\Extensions\Microsoft.TestPlatform.Extensions.BlameDataCollector.dll'
TpTrace Verbose: 0 : 7372, 1, 2024/04/23, 20:24:06.427, 13193169683325, vstest.console.dll, MetadataReaderExtensionsHelper: Discovering extensions inside assembly 'Microsoft.TestPlatform.Extensions.EventLogCollector, Version=15.0.0.0, Culture=neutral, PublicKeyToken=b03f5f7f11d50a3a' file path 'C:\Program Files\dotnet\sdk\8.0.202\Extensions\Microsoft.TestPlatform.Extensions.EventLogCollector.dll'
TpTrace Verbose: 0 : 7372, 1, 2024/04/23, 20:24:06.428, 13193169687834, vstest.console.dll, MetadataReaderExtensionsHelper: Discovering extensions inside assembly 'Microsoft.TestPlatform.TestHostRuntimeProvider, Version=15.0.0.0, Culture=neutral, PublicKeyToken=b03f5f7f11d50a3a' file path 'C:\Program Files\dotnet\sdk\8.0.202\Extensions\Microsoft.TestPlatform.TestHostRuntimeProvider.dll'
TpTrace Verbose: 0 : 7372, 1, 2024/04/23, 20:24:06.428, 13193169693282, vstest.console.dll, MetadataReaderExtensionsHelper: Discovering extensions inside assembly 'Microsoft.VisualStudio.TestPlatform.Extensions.Html.TestLogger, Version=15.0.0.0, Culture=neutral, PublicKeyToken=b03f5f7f11d50a3a' file path 'C:\Program Files\dotnet\sdk\8.0.202\Extensions\Microsoft.VisualStudio.TestPlatform.Extensions.Html.TestLogger.dll'
TpTrace Information: 0 : 7372, 1, 2024/04/23, 20:24:06.429, 13193169701892, vstest.console.dll, GetTestExtensionFromType: Register extension with identifier data 'logger://Microsoft/TestPlatform/HtmlLogger/v1' and type 'Microsoft.VisualStudio.TestPlatform.Extensions.HtmlLogger.HtmlLogger, Microsoft.VisualStudio.TestPlatform.Extensions.Html.TestLogger, Version=15.0.0.0, Culture=neutral, PublicKeyToken=b03f5f7f11d50a3a' inside file 'C:\Program Files\dotnet\sdk\8.0.202\Extensions\Microsoft.VisualStudio.TestPlatform.Extensions.Html.TestLogger.dll'
TpTrace Verbose: 0 : 7372, 1, 2024/04/23, 20:24:06.429, 13193169702796, vstest.console.dll, MetadataReaderExtensionsHelper: Discovering extensions inside assembly 'Microsoft.VisualStudio.TestPlatform.Extensions.Trx.TestLogger, Version=15.0.0.0, Culture=neutral, PublicKeyToken=b03f5f7f11d50a3a' file path 'C:\Program Files\dotnet\sdk\8.0.202\Extensions\Microsoft.VisualStudio.TestPlatform.Extensions.Trx.TestLogger.dll'
TpTrace Information: 0 : 7372, 1, 2024/04/23, 20:24:06.430, 13193169709183, vstest.console.dll, GetTestExtensionFromType: Register extension with identifier data 'logger://Microsoft/TestPlatform/TrxLogger/v1' and type 'Microsoft.VisualStudio.TestPlatform.Extensions.TrxLogger.TrxLogger, Microsoft.VisualStudio.TestPlatform.Extensions.Trx.TestLogger, Version=15.0.0.0, Culture=neutral, PublicKeyToken=b03f5f7f11d50a3a' inside file 'C:\Program Files\dotnet\sdk\8.0.202\Extensions\Microsoft.VisualStudio.TestPlatform.Extensions.Trx.TestLogger.dll'
TpTrace Verbose: 0 : 7372, 1, 2024/04/23, 20:24:06.430, 13193169710090, vstest.console.dll, TestPluginCache: Discovered the extensions using extension path ''.
TpTrace Verbose: 0 : 7372, 1, 2024/04/23, 20:24:06.430, 13193169710379, vstest.console.dll, TestPluginCache: Discoverers are ''.
TpTrace Verbose: 0 : 7372, 1, 2024/04/23, 20:24:06.430, 13193169710609, vstest.console.dll, TestPluginCache: Executors are ''.
TpTrace Verbose: 0 : 7372, 1, 2024/04/23, 20:24:06.430, 13193169710869, vstest.console.dll, TestPluginCache: Executors2 are ''.
TpTrace Verbose: 0 : 7372, 1, 2024/04/23, 20:24:06.430, 13193169711087, vstest.console.dll, TestPluginCache: Setting providers are ''.
TpTrace Verbose: 0 : 7372, 1, 2024/04/23, 20:24:06.430, 13193169711839, vstest.console.dll, TestPluginCache: Loggers are 'logger://Microsoft/TestPlatform/Extensions/Blame/v1,logger://Microsoft/TestPlatform/HtmlLogger/v1,logger://Microsoft/TestPlatform/TrxLogger/v1'.
TpTrace Verbose: 0 : 7372, 1, 2024/04/23, 20:24:06.430, 13193169712244, vstest.console.dll, TestPluginCache: TestHosts are 'HostProvider://DefaultTestHost,HostProvider://DotnetTestHost'.
TpTrace Verbose: 0 : 7372, 1, 2024/04/23, 20:24:06.430, 13193169712487, vstest.console.dll, TestPluginCache: DataCollectors are ''.
TpTrace Information: 0 : 7372, 1, 2024/04/23, 20:24:06.431, 13193169722046, vstest.console.dll, TestPluginManager.CreateTestExtension: Attempting to load test extension: Microsoft.TestPlatform.Extensions.BlameDataCollector.BlameLogger
TpTrace Verbose: 0 : 7372, 1, 2024/04/23, 20:24:06.442, 13193169834581, vstest.console.dll, TestEngine: Initializing Parallel Execution as MaxCpuCount is set to: 1
TpTrace Information: 0 : 7372, 1, 2024/04/23, 20:24:06.445, 13193169858416, vstest.console.dll, TestPluginManager.CreateTestExtension: Attempting to load test extension: Microsoft.VisualStudio.TestPlatform.CrossPlatEngine.Hosting.DefaultTestHostManager
TpTrace Information: 0 : 7372, 1, 2024/04/23, 20:24:06.446, 13193169875151, vstest.console.dll, TestPluginManager.CreateTestExtension: Attempting to load test extension: Microsoft.VisualStudio.TestPlatform.CrossPlatEngine.Hosting.DotnetTestHostManager
TpTrace Information: 0 : 7372, 1, 2024/04/23, 20:24:06.447, 13193169883702, vstest.console.dll, InferRunSettingsHelper.IsTestSettingsEnabled: Unable to navigate to RunSettings/MSTest. Current node: RunSettings
TpTrace Verbose: 0 : 7372, 1, 2024/04/23, 20:24:06.448, 13193169890905, vstest.console.dll, ParallelOperationManager.ClearSlots: Clearing all slots. Slots should accept more work: True
TpTrace Verbose: 0 : 7372, 1, 2024/04/23, 20:24:06.449, 13193169900301, vstest.console.dll, ParallelOperationManager.SetOccupiedSlotCount: Setting slot counts AvailableSlotCount = 1, OccupiedSlotCount = 0.
TpTrace Verbose: 0 : 7372, 1, 2024/04/23, 20:24:06.449, 13193169904973, vstest.console.dll, Occupied slots:

TpTrace Verbose: 0 : 7372, 1, 2024/04/23, 20:24:06.454, 13193169953594, vstest.console.dll, TestEngine.GetExecutionManager: Chosen execution manager 'Microsoft.VisualStudio.TestPlatform.CrossPlatEngine.Client.Parallel.ParallelProxyExecutionManager, Microsoft.TestPlatform.CrossPlatEngine, Version=15.0.0.0, Culture=neutral, PublicKeyToken=b03f5f7f11d50a3a' ParallelLevel '1'.
TpTrace Verbose: 0 : 7372, 1, 2024/04/23, 20:24:06.454, 13193169955101, vstest.console.dll, TestRunRequest.ExecuteAsync: Creating test run request.
TpTrace Verbose: 0 : 7372, 1, 2024/04/23, 20:24:06.455, 13193169957652, vstest.console.dll, TestRunRequest.ExecuteAsync: Starting.
TpTrace Information: 0 : 7372, 1, 2024/04/23, 20:24:06.456, 13193169972220, vstest.console.dll, TestRunRequest.ExecuteAsync: Starting run with settings:TestRunCriteria:
   KeepAlive=False,FrequencyOfRunStatsChangeEvent=10,RunStatsChangeEventTimeout=00:00:01.5000000,TestCaseFilter=,TestExecutorLauncher=
   Settingsxml=<RunSettings>
  <RunConfiguration>
    <ResultsDirectory>C:\Users\VC\source\repos\Day7\ClinicAppointmentSolution\ClinicDoctorBLUnitTest\bin\Debug\net6.0\fine-code-coverage\coverage-tool-output</ResultsDirectory>
    <TargetPlatform>X64</TargetPlatform>
    <TargetFrameworkVersion>.NETCoreApp,Version=v6.0</TargetFrameworkVersion>
    <DesignMode>False</DesignMode>
    <CollectSourceInformation>False</CollectSourceInformation>
  </RunConfiguration>
  <LoggerRunSettings>
    <Loggers>
      <Logger friendlyName="blame" enabled="True" />
      <Logger friendlyName="Console" uri="logger://microsoft/TestPlatform/ConsoleLogger/v1" assemblyQualifiedName="Microsoft.VisualStudio.TestPlatform.CommandLine.Internal.ConsoleLogger, vstest.console, Version=15.0.0.0, Culture=neutral, PublicKeyToken=b03f5f7f11d50a3a" codeBase="C:\Program Files\dotnet\sdk\8.0.202\vstest.console.dll" enabled="True" />
    </Loggers>
  </LoggerRunSettings>
  <DataCollectionRunSettings>
    <DataCollectors>
      <DataCollector friendlyName="blame" enabled="True">
        <Configuration>
          <ResultsDirectory>C:\Users\VC\source\repos\Day7\ClinicAppointmentSolution\ClinicDoctorBLUnitTest\bin\Debug\net6.0\fine-code-coverage\coverage-tool-output</ResultsDirectory>
        </Configuration>
      </DataCollector>
    </DataCollectors>
  </DataCollectionRunSettings>
</RunSettings>

TpTrace Verbose: 0 : 7372, 1, 2024/04/23, 20:24:06.456, 13193169972990, vstest.console.dll, TestRunRequest.ExecuteAsync: Wait for the first run request is over.
TpTrace Verbose: 0 : 7372, 1, 2024/04/23, 20:24:06.457, 13193169976733, vstest.console.dll, MulticastDelegateUtilities.SafeInvoke: TestRun.TestRunStart: Invoking callbacks was skipped because there are no subscribers.
TpTrace Verbose: 0 : 7372, 5, 2024/04/23, 20:24:06.457, 13193169979603, vstest.console.dll, MulticastDelegateUtilities.SafeInvoke: InternalTestLoggerEvents.SendTestRunStart: Invoking callback 1/1 for Microsoft.VisualStudio.TestPlatform.CommandLine.Internal.ConsoleLogger., took 0 ms.
TpTrace Verbose: 0 : 7372, 1, 2024/04/23, 20:24:06.458, 13193169987351, vstest.console.dll, ParallelProxyExecutionManager: Start execution. Total sources: 1
TpTrace Verbose: 0 : 7372, 1, 2024/04/23, 20:24:06.458, 13193169990529, vstest.console.dll, ParallelOperationManager.StartWork: Starting adding 1 workloads.
TpTrace Verbose: 0 : 7372, 1, 2024/04/23, 20:24:06.458, 13193169991081, vstest.console.dll, ParallelOperationManager.ClearSlots: Clearing all slots. Slots should accept more work: True
TpTrace Verbose: 0 : 7372, 1, 2024/04/23, 20:24:06.458, 13193169991652, vstest.console.dll, ParallelOperationManager.SetOccupiedSlotCount: Setting slot counts AvailableSlotCount = 1, OccupiedSlotCount = 0.
TpTrace Verbose: 0 : 7372, 1, 2024/04/23, 20:24:06.458, 13193169992023, vstest.console.dll, Occupied slots:

TpTrace Verbose: 0 : 7372, 1, 2024/04/23, 20:24:06.459, 13193170004322, vstest.console.dll, TestRequestSender is acting as server.
TpTrace Verbose: 0 : 7372, 1, 2024/04/23, 20:24:06.461, 13193170019416, vstest.console.dll, ParallelOperationManager.RunWorkInParallel: Adding 1 workload to slot, remaining workloads 0.
TpTrace Verbose: 0 : 7372, 1, 2024/04/23, 20:24:06.461, 13193170020277, vstest.console.dll, ParallelOperationManager.SetOccupiedSlotCount: Setting slot counts AvailableSlotCount = 0, OccupiedSlotCount = 1.
TpTrace Verbose: 0 : 7372, 1, 2024/04/23, 20:24:06.461, 13193170021779, vstest.console.dll, Occupied slots:
0: C:\Users\VC\source\repos\Day7\ClinicAppointmentSolution\ClinicDoctorBLUnitTest\bin\Debug\net6.0\fine-code-coverage\build-output\ClinicDoctorBLUnitTest.dll
TpTrace Verbose: 0 : 7372, 1, 2024/04/23, 20:24:06.463, 13193170036891, vstest.console.dll, ParallelOperationManager.RunWorkInParallel: Started host in slot number 0 for work (source): C:\Users\VC\source\repos\Day7\ClinicAppointmentSolution\ClinicDoctorBLUnitTest\bin\Debug\net6.0\fine-code-coverage\build-output\ClinicDoctorBLUnitTest.dll.
TpTrace Verbose: 0 : 7372, 1, 2024/04/23, 20:24:06.464, 13193170046190, vstest.console.dll, ParallelOperationManager.RunWorkInParallel: We started 1 work items, which is the max parallel level. Won't start more work.
TpTrace Verbose: 0 : 7372, 1, 2024/04/23, 20:24:06.464, 13193170046820, vstest.console.dll, ParallelOperationManager.RunWorkInParallel: We started 1 work items in here, returning True.
TpTrace Information: 0 : 7372, 1, 2024/04/23, 20:24:06.464, 13193170047133, vstest.console.dll, TestRunRequest.ExecuteAsync: Started.
TpTrace Verbose: 0 : 7372, 6, 2024/04/23, 20:24:06.464, 13193170048814, vstest.console.dll, ParallelProxyExecutionManager.StartTestRunOnConcurrentManager: Initializing uninitialized client. Started clients: 0
TpTrace Verbose: 0 : 7372, 6, 2024/04/23, 20:24:06.464, 13193170050301, vstest.console.dll, DataCollectionRequestSender.InitializeCommunication : Initialize communication. 
TpTrace Verbose: 0 : 7372, 1, 2024/04/23, 20:24:06.464, 13193170055324, vstest.console.dll, TestRunRequest.WaitForCompletion: Waiting with timeout -1.
TpTrace Information: 0 : 7372, 6, 2024/04/23, 20:24:06.470, 13193170115518, vstest.console.dll, Listening on Endpoint : 127.0.0.1:54223
TpTrace Verbose: 0 : 7372, 6, 2024/04/23, 20:24:06.477, 13193170184517, vstest.console.dll, DotnetDataCollectionLauncher: Adding  --runtimeconfig "C:\Program Files\dotnet\sdk\8.0.202\datacollector.runtimeconfig.json" in args
TpTrace Verbose: 0 : 7372, 6, 2024/04/23, 20:24:06.478, 13193170185650, vstest.console.dll, DotnetDataCollectionLauncher: Adding  --depsfile "C:\Program Files\dotnet\sdk\8.0.202\datacollector.deps.json" in args
TpTrace Verbose: 0 : 7372, 6, 2024/04/23, 20:24:06.478, 13193170186817, vstest.console.dll, DotnetDataCollectionLauncher: Full path of dotnet.exe is C:\Program Files\dotnet\dotnet.exe
TpTrace Information: 0 : 7372, 6, 2024/04/23, 20:24:06.485, 13193170260061, vstest.console.dll, ProxyDataCollectionManager.Initialize: Launched datacollector processId: 28220 port: 54223
TpTrace Information: 0 : 7372, 6, 2024/04/23, 20:24:06.485, 13193170261841, vstest.console.dll, ProxyDataCollectionManager.Initialize: waiting for connection with timeout: 90 seconds
TpTrace Verbose: 0 : 7372, 6, 2024/04/23, 20:24:06.485, 13193170262361, vstest.console.dll, DataCollectionRequestSender.WaitForRequestHandlerConnection : Waiting for connection with timeout: 90000
TpTrace Information: 0 : 7372, 8, 2024/04/23, 20:24:06.722, 13193172634650, vstest.console.dll, Using the buffer size of 16384 bytes
TpTrace Verbose: 0 : 7372, 6, 2024/04/23, 20:24:06.722, 13193172634689, vstest.console.dll, SocketCommunicationManager.WaitForClientConnection took: 237 ms, with 90000 ms timeout, and finished with True.
TpTrace Information: 0 : 7372, 8, 2024/04/23, 20:24:06.723, 13193172636401, vstest.console.dll, Accepted Client request and set the flag
TpTrace Verbose: 0 : 7372, 6, 2024/04/23, 20:24:06.723, 13193172637906, vstest.console.dll, ProxyDataCollectionManager.InvokeDataCollectionServiceAction: Starting.
TpTrace Information: 0 : 7372, 6, 2024/04/23, 20:24:06.723, 13193172639138, vstest.console.dll, ProxyDataCollectionManager.BeforeTestRunStart: Get environment variable and port for datacollector processId: 28220 port: 54223
TpTrace Verbose: 0 : 7372, 6, 2024/04/23, 20:24:06.723, 13193172641401, vstest.console.dll, DataCollectionRequestSender.SendBeforeTestRunStartAndGetResult: Send BeforeTestRunStart message with settingsXml <RunSettings><RunConfiguration><ResultsDirectory>C:\Users\VC\source\repos\Day7\ClinicAppointmentSolution\ClinicDoctorBLUnitTest\bin\Debug\net6.0\fine-code-coverage\coverage-tool-output</ResultsDirectory><TargetPlatform>X64</TargetPlatform><TargetFrameworkVersion>.NETCoreApp,Version=v6.0</TargetFrameworkVersion><DesignMode>False</DesignMode><CollectSourceInformation>False</CollectSourceInformation><TestAdaptersPaths>C:\Program Files\dotnet\sdk\8.0.202\Extensions</TestAdaptersPaths></RunConfiguration><LoggerRunSettings><Loggers><Logger friendlyName="blame" enabled="True" /><Logger friendlyName="Console" uri="logger://microsoft/TestPlatform/ConsoleLogger/v1" assemblyQualifiedName="Microsoft.VisualStudio.TestPlatform.CommandLine.Internal.ConsoleLogger, vstest.console, Version=15.0.0.0, Culture=neutral, PublicKeyToken=b03f5f7f11d50a3a" codeBase="C:\Program Files\dotnet\sdk\8.0.202\vstest.console.dll" enabled="True" /></Loggers></LoggerRunSettings><DataCollectionRunSettings><DataCollectors><DataCollector friendlyName="blame" enabled="True"><Configuration><ResultsDirectory>C:\Users\VC\source\repos\Day7\ClinicAppointmentSolution\ClinicDoctorBLUnitTest\bin\Debug\net6.0\fine-code-coverage\coverage-tool-output</ResultsDirectory></Configuration></DataCollector></DataCollectors></DataCollectionRunSettings></RunSettings> and sources System.Collections.Generic.List`1[System.String]: 
TpTrace Verbose: 0 : 7372, 6, 2024/04/23, 20:24:06.798, 13193173394858, vstest.console.dll, DataCollectionRequestSender.SendBeforeTestRunStartAndGetResult: Received message: (DataCollection.SendMessage) -> {"MessageType":"DataCollection.SendMessage","Payload":{"FriendlyName":null,"Uri":null,"TestCaseId":"00000000-0000-0000-0000-000000000000","Message":"Logging DataCollector Diagnostics in file: C:\\Users\\VC\\source\\repos\\Day7\\ClinicAppointmentSolution\\ClinicDoctorBLUnitTest\\bin\\Debug\\net6.0\\fine-code-coverage\\coverage-tool-output\\diagnostics.datacollector.24-04-23_20-24-06_47767_6.log","Level":0}}
TpTrace Verbose: 0 : 7372, 6, 2024/04/23, 20:24:06.940, 13193174812148, vstest.console.dll, DataCollectionRequestSender.SendBeforeTestRunStartAndGetResult: Received message: (DataCollection.BeforeTestRunStartResult) -> {"MessageType":"DataCollection.BeforeTestRunStartResult","Payload":{"EnvironmentVariables":{},"DataCollectionEventsPort":54225}}
TpTrace Information: 0 : 7372, 6, 2024/04/23, 20:24:06.949, 13193174902978, vstest.console.dll, ProxyDataCollectionManager.BeforeTestRunStart: SendBeforeTestRunStartAndGetResult successful, env variable from datacollector:   and testhost port: 54225
TpTrace Information: 0 : 7372, 6, 2024/04/23, 20:24:06.949, 13193174904570, vstest.console.dll, ProxyDataCollectionManager.InvokeDataCollectionServiceAction: Completed.
TpTrace Verbose: 0 : 7372, 6, 2024/04/23, 20:24:06.949, 13193174904971, vstest.console.dll, ParallelProxyExecutionManager.StartTestRunOnConcurrentManager: Initializing test run. Started clients: 0
TpTrace Verbose: 0 : 7372, 6, 2024/04/23, 20:24:06.950, 13193174905835, vstest.console.dll, ProxyExecutionManager: Test host is always Lazy initialize.
TpTrace Verbose: 0 : 7372, 6, 2024/04/23, 20:24:06.950, 13193174908028, vstest.console.dll, TestRequestSender.InitializeCommunication: initialize communication. 
TpTrace Information: 0 : 7372, 6, 2024/04/23, 20:24:06.950, 13193174913082, vstest.console.dll, SocketServer.Start: Listening on endpoint : 127.0.0.1:54226
TpTrace Verbose: 0 : 7372, 6, 2024/04/23, 20:24:06.951, 13193174923795, vstest.console.dll, DotnetTestHostmanager.GetTestHostProcessStartInfo: Platform environment 'X64' target architecture 'X64' framework '.NETCoreApp,Version=v6.0' OS 'Windows'
TpTrace Verbose: 0 : 7372, 6, 2024/04/23, 20:24:06.952, 13193174930093, vstest.console.dll, DotnetTestHostmanager: Adding  --runtimeconfig "C:\Users\VC\source\repos\Day7\ClinicAppointmentSolution\ClinicDoctorBLUnitTest\bin\Debug\net6.0\fine-code-coverage\build-output\ClinicDoctorBLUnitTest.runtimeconfig.json" in args
TpTrace Verbose: 0 : 7372, 6, 2024/04/23, 20:24:06.952, 13193174932615, vstest.console.dll, DotnetTestHostmanager: Adding  --depsfile "C:\Users\VC\source\repos\Day7\ClinicAppointmentSolution\ClinicDoctorBLUnitTest\bin\Debug\net6.0\fine-code-coverage\build-output\ClinicDoctorBLUnitTest.deps.json" in args
TpTrace Verbose: 0 : 7372, 6, 2024/04/23, 20:24:06.953, 13193174935659, vstest.console.dll, DotnetTestHostmanager.IsWinOnArm: Current PROCESSOR_ARCHITECTURE from environment variable 'AMD64'
TpTrace Verbose: 0 : 7372, 6, 2024/04/23, 20:24:06.953, 13193174937158, vstest.console.dll, DotnetTestHostmanager.IsWinOnArm: Is Windows on ARM 'False'
TpTrace Verbose: 0 : 7372, 6, 2024/04/23, 20:24:06.953, 13193174938916, vstest.console.dll, DotnetTestHostManager: testhost.exe found at path: C:\Users\VC\source\repos\Day7\ClinicAppointmentSolution\ClinicDoctorBLUnitTest\bin\Debug\net6.0\fine-code-coverage\build-output\testhost.exe
TpTrace Verbose: 0 : 7372, 6, 2024/04/23, 20:24:06.953, 13193174939671, vstest.console.dll, DotnetTestHostmanager: Full path of host exe is C:\Users\VC\source\repos\Day7\ClinicAppointmentSolution\ClinicDoctorBLUnitTest\bin\Debug\net6.0\fine-code-coverage\build-output\testhost.exe
TpTrace Verbose: 0 : 7372, 6, 2024/04/23, 20:24:06.953, 13193174942533, vstest.console.dll, DotnetTestHostmanager.LaunchTestHostAsync: Found 'VSTEST_WINAPPHOST_DOTNET_ROOT' in env variables, value 'C:\Program Files\dotnet', forwarding to 'DOTNET_ROOT'
TpTrace Verbose: 0 : 7372, 6, 2024/04/23, 20:24:06.953, 13193174944804, vstest.console.dll, DotnetTestHostManager: Starting process 'C:\Users\VC\source\repos\Day7\ClinicAppointmentSolution\ClinicDoctorBLUnitTest\bin\Debug\net6.0\fine-code-coverage\build-output\testhost.exe' with command line ' --runtimeconfig "C:\Users\VC\source\repos\Day7\ClinicAppointmentSolution\ClinicDoctorBLUnitTest\bin\Debug\net6.0\fine-code-coverage\build-output\ClinicDoctorBLUnitTest.runtimeconfig.json" --depsfile "C:\Users\VC\source\repos\Day7\ClinicAppointmentSolution\ClinicDoctorBLUnitTest\bin\Debug\net6.0\fine-code-coverage\build-output\ClinicDoctorBLUnitTest.deps.json" --port 54226 --endpoint 127.0.0.1:054226 --role client --parentprocessid 7372 --diag "C:\Users\VC\source\repos\Day7\ClinicAppointmentSolution\ClinicDoctorBLUnitTest\bin\Debug\net6.0\fine-code-coverage\coverage-tool-output\diagnostics.host.24-04-23_20-24-06_95125_6.log" --tracelevel 4 --datacollectionport 54225 --telemetryoptedin false'
TpTrace Verbose: 0 : 7372, 6, 2024/04/23, 20:24:06.963, 13193175041682, vstest.console.dll, MulticastDelegateUtilities.SafeInvoke: HostProviderEvents.OnHostLaunched: Invoking callback 1/2 for Microsoft.VisualStudio.TestPlatform.CrossPlatEngine.Client.ProxyExecutionManagerWithDataCollection., took 2 ms.
TpTrace Verbose: 0 : 7372, 6, 2024/04/23, 20:24:06.964, 13193175049239, vstest.console.dll, Test Runtime launched
TpTrace Verbose: 0 : 7372, 6, 2024/04/23, 20:24:06.964, 13193175051166, vstest.console.dll, MulticastDelegateUtilities.SafeInvoke: HostProviderEvents.OnHostLaunched: Invoking callback 2/2 for Microsoft.VisualStudio.TestPlatform.CrossPlatEngine.Client.ProxyOperationManager., took 0 ms.
TpTrace Verbose: 0 : 7372, 6, 2024/04/23, 20:24:06.964, 13193175053953, vstest.console.dll, TestRequestSender.WaitForRequestHandlerConnection: waiting for connection with timeout: 90000.
TpTrace Verbose: 0 : 7372, 6, 2024/04/23, 20:24:07.174, 13193177153109, vstest.console.dll, TestRequestSender.WaitForRequestHandlerConnection: waiting took 209 ms, with timeout 90000 ms, and result 0, which is success.
TpTrace Verbose: 0 : 7372, 14, 2024/04/23, 20:24:07.174, 13193177153109, vstest.console.dll, MulticastDelegateUtilities.SafeInvoke: SocketServer: ClientConnected: Invoking callback 1/1 for Microsoft.VisualStudio.TestPlatform.CommunicationUtilities.TestRequestSender., took 0 ms.
TpTrace Verbose: 0 : 7372, 14, 2024/04/23, 20:24:07.174, 13193177155127, vstest.console.dll, SocketServer.OnClientConnected: Client connected for endPoint: 127.0.0.1:54226, starting MessageLoopAsync:
TpTrace Verbose: 0 : 7372, 8, 2024/04/23, 20:24:07.175, 13193177161076, vstest.console.dll, TcpClientExtensions.MessageLoopAsync: Polling on remoteEndPoint: 127.0.0.1:54227 localEndPoint: 127.0.0.1:54226 after 0 ms
TpTrace Verbose: 0 : 7372, 6, 2024/04/23, 20:24:07.175, 13193177163696, vstest.console.dll, TestRequestSender.CheckVersionWithTestHost: Sending check version message: {"MessageType":"ProtocolVersion","Payload":7}
TpTrace Verbose: 0 : 7372, 8, 2024/04/23, 20:24:07.303, 13193178437651, vstest.console.dll, TcpClientExtensions.MessageLoopAsync: NotifyDataAvailable remoteEndPoint: 127.0.0.1:54227 localEndPoint: 127.0.0.1:54226
TpTrace Verbose: 0 : 7372, 8, 2024/04/23, 20:24:07.303, 13193178440558, vstest.console.dll, TestRequestSender.CheckVersionWithTestHost: onMessageReceived received message: (ProtocolVersion) -> {"MessageType":"ProtocolVersion","Payload":7}
TpTrace Verbose: 0 : 7372, 8, 2024/04/23, 20:24:07.304, 13193178450797, vstest.console.dll, MulticastDelegateUtilities.SafeInvoke: LengthPrefixCommunicationChannel: MessageReceived: Invoking callback 1/1 for Microsoft.VisualStudio.TestPlatform.CommunicationUtilities.TestRequestSender+<>c__DisplayClass29_0., took 1 ms.
TpTrace Verbose: 0 : 7372, 8, 2024/04/23, 20:24:07.304, 13193178452087, vstest.console.dll, TcpClientExtensions.MessageLoopAsync: Polling on remoteEndPoint: 127.0.0.1:54227 localEndPoint: 127.0.0.1:54226 after 128 ms
TpTrace Verbose: 0 : 7372, 6, 2024/04/23, 20:24:07.304, 13193178452082, vstest.console.dll, TestPluginCache.GetExtensionPaths: Filtered extension paths: 
TpTrace Verbose: 0 : 7372, 6, 2024/04/23, 20:24:07.304, 13193178453039, vstest.console.dll, TestPluginCache.GetExtensionPaths: Added default extension paths: C:\Program Files\dotnet\sdk\8.0.202\Extensions\Microsoft.Diagnostics.NETCore.Client.dll
C:\Program Files\dotnet\sdk\8.0.202\Extensions\Microsoft.TestPlatform.Extensions.BlameDataCollector.dll
C:\Program Files\dotnet\sdk\8.0.202\Extensions\Microsoft.TestPlatform.Extensions.EventLogCollector.dll
C:\Program Files\dotnet\sdk\8.0.202\Extensions\Microsoft.TestPlatform.TestHostRuntimeProvider.dll
C:\Program Files\dotnet\sdk\8.0.202\Extensions\Microsoft.VisualStudio.TestPlatform.Extensions.Html.TestLogger.dll
C:\Program Files\dotnet\sdk\8.0.202\Extensions\Microsoft.VisualStudio.TestPlatform.Extensions.Trx.TestLogger.dll
TpTrace Verbose: 0 : 7372, 6, 2024/04/23, 20:24:07.304, 13193178453878, vstest.console.dll, TestPluginCache.GetExtensionPaths: Added unfilterableExtensionPaths: 
TpTrace Verbose: 0 : 7372, 6, 2024/04/23, 20:24:07.307, 13193178478353, vstest.console.dll, TestRequestSender.InitializeExecution: Sending initialize execution with message: {"Version":7,"MessageType":"TestExecution.Initialize","Payload":["C:\\Users\\VC\\source\\repos\\Day7\\ClinicAppointmentSolution\\ClinicDoctorBLUnitTest\\bin\\Debug\\net6.0\\fine-code-coverage\\build-output\\NUnit3.TestAdapter.dll"]}
TpTrace Verbose: 0 : 7372, 6, 2024/04/23, 20:24:07.307, 13193178480049, vstest.console.dll, ParallelProxyExecutionManager.StartTestRunOnConcurrentManager: Execution starting. Started clients: 1
TpTrace Verbose: 0 : 7372, 6, 2024/04/23, 20:24:07.307, 13193178482147, vstest.console.dll, TestRunRequest:SendTestRunMessage: Starting.
TpTrace Verbose: 0 : 7372, 6, 2024/04/23, 20:24:07.307, 13193178483503, vstest.console.dll, MulticastDelegateUtilities.SafeInvoke: TestRun.LogMessages: Invoking callback 1/1 for Microsoft.VisualStudio.TestPlatform.CommandLine.TestRunResultAggregator., took 0 ms.
TpTrace Information: 0 : 7372, 6, 2024/04/23, 20:24:07.307, 13193178483969, vstest.console.dll, TestRunRequest:SendTestRunMessage: Completed.
TpTrace Verbose: 0 : 7372, 5, 2024/04/23, 20:24:07.308, 13193178485675, vstest.console.dll, MulticastDelegateUtilities.SafeInvoke: InternalTestLoggerEvents.SendTestRunMessage: Invoking callback 1/1 for Microsoft.VisualStudio.TestPlatform.CommandLine.Internal.ConsoleLogger., took 0 ms.
TpTrace Verbose: 0 : 7372, 8, 2024/04/23, 20:24:07.308, 13193178487492, vstest.console.dll, TcpClientExtensions.MessageLoopAsync: NotifyDataAvailable remoteEndPoint: 127.0.0.1:54227 localEndPoint: 127.0.0.1:54226
TpTrace Warning: 0 : 7372, 6, 2024/04/23, 20:24:07.308, 13193178488134, vstest.console.dll, InferRunSettingsHelper.MakeRunsettingsCompatible: Removing the following settings: TargetPlatform from RunSettings file. To use those settings please move to latest version of Microsoft.NET.Test.Sdk
TpTrace Verbose: 0 : 7372, 8, 2024/04/23, 20:24:07.308, 13193178494345, vstest.console.dll, TestRequestSender.OnExecutionMessageReceived: Received message: {"Version":7,"MessageType":"TestSession.Message","Payload":{"MessageLevel":0,"Message":"Logging TestHost Diagnostics in file: C:\\Users\\VC\\source\\repos\\Day7\\ClinicAppointmentSolution\\ClinicDoctorBLUnitTest\\bin\\Debug\\net6.0\\fine-code-coverage\\coverage-tool-output\\diagnostics.host.24-04-23_20-24-06_95125_6.log"}}
TpTrace Verbose: 0 : 7372, 8, 2024/04/23, 20:24:07.311, 13193178520693, vstest.console.dll, TestRunRequest:SendTestRunMessage: Starting.
TpTrace Verbose: 0 : 7372, 8, 2024/04/23, 20:24:07.311, 13193178522073, vstest.console.dll, MulticastDelegateUtilities.SafeInvoke: TestRun.LogMessages: Invoking callback 1/1 for Microsoft.VisualStudio.TestPlatform.CommandLine.TestRunResultAggregator., took 0 ms.
TpTrace Information: 0 : 7372, 8, 2024/04/23, 20:24:07.311, 13193178522509, vstest.console.dll, TestRunRequest:SendTestRunMessage: Completed.
TpTrace Verbose: 0 : 7372, 8, 2024/04/23, 20:24:07.311, 13193178522975, vstest.console.dll, MulticastDelegateUtilities.SafeInvoke: LengthPrefixCommunicationChannel: MessageReceived: Invoking callback 1/1 for Microsoft.VisualStudio.TestPlatform.CommunicationUtilities.TestRequestSender+<>c__DisplayClass34_0., took 3 ms.
TpTrace Verbose: 0 : 7372, 5, 2024/04/23, 20:24:07.311, 13193178523115, vstest.console.dll, MulticastDelegateUtilities.SafeInvoke: InternalTestLoggerEvents.SendTestRunMessage: Invoking callback 1/1 for Microsoft.VisualStudio.TestPlatform.CommandLine.Internal.ConsoleLogger., took 0 ms.
TpTrace Verbose: 0 : 7372, 8, 2024/04/23, 20:24:07.311, 13193178524629, vstest.console.dll, TcpClientExtensions.MessageLoopAsync: Polling on remoteEndPoint: 127.0.0.1:54227 localEndPoint: 127.0.0.1:54226 after 7 ms
TpTrace Verbose: 0 : 7372, 6, 2024/04/23, 20:24:07.314, 13193178549968, vstest.console.dll, TestRequestSender.StartTestRun: Sending test run with message: {"Version":7,"MessageType":"TestExecution.StartWithSources","Payload":{"AdapterSourceMap":{"_none_":["C:\\Users\\VC\\source\\repos\\Day7\\ClinicAppointmentSolution\\ClinicDoctorBLUnitTest\\bin\\Debug\\net6.0\\fine-code-coverage\\build-output\\ClinicDoctorBLUnitTest.dll"]},"RunSettings":"<RunSettings>\r\n  <RunConfiguration>\r\n    <ResultsDirectory>C:\\Users\\VC\\source\\repos\\Day7\\ClinicAppointmentSolution\\ClinicDoctorBLUnitTest\\bin\\Debug\\net6.0\\fine-code-coverage\\coverage-tool-output</ResultsDirectory>\r\n    <TargetFrameworkVersion>.NETCoreApp,Version=v6.0</TargetFrameworkVersion>\r\n    <DesignMode>False</DesignMode>\r\n    <CollectSourceInformation>False</CollectSourceInformation>\r\n  </RunConfiguration>\r\n  <LoggerRunSettings>\r\n    <Loggers>\r\n      <Logger friendlyName=\"blame\" enabled=\"True\" />\r\n      <Logger friendlyName=\"Console\" uri=\"logger://microsoft/TestPlatform/ConsoleLogger/v1\" assemblyQualifiedName=\"Microsoft.VisualStudio.TestPlatform.CommandLine.Internal.ConsoleLogger, vstest.console, Version=15.0.0.0, Culture=neutral, PublicKeyToken=b03f5f7f11d50a3a\" codeBase=\"C:\\Program Files\\dotnet\\sdk\\8.0.202\\vstest.console.dll\" enabled=\"True\" />\r\n    </Loggers>\r\n  </LoggerRunSettings>\r\n  <DataCollectionRunSettings>\r\n    <DataCollectors>\r\n      <DataCollector friendlyName=\"blame\" enabled=\"True\">\r\n        <Configuration>\r\n          <ResultsDirectory>C:\\Users\\VC\\source\\repos\\Day7\\ClinicAppointmentSolution\\ClinicDoctorBLUnitTest\\bin\\Debug\\net6.0\\fine-code-coverage\\coverage-tool-output</ResultsDirectory>\r\n        </Configuration>\r\n      </DataCollector>\r\n    </DataCollectors>\r\n  </DataCollectionRunSettings>\r\n</RunSettings>","TestExecutionContext":{"FrequencyOfRunStatsChangeEvent":10,"RunStatsChangeEventTimeout":"00:00:01.5000000","InIsolation":false,"KeepAlive":false,"AreTestCaseLevelEventsRequired":false,"IsDebug":false,"TestCaseFilter":null,"FilterOptions":null},"Package":null}}
TpTrace Verbose: 0 : 7372, 6, 2024/04/23, 20:24:07.314, 13193178551384, vstest.console.dll, ParallelProxyExecutionManager.StartTestRunOnConcurrentManager: Execution started. Started clients: 1
TpTrace Verbose: 0 : 7372, 8, 2024/04/23, 20:24:07.511, 13193180518934, vstest.console.dll, TcpClientExtensions.MessageLoopAsync: NotifyDataAvailable remoteEndPoint: 127.0.0.1:54227 localEndPoint: 127.0.0.1:54226
TpTrace Verbose: 0 : 7372, 8, 2024/04/23, 20:24:07.511, 13193180520800, vstest.console.dll, TestRequestSender.OnExecutionMessageReceived: Received message: {"Version":7,"MessageType":"TestSession.Message","Payload":{"MessageLevel":0,"Message":"NUnit Adapter 4.4.0.0: Test execution started"}}
TpTrace Verbose: 0 : 7372, 8, 2024/04/23, 20:24:07.511, 13193180522763, vstest.console.dll, TestRunRequest:SendTestRunMessage: Starting.
TpTrace Verbose: 0 : 7372, 8, 2024/04/23, 20:24:07.511, 13193180523507, vstest.console.dll, MulticastDelegateUtilities.SafeInvoke: TestRun.LogMessages: Invoking callback 1/1 for Microsoft.VisualStudio.TestPlatform.CommandLine.TestRunResultAggregator., took 0 ms.
TpTrace Verbose: 0 : 7372, 5, 2024/04/23, 20:24:07.511, 13193180523652, vstest.console.dll, MulticastDelegateUtilities.SafeInvoke: InternalTestLoggerEvents.SendTestRunMessage: Invoking callback 1/1 for Microsoft.VisualStudio.TestPlatform.CommandLine.Internal.ConsoleLogger., took 0 ms.
TpTrace Information: 0 : 7372, 8, 2024/04/23, 20:24:07.511, 13193180523854, vstest.console.dll, TestRunRequest:SendTestRunMessage: Completed.
TpTrace Verbose: 0 : 7372, 8, 2024/04/23, 20:24:07.511, 13193180525218, vstest.console.dll, MulticastDelegateUtilities.SafeInvoke: LengthPrefixCommunicationChannel: MessageReceived: Invoking callback 1/1 for Microsoft.VisualStudio.TestPlatform.CommunicationUtilities.TestRequestSender+<>c__DisplayClass34_0., took 0 ms.
TpTrace Verbose: 0 : 7372, 8, 2024/04/23, 20:24:07.512, 13193180525619, vstest.console.dll, TcpClientExtensions.MessageLoopAsync: Polling on remoteEndPoint: 127.0.0.1:54227 localEndPoint: 127.0.0.1:54226 after 200 ms
TpTrace Verbose: 0 : 7372, 8, 2024/04/23, 20:24:07.543, 13193180835817, vstest.console.dll, TcpClientExtensions.MessageLoopAsync: NotifyDataAvailable remoteEndPoint: 127.0.0.1:54227 localEndPoint: 127.0.0.1:54226
TpTrace Verbose: 0 : 7372, 8, 2024/04/23, 20:24:07.543, 13193180837748, vstest.console.dll, TestRequestSender.OnExecutionMessageReceived: Received message: {"Version":7,"MessageType":"TestSession.Message","Payload":{"MessageLevel":0,"Message":"Running all tests in C:\\Users\\VC\\source\\repos\\Day7\\ClinicAppointmentSolution\\ClinicDoctorBLUnitTest\\bin\\Debug\\net6.0\\fine-code-coverage\\build-output\\ClinicDoctorBLUnitTest.dll"}}
TpTrace Verbose: 0 : 7372, 8, 2024/04/23, 20:24:07.543, 13193180839075, vstest.console.dll, TestRunRequest:SendTestRunMessage: Starting.
TpTrace Verbose: 0 : 7372, 8, 2024/04/23, 20:24:07.543, 13193180839609, vstest.console.dll, MulticastDelegateUtilities.SafeInvoke: TestRun.LogMessages: Invoking callback 1/1 for Microsoft.VisualStudio.TestPlatform.CommandLine.TestRunResultAggregator., took 0 ms.
TpTrace Verbose: 0 : 7372, 5, 2024/04/23, 20:24:07.543, 13193180839878, vstest.console.dll, MulticastDelegateUtilities.SafeInvoke: InternalTestLoggerEvents.SendTestRunMessage: Invoking callback 1/1 for Microsoft.VisualStudio.TestPlatform.CommandLine.Internal.ConsoleLogger., took 0 ms.
TpTrace Information: 0 : 7372, 8, 2024/04/23, 20:24:07.543, 13193180840005, vstest.console.dll, TestRunRequest:SendTestRunMessage: Completed.
TpTrace Verbose: 0 : 7372, 8, 2024/04/23, 20:24:07.543, 13193180840749, vstest.console.dll, MulticastDelegateUtilities.SafeInvoke: LengthPrefixCommunicationChannel: MessageReceived: Invoking callback 1/1 for Microsoft.VisualStudio.TestPlatform.CommunicationUtilities.TestRequestSender+<>c__DisplayClass34_0., took 0 ms.
TpTrace Verbose: 0 : 7372, 8, 2024/04/23, 20:24:07.543, 13193180841112, vstest.console.dll, TcpClientExtensions.MessageLoopAsync: Polling on remoteEndPoint: 127.0.0.1:54227 localEndPoint: 127.0.0.1:54226 after 31 ms
TpTrace Verbose: 0 : 7372, 8, 2024/04/23, 20:24:07.704, 13193182446645, vstest.console.dll, TcpClientExtensions.MessageLoopAsync: NotifyDataAvailable remoteEndPoint: 127.0.0.1:54227 localEndPoint: 127.0.0.1:54226
TpTrace Verbose: 0 : 7372, 8, 2024/04/23, 20:24:07.704, 13193182448548, vstest.console.dll, TestRequestSender.OnExecutionMessageReceived: Received message: {"Version":7,"MessageType":"TestSession.Message","Payload":{"MessageLevel":0,"Message":"   NUnit3TestExecutor discovered 54 of 54 NUnit test cases using Current Discovery mode, Non-Explicit run"}}
TpTrace Verbose: 0 : 7372, 8, 2024/04/23, 20:24:07.704, 13193182449885, vstest.console.dll, TestRunRequest:SendTestRunMessage: Starting.
TpTrace Verbose: 0 : 7372, 8, 2024/04/23, 20:24:07.704, 13193182450399, vstest.console.dll, MulticastDelegateUtilities.SafeInvoke: TestRun.LogMessages: Invoking callback 1/1 for Microsoft.VisualStudio.TestPlatform.CommandLine.TestRunResultAggregator., took 0 ms.
TpTrace Information: 0 : 7372, 8, 2024/04/23, 20:24:07.704, 13193182450624, vstest.console.dll, TestRunRequest:SendTestRunMessage: Completed.
TpTrace Verbose: 0 : 7372, 8, 2024/04/23, 20:24:07.704, 13193182450888, vstest.console.dll, MulticastDelegateUtilities.SafeInvoke: LengthPrefixCommunicationChannel: MessageReceived: Invoking callback 1/1 for Microsoft.VisualStudio.TestPlatform.CommunicationUtilities.TestRequestSender+<>c__DisplayClass34_0., took 0 ms.
TpTrace Verbose: 0 : 7372, 8, 2024/04/23, 20:24:07.704, 13193182451757, vstest.console.dll, TcpClientExtensions.MessageLoopAsync: Polling on remoteEndPoint: 127.0.0.1:54227 localEndPoint: 127.0.0.1:54226 after 161 ms
TpTrace Verbose: 0 : 7372, 5, 2024/04/23, 20:24:07.704, 13193182451716, vstest.console.dll, MulticastDelegateUtilities.SafeInvoke: InternalTestLoggerEvents.SendTestRunMessage: Invoking callback 1/1 for Microsoft.VisualStudio.TestPlatform.CommandLine.Internal.ConsoleLogger., took 0 ms.
TpTrace Verbose: 0 : 7372, 8, 2024/04/23, 20:24:07.870, 13193184109772, vstest.console.dll, TcpClientExtensions.MessageLoopAsync: NotifyDataAvailable remoteEndPoint: 127.0.0.1:54227 localEndPoint: 127.0.0.1:54226
TpTrace Verbose: 0 : 7372, 8, 2024/04/23, 20:24:07.870, 13193184113233, vstest.console.dll, TestRequestSender.OnExecutionMessageReceived: Received message: {"Version":7,"MessageType":"TestExecution.StatsChange","Payload":{"NewTestResults":[{"TestCase":{"Id":"4478729d-ff51-f885-0d75-0cede98ecae4","FullyQualifiedName":"ClinicDoctorBLUnitTest.AppointmentBLTest.AddAppointmentExceptionTest","DisplayName":"AddAppointmentExceptionTest","ExecutorUri":"executor://NUnit3TestExecutor","Source":"C:\\Users\\VC\\source\\repos\\Day7\\ClinicAppointmentSolution\\ClinicDoctorBLUnitTest\\bin\\Debug\\net6.0\\fine-code-coverage\\build-output\\ClinicDoctorBLUnitTest.dll","CodeFilePath":null,"LineNumber":0,"Properties":[{"Key":{"Id":"NUnit.Seed","Label":"Seed","Category":"","Description":"","Attributes":0,"ValueType":"System.String"},"Value":"803165842"}]},"Attachments":[],"Outcome":1,"ErrorMessage":null,"ErrorStackTrace":null,"DisplayName":"AddAppointmentExceptionTest","Messages":[],"ComputerName":"DESKTOP-92EC60F","Duration":"00:00:00.0338830","StartTime":"2024-04-23T14:54:07.7314262+00:00","EndTime":"2024-04-23T14:54:07.7652104+00:00","Properties":[{"Key":{"Id":"NUnit.Seed","Label":"Seed","Category":"","Description":"","Attributes":0,"ValueType":"System.String"},"Value":"803165842"}]},{"TestCase":{"Id":"d5d22dfe-3a98-c3d8-f03a-5ba671e4aebe","FullyQualifiedName":"ClinicDoctorBLUnitTest.AppointmentBLTest.AddAppointmentSuccessTest","DisplayName":"AddAppointmentSuccessTest","ExecutorUri":"executor://NUnit3TestExecutor","Source":"C:\\Users\\VC\\source\\repos\\Day7\\ClinicAppointmentSolution\\ClinicDoctorBLUnitTest\\bin\\Debug\\net6.0\\fine-code-coverage\\build-output\\ClinicDoctorBLUnitTest.dll","CodeFilePath":null,"LineNumber":0,"Properties":[{"Key":{"Id":"NUnit.Seed","Label":"Seed","Category":"","Description":"","Attributes":0,"ValueType":"System.String"},"Value":"1570077044"}]},"Attachments":[],"Outcome":1,"ErrorMessage":null,"ErrorStackTrace":null,"DisplayName":"AddAppointmentSuccessTest","Messages":[],"ComputerName":"DESKTOP-92EC60F","Duration":"00:00:00.0044390","StartTime":"2024-04-23T14:54:07.7672559+00:00","EndTime":"2024-04-23T14:54:07.7716944+00:00","Properties":[{"Key":{"Id":"NUnit.Seed","Label":"Seed","Category":"","Description":"","Attributes":0,"ValueType":"System.String"},"Value":"1570077044"}]},{"TestCase":{"Id":"6e330b9a-597e-6c9f-4549-43606ee9eaee","FullyQualifiedName":"ClinicDoctorBLUnitTest.AppointmentBLTest.CancelAppointmentExceptionTest","DisplayName":"CancelAppointmentExceptionTest","ExecutorUri":"executor://NUnit3TestExecutor","Source":"C:\\Users\\VC\\source\\repos\\Day7\\ClinicAppointmentSolution\\ClinicDoctorBLUnitTest\\bin\\Debug\\net6.0\\fine-code-coverage\\build-output\\ClinicDoctorBLUnitTest.dll","CodeFilePath":null,"LineNumber":0,"Properties":[{"Key":{"Id":"NUnit.Seed","Label":"Seed","Category":"","Description":"","Attributes":0,"ValueType":"System.String"},"Value":"88468658"}]},"Attachments":[],"Outcome":1,"ErrorMessage":null,"ErrorStackTrace":null,"DisplayName":"CancelAppointmentExceptionTest","Messages":[],"ComputerName":"DESKTOP-92EC60F","Duration":"00:00:00.0008560","StartTime":"2024-04-23T14:54:07.7717194+00:00","EndTime":"2024-04-23T14:54:07.7725755+00:00","Properties":[{"Key":{"Id":"NUnit.Seed","Label":"Seed","Category":"","Description":"","Attributes":0,"ValueType":"System.String"},"Value":"88468658"}]},{"TestCase":{"Id":"72b6f6aa-301b-7c1a-1b4d-f4d1c40461fa","FullyQualifiedName":"ClinicDoctorBLUnitTest.AppointmentBLTest.CancelAppointmentSuccessTest","DisplayName":"CancelAppointmentSuccessTest","ExecutorUri":"executor://NUnit3TestExecutor","Source":"C:\\Users\\VC\\source\\repos\\Day7\\ClinicAppointmentSolution\\ClinicDoctorBLUnitTest\\bin\\Debug\\net6.0\\fine-code-coverage\\build-output\\ClinicDoctorBLUnitTest.dll","CodeFilePath":null,"LineNumber":0,"Properties":[{"Key":{"Id":"NUnit.Seed","Label":"Seed","Category":"","Description":"","Attributes":0,"ValueType":"System.String"},"Value":"1698695038"}]},"Attachments":[],"Outcome":1,"ErrorMessage":null,"ErrorStackTrace":null,"DisplayName":"CancelAppointmentSuccessTest","Messages":[],"ComputerName":"DESKTOP-92EC60F","Duration":"00:00:00.0004460","StartTime":"2024-04-23T14:54:07.7725891+00:00","EndTime":"2024-04-23T14:54:07.7730354+00:00","Properties":[{"Key":{"Id":"NUnit.Seed","Label":"Seed","Category":"","Description":"","Attributes":0,"ValueType":"System.String"},"Value":"1698695038"}]},{"TestCase":{"Id":"aac18cf3-b253-cdf0-d6a4-75ab2b0a4b7f","FullyQualifiedName":"ClinicDoctorBLUnitTest.AppointmentBLTest.DeleteAppointmentExceptionTest","DisplayName":"DeleteAppointmentExceptionTest","ExecutorUri":"executor://NUnit3TestExecutor","Source":"C:\\Users\\VC\\source\\repos\\Day7\\ClinicAppointmentSolution\\ClinicDoctorBLUnitTest\\bin\\Debug\\net6.0\\fine-code-coverage\\build-output\\ClinicDoctorBLUnitTest.dll","CodeFilePath":null,"LineNumber":0,"Properties":[{"Key":{"Id":"NUnit.Seed","Label":"Seed","Category":"","Description":"","Attributes":0,"ValueType":"System.String"},"Value":"1916975613"}]},"Attachments":[],"Outcome":1,"ErrorMessage":null,"ErrorStackTrace":null,"DisplayName":"DeleteAppointmentExceptionTest","Messages":[],"ComputerName":"DESKTOP-92EC60F","Duration":"00:00:00.0003280","StartTime":"2024-04-23T14:54:07.7730459+00:00","EndTime":"2024-04-23T14:54:07.7733733+00:00","Properties":[{"Key":{"Id":"NUnit.Seed","Label":"Seed","Category":"","Description":"","Attributes":0,"ValueType":"System.String"},"Value":"1916975613"}]},{"TestCase":{"Id":"0115f739-8e3d-d0f3-48fc-d3c5b85de0f7","FullyQualifiedName":"ClinicDoctorBLUnitTest.AppointmentBLTest.DeleteAppointmentSuccessTest","DisplayName":"DeleteAppointmentSuccessTest","ExecutorUri":"executor://NUnit3TestExecutor","Source":"C:\\Users\\VC\\source\\repos\\Day7\\ClinicAppointmentSolution\\ClinicDoctorBLUnitTest\\bin\\Debug\\net6.0\\fine-code-coverage\\build-output\\ClinicDoctorBLUnitTest.dll","CodeFilePath":null,"LineNumber":0,"Properties":[{"Key":{"Id":"NUnit.Seed","Label":"Seed","Category":"","Description":"","Attributes":0,"ValueType":"System.String"},"Value":"1386199966"}]},"Attachments":[],"Outcome":1,"ErrorMessage":null,"ErrorStackTrace":null,"DisplayName":"DeleteAppointmentSuccessTest","Messages":[],"ComputerName":"DESKTOP-92EC60F","Duration":"00:00:00.0011000","StartTime":"2024-04-23T14:54:07.7733828+00:00","EndTime":"2024-04-23T14:54:07.7744822+00:00","Properties":[{"Key":{"Id":"NUnit.Seed","Label":"Seed","Category":"","Description":"","Attributes":0,"ValueType":"System.String"},"Value":"1386199966"}]},{"TestCase":{"Id":"779ef1e9-8802-7a5a-33f3-96dc16b10578","FullyQualifiedName":"ClinicDoctorBLUnitTest.AppointmentBLTest.GetAllAppointmentExceptionTest","DisplayName":"GetAllAppointmentExceptionTest","ExecutorUri":"executor://NUnit3TestExecutor","Source":"C:\\Users\\VC\\source\\repos\\Day7\\ClinicAppointmentSolution\\ClinicDoctorBLUnitTest\\bin\\Debug\\net6.0\\fine-code-coverage\\build-output\\ClinicDoctorBLUnitTest.dll","CodeFilePath":null,"LineNumber":0,"Properties":[{"Key":{"Id":"NUnit.Seed","Label":"Seed","Category":"","Description":"","Attributes":0,"ValueType":"System.String"},"Value":"1515727040"}]},"Attachments":[],"Outcome":1,"ErrorMessage":null,"ErrorStackTrace":null,"DisplayName":"GetAllAppointmentExceptionTest","Messages":[],"ComputerName":"DESKTOP-92EC60F","Duration":"00:00:00.0014210","StartTime":"2024-04-23T14:54:07.7745108+00:00","EndTime":"2024-04-23T14:54:07.7759314+00:00","Properties":[{"Key":{"Id":"NUnit.Seed","Label":"Seed","Category":"","Description":"","Attributes":0,"ValueType":"System.String"},"Value":"1515727040"}]},{"TestCase":{"Id":"8b0ce40e-5e3f-2dd1-6d90-d4b669af5528","FullyQualifiedName":"ClinicDoctorBLUnitTest.AppointmentBLTest.GetAllAppointmentSuccessTest","DisplayName":"GetAllAppointmentSuccessTest","ExecutorUri":"executor://NUnit3TestExecutor","Source":"C:\\Users\\VC\\source\\repos\\Day7\\ClinicAppointmentSolution\\ClinicDoctorBLUnitTest\\bin\\Debug\\net6.0\\fine-code-coverage\\build-output\\ClinicDoctorBLUnitTest.dll","CodeFilePath":null,"LineNumber":0,"Properties":[{"Key":{"Id":"NUnit.Seed","Label":"Seed","Category":"","Description":"","Attributes":0,"ValueType":"System.String"},"Value":"857109399"}]},"Attachments":[],"Outcome":1,"ErrorMessage":null,"ErrorStackTrace":null,"DisplayName":"GetAllAppointmentSuccessTest","Messages":[],"ComputerName":"DESKTOP-92EC60F","Duration":"00:00:00.0023660","StartTime":"2024-04-23T14:54:07.7759469+00:00","EndTime":"2024-04-23T14:54:07.7783132+00:00","Properties":[{"Key":{"Id":"NUnit.Seed","Label":"Seed","Category":"","Description":"","Attributes":0,"ValueType":"System.String"},"Value":"857109399"}]},{"TestCase":{"Id":"252744be-50d4-6774-eb02-17e62d94fa77","FullyQualifiedName":"ClinicDoctorBLUnitTest.AppointmentBLTest.GetAppointmentByDoctorIDExceptionTest","DisplayName":"GetAppointmentByDoctorIDExceptionTest","ExecutorUri":"executor://NUnit3TestExecutor","Source":"C:\\Users\\VC\\source\\repos\\Day7\\ClinicAppointmentSolution\\ClinicDoctorBLUnitTest\\bin\\Debug\\net6.0\\fine-code-coverage\\build-output\\ClinicDoctorBLUnitTest.dll","CodeFilePath":null,"LineNumber":0,"Properties":[{"Key":{"Id":"NUnit.Seed","Label":"Seed","Category":"","Description":"","Attributes":0,"ValueType":"System.String"},"Value":"837692571"}]},"Attachments":[],"Outcome":1,"ErrorMessage":null,"ErrorStackTrace":null,"DisplayName":"GetAppointmentByDoctorIDExceptionTest","Messages":[],"ComputerName":"DESKTOP-92EC60F","Duration":"00:00:00.0007770","StartTime":"2024-04-23T14:54:07.7783258+00:00","EndTime":"2024-04-23T14:54:07.7791028+00:00","Properties":[{"Key":{"Id":"NUnit.Seed","Label":"Seed","Category":"","Description":"","Attributes":0,"ValueType":"System.String"},"Value":"837692571"}]}],"TestRunStatistics":{"ExecutedTests":9,"Stats":{"Passed":9}},"ActiveTests":[{"Id":"74adf5f6-c1c3-0ba0-770e-81d69858f444","FullyQualifiedName":"ClinicDoctorBLUnitTest.AppointmentBLTest.GetAppointmentByDoctorIDSuccessTest","DisplayName":"GetAppointmentByDoctorIDSuccessTest","ExecutorUri":"executor://NUnit3TestExecutor","Source":"C:\\Users\\VC\\source\\repos\\Day7\\ClinicAppointmentSolution\\ClinicDoctorBLUnitTest\\bin\\Debug\\net6.0\\fine-code-coverage\\build-output\\ClinicDoctorBLUnitTest.dll","CodeFilePath":null,"LineNumber":0,"Properties":[{"Key":{"Id":"NUnit.Seed","Label":"Seed","Category":"","Description":"","Attributes":0,"ValueType":"System.String"},"Value":"191616544"}]}]}}
TpTrace Verbose: 0 : 7372, 8, 2024/04/23, 20:24:07.899, 13193184403183, vstest.console.dll, TestRunRequest:SendTestRunStatsChange: Starting.
TpTrace Verbose: 0 : 7372, 8, 2024/04/23, 20:24:07.899, 13193184405072, vstest.console.dll, InProgress is GetAppointmentByDoctorIDSuccessTest
TpTrace Verbose: 0 : 7372, 8, 2024/04/23, 20:24:07.900, 13193184407415, vstest.console.dll, MulticastDelegateUtilities.SafeInvoke: TestRun.RunStatsChanged: Invoking callbacks was skipped because there are no subscribers.
TpTrace Information: 0 : 7372, 8, 2024/04/23, 20:24:07.900, 13193184407918, vstest.console.dll, TestRunRequest:SendTestRunStatsChange: Completed.
TpTrace Verbose: 0 : 7372, 8, 2024/04/23, 20:24:07.900, 13193184408293, vstest.console.dll, MulticastDelegateUtilities.SafeInvoke: LengthPrefixCommunicationChannel: MessageReceived: Invoking callback 1/1 for Microsoft.VisualStudio.TestPlatform.CommunicationUtilities.TestRequestSender+<>c__DisplayClass34_0., took 29 ms.
TpTrace Verbose: 0 : 7372, 8, 2024/04/23, 20:24:07.900, 13193184408785, vstest.console.dll, TcpClientExtensions.MessageLoopAsync: Polling on remoteEndPoint: 127.0.0.1:54227 localEndPoint: 127.0.0.1:54226 after 195 ms
TpTrace Verbose: 0 : 7372, 5, 2024/04/23, 20:24:07.902, 13193184428673, vstest.console.dll, MulticastDelegateUtilities.SafeInvoke: InternalTestLoggerEvents.SendTestResult: Invoking callback 1/1 for Microsoft.VisualStudio.TestPlatform.CommandLine.Internal.ConsoleLogger., took 2 ms.
TpTrace Verbose: 0 : 7372, 5, 2024/04/23, 20:24:07.902, 13193184432992, vstest.console.dll, MulticastDelegateUtilities.SafeInvoke: InternalTestLoggerEvents.SendTestResult: Invoking callback 1/1 for Microsoft.VisualStudio.TestPlatform.CommandLine.Internal.ConsoleLogger., took 0 ms.
TpTrace Verbose: 0 : 7372, 5, 2024/04/23, 20:24:07.902, 13193184434000, vstest.console.dll, MulticastDelegateUtilities.SafeInvoke: InternalTestLoggerEvents.SendTestResult: Invoking callback 1/1 for Microsoft.VisualStudio.TestPlatform.CommandLine.Internal.ConsoleLogger., took 0 ms.
TpTrace Verbose: 0 : 7372, 5, 2024/04/23, 20:24:07.902, 13193184434413, vstest.console.dll, MulticastDelegateUtilities.SafeInvoke: InternalTestLoggerEvents.SendTestResult: Invoking callback 1/1 for Microsoft.VisualStudio.TestPlatform.CommandLine.Internal.ConsoleLogger., took 0 ms.
TpTrace Verbose: 0 : 7372, 5, 2024/04/23, 20:24:07.902, 13193184434759, vstest.console.dll, MulticastDelegateUtilities.SafeInvoke: InternalTestLoggerEvents.SendTestResult: Invoking callback 1/1 for Microsoft.VisualStudio.TestPlatform.CommandLine.Internal.ConsoleLogger., took 0 ms.
TpTrace Verbose: 0 : 7372, 5, 2024/04/23, 20:24:07.903, 13193184436032, vstest.console.dll, MulticastDelegateUtilities.SafeInvoke: InternalTestLoggerEvents.SendTestResult: Invoking callback 1/1 for Microsoft.VisualStudio.TestPlatform.CommandLine.Internal.ConsoleLogger., took 0 ms.
TpTrace Verbose: 0 : 7372, 5, 2024/04/23, 20:24:07.903, 13193184436739, vstest.console.dll, MulticastDelegateUtilities.SafeInvoke: InternalTestLoggerEvents.SendTestResult: Invoking callback 1/1 for Microsoft.VisualStudio.TestPlatform.CommandLine.Internal.ConsoleLogger., took 0 ms.
TpTrace Verbose: 0 : 7372, 5, 2024/04/23, 20:24:07.903, 13193184437119, vstest.console.dll, MulticastDelegateUtilities.SafeInvoke: InternalTestLoggerEvents.SendTestResult: Invoking callback 1/1 for Microsoft.VisualStudio.TestPlatform.CommandLine.Internal.ConsoleLogger., took 0 ms.
TpTrace Verbose: 0 : 7372, 5, 2024/04/23, 20:24:07.903, 13193184437475, vstest.console.dll, MulticastDelegateUtilities.SafeInvoke: InternalTestLoggerEvents.SendTestResult: Invoking callback 1/1 for Microsoft.VisualStudio.TestPlatform.CommandLine.Internal.ConsoleLogger., took 0 ms.
TpTrace Verbose: 0 : 7372, 8, 2024/04/23, 20:24:07.905, 13193184458981, vstest.console.dll, TcpClientExtensions.MessageLoopAsync: NotifyDataAvailable remoteEndPoint: 127.0.0.1:54227 localEndPoint: 127.0.0.1:54226
TpTrace Verbose: 0 : 7372, 8, 2024/04/23, 20:24:07.905, 13193184461463, vstest.console.dll, TestRequestSender.OnExecutionMessageReceived: Received message: {"Version":7,"MessageType":"TestExecution.StatsChange","Payload":{"NewTestResults":[{"TestCase":{"Id":"74adf5f6-c1c3-0ba0-770e-81d69858f444","FullyQualifiedName":"ClinicDoctorBLUnitTest.AppointmentBLTest.GetAppointmentByDoctorIDSuccessTest","DisplayName":"GetAppointmentByDoctorIDSuccessTest","ExecutorUri":"executor://NUnit3TestExecutor","Source":"C:\\Users\\VC\\source\\repos\\Day7\\ClinicAppointmentSolution\\ClinicDoctorBLUnitTest\\bin\\Debug\\net6.0\\fine-code-coverage\\build-output\\ClinicDoctorBLUnitTest.dll","CodeFilePath":null,"LineNumber":0,"Properties":[{"Key":{"Id":"NUnit.Seed","Label":"Seed","Category":"","Description":"","Attributes":0,"ValueType":"System.String"},"Value":"191616544"}]},"Attachments":[],"Outcome":1,"ErrorMessage":null,"ErrorStackTrace":null,"DisplayName":"GetAppointmentByDoctorIDSuccessTest","Messages":[],"ComputerName":"DESKTOP-92EC60F","Duration":"00:00:00.0001390","StartTime":"2024-04-23T14:54:07.7791152+00:00","EndTime":"2024-04-23T14:54:07.7792545+00:00","Properties":[{"Key":{"Id":"NUnit.Seed","Label":"Seed","Category":"","Description":"","Attributes":0,"ValueType":"System.String"},"Value":"191616544"}]},{"TestCase":{"Id":"ba99cce4-e183-01e3-7fb0-ca196b84f6b1","FullyQualifiedName":"ClinicDoctorBLUnitTest.AppointmentBLTest.GetAppointmentByIDExceptionTest","DisplayName":"GetAppointmentByIDExceptionTest","ExecutorUri":"executor://NUnit3TestExecutor","Source":"C:\\Users\\VC\\source\\repos\\Day7\\ClinicAppointmentSolution\\ClinicDoctorBLUnitTest\\bin\\Debug\\net6.0\\fine-code-coverage\\build-output\\ClinicDoctorBLUnitTest.dll","CodeFilePath":null,"LineNumber":0,"Properties":[{"Key":{"Id":"NUnit.Seed","Label":"Seed","Category":"","Description":"","Attributes":0,"ValueType":"System.String"},"Value":"1527965012"}]},"Attachments":[],"Outcome":1,"ErrorMessage":null,"ErrorStackTrace":null,"DisplayName":"GetAppointmentByIDExceptionTest","Messages":[],"ComputerName":"DESKTOP-92EC60F","Duration":"00:00:00.0004180","StartTime":"2024-04-23T14:54:07.7792635+00:00","EndTime":"2024-04-23T14:54:07.7796809+00:00","Properties":[{"Key":{"Id":"NUnit.Seed","Label":"Seed","Category":"","Description":"","Attributes":0,"ValueType":"System.String"},"Value":"1527965012"}]},{"TestCase":{"Id":"5d915673-929e-4709-3996-3f2caa32af8b","FullyQualifiedName":"ClinicDoctorBLUnitTest.AppointmentBLTest.GetAppointmentByIDSuccessTest(1)","DisplayName":"GetAppointmentByIDSuccessTest(1)","ExecutorUri":"executor://NUnit3TestExecutor","Source":"C:\\Users\\VC\\source\\repos\\Day7\\ClinicAppointmentSolution\\ClinicDoctorBLUnitTest\\bin\\Debug\\net6.0\\fine-code-coverage\\build-output\\ClinicDoctorBLUnitTest.dll","CodeFilePath":null,"LineNumber":0,"Properties":[{"Key":{"Id":"NUnit.Seed","Label":"Seed","Category":"","Description":"","Attributes":0,"ValueType":"System.String"},"Value":"2116026842"}]},"Attachments":[],"Outcome":1,"ErrorMessage":null,"ErrorStackTrace":null,"DisplayName":"GetAppointmentByIDSuccessTest(1)","Messages":[],"ComputerName":"DESKTOP-92EC60F","Duration":"00:00:00.0001260","StartTime":"2024-04-23T14:54:07.7797076+00:00","EndTime":"2024-04-23T14:54:07.7798334+00:00","Properties":[{"Key":{"Id":"NUnit.Seed","Label":"Seed","Category":"","Description":"","Attributes":0,"ValueType":"System.String"},"Value":"2116026842"}]},{"TestCase":{"Id":"6c2ed356-5106-6b3f-3e18-405c6bc33e3c","FullyQualifiedName":"ClinicDoctorBLUnitTest.AppointmentBLTest.GetAppointmentByPatientIDExceptionTest","DisplayName":"GetAppointmentByPatientIDExceptionTest","ExecutorUri":"executor://NUnit3TestExecutor","Source":"C:\\Users\\VC\\source\\repos\\Day7\\ClinicAppointmentSolution\\ClinicDoctorBLUnitTest\\bin\\Debug\\net6.0\\fine-code-coverage\\build-output\\ClinicDoctorBLUnitTest.dll","CodeFilePath":null,"LineNumber":0,"Properties":[{"Key":{"Id":"NUnit.Seed","Label":"Seed","Category":"","Description":"","Attributes":0,"ValueType":"System.String"},"Value":"1320164031"}]},"Attachments":[],"Outcome":1,"ErrorMessage":null,"ErrorStackTrace":null,"DisplayName":"GetAppointmentByPatientIDExceptionTest","Messages":[],"ComputerName":"DESKTOP-92EC60F","Duration":"00:00:00.0004830","StartTime":"2024-04-23T14:54:07.7810815+00:00","EndTime":"2024-04-23T14:54:07.7815644+00:00","Properties":[{"Key":{"Id":"NUnit.Seed","Label":"Seed","Category":"","Description":"","Attributes":0,"ValueType":"System.String"},"Value":"1320164031"}]},{"TestCase":{"Id":"1dd6fb77-4fbf-c77f-3126-dce962211f9a","FullyQualifiedName":"ClinicDoctorBLUnitTest.AppointmentBLTest.GetAppointmentByPatientIDSuccessTest","DisplayName":"GetAppointmentByPatientIDSuccessTest","ExecutorUri":"executor://NUnit3TestExecutor","Source":"C:\\Users\\VC\\source\\repos\\Day7\\ClinicAppointmentSolution\\ClinicDoctorBLUnitTest\\bin\\Debug\\net6.0\\fine-code-coverage\\build-output\\ClinicDoctorBLUnitTest.dll","CodeFilePath":null,"LineNumber":0,"Properties":[{"Key":{"Id":"NUnit.Seed","Label":"Seed","Category":"","Description":"","Attributes":0,"ValueType":"System.String"},"Value":"1073002917"}]},"Attachments":[],"Outcome":1,"ErrorMessage":null,"ErrorStackTrace":null,"DisplayName":"GetAppointmentByPatientIDSuccessTest","Messages":[],"ComputerName":"DESKTOP-92EC60F","Duration":"00:00:00.0001100","StartTime":"2024-04-23T14:54:07.7815745+00:00","EndTime":"2024-04-23T14:54:07.7816839+00:00","Properties":[{"Key":{"Id":"NUnit.Seed","Label":"Seed","Category":"","Description":"","Attributes":0,"ValueType":"System.String"},"Value":"1073002917"}]},{"TestCase":{"Id":"dc9410a7-e5dd-8f25-a486-ecfd3cdb6d37","FullyQualifiedName":"ClinicDoctorBLUnitTest.AppointmentBLTest.RescheduleAppointmentByIDExceptionTest","DisplayName":"RescheduleAppointmentByIDExceptionTest","ExecutorUri":"executor://NUnit3TestExecutor","Source":"C:\\Users\\VC\\source\\repos\\Day7\\ClinicAppointmentSolution\\ClinicDoctorBLUnitTest\\bin\\Debug\\net6.0\\fine-code-coverage\\build-output\\ClinicDoctorBLUnitTest.dll","CodeFilePath":null,"LineNumber":0,"Properties":[{"Key":{"Id":"NUnit.Seed","Label":"Seed","Category":"","Description":"","Attributes":0,"ValueType":"System.String"},"Value":"562617218"}]},"Attachments":[],"Outcome":1,"ErrorMessage":null,"ErrorStackTrace":null,"DisplayName":"RescheduleAppointmentByIDExceptionTest","Messages":[],"ComputerName":"DESKTOP-92EC60F","Duration":"00:00:00.0003110","StartTime":"2024-04-23T14:54:07.7816905+00:00","EndTime":"2024-04-23T14:54:07.7820017+00:00","Properties":[{"Key":{"Id":"NUnit.Seed","Label":"Seed","Category":"","Description":"","Attributes":0,"ValueType":"System.String"},"Value":"562617218"}]},{"TestCase":{"Id":"df52f256-f8e8-8159-c6da-17b15b21d6b2","FullyQualifiedName":"ClinicDoctorBLUnitTest.AppointmentBLTest.RescheduleAppointmentByIDSuccessTest","DisplayName":"RescheduleAppointmentByIDSuccessTest","ExecutorUri":"executor://NUnit3TestExecutor","Source":"C:\\Users\\VC\\source\\repos\\Day7\\ClinicAppointmentSolution\\ClinicDoctorBLUnitTest\\bin\\Debug\\net6.0\\fine-code-coverage\\build-output\\ClinicDoctorBLUnitTest.dll","CodeFilePath":null,"LineNumber":0,"Properties":[{"Key":{"Id":"NUnit.Seed","Label":"Seed","Category":"","Description":"","Attributes":0,"ValueType":"System.String"},"Value":"2104309629"}]},"Attachments":[],"Outcome":1,"ErrorMessage":null,"ErrorStackTrace":null,"DisplayName":"RescheduleAppointmentByIDSuccessTest","Messages":[],"ComputerName":"DESKTOP-92EC60F","Duration":"00:00:00.0023700","StartTime":"2024-04-23T14:54:07.7820098+00:00","EndTime":"2024-04-23T14:54:07.7843797+00:00","Properties":[{"Key":{"Id":"NUnit.Seed","Label":"Seed","Category":"","Description":"","Attributes":0,"ValueType":"System.String"},"Value":"2104309629"}]},{"TestCase":{"Id":"f6da8ca2-6ce3-5146-6adc-82f89ca03ffa","FullyQualifiedName":"ClinicDoctorBLUnitTest.AppointmentBLTest.UpdateAppointmentExceptionTest","DisplayName":"UpdateAppointmentExceptionTest","ExecutorUri":"executor://NUnit3TestExecutor","Source":"C:\\Users\\VC\\source\\repos\\Day7\\ClinicAppointmentSolution\\ClinicDoctorBLUnitTest\\bin\\Debug\\net6.0\\fine-code-coverage\\build-output\\ClinicDoctorBLUnitTest.dll","CodeFilePath":null,"LineNumber":0,"Properties":[{"Key":{"Id":"NUnit.Seed","Label":"Seed","Category":"","Description":"","Attributes":0,"ValueType":"System.String"},"Value":"1686964366"}]},"Attachments":[],"Outcome":1,"ErrorMessage":null,"ErrorStackTrace":null,"DisplayName":"UpdateAppointmentExceptionTest","Messages":[],"ComputerName":"DESKTOP-92EC60F","Duration":"00:00:00.0004590","StartTime":"2024-04-23T14:54:07.7844055+00:00","EndTime":"2024-04-23T14:54:07.784864+00:00","Properties":[{"Key":{"Id":"NUnit.Seed","Label":"Seed","Category":"","Description":"","Attributes":0,"ValueType":"System.String"},"Value":"1686964366"}]},{"TestCase":{"Id":"24f9e55e-87a4-78a4-49d2-52bd298a56b6","FullyQualifiedName":"ClinicDoctorBLUnitTest.AppointmentBLTest.UpdateAppointmentSuccessTest","DisplayName":"UpdateAppointmentSuccessTest","ExecutorUri":"executor://NUnit3TestExecutor","Source":"C:\\Users\\VC\\source\\repos\\Day7\\ClinicAppointmentSolution\\ClinicDoctorBLUnitTest\\bin\\Debug\\net6.0\\fine-code-coverage\\build-output\\ClinicDoctorBLUnitTest.dll","CodeFilePath":null,"LineNumber":0,"Properties":[{"Key":{"Id":"NUnit.Seed","Label":"Seed","Category":"","Description":"","Attributes":0,"ValueType":"System.String"},"Value":"654005954"}]},"Attachments":[],"Outcome":1,"ErrorMessage":null,"ErrorStackTrace":null,"DisplayName":"UpdateAppointmentSuccessTest","Messages":[],"ComputerName":"DESKTOP-92EC60F","Duration":"00:00:00.0002090","StartTime":"2024-04-23T14:54:07.7848781+00:00","EndTime":"2024-04-23T14:54:07.7850875+00:00","Properties":[{"Key":{"Id":"NUnit.Seed","Label":"Seed","Category":"","Description":"","Attributes":0,"ValueType":"System.String"},"Value":"654005954"}]}],"TestRunStatistics":{"ExecutedTests":18,"Stats":{"Passed":18}},"ActiveTests":[{"Id":"1a28fc3a-c18e-a4b7-85ef-94d20619bcc1","FullyQualifiedName":"ClinicDoctorBLUnitTest.DoctorBLTest.AddDoctorExceptionTest","DisplayName":"AddDoctorExceptionTest","ExecutorUri":"executor://NUnit3TestExecutor","Source":"C:\\Users\\VC\\source\\repos\\Day7\\ClinicAppointmentSolution\\ClinicDoctorBLUnitTest\\bin\\Debug\\net6.0\\fine-code-coverage\\build-output\\ClinicDoctorBLUnitTest.dll","CodeFilePath":null,"LineNumber":0,"Properties":[{"Key":{"Id":"NUnit.Seed","Label":"Seed","Category":"","Description":"","Attributes":0,"ValueType":"System.String"},"Value":"1572834926"}]}]}}
TpTrace Verbose: 0 : 7372, 8, 2024/04/23, 20:24:07.908, 13193184488950, vstest.console.dll, TestRunRequest:SendTestRunStatsChange: Starting.
TpTrace Verbose: 0 : 7372, 8, 2024/04/23, 20:24:07.908, 13193184489664, vstest.console.dll, InProgress is AddDoctorExceptionTest
TpTrace Verbose: 0 : 7372, 8, 2024/04/23, 20:24:07.908, 13193184490331, vstest.console.dll, MulticastDelegateUtilities.SafeInvoke: TestRun.RunStatsChanged: Invoking callbacks was skipped because there are no subscribers.
TpTrace Information: 0 : 7372, 8, 2024/04/23, 20:24:07.908, 13193184490710, vstest.console.dll, TestRunRequest:SendTestRunStatsChange: Completed.
TpTrace Verbose: 0 : 7372, 8, 2024/04/23, 20:24:07.908, 13193184491079, vstest.console.dll, MulticastDelegateUtilities.SafeInvoke: LengthPrefixCommunicationChannel: MessageReceived: Invoking callback 1/1 for Microsoft.VisualStudio.TestPlatform.CommunicationUtilities.TestRequestSender+<>c__DisplayClass34_0., took 2 ms.
TpTrace Verbose: 0 : 7372, 5, 2024/04/23, 20:24:07.908, 13193184491091, vstest.console.dll, MulticastDelegateUtilities.SafeInvoke: InternalTestLoggerEvents.SendTestResult: Invoking callback 1/1 for Microsoft.VisualStudio.TestPlatform.CommandLine.Internal.ConsoleLogger., took 0 ms.
TpTrace Verbose: 0 : 7372, 5, 2024/04/23, 20:24:07.908, 13193184492482, vstest.console.dll, MulticastDelegateUtilities.SafeInvoke: InternalTestLoggerEvents.SendTestResult: Invoking callback 1/1 for Microsoft.VisualStudio.TestPlatform.CommandLine.Internal.ConsoleLogger., took 0 ms.
TpTrace Verbose: 0 : 7372, 8, 2024/04/23, 20:24:07.908, 13193184491559, vstest.console.dll, TcpClientExtensions.MessageLoopAsync: Polling on remoteEndPoint: 127.0.0.1:54227 localEndPoint: 127.0.0.1:54226 after 8 ms
TpTrace Verbose: 0 : 7372, 5, 2024/04/23, 20:24:07.908, 13193184493129, vstest.console.dll, MulticastDelegateUtilities.SafeInvoke: InternalTestLoggerEvents.SendTestResult: Invoking callback 1/1 for Microsoft.VisualStudio.TestPlatform.CommandLine.Internal.ConsoleLogger., took 0 ms.
TpTrace Verbose: 0 : 7372, 5, 2024/04/23, 20:24:07.908, 13193184495045, vstest.console.dll, MulticastDelegateUtilities.SafeInvoke: InternalTestLoggerEvents.SendTestResult: Invoking callback 1/1 for Microsoft.VisualStudio.TestPlatform.CommandLine.Internal.ConsoleLogger., took 0 ms.
TpTrace Verbose: 0 : 7372, 5, 2024/04/23, 20:24:07.909, 13193184495588, vstest.console.dll, MulticastDelegateUtilities.SafeInvoke: InternalTestLoggerEvents.SendTestResult: Invoking callback 1/1 for Microsoft.VisualStudio.TestPlatform.CommandLine.Internal.ConsoleLogger., took 0 ms.
TpTrace Verbose: 0 : 7372, 5, 2024/04/23, 20:24:07.909, 13193184496110, vstest.console.dll, MulticastDelegateUtilities.SafeInvoke: InternalTestLoggerEvents.SendTestResult: Invoking callback 1/1 for Microsoft.VisualStudio.TestPlatform.CommandLine.Internal.ConsoleLogger., took 0 ms.
TpTrace Verbose: 0 : 7372, 5, 2024/04/23, 20:24:07.909, 13193184496645, vstest.console.dll, MulticastDelegateUtilities.SafeInvoke: InternalTestLoggerEvents.SendTestResult: Invoking callback 1/1 for Microsoft.VisualStudio.TestPlatform.CommandLine.Internal.ConsoleLogger., took 0 ms.
TpTrace Verbose: 0 : 7372, 5, 2024/04/23, 20:24:07.909, 13193184497165, vstest.console.dll, MulticastDelegateUtilities.SafeInvoke: InternalTestLoggerEvents.SendTestResult: Invoking callback 1/1 for Microsoft.VisualStudio.TestPlatform.CommandLine.Internal.ConsoleLogger., took 0 ms.
TpTrace Verbose: 0 : 7372, 5, 2024/04/23, 20:24:07.909, 13193184497644, vstest.console.dll, MulticastDelegateUtilities.SafeInvoke: InternalTestLoggerEvents.SendTestResult: Invoking callback 1/1 for Microsoft.VisualStudio.TestPlatform.CommandLine.Internal.ConsoleLogger., took 0 ms.
TpTrace Verbose: 0 : 7372, 8, 2024/04/23, 20:24:07.924, 13193184652823, vstest.console.dll, TcpClientExtensions.MessageLoopAsync: NotifyDataAvailable remoteEndPoint: 127.0.0.1:54227 localEndPoint: 127.0.0.1:54226
TpTrace Verbose: 0 : 7372, 8, 2024/04/23, 20:24:07.925, 13193184655581, vstest.console.dll, TestRequestSender.OnExecutionMessageReceived: Received message: {"Version":7,"MessageType":"TestExecution.StatsChange","Payload":{"NewTestResults":[{"TestCase":{"Id":"1a28fc3a-c18e-a4b7-85ef-94d20619bcc1","FullyQualifiedName":"ClinicDoctorBLUnitTest.DoctorBLTest.AddDoctorExceptionTest","DisplayName":"AddDoctorExceptionTest","ExecutorUri":"executor://NUnit3TestExecutor","Source":"C:\\Users\\VC\\source\\repos\\Day7\\ClinicAppointmentSolution\\ClinicDoctorBLUnitTest\\bin\\Debug\\net6.0\\fine-code-coverage\\build-output\\ClinicDoctorBLUnitTest.dll","CodeFilePath":null,"LineNumber":0,"Properties":[{"Key":{"Id":"NUnit.Seed","Label":"Seed","Category":"","Description":"","Attributes":0,"ValueType":"System.String"},"Value":"1572834926"}]},"Attachments":[],"Outcome":1,"ErrorMessage":null,"ErrorStackTrace":null,"DisplayName":"AddDoctorExceptionTest","Messages":[],"ComputerName":"DESKTOP-92EC60F","Duration":"00:00:00.0021090","StartTime":"2024-04-23T14:54:07.7867003+00:00","EndTime":"2024-04-23T14:54:07.7888089+00:00","Properties":[{"Key":{"Id":"NUnit.Seed","Label":"Seed","Category":"","Description":"","Attributes":0,"ValueType":"System.String"},"Value":"1572834926"}]},{"TestCase":{"Id":"980bcb8b-73b1-fa28-e124-cdc1759f79b6","FullyQualifiedName":"ClinicDoctorBLUnitTest.DoctorBLTest.AddDoctorSuccessTest","DisplayName":"AddDoctorSuccessTest","ExecutorUri":"executor://NUnit3TestExecutor","Source":"C:\\Users\\VC\\source\\repos\\Day7\\ClinicAppointmentSolution\\ClinicDoctorBLUnitTest\\bin\\Debug\\net6.0\\fine-code-coverage\\build-output\\ClinicDoctorBLUnitTest.dll","CodeFilePath":null,"LineNumber":0,"Properties":[{"Key":{"Id":"NUnit.Seed","Label":"Seed","Category":"","Description":"","Attributes":0,"ValueType":"System.String"},"Value":"927448727"}]},"Attachments":[],"Outcome":1,"ErrorMessage":null,"ErrorStackTrace":null,"DisplayName":"AddDoctorSuccessTest","Messages":[],"ComputerName":"DESKTOP-92EC60F","Duration":"00:00:00.0002130","StartTime":"2024-04-23T14:54:07.7888266+00:00","EndTime":"2024-04-23T14:54:07.789039+00:00","Properties":[{"Key":{"Id":"NUnit.Seed","Label":"Seed","Category":"","Description":"","Attributes":0,"ValueType":"System.String"},"Value":"927448727"}]},{"TestCase":{"Id":"e25e4509-1773-829f-17bf-0fd470d05161","FullyQualifiedName":"ClinicDoctorBLUnitTest.DoctorBLTest.ChangeDoctorByNameExceptionTest","DisplayName":"ChangeDoctorByNameExceptionTest","ExecutorUri":"executor://NUnit3TestExecutor","Source":"C:\\Users\\VC\\source\\repos\\Day7\\ClinicAppointmentSolution\\ClinicDoctorBLUnitTest\\bin\\Debug\\net6.0\\fine-code-coverage\\build-output\\ClinicDoctorBLUnitTest.dll","CodeFilePath":null,"LineNumber":0,"Properties":[{"Key":{"Id":"NUnit.Seed","Label":"Seed","Category":"","Description":"","Attributes":0,"ValueType":"System.String"},"Value":"207087553"}]},"Attachments":[],"Outcome":1,"ErrorMessage":null,"ErrorStackTrace":null,"DisplayName":"ChangeDoctorByNameExceptionTest","Messages":[],"ComputerName":"DESKTOP-92EC60F","Duration":"00:00:00.0009800","StartTime":"2024-04-23T14:54:07.7890486+00:00","EndTime":"2024-04-23T14:54:07.7900284+00:00","Properties":[{"Key":{"Id":"NUnit.Seed","Label":"Seed","Category":"","Description":"","Attributes":0,"ValueType":"System.String"},"Value":"207087553"}]},{"TestCase":{"Id":"209a4afb-29db-f66c-843b-5463ab8830b9","FullyQualifiedName":"ClinicDoctorBLUnitTest.DoctorBLTest.ChangeDoctorNameSucccessTest","DisplayName":"ChangeDoctorNameSucccessTest","ExecutorUri":"executor://NUnit3TestExecutor","Source":"C:\\Users\\VC\\source\\repos\\Day7\\ClinicAppointmentSolution\\ClinicDoctorBLUnitTest\\bin\\Debug\\net6.0\\fine-code-coverage\\build-output\\ClinicDoctorBLUnitTest.dll","CodeFilePath":null,"LineNumber":0,"Properties":[{"Key":{"Id":"NUnit.Seed","Label":"Seed","Category":"","Description":"","Attributes":0,"ValueType":"System.String"},"Value":"1637982366"}]},"Attachments":[],"Outcome":1,"ErrorMessage":null,"ErrorStackTrace":null,"DisplayName":"ChangeDoctorNameSucccessTest","Messages":[],"ComputerName":"DESKTOP-92EC60F","Duration":"00:00:00.0003040","StartTime":"2024-04-23T14:54:07.7900435+00:00","EndTime":"2024-04-23T14:54:07.7903476+00:00","Properties":[{"Key":{"Id":"NUnit.Seed","Label":"Seed","Category":"","Description":"","Attributes":0,"ValueType":"System.String"},"Value":"1637982366"}]},{"TestCase":{"Id":"8516745d-d2b4-ee56-c053-34aa8e43df6b","FullyQualifiedName":"ClinicDoctorBLUnitTest.DoctorBLTest.DeleteDoctorExceptionTest","DisplayName":"DeleteDoctorExceptionTest","ExecutorUri":"executor://NUnit3TestExecutor","Source":"C:\\Users\\VC\\source\\repos\\Day7\\ClinicAppointmentSolution\\ClinicDoctorBLUnitTest\\bin\\Debug\\net6.0\\fine-code-coverage\\build-output\\ClinicDoctorBLUnitTest.dll","CodeFilePath":null,"LineNumber":0,"Properties":[{"Key":{"Id":"NUnit.Seed","Label":"Seed","Category":"","Description":"","Attributes":0,"ValueType":"System.String"},"Value":"421286173"}]},"Attachments":[],"Outcome":1,"ErrorMessage":null,"ErrorStackTrace":null,"DisplayName":"DeleteDoctorExceptionTest","Messages":[],"ComputerName":"DESKTOP-92EC60F","Duration":"00:00:00.0005650","StartTime":"2024-04-23T14:54:07.7903587+00:00","EndTime":"2024-04-23T14:54:07.7909234+00:00","Properties":[{"Key":{"Id":"NUnit.Seed","Label":"Seed","Category":"","Description":"","Attributes":0,"ValueType":"System.String"},"Value":"421286173"}]},{"TestCase":{"Id":"0ba9021d-a62d-468d-bda2-a6ecd05132c7","FullyQualifiedName":"ClinicDoctorBLUnitTest.DoctorBLTest.DeleteDoctorSuccessTest","DisplayName":"DeleteDoctorSuccessTest","ExecutorUri":"executor://NUnit3TestExecutor","Source":"C:\\Users\\VC\\source\\repos\\Day7\\ClinicAppointmentSolution\\ClinicDoctorBLUnitTest\\bin\\Debug\\net6.0\\fine-code-coverage\\build-output\\ClinicDoctorBLUnitTest.dll","CodeFilePath":null,"LineNumber":0,"Properties":[{"Key":{"Id":"NUnit.Seed","Label":"Seed","Category":"","Description":"","Attributes":0,"ValueType":"System.String"},"Value":"202883551"}]},"Attachments":[],"Outcome":1,"ErrorMessage":null,"ErrorStackTrace":null,"DisplayName":"DeleteDoctorSuccessTest","Messages":[],"ComputerName":"DESKTOP-92EC60F","Duration":"00:00:00.0001580","StartTime":"2024-04-23T14:54:07.790939+00:00","EndTime":"2024-04-23T14:54:07.7910972+00:00","Properties":[{"Key":{"Id":"NUnit.Seed","Label":"Seed","Category":"","Description":"","Attributes":0,"ValueType":"System.String"},"Value":"202883551"}]},{"TestCase":{"Id":"31b86100-670b-bfe3-52ce-507a561338df","FullyQualifiedName":"ClinicDoctorBLUnitTest.DoctorBLTest.GetAllDoctorsExceptionTest","DisplayName":"GetAllDoctorsExceptionTest","ExecutorUri":"executor://NUnit3TestExecutor","Source":"C:\\Users\\VC\\source\\repos\\Day7\\ClinicAppointmentSolution\\ClinicDoctorBLUnitTest\\bin\\Debug\\net6.0\\fine-code-coverage\\build-output\\ClinicDoctorBLUnitTest.dll","CodeFilePath":null,"LineNumber":0,"Properties":[{"Key":{"Id":"NUnit.Seed","Label":"Seed","Category":"","Description":"","Attributes":0,"ValueType":"System.String"},"Value":"1338645172"}]},"Attachments":[],"Outcome":1,"ErrorMessage":null,"ErrorStackTrace":null,"DisplayName":"GetAllDoctorsExceptionTest","Messages":[],"ComputerName":"DESKTOP-92EC60F","Duration":"00:00:00.0006940","StartTime":"2024-04-23T14:54:07.7911068+00:00","EndTime":"2024-04-23T14:54:07.7918008+00:00","Properties":[{"Key":{"Id":"NUnit.Seed","Label":"Seed","Category":"","Description":"","Attributes":0,"ValueType":"System.String"},"Value":"1338645172"}]},{"TestCase":{"Id":"84ebd860-dcc3-f6ec-02c1-ba6c1e5e1dd5","FullyQualifiedName":"ClinicDoctorBLUnitTest.DoctorBLTest.GetAllDoctorsSuccessTest","DisplayName":"GetAllDoctorsSuccessTest","ExecutorUri":"executor://NUnit3TestExecutor","Source":"C:\\Users\\VC\\source\\repos\\Day7\\ClinicAppointmentSolution\\ClinicDoctorBLUnitTest\\bin\\Debug\\net6.0\\fine-code-coverage\\build-output\\ClinicDoctorBLUnitTest.dll","CodeFilePath":null,"LineNumber":0,"Properties":[{"Key":{"Id":"NUnit.Seed","Label":"Seed","Category":"","Description":"","Attributes":0,"ValueType":"System.String"},"Value":"1504241040"}]},"Attachments":[],"Outcome":1,"ErrorMessage":null,"ErrorStackTrace":null,"DisplayName":"GetAllDoctorsSuccessTest","Messages":[],"ComputerName":"DESKTOP-92EC60F","Duration":"00:00:00.0001240","StartTime":"2024-04-23T14:54:07.7918114+00:00","EndTime":"2024-04-23T14:54:07.7919351+00:00","Properties":[{"Key":{"Id":"NUnit.Seed","Label":"Seed","Category":"","Description":"","Attributes":0,"ValueType":"System.String"},"Value":"1504241040"}]},{"TestCase":{"Id":"a14e5911-a3fb-34b7-2218-280493a1515e","FullyQualifiedName":"ClinicDoctorBLUnitTest.DoctorBLTest.GetAvailableDoctorsExceptionTest","DisplayName":"GetAvailableDoctorsExceptionTest","ExecutorUri":"executor://NUnit3TestExecutor","Source":"C:\\Users\\VC\\source\\repos\\Day7\\ClinicAppointmentSolution\\ClinicDoctorBLUnitTest\\bin\\Debug\\net6.0\\fine-code-coverage\\build-output\\ClinicDoctorBLUnitTest.dll","CodeFilePath":null,"LineNumber":0,"Properties":[{"Key":{"Id":"NUnit.Seed","Label":"Seed","Category":"","Description":"","Attributes":0,"ValueType":"System.String"},"Value":"1721240477"}]},"Attachments":[],"Outcome":1,"ErrorMessage":null,"ErrorStackTrace":null,"DisplayName":"GetAvailableDoctorsExceptionTest","Messages":[],"ComputerName":"DESKTOP-92EC60F","Duration":"00:00:00.0007480","StartTime":"2024-04-23T14:54:07.7919443+00:00","EndTime":"2024-04-23T14:54:07.7926924+00:00","Properties":[{"Key":{"Id":"NUnit.Seed","Label":"Seed","Category":"","Description":"","Attributes":0,"ValueType":"System.String"},"Value":"1721240477"}]}],"TestRunStatistics":{"ExecutedTests":27,"Stats":{"Passed":27}},"ActiveTests":[{"Id":"5bb3a1c9-d46c-a92d-2104-4982c6bdb323","FullyQualifiedName":"ClinicDoctorBLUnitTest.DoctorBLTest.GetAvailableDoctorsSuccessTest","DisplayName":"GetAvailableDoctorsSuccessTest","ExecutorUri":"executor://NUnit3TestExecutor","Source":"C:\\Users\\VC\\source\\repos\\Day7\\ClinicAppointmentSolution\\ClinicDoctorBLUnitTest\\bin\\Debug\\net6.0\\fine-code-coverage\\build-output\\ClinicDoctorBLUnitTest.dll","CodeFilePath":null,"LineNumber":0,"Properties":[{"Key":{"Id":"NUnit.Seed","Label":"Seed","Category":"","Description":"","Attributes":0,"ValueType":"System.String"},"Value":"2012449175"}]}]}}
TpTrace Verbose: 0 : 7372, 8, 2024/04/23, 20:24:07.926, 13193184668530, vstest.console.dll, TestRunRequest:SendTestRunStatsChange: Starting.
TpTrace Verbose: 0 : 7372, 8, 2024/04/23, 20:24:07.926, 13193184669312, vstest.console.dll, InProgress is GetAvailableDoctorsSuccessTest
TpTrace Verbose: 0 : 7372, 8, 2024/04/23, 20:24:07.926, 13193184670169, vstest.console.dll, MulticastDelegateUtilities.SafeInvoke: TestRun.RunStatsChanged: Invoking callbacks was skipped because there are no subscribers.
TpTrace Information: 0 : 7372, 8, 2024/04/23, 20:24:07.926, 13193184670581, vstest.console.dll, TestRunRequest:SendTestRunStatsChange: Completed.
TpTrace Verbose: 0 : 7372, 8, 2024/04/23, 20:24:07.926, 13193184670968, vstest.console.dll, MulticastDelegateUtilities.SafeInvoke: LengthPrefixCommunicationChannel: MessageReceived: Invoking callback 1/1 for Microsoft.VisualStudio.TestPlatform.CommunicationUtilities.TestRequestSender+<>c__DisplayClass34_0., took 1 ms.
TpTrace Verbose: 0 : 7372, 5, 2024/04/23, 20:24:07.926, 13193184670971, vstest.console.dll, MulticastDelegateUtilities.SafeInvoke: InternalTestLoggerEvents.SendTestResult: Invoking callback 1/1 for Microsoft.VisualStudio.TestPlatform.CommandLine.Internal.ConsoleLogger., took 0 ms.
TpTrace Verbose: 0 : 7372, 8, 2024/04/23, 20:24:07.926, 13193184671481, vstest.console.dll, TcpClientExtensions.MessageLoopAsync: Polling on remoteEndPoint: 127.0.0.1:54227 localEndPoint: 127.0.0.1:54226 after 17 ms
TpTrace Verbose: 0 : 7372, 5, 2024/04/23, 20:24:07.928, 13193184690653, vstest.console.dll, MulticastDelegateUtilities.SafeInvoke: InternalTestLoggerEvents.SendTestResult: Invoking callback 1/1 for Microsoft.VisualStudio.TestPlatform.CommandLine.Internal.ConsoleLogger., took 1 ms.
TpTrace Verbose: 0 : 7372, 5, 2024/04/23, 20:24:07.928, 13193184692094, vstest.console.dll, MulticastDelegateUtilities.SafeInvoke: InternalTestLoggerEvents.SendTestResult: Invoking callback 1/1 for Microsoft.VisualStudio.TestPlatform.CommandLine.Internal.ConsoleLogger., took 0 ms.
TpTrace Verbose: 0 : 7372, 5, 2024/04/23, 20:24:07.928, 13193184692799, vstest.console.dll, MulticastDelegateUtilities.SafeInvoke: InternalTestLoggerEvents.SendTestResult: Invoking callback 1/1 for Microsoft.VisualStudio.TestPlatform.CommandLine.Internal.ConsoleLogger., took 0 ms.
TpTrace Verbose: 0 : 7372, 5, 2024/04/23, 20:24:07.928, 13193184693339, vstest.console.dll, MulticastDelegateUtilities.SafeInvoke: InternalTestLoggerEvents.SendTestResult: Invoking callback 1/1 for Microsoft.VisualStudio.TestPlatform.CommandLine.Internal.ConsoleLogger., took 0 ms.
TpTrace Verbose: 0 : 7372, 5, 2024/04/23, 20:24:07.928, 13193184693960, vstest.console.dll, MulticastDelegateUtilities.SafeInvoke: InternalTestLoggerEvents.SendTestResult: Invoking callback 1/1 for Microsoft.VisualStudio.TestPlatform.CommandLine.Internal.ConsoleLogger., took 0 ms.
TpTrace Verbose: 0 : 7372, 5, 2024/04/23, 20:24:07.928, 13193184694507, vstest.console.dll, MulticastDelegateUtilities.SafeInvoke: InternalTestLoggerEvents.SendTestResult: Invoking callback 1/1 for Microsoft.VisualStudio.TestPlatform.CommandLine.Internal.ConsoleLogger., took 0 ms.
TpTrace Verbose: 0 : 7372, 5, 2024/04/23, 20:24:07.928, 13193184695191, vstest.console.dll, MulticastDelegateUtilities.SafeInvoke: InternalTestLoggerEvents.SendTestResult: Invoking callback 1/1 for Microsoft.VisualStudio.TestPlatform.CommandLine.Internal.ConsoleLogger., took 0 ms.
TpTrace Verbose: 0 : 7372, 5, 2024/04/23, 20:24:07.929, 13193184695860, vstest.console.dll, MulticastDelegateUtilities.SafeInvoke: InternalTestLoggerEvents.SendTestResult: Invoking callback 1/1 for Microsoft.VisualStudio.TestPlatform.CommandLine.Internal.ConsoleLogger., took 0 ms.
TpTrace Verbose: 0 : 7372, 8, 2024/04/23, 20:24:07.942, 13193184833478, vstest.console.dll, TcpClientExtensions.MessageLoopAsync: NotifyDataAvailable remoteEndPoint: 127.0.0.1:54227 localEndPoint: 127.0.0.1:54226
TpTrace Verbose: 0 : 7372, 8, 2024/04/23, 20:24:07.943, 13193184836177, vstest.console.dll, TestRequestSender.OnExecutionMessageReceived: Received message: {"Version":7,"MessageType":"TestExecution.StatsChange","Payload":{"NewTestResults":[{"TestCase":{"Id":"5bb3a1c9-d46c-a92d-2104-4982c6bdb323","FullyQualifiedName":"ClinicDoctorBLUnitTest.DoctorBLTest.GetAvailableDoctorsSuccessTest","DisplayName":"GetAvailableDoctorsSuccessTest","ExecutorUri":"executor://NUnit3TestExecutor","Source":"C:\\Users\\VC\\source\\repos\\Day7\\ClinicAppointmentSolution\\ClinicDoctorBLUnitTest\\bin\\Debug\\net6.0\\fine-code-coverage\\build-output\\ClinicDoctorBLUnitTest.dll","CodeFilePath":null,"LineNumber":0,"Properties":[{"Key":{"Id":"NUnit.Seed","Label":"Seed","Category":"","Description":"","Attributes":0,"ValueType":"System.String"},"Value":"2012449175"}]},"Attachments":[],"Outcome":1,"ErrorMessage":null,"ErrorStackTrace":null,"DisplayName":"GetAvailableDoctorsSuccessTest","Messages":[],"ComputerName":"DESKTOP-92EC60F","Duration":"00:00:00.0005660","StartTime":"2024-04-23T14:54:07.792705+00:00","EndTime":"2024-04-23T14:54:07.7932709+00:00","Properties":[{"Key":{"Id":"NUnit.Seed","Label":"Seed","Category":"","Description":"","Attributes":0,"ValueType":"System.String"},"Value":"2012449175"}]},{"TestCase":{"Id":"164348a8-619f-4a1b-ee22-51fa98d575aa","FullyQualifiedName":"ClinicDoctorBLUnitTest.DoctorBLTest.GetDoctorAvailalityByIDExceptionTest(104)","DisplayName":"GetDoctorAvailalityByIDExceptionTest(104)","ExecutorUri":"executor://NUnit3TestExecutor","Source":"C:\\Users\\VC\\source\\repos\\Day7\\ClinicAppointmentSolution\\ClinicDoctorBLUnitTest\\bin\\Debug\\net6.0\\fine-code-coverage\\build-output\\ClinicDoctorBLUnitTest.dll","CodeFilePath":null,"LineNumber":0,"Properties":[{"Key":{"Id":"NUnit.Seed","Label":"Seed","Category":"","Description":"","Attributes":0,"ValueType":"System.String"},"Value":"833517810"}]},"Attachments":[],"Outcome":1,"ErrorMessage":null,"ErrorStackTrace":null,"DisplayName":"GetDoctorAvailalityByIDExceptionTest(104)","Messages":[],"ComputerName":"DESKTOP-92EC60F","Duration":"00:00:00.0008790","StartTime":"2024-04-23T14:54:07.7933183+00:00","EndTime":"2024-04-23T14:54:07.794197+00:00","Properties":[{"Key":{"Id":"NUnit.Seed","Label":"Seed","Category":"","Description":"","Attributes":0,"ValueType":"System.String"},"Value":"833517810"}]},{"TestCase":{"Id":"3cd2524d-d559-adca-ac9b-08bf7943097a","FullyQualifiedName":"ClinicDoctorBLUnitTest.DoctorBLTest.GetDoctorAvailalityByIDExceptionTest(101)","DisplayName":"GetDoctorAvailalityByIDExceptionTest(101)","ExecutorUri":"executor://NUnit3TestExecutor","Source":"C:\\Users\\VC\\source\\repos\\Day7\\ClinicAppointmentSolution\\ClinicDoctorBLUnitTest\\bin\\Debug\\net6.0\\fine-code-coverage\\build-output\\ClinicDoctorBLUnitTest.dll","CodeFilePath":null,"LineNumber":0,"Properties":[{"Key":{"Id":"NUnit.Seed","Label":"Seed","Category":"","Description":"","Attributes":0,"ValueType":"System.String"},"Value":"1685455658"}]},"Attachments":[],"Outcome":1,"ErrorMessage":null,"ErrorStackTrace":null,"DisplayName":"GetDoctorAvailalityByIDExceptionTest(101)","Messages":[],"ComputerName":"DESKTOP-92EC60F","Duration":"00:00:00.0000820","StartTime":"2024-04-23T14:54:07.7942112+00:00","EndTime":"2024-04-23T14:54:07.794293+00:00","Properties":[{"Key":{"Id":"NUnit.Seed","Label":"Seed","Category":"","Description":"","Attributes":0,"ValueType":"System.String"},"Value":"1685455658"}]},{"TestCase":{"Id":"323f60ee-c9b8-63d9-b265-1b0f893950f8","FullyQualifiedName":"ClinicDoctorBLUnitTest.DoctorBLTest.GetDoctorAvailalityByIDFailureTest","DisplayName":"GetDoctorAvailalityByIDFailureTest","ExecutorUri":"executor://NUnit3TestExecutor","Source":"C:\\Users\\VC\\source\\repos\\Day7\\ClinicAppointmentSolution\\ClinicDoctorBLUnitTest\\bin\\Debug\\net6.0\\fine-code-coverage\\build-output\\ClinicDoctorBLUnitTest.dll","CodeFilePath":null,"LineNumber":0,"Properties":[{"Key":{"Id":"NUnit.Seed","Label":"Seed","Category":"","Description":"","Attributes":0,"ValueType":"System.String"},"Value":"1855859028"}]},"Attachments":[],"Outcome":1,"ErrorMessage":null,"ErrorStackTrace":null,"DisplayName":"GetDoctorAvailalityByIDFailureTest","Messages":[],"ComputerName":"DESKTOP-92EC60F","Duration":"00:00:00.0002680","StartTime":"2024-04-23T14:54:07.7943121+00:00","EndTime":"2024-04-23T14:54:07.7945798+00:00","Properties":[{"Key":{"Id":"NUnit.Seed","Label":"Seed","Category":"","Description":"","Attributes":0,"ValueType":"System.String"},"Value":"1855859028"}]},{"TestCase":{"Id":"3d3c8a2f-a4e7-3d26-c75c-2534562296a3","FullyQualifiedName":"ClinicDoctorBLUnitTest.DoctorBLTest.GetDoctorAvailalityByIDSuccessTest(100)","DisplayName":"GetDoctorAvailalityByIDSuccessTest(100)","ExecutorUri":"executor://NUnit3TestExecutor","Source":"C:\\Users\\VC\\source\\repos\\Day7\\ClinicAppointmentSolution\\ClinicDoctorBLUnitTest\\bin\\Debug\\net6.0\\fine-code-coverage\\build-output\\ClinicDoctorBLUnitTest.dll","CodeFilePath":null,"LineNumber":0,"Properties":[{"Key":{"Id":"NUnit.Seed","Label":"Seed","Category":"","Description":"","Attributes":0,"ValueType":"System.String"},"Value":"591816065"}]},"Attachments":[],"Outcome":1,"ErrorMessage":null,"ErrorStackTrace":null,"DisplayName":"GetDoctorAvailalityByIDSuccessTest(100)","Messages":[],"ComputerName":"DESKTOP-92EC60F","Duration":"00:00:00.0000989","StartTime":"2024-04-23T14:54:07.7946023+00:00","EndTime":"2024-04-23T14:54:07.7947015+00:00","Properties":[{"Key":{"Id":"NUnit.Seed","Label":"Seed","Category":"","Description":"","Attributes":0,"ValueType":"System.String"},"Value":"591816065"}]},{"TestCase":{"Id":"13819c85-a22c-6bc0-fbcb-5a5043ba5e67","FullyQualifiedName":"ClinicDoctorBLUnitTest.DoctorBLTest.GetDoctorByIDExceptionTest","DisplayName":"GetDoctorByIDExceptionTest","ExecutorUri":"executor://NUnit3TestExecutor","Source":"C:\\Users\\VC\\source\\repos\\Day7\\ClinicAppointmentSolution\\ClinicDoctorBLUnitTest\\bin\\Debug\\net6.0\\fine-code-coverage\\build-output\\ClinicDoctorBLUnitTest.dll","CodeFilePath":null,"LineNumber":0,"Properties":[{"Key":{"Id":"NUnit.Seed","Label":"Seed","Category":"","Description":"","Attributes":0,"ValueType":"System.String"},"Value":"873488079"}]},"Attachments":[],"Outcome":1,"ErrorMessage":null,"ErrorStackTrace":null,"DisplayName":"GetDoctorByIDExceptionTest","Messages":[],"ComputerName":"DESKTOP-92EC60F","Duration":"00:00:00.0002150","StartTime":"2024-04-23T14:54:07.7947165+00:00","EndTime":"2024-04-23T14:54:07.794931+00:00","Properties":[{"Key":{"Id":"NUnit.Seed","Label":"Seed","Category":"","Description":"","Attributes":0,"ValueType":"System.String"},"Value":"873488079"}]},{"TestCase":{"Id":"6df3e128-1cfb-121f-d3a2-e92cebc7ff8a","FullyQualifiedName":"ClinicDoctorBLUnitTest.DoctorBLTest.GetDoctorByIDSuccessTest","DisplayName":"GetDoctorByIDSuccessTest","ExecutorUri":"executor://NUnit3TestExecutor","Source":"C:\\Users\\VC\\source\\repos\\Day7\\ClinicAppointmentSolution\\ClinicDoctorBLUnitTest\\bin\\Debug\\net6.0\\fine-code-coverage\\build-output\\ClinicDoctorBLUnitTest.dll","CodeFilePath":null,"LineNumber":0,"Properties":[{"Key":{"Id":"NUnit.Seed","Label":"Seed","Category":"","Description":"","Attributes":0,"ValueType":"System.String"},"Value":"1862611041"}]},"Attachments":[],"Outcome":1,"ErrorMessage":null,"ErrorStackTrace":null,"DisplayName":"GetDoctorByIDSuccessTest","Messages":[],"ComputerName":"DESKTOP-92EC60F","Duration":"00:00:00.0001070","StartTime":"2024-04-23T14:54:07.7949387+00:00","EndTime":"2024-04-23T14:54:07.795046+00:00","Properties":[{"Key":{"Id":"NUnit.Seed","Label":"Seed","Category":"","Description":"","Attributes":0,"ValueType":"System.String"},"Value":"1862611041"}]},{"TestCase":{"Id":"711d921a-f803-933e-5b51-b66927aaf118","FullyQualifiedName":"ClinicDoctorBLUnitTest.DoctorBLTest.GetDoctorByNameExceptionTest","DisplayName":"GetDoctorByNameExceptionTest","ExecutorUri":"executor://NUnit3TestExecutor","Source":"C:\\Users\\VC\\source\\repos\\Day7\\ClinicAppointmentSolution\\ClinicDoctorBLUnitTest\\bin\\Debug\\net6.0\\fine-code-coverage\\build-output\\ClinicDoctorBLUnitTest.dll","CodeFilePath":null,"LineNumber":0,"Properties":[{"Key":{"Id":"NUnit.Seed","Label":"Seed","Category":"","Description":"","Attributes":0,"ValueType":"System.String"},"Value":"670197860"}]},"Attachments":[],"Outcome":1,"ErrorMessage":null,"ErrorStackTrace":null,"DisplayName":"GetDoctorByNameExceptionTest","Messages":[],"ComputerName":"DESKTOP-92EC60F","Duration":"00:00:00.0003379","StartTime":"2024-04-23T14:54:07.7950536+00:00","EndTime":"2024-04-23T14:54:07.7953918+00:00","Properties":[{"Key":{"Id":"NUnit.Seed","Label":"Seed","Category":"","Description":"","Attributes":0,"ValueType":"System.String"},"Value":"670197860"}]},{"TestCase":{"Id":"307b36ef-7476-2219-eed3-5be76fc91517","FullyQualifiedName":"ClinicDoctorBLUnitTest.DoctorBLTest.GetDoctorByNameSuccessTest","DisplayName":"GetDoctorByNameSuccessTest","ExecutorUri":"executor://NUnit3TestExecutor","Source":"C:\\Users\\VC\\source\\repos\\Day7\\ClinicAppointmentSolution\\ClinicDoctorBLUnitTest\\bin\\Debug\\net6.0\\fine-code-coverage\\build-output\\ClinicDoctorBLUnitTest.dll","CodeFilePath":null,"LineNumber":0,"Properties":[{"Key":{"Id":"NUnit.Seed","Label":"Seed","Category":"","Description":"","Attributes":0,"ValueType":"System.String"},"Value":"1761079076"}]},"Attachments":[],"Outcome":1,"ErrorMessage":null,"ErrorStackTrace":null,"DisplayName":"GetDoctorByNameSuccessTest","Messages":[],"ComputerName":"DESKTOP-92EC60F","Duration":"00:00:00.0001570","StartTime":"2024-04-23T14:54:07.7954001+00:00","EndTime":"2024-04-23T14:54:07.7955575+00:00","Properties":[{"Key":{"Id":"NUnit.Seed","Label":"Seed","Category":"","Description":"","Attributes":0,"ValueType":"System.String"},"Value":"1761079076"}]}],"TestRunStatistics":{"ExecutedTests":36,"Stats":{"Passed":36}},"ActiveTests":[{"Id":"d27fb28e-3e8e-9c5d-9819-0df3af16ac33","FullyQualifiedName":"ClinicDoctorBLUnitTest.DoctorBLTest.GetDoctorBySpecializationExceptionTest","DisplayName":"GetDoctorBySpecializationExceptionTest","ExecutorUri":"executor://NUnit3TestExecutor","Source":"C:\\Users\\VC\\source\\repos\\Day7\\ClinicAppointmentSolution\\ClinicDoctorBLUnitTest\\bin\\Debug\\net6.0\\fine-code-coverage\\build-output\\ClinicDoctorBLUnitTest.dll","CodeFilePath":null,"LineNumber":0,"Properties":[{"Key":{"Id":"NUnit.Seed","Label":"Seed","Category":"","Description":"","Attributes":0,"ValueType":"System.String"},"Value":"1144145736"}]}]}}
TpTrace Verbose: 0 : 7372, 8, 2024/04/23, 20:24:07.944, 13193184848237, vstest.console.dll, TestRunRequest:SendTestRunStatsChange: Starting.
TpTrace Verbose: 0 : 7372, 8, 2024/04/23, 20:24:07.944, 13193184848827, vstest.console.dll, InProgress is GetDoctorBySpecializationExceptionTest
TpTrace Verbose: 0 : 7372, 8, 2024/04/23, 20:24:07.944, 13193184849270, vstest.console.dll, MulticastDelegateUtilities.SafeInvoke: TestRun.RunStatsChanged: Invoking callbacks was skipped because there are no subscribers.
TpTrace Information: 0 : 7372, 8, 2024/04/23, 20:24:07.944, 13193184849561, vstest.console.dll, TestRunRequest:SendTestRunStatsChange: Completed.
TpTrace Verbose: 0 : 7372, 8, 2024/04/23, 20:24:07.944, 13193184849890, vstest.console.dll, MulticastDelegateUtilities.SafeInvoke: LengthPrefixCommunicationChannel: MessageReceived: Invoking callback 1/1 for Microsoft.VisualStudio.TestPlatform.CommunicationUtilities.TestRequestSender+<>c__DisplayClass34_0., took 1 ms.
TpTrace Verbose: 0 : 7372, 5, 2024/04/23, 20:24:07.944, 13193184849897, vstest.console.dll, MulticastDelegateUtilities.SafeInvoke: InternalTestLoggerEvents.SendTestResult: Invoking callback 1/1 for Microsoft.VisualStudio.TestPlatform.CommandLine.Internal.ConsoleLogger., took 0 ms.
TpTrace Verbose: 0 : 7372, 8, 2024/04/23, 20:24:07.944, 13193184850359, vstest.console.dll, TcpClientExtensions.MessageLoopAsync: Polling on remoteEndPoint: 127.0.0.1:54227 localEndPoint: 127.0.0.1:54226 after 17 ms
TpTrace Verbose: 0 : 7372, 5, 2024/04/23, 20:24:07.944, 13193184851237, vstest.console.dll, MulticastDelegateUtilities.SafeInvoke: InternalTestLoggerEvents.SendTestResult: Invoking callback 1/1 for Microsoft.VisualStudio.TestPlatform.CommandLine.Internal.ConsoleLogger., took 0 ms.
TpTrace Verbose: 0 : 7372, 5, 2024/04/23, 20:24:07.944, 13193184851704, vstest.console.dll, MulticastDelegateUtilities.SafeInvoke: InternalTestLoggerEvents.SendTestResult: Invoking callback 1/1 for Microsoft.VisualStudio.TestPlatform.CommandLine.Internal.ConsoleLogger., took 0 ms.
TpTrace Verbose: 0 : 7372, 5, 2024/04/23, 20:24:07.944, 13193184851988, vstest.console.dll, MulticastDelegateUtilities.SafeInvoke: InternalTestLoggerEvents.SendTestResult: Invoking callback 1/1 for Microsoft.VisualStudio.TestPlatform.CommandLine.Internal.ConsoleLogger., took 0 ms.
TpTrace Verbose: 0 : 7372, 5, 2024/04/23, 20:24:07.944, 13193184852266, vstest.console.dll, MulticastDelegateUtilities.SafeInvoke: InternalTestLoggerEvents.SendTestResult: Invoking callback 1/1 for Microsoft.VisualStudio.TestPlatform.CommandLine.Internal.ConsoleLogger., took 0 ms.
TpTrace Verbose: 0 : 7372, 5, 2024/04/23, 20:24:07.944, 13193184852547, vstest.console.dll, MulticastDelegateUtilities.SafeInvoke: InternalTestLoggerEvents.SendTestResult: Invoking callback 1/1 for Microsoft.VisualStudio.TestPlatform.CommandLine.Internal.ConsoleLogger., took 0 ms.
TpTrace Verbose: 0 : 7372, 5, 2024/04/23, 20:24:07.944, 13193184852811, vstest.console.dll, MulticastDelegateUtilities.SafeInvoke: InternalTestLoggerEvents.SendTestResult: Invoking callback 1/1 for Microsoft.VisualStudio.TestPlatform.CommandLine.Internal.ConsoleLogger., took 0 ms.
TpTrace Verbose: 0 : 7372, 5, 2024/04/23, 20:24:07.944, 13193184853100, vstest.console.dll, MulticastDelegateUtilities.SafeInvoke: InternalTestLoggerEvents.SendTestResult: Invoking callback 1/1 for Microsoft.VisualStudio.TestPlatform.CommandLine.Internal.ConsoleLogger., took 0 ms.
TpTrace Verbose: 0 : 7372, 5, 2024/04/23, 20:24:07.944, 13193184853420, vstest.console.dll, MulticastDelegateUtilities.SafeInvoke: InternalTestLoggerEvents.SendTestResult: Invoking callback 1/1 for Microsoft.VisualStudio.TestPlatform.CommandLine.Internal.ConsoleLogger., took 0 ms.
TpTrace Verbose: 0 : 7372, 8, 2024/04/23, 20:24:07.960, 13193185011711, vstest.console.dll, TcpClientExtensions.MessageLoopAsync: NotifyDataAvailable remoteEndPoint: 127.0.0.1:54227 localEndPoint: 127.0.0.1:54226
TpTrace Verbose: 0 : 7372, 8, 2024/04/23, 20:24:07.960, 13193185013948, vstest.console.dll, TestRequestSender.OnExecutionMessageReceived: Received message: {"Version":7,"MessageType":"TestExecution.StatsChange","Payload":{"NewTestResults":[{"TestCase":{"Id":"d27fb28e-3e8e-9c5d-9819-0df3af16ac33","FullyQualifiedName":"ClinicDoctorBLUnitTest.DoctorBLTest.GetDoctorBySpecializationExceptionTest","DisplayName":"GetDoctorBySpecializationExceptionTest","ExecutorUri":"executor://NUnit3TestExecutor","Source":"C:\\Users\\VC\\source\\repos\\Day7\\ClinicAppointmentSolution\\ClinicDoctorBLUnitTest\\bin\\Debug\\net6.0\\fine-code-coverage\\build-output\\ClinicDoctorBLUnitTest.dll","CodeFilePath":null,"LineNumber":0,"Properties":[{"Key":{"Id":"NUnit.Seed","Label":"Seed","Category":"","Description":"","Attributes":0,"ValueType":"System.String"},"Value":"1144145736"}]},"Attachments":[],"Outcome":1,"ErrorMessage":null,"ErrorStackTrace":null,"DisplayName":"GetDoctorBySpecializationExceptionTest","Messages":[],"ComputerName":"DESKTOP-92EC60F","Duration":"00:00:00.0003579","StartTime":"2024-04-23T14:54:07.7955651+00:00","EndTime":"2024-04-23T14:54:07.7959229+00:00","Properties":[{"Key":{"Id":"NUnit.Seed","Label":"Seed","Category":"","Description":"","Attributes":0,"ValueType":"System.String"},"Value":"1144145736"}]},{"TestCase":{"Id":"ee7897ec-228e-47bc-fc03-4bdad7734965","FullyQualifiedName":"ClinicDoctorBLUnitTest.DoctorBLTest.GetDoctorBySpecializationSuccessTest","DisplayName":"GetDoctorBySpecializationSuccessTest","ExecutorUri":"executor://NUnit3TestExecutor","Source":"C:\\Users\\VC\\source\\repos\\Day7\\ClinicAppointmentSolution\\ClinicDoctorBLUnitTest\\bin\\Debug\\net6.0\\fine-code-coverage\\build-output\\ClinicDoctorBLUnitTest.dll","CodeFilePath":null,"LineNumber":0,"Properties":[{"Key":{"Id":"NUnit.Seed","Label":"Seed","Category":"","Description":"","Attributes":0,"ValueType":"System.String"},"Value":"612515008"}]},"Attachments":[],"Outcome":1,"ErrorMessage":null,"ErrorStackTrace":null,"DisplayName":"GetDoctorBySpecializationSuccessTest","Messages":[],"ComputerName":"DESKTOP-92EC60F","Duration":"00:00:00.0000989","StartTime":"2024-04-23T14:54:07.7959313+00:00","EndTime":"2024-04-23T14:54:07.7960305+00:00","Properties":[{"Key":{"Id":"NUnit.Seed","Label":"Seed","Category":"","Description":"","Attributes":0,"ValueType":"System.String"},"Value":"612515008"}]},{"TestCase":{"Id":"1c0490e4-f7de-97be-df4d-e5788c426b4a","FullyQualifiedName":"ClinicDoctorBLUnitTest.patientBLTest.AddPatientExceptionTest","DisplayName":"AddPatientExceptionTest","ExecutorUri":"executor://NUnit3TestExecutor","Source":"C:\\Users\\VC\\source\\repos\\Day7\\ClinicAppointmentSolution\\ClinicDoctorBLUnitTest\\bin\\Debug\\net6.0\\fine-code-coverage\\build-output\\ClinicDoctorBLUnitTest.dll","CodeFilePath":null,"LineNumber":0,"Properties":[{"Key":{"Id":"NUnit.Seed","Label":"Seed","Category":"","Description":"","Attributes":0,"ValueType":"System.String"},"Value":"152666897"}]},"Attachments":[],"Outcome":1,"ErrorMessage":null,"ErrorStackTrace":null,"DisplayName":"AddPatientExceptionTest","Messages":[],"ComputerName":"DESKTOP-92EC60F","Duration":"00:00:00.0016780","StartTime":"2024-04-23T14:54:07.7961202+00:00","EndTime":"2024-04-23T14:54:07.7977979+00:00","Properties":[{"Key":{"Id":"NUnit.Seed","Label":"Seed","Category":"","Description":"","Attributes":0,"ValueType":"System.String"},"Value":"152666897"}]},{"TestCase":{"Id":"2ae36040-25f7-75d8-40ad-1914ce3b586c","FullyQualifiedName":"ClinicDoctorBLUnitTest.patientBLTest.AddPatientSuccessTest","DisplayName":"AddPatientSuccessTest","ExecutorUri":"executor://NUnit3TestExecutor","Source":"C:\\Users\\VC\\source\\repos\\Day7\\ClinicAppointmentSolution\\ClinicDoctorBLUnitTest\\bin\\Debug\\net6.0\\fine-code-coverage\\build-output\\ClinicDoctorBLUnitTest.dll","CodeFilePath":null,"LineNumber":0,"Properties":[{"Key":{"Id":"NUnit.Seed","Label":"Seed","Category":"","Description":"","Attributes":0,"ValueType":"System.String"},"Value":"1090327661"}]},"Attachments":[],"Outcome":1,"ErrorMessage":null,"ErrorStackTrace":null,"DisplayName":"AddPatientSuccessTest","Messages":[],"ComputerName":"DESKTOP-92EC60F","Duration":"00:00:00.0001830","StartTime":"2024-04-23T14:54:07.7978081+00:00","EndTime":"2024-04-23T14:54:07.7979906+00:00","Properties":[{"Key":{"Id":"NUnit.Seed","Label":"Seed","Category":"","Description":"","Attributes":0,"ValueType":"System.String"},"Value":"1090327661"}]},{"TestCase":{"Id":"b24cc1ce-b154-7788-c1e9-af8372e8c757","FullyQualifiedName":"ClinicDoctorBLUnitTest.patientBLTest.ChangePatientNameExceptionTest","DisplayName":"ChangePatientNameExceptionTest","ExecutorUri":"executor://NUnit3TestExecutor","Source":"C:\\Users\\VC\\source\\repos\\Day7\\ClinicAppointmentSolution\\ClinicDoctorBLUnitTest\\bin\\Debug\\net6.0\\fine-code-coverage\\build-output\\ClinicDoctorBLUnitTest.dll","CodeFilePath":null,"LineNumber":0,"Properties":[{"Key":{"Id":"NUnit.Seed","Label":"Seed","Category":"","Description":"","Attributes":0,"ValueType":"System.String"},"Value":"1002952396"}]},"Attachments":[],"Outcome":1,"ErrorMessage":null,"ErrorStackTrace":null,"DisplayName":"ChangePatientNameExceptionTest","Messages":[],"ComputerName":"DESKTOP-92EC60F","Duration":"00:00:00.0007480","StartTime":"2024-04-23T14:54:07.7979987+00:00","EndTime":"2024-04-23T14:54:07.7987467+00:00","Properties":[{"Key":{"Id":"NUnit.Seed","Label":"Seed","Category":"","Description":"","Attributes":0,"ValueType":"System.String"},"Value":"1002952396"}]},{"TestCase":{"Id":"00c11601-59ea-bbbb-035a-db21d426c485","FullyQualifiedName":"ClinicDoctorBLUnitTest.patientBLTest.ChangePatientNameSucccessTest","DisplayName":"ChangePatientNameSucccessTest","ExecutorUri":"executor://NUnit3TestExecutor","Source":"C:\\Users\\VC\\source\\repos\\Day7\\ClinicAppointmentSolution\\ClinicDoctorBLUnitTest\\bin\\Debug\\net6.0\\fine-code-coverage\\build-output\\ClinicDoctorBLUnitTest.dll","CodeFilePath":null,"LineNumber":0,"Properties":[{"Key":{"Id":"NUnit.Seed","Label":"Seed","Category":"","Description":"","Attributes":0,"ValueType":"System.String"},"Value":"757739810"}]},"Attachments":[],"Outcome":1,"ErrorMessage":null,"ErrorStackTrace":null,"DisplayName":"ChangePatientNameSucccessTest","Messages":[],"ComputerName":"DESKTOP-92EC60F","Duration":"00:00:00.0002090","StartTime":"2024-04-23T14:54:07.7987567+00:00","EndTime":"2024-04-23T14:54:07.7989657+00:00","Properties":[{"Key":{"Id":"NUnit.Seed","Label":"Seed","Category":"","Description":"","Attributes":0,"ValueType":"System.String"},"Value":"757739810"}]},{"TestCase":{"Id":"5dc314b2-ccb3-00a4-09dc-1c2bbe58cd0c","FullyQualifiedName":"ClinicDoctorBLUnitTest.patientBLTest.DeletePatientExceptionTest","DisplayName":"DeletePatientExceptionTest","ExecutorUri":"executor://NUnit3TestExecutor","Source":"C:\\Users\\VC\\source\\repos\\Day7\\ClinicAppointmentSolution\\ClinicDoctorBLUnitTest\\bin\\Debug\\net6.0\\fine-code-coverage\\build-output\\ClinicDoctorBLUnitTest.dll","CodeFilePath":null,"LineNumber":0,"Properties":[{"Key":{"Id":"NUnit.Seed","Label":"Seed","Category":"","Description":"","Attributes":0,"ValueType":"System.String"},"Value":"416130006"}]},"Attachments":[],"Outcome":1,"ErrorMessage":null,"ErrorStackTrace":null,"DisplayName":"DeletePatientExceptionTest","Messages":[],"ComputerName":"DESKTOP-92EC60F","Duration":"00:00:00.0003760","StartTime":"2024-04-23T14:54:07.7989737+00:00","EndTime":"2024-04-23T14:54:07.7993494+00:00","Properties":[{"Key":{"Id":"NUnit.Seed","Label":"Seed","Category":"","Description":"","Attributes":0,"ValueType":"System.String"},"Value":"416130006"}]},{"TestCase":{"Id":"60c6c01b-62fc-bf53-f084-232e5a53ae8b","FullyQualifiedName":"ClinicDoctorBLUnitTest.patientBLTest.DeletePatientSuccessTest","DisplayName":"DeletePatientSuccessTest","ExecutorUri":"executor://NUnit3TestExecutor","Source":"C:\\Users\\VC\\source\\repos\\Day7\\ClinicAppointmentSolution\\ClinicDoctorBLUnitTest\\bin\\Debug\\net6.0\\fine-code-coverage\\build-output\\ClinicDoctorBLUnitTest.dll","CodeFilePath":null,"LineNumber":0,"Properties":[{"Key":{"Id":"NUnit.Seed","Label":"Seed","Category":"","Description":"","Attributes":0,"ValueType":"System.String"},"Value":"1280769468"}]},"Attachments":[],"Outcome":1,"ErrorMessage":null,"ErrorStackTrace":null,"DisplayName":"DeletePatientSuccessTest","Messages":[],"ComputerName":"DESKTOP-92EC60F","Duration":"00:00:00.0001200","StartTime":"2024-04-23T14:54:07.7993582+00:00","EndTime":"2024-04-23T14:54:07.7994784+00:00","Properties":[{"Key":{"Id":"NUnit.Seed","Label":"Seed","Category":"","Description":"","Attributes":0,"ValueType":"System.String"},"Value":"1280769468"}]},{"TestCase":{"Id":"5a7c528f-8be4-9ae4-136e-fd4c567f6673","FullyQualifiedName":"ClinicDoctorBLUnitTest.patientBLTest.GetAllPatientExceptionTest","DisplayName":"GetAllPatientExceptionTest","ExecutorUri":"executor://NUnit3TestExecutor","Source":"C:\\Users\\VC\\source\\repos\\Day7\\ClinicAppointmentSolution\\ClinicDoctorBLUnitTest\\bin\\Debug\\net6.0\\fine-code-coverage\\build-output\\ClinicDoctorBLUnitTest.dll","CodeFilePath":null,"LineNumber":0,"Properties":[{"Key":{"Id":"NUnit.Seed","Label":"Seed","Category":"","Description":"","Attributes":0,"ValueType":"System.String"},"Value":"181976137"}]},"Attachments":[],"Outcome":1,"ErrorMessage":null,"ErrorStackTrace":null,"DisplayName":"GetAllPatientExceptionTest","Messages":[],"ComputerName":"DESKTOP-92EC60F","Duration":"00:00:00.0003020","StartTime":"2024-04-23T14:54:07.7994904+00:00","EndTime":"2024-04-23T14:54:07.7997919+00:00","Properties":[{"Key":{"Id":"NUnit.Seed","Label":"Seed","Category":"","Description":"","Attributes":0,"ValueType":"System.String"},"Value":"181976137"}]}],"TestRunStatistics":{"ExecutedTests":45,"Stats":{"Passed":45}},"ActiveTests":[{"Id":"d200caa1-46cb-40d5-5195-8aaf358dded7","FullyQualifiedName":"ClinicDoctorBLUnitTest.patientBLTest.GetAllPatientSuccessTest","DisplayName":"GetAllPatientSuccessTest","ExecutorUri":"executor://NUnit3TestExecutor","Source":"C:\\Users\\VC\\source\\repos\\Day7\\ClinicAppointmentSolution\\ClinicDoctorBLUnitTest\\bin\\Debug\\net6.0\\fine-code-coverage\\build-output\\ClinicDoctorBLUnitTest.dll","CodeFilePath":null,"LineNumber":0,"Properties":[{"Key":{"Id":"NUnit.Seed","Label":"Seed","Category":"","Description":"","Attributes":0,"ValueType":"System.String"},"Value":"879697132"}]}]}}
TpTrace Verbose: 0 : 7372, 8, 2024/04/23, 20:24:07.962, 13193185026404, vstest.console.dll, TestRunRequest:SendTestRunStatsChange: Starting.
TpTrace Verbose: 0 : 7372, 8, 2024/04/23, 20:24:07.962, 13193185026954, vstest.console.dll, InProgress is GetAllPatientSuccessTest
TpTrace Verbose: 0 : 7372, 8, 2024/04/23, 20:24:07.962, 13193185027382, vstest.console.dll, MulticastDelegateUtilities.SafeInvoke: TestRun.RunStatsChanged: Invoking callbacks was skipped because there are no subscribers.
TpTrace Information: 0 : 7372, 8, 2024/04/23, 20:24:07.962, 13193185027604, vstest.console.dll, TestRunRequest:SendTestRunStatsChange: Completed.
TpTrace Verbose: 0 : 7372, 8, 2024/04/23, 20:24:07.962, 13193185027855, vstest.console.dll, MulticastDelegateUtilities.SafeInvoke: LengthPrefixCommunicationChannel: MessageReceived: Invoking callback 1/1 for Microsoft.VisualStudio.TestPlatform.CommunicationUtilities.TestRequestSender+<>c__DisplayClass34_0., took 1 ms.
TpTrace Verbose: 0 : 7372, 8, 2024/04/23, 20:24:07.962, 13193185028203, vstest.console.dll, TcpClientExtensions.MessageLoopAsync: Polling on remoteEndPoint: 127.0.0.1:54227 localEndPoint: 127.0.0.1:54226 after 17 ms
TpTrace Verbose: 0 : 7372, 5, 2024/04/23, 20:24:07.962, 13193185028204, vstest.console.dll, MulticastDelegateUtilities.SafeInvoke: InternalTestLoggerEvents.SendTestResult: Invoking callback 1/1 for Microsoft.VisualStudio.TestPlatform.CommandLine.Internal.ConsoleLogger., took 0 ms.
TpTrace Verbose: 0 : 7372, 5, 2024/04/23, 20:24:07.962, 13193185029108, vstest.console.dll, MulticastDelegateUtilities.SafeInvoke: InternalTestLoggerEvents.SendTestResult: Invoking callback 1/1 for Microsoft.VisualStudio.TestPlatform.CommandLine.Internal.ConsoleLogger., took 0 ms.
TpTrace Verbose: 0 : 7372, 5, 2024/04/23, 20:24:07.962, 13193185029680, vstest.console.dll, MulticastDelegateUtilities.SafeInvoke: InternalTestLoggerEvents.SendTestResult: Invoking callback 1/1 for Microsoft.VisualStudio.TestPlatform.CommandLine.Internal.ConsoleLogger., took 0 ms.
TpTrace Verbose: 0 : 7372, 5, 2024/04/23, 20:24:07.962, 13193185030147, vstest.console.dll, MulticastDelegateUtilities.SafeInvoke: InternalTestLoggerEvents.SendTestResult: Invoking callback 1/1 for Microsoft.VisualStudio.TestPlatform.CommandLine.Internal.ConsoleLogger., took 0 ms.
TpTrace Verbose: 0 : 7372, 5, 2024/04/23, 20:24:07.962, 13193185030642, vstest.console.dll, MulticastDelegateUtilities.SafeInvoke: InternalTestLoggerEvents.SendTestResult: Invoking callback 1/1 for Microsoft.VisualStudio.TestPlatform.CommandLine.Internal.ConsoleLogger., took 0 ms.
TpTrace Verbose: 0 : 7372, 5, 2024/04/23, 20:24:07.962, 13193185031104, vstest.console.dll, MulticastDelegateUtilities.SafeInvoke: InternalTestLoggerEvents.SendTestResult: Invoking callback 1/1 for Microsoft.VisualStudio.TestPlatform.CommandLine.Internal.ConsoleLogger., took 0 ms.
TpTrace Verbose: 0 : 7372, 5, 2024/04/23, 20:24:07.962, 13193185031552, vstest.console.dll, MulticastDelegateUtilities.SafeInvoke: InternalTestLoggerEvents.SendTestResult: Invoking callback 1/1 for Microsoft.VisualStudio.TestPlatform.CommandLine.Internal.ConsoleLogger., took 0 ms.
TpTrace Verbose: 0 : 7372, 5, 2024/04/23, 20:24:07.962, 13193185031990, vstest.console.dll, MulticastDelegateUtilities.SafeInvoke: InternalTestLoggerEvents.SendTestResult: Invoking callback 1/1 for Microsoft.VisualStudio.TestPlatform.CommandLine.Internal.ConsoleLogger., took 0 ms.
TpTrace Verbose: 0 : 7372, 5, 2024/04/23, 20:24:07.962, 13193185032575, vstest.console.dll, MulticastDelegateUtilities.SafeInvoke: InternalTestLoggerEvents.SendTestResult: Invoking callback 1/1 for Microsoft.VisualStudio.TestPlatform.CommandLine.Internal.ConsoleLogger., took 0 ms.
TpTrace Verbose: 0 : 7372, 8, 2024/04/23, 20:24:07.989, 13193185296286, vstest.console.dll, TcpClientExtensions.MessageLoopAsync: NotifyDataAvailable remoteEndPoint: 127.0.0.1:54227 localEndPoint: 127.0.0.1:54226
TpTrace Verbose: 0 : 7372, 8, 2024/04/23, 20:24:07.989, 13193185298151, vstest.console.dll, TestRequestSender.OnExecutionMessageReceived: Received message: {"Version":7,"MessageType":"TestSession.Message","Payload":{"MessageLevel":0,"Message":"NUnit Adapter 4.4.0.0: Test execution complete"}}
TpTrace Verbose: 0 : 7372, 8, 2024/04/23, 20:24:07.989, 13193185299417, vstest.console.dll, TestRunRequest:SendTestRunMessage: Starting.
TpTrace Verbose: 0 : 7372, 8, 2024/04/23, 20:24:07.989, 13193185300056, vstest.console.dll, MulticastDelegateUtilities.SafeInvoke: TestRun.LogMessages: Invoking callback 1/1 for Microsoft.VisualStudio.TestPlatform.CommandLine.TestRunResultAggregator., took 0 ms.
TpTrace Verbose: 0 : 7372, 5, 2024/04/23, 20:24:07.989, 13193185300252, vstest.console.dll, MulticastDelegateUtilities.SafeInvoke: InternalTestLoggerEvents.SendTestRunMessage: Invoking callback 1/1 for Microsoft.VisualStudio.TestPlatform.CommandLine.Internal.ConsoleLogger., took 0 ms.
TpTrace Information: 0 : 7372, 8, 2024/04/23, 20:24:07.989, 13193185300439, vstest.console.dll, TestRunRequest:SendTestRunMessage: Completed.
TpTrace Verbose: 0 : 7372, 8, 2024/04/23, 20:24:07.989, 13193185301172, vstest.console.dll, MulticastDelegateUtilities.SafeInvoke: LengthPrefixCommunicationChannel: MessageReceived: Invoking callback 1/1 for Microsoft.VisualStudio.TestPlatform.CommunicationUtilities.TestRequestSender+<>c__DisplayClass34_0., took 0 ms.
TpTrace Verbose: 0 : 7372, 8, 2024/04/23, 20:24:07.989, 13193185301615, vstest.console.dll, TcpClientExtensions.MessageLoopAsync: Polling on remoteEndPoint: 127.0.0.1:54227 localEndPoint: 127.0.0.1:54226 after 27 ms
TpTrace Verbose: 0 : 7372, 8, 2024/04/23, 20:24:08.006, 13193185473022, vstest.console.dll, TcpClientExtensions.MessageLoopAsync: NotifyDataAvailable remoteEndPoint: 127.0.0.1:54227 localEndPoint: 127.0.0.1:54226
TpTrace Verbose: 0 : 7372, 8, 2024/04/23, 20:24:08.007, 13193185475619, vstest.console.dll, TestRequestSender.OnExecutionMessageReceived: Received message: {"Version":7,"MessageType":"TestExecution.Completed","Payload":{"TestRunCompleteArgs":{"TestRunStatistics":{"ExecutedTests":54,"Stats":{"Passed":54}},"IsCanceled":false,"IsAborted":false,"Error":null,"AttachmentSets":[],"InvokedDataCollectors":[],"ElapsedTimeInRunningTests":"00:00:00.5068500","Metrics":{},"DiscoveredExtensions":{"TestDiscoverers":["NUnit.VisualStudio.TestAdapter.NUnit3TestDiscoverer, NUnit3.TestAdapter, Version=4.4.0.0, Culture=neutral, PublicKeyToken=4cb40d35494691ac"],"TestExecutors":["executor://NUnit3TestExecutor"],"TestExecutors2":[],"TestSettingsProviders":[]}},"LastRunTests":{"NewTestResults":[{"TestCase":{"Id":"d200caa1-46cb-40d5-5195-8aaf358dded7","FullyQualifiedName":"ClinicDoctorBLUnitTest.patientBLTest.GetAllPatientSuccessTest","DisplayName":"GetAllPatientSuccessTest","ExecutorUri":"executor://NUnit3TestExecutor","Source":"C:\\Users\\VC\\source\\repos\\Day7\\ClinicAppointmentSolution\\ClinicDoctorBLUnitTest\\bin\\Debug\\net6.0\\fine-code-coverage\\build-output\\ClinicDoctorBLUnitTest.dll","CodeFilePath":null,"LineNumber":0,"Properties":[{"Key":{"Id":"NUnit.Seed","Label":"Seed","Category":"","Description":"","Attributes":0,"ValueType":"System.String"},"Value":"879697132"}]},"Attachments":[],"Outcome":1,"ErrorMessage":null,"ErrorStackTrace":null,"DisplayName":"GetAllPatientSuccessTest","Messages":[],"ComputerName":"DESKTOP-92EC60F","Duration":"00:00:00.0000870","StartTime":"2024-04-23T14:54:07.7998006+00:00","EndTime":"2024-04-23T14:54:07.7998875+00:00","Properties":[{"Key":{"Id":"NUnit.Seed","Label":"Seed","Category":"","Description":"","Attributes":0,"ValueType":"System.String"},"Value":"879697132"}]},{"TestCase":{"Id":"e3bb2092-8d87-9515-b844-c56e9ca8b1c1","FullyQualifiedName":"ClinicDoctorBLUnitTest.patientBLTest.GetDoctorByNameExceptionTest","DisplayName":"GetDoctorByNameExceptionTest","ExecutorUri":"executor://NUnit3TestExecutor","Source":"C:\\Users\\VC\\source\\repos\\Day7\\ClinicAppointmentSolution\\ClinicDoctorBLUnitTest\\bin\\Debug\\net6.0\\fine-code-coverage\\build-output\\ClinicDoctorBLUnitTest.dll","CodeFilePath":null,"LineNumber":0,"Properties":[{"Key":{"Id":"NUnit.Seed","Label":"Seed","Category":"","Description":"","Attributes":0,"ValueType":"System.String"},"Value":"1640151116"}]},"Attachments":[],"Outcome":1,"ErrorMessage":null,"ErrorStackTrace":null,"DisplayName":"GetDoctorByNameExceptionTest","Messages":[],"ComputerName":"DESKTOP-92EC60F","Duration":"00:00:00.0003280","StartTime":"2024-04-23T14:54:07.7998943+00:00","EndTime":"2024-04-23T14:54:07.8002221+00:00","Properties":[{"Key":{"Id":"NUnit.Seed","Label":"Seed","Category":"","Description":"","Attributes":0,"ValueType":"System.String"},"Value":"1640151116"}]},{"TestCase":{"Id":"25985049-5941-ad41-26a1-4f754e772dff","FullyQualifiedName":"ClinicDoctorBLUnitTest.patientBLTest.GetDoctorBySpecializationExceptionTest","DisplayName":"GetDoctorBySpecializationExceptionTest","ExecutorUri":"executor://NUnit3TestExecutor","Source":"C:\\Users\\VC\\source\\repos\\Day7\\ClinicAppointmentSolution\\ClinicDoctorBLUnitTest\\bin\\Debug\\net6.0\\fine-code-coverage\\build-output\\ClinicDoctorBLUnitTest.dll","CodeFilePath":null,"LineNumber":0,"Properties":[{"Key":{"Id":"NUnit.Seed","Label":"Seed","Category":"","Description":"","Attributes":0,"ValueType":"System.String"},"Value":"1341183937"}]},"Attachments":[],"Outcome":1,"ErrorMessage":null,"ErrorStackTrace":null,"DisplayName":"GetDoctorBySpecializationExceptionTest","Messages":[],"ComputerName":"DESKTOP-92EC60F","Duration":"00:00:00.0004380","StartTime":"2024-04-23T14:54:07.8002305+00:00","EndTime":"2024-04-23T14:54:07.8006681+00:00","Properties":[{"Key":{"Id":"NUnit.Seed","Label":"Seed","Category":"","Description":"","Attributes":0,"ValueType":"System.String"},"Value":"1341183937"}]},{"TestCase":{"Id":"76f81276-c157-82b7-367d-7b7b982c7f24","FullyQualifiedName":"ClinicDoctorBLUnitTest.patientBLTest.GetPatientByAdmitDateSuccessTest","DisplayName":"GetPatientByAdmitDateSuccessTest","ExecutorUri":"executor://NUnit3TestExecutor","Source":"C:\\Users\\VC\\source\\repos\\Day7\\ClinicAppointmentSolution\\ClinicDoctorBLUnitTest\\bin\\Debug\\net6.0\\fine-code-coverage\\build-output\\ClinicDoctorBLUnitTest.dll","CodeFilePath":null,"LineNumber":0,"Properties":[{"Key":{"Id":"NUnit.Seed","Label":"Seed","Category":"","Description":"","Attributes":0,"ValueType":"System.String"},"Value":"740298181"}]},"Attachments":[],"Outcome":1,"ErrorMessage":null,"ErrorStackTrace":null,"DisplayName":"GetPatientByAdmitDateSuccessTest","Messages":[],"ComputerName":"DESKTOP-92EC60F","Duration":"00:00:00.0003579","StartTime":"2024-04-23T14:54:07.8006791+00:00","EndTime":"2024-04-23T14:54:07.8010374+00:00","Properties":[{"Key":{"Id":"NUnit.Seed","Label":"Seed","Category":"","Description":"","Attributes":0,"ValueType":"System.String"},"Value":"740298181"}]},{"TestCase":{"Id":"0d75f20c-a2f4-2c64-752b-142792e18d25","FullyQualifiedName":"ClinicDoctorBLUnitTest.patientBLTest.GetPatientByAdmitDateSuccessTestExceptionTest","DisplayName":"GetPatientByAdmitDateSuccessTestExceptionTest","ExecutorUri":"executor://NUnit3TestExecutor","Source":"C:\\Users\\VC\\source\\repos\\Day7\\ClinicAppointmentSolution\\ClinicDoctorBLUnitTest\\bin\\Debug\\net6.0\\fine-code-coverage\\build-output\\ClinicDoctorBLUnitTest.dll","CodeFilePath":null,"LineNumber":0,"Properties":[{"Key":{"Id":"NUnit.Seed","Label":"Seed","Category":"","Description":"","Attributes":0,"ValueType":"System.String"},"Value":"1390308444"}]},"Attachments":[],"Outcome":1,"ErrorMessage":null,"ErrorStackTrace":null,"DisplayName":"GetPatientByAdmitDateSuccessTestExceptionTest","Messages":[],"ComputerName":"DESKTOP-92EC60F","Duration":"00:00:00.0002310","StartTime":"2024-04-23T14:54:07.8010473+00:00","EndTime":"2024-04-23T14:54:07.8012784+00:00","Properties":[{"Key":{"Id":"NUnit.Seed","Label":"Seed","Category":"","Description":"","Attributes":0,"ValueType":"System.String"},"Value":"1390308444"}]},{"TestCase":{"Id":"d7d96b74-c77f-c2be-f1e7-ea3f976135c8","FullyQualifiedName":"ClinicDoctorBLUnitTest.patientBLTest.GetPatientByIDExceptionTest","DisplayName":"GetPatientByIDExceptionTest","ExecutorUri":"executor://NUnit3TestExecutor","Source":"C:\\Users\\VC\\source\\repos\\Day7\\ClinicAppointmentSolution\\ClinicDoctorBLUnitTest\\bin\\Debug\\net6.0\\fine-code-coverage\\build-output\\ClinicDoctorBLUnitTest.dll","CodeFilePath":null,"LineNumber":0,"Properties":[{"Key":{"Id":"NUnit.Seed","Label":"Seed","Category":"","Description":"","Attributes":0,"ValueType":"System.String"},"Value":"218754800"}]},"Attachments":[],"Outcome":1,"ErrorMessage":null,"ErrorStackTrace":null,"DisplayName":"GetPatientByIDExceptionTest","Messages":[],"ComputerName":"DESKTOP-92EC60F","Duration":"00:00:00.0003160","StartTime":"2024-04-23T14:54:07.8012871+00:00","EndTime":"2024-04-23T14:54:07.8016033+00:00","Properties":[{"Key":{"Id":"NUnit.Seed","Label":"Seed","Category":"","Description":"","Attributes":0,"ValueType":"System.String"},"Value":"218754800"}]},{"TestCase":{"Id":"92504fde-b67e-dbd8-e72f-6604d9b4922c","FullyQualifiedName":"ClinicDoctorBLUnitTest.patientBLTest.GetPatientByIDSuccessTest","DisplayName":"GetPatientByIDSuccessTest","ExecutorUri":"executor://NUnit3TestExecutor","Source":"C:\\Users\\VC\\source\\repos\\Day7\\ClinicAppointmentSolution\\ClinicDoctorBLUnitTest\\bin\\Debug\\net6.0\\fine-code-coverage\\build-output\\ClinicDoctorBLUnitTest.dll","CodeFilePath":null,"LineNumber":0,"Properties":[{"Key":{"Id":"NUnit.Seed","Label":"Seed","Category":"","Description":"","Attributes":0,"ValueType":"System.String"},"Value":"135491290"}]},"Attachments":[],"Outcome":1,"ErrorMessage":null,"ErrorStackTrace":null,"DisplayName":"GetPatientByIDSuccessTest","Messages":[],"ComputerName":"DESKTOP-92EC60F","Duration":"00:00:00.0001200","StartTime":"2024-04-23T14:54:07.8016122+00:00","EndTime":"2024-04-23T14:54:07.8017325+00:00","Properties":[{"Key":{"Id":"NUnit.Seed","Label":"Seed","Category":"","Description":"","Attributes":0,"ValueType":"System.String"},"Value":"135491290"}]},{"TestCase":{"Id":"e03dc30e-505a-708c-1747-fca57f3020e8","FullyQualifiedName":"ClinicDoctorBLUnitTest.patientBLTest.GetPatientByNameSuccesTest","DisplayName":"GetPatientByNameSuccesTest","ExecutorUri":"executor://NUnit3TestExecutor","Source":"C:\\Users\\VC\\source\\repos\\Day7\\ClinicAppointmentSolution\\ClinicDoctorBLUnitTest\\bin\\Debug\\net6.0\\fine-code-coverage\\build-output\\ClinicDoctorBLUnitTest.dll","CodeFilePath":null,"LineNumber":0,"Properties":[{"Key":{"Id":"NUnit.Seed","Label":"Seed","Category":"","Description":"","Attributes":0,"ValueType":"System.String"},"Value":"381543727"}]},"Attachments":[],"Outcome":1,"ErrorMessage":null,"ErrorStackTrace":null,"DisplayName":"GetPatientByNameSuccesTest","Messages":[],"ComputerName":"DESKTOP-92EC60F","Duration":"00:00:00.0000970","StartTime":"2024-04-23T14:54:07.8017402+00:00","EndTime":"2024-04-23T14:54:07.8018374+00:00","Properties":[{"Key":{"Id":"NUnit.Seed","Label":"Seed","Category":"","Description":"","Attributes":0,"ValueType":"System.String"},"Value":"381543727"}]},{"TestCase":{"Id":"534a25ea-1095-5bc0-fa7f-8023efa2da16","FullyQualifiedName":"ClinicDoctorBLUnitTest.patientBLTest.GetPatientByPurposeSuccessTest","DisplayName":"GetPatientByPurposeSuccessTest","ExecutorUri":"executor://NUnit3TestExecutor","Source":"C:\\Users\\VC\\source\\repos\\Day7\\ClinicAppointmentSolution\\ClinicDoctorBLUnitTest\\bin\\Debug\\net6.0\\fine-code-coverage\\build-output\\ClinicDoctorBLUnitTest.dll","CodeFilePath":null,"LineNumber":0,"Properties":[{"Key":{"Id":"NUnit.Seed","Label":"Seed","Category":"","Description":"","Attributes":0,"ValueType":"System.String"},"Value":"645716262"}]},"Attachments":[],"Outcome":1,"ErrorMessage":null,"ErrorStackTrace":null,"DisplayName":"GetPatientByPurposeSuccessTest","Messages":[],"ComputerName":"DESKTOP-92EC60F","Duration":"00:00:00.0001040","StartTime":"2024-04-23T14:54:07.8018445+00:00","EndTime":"2024-04-23T14:54:07.8019479+00:00","Properties":[{"Key":{"Id":"NUnit.Seed","Label":"Seed","Category":"","Description":"","Attributes":0,"ValueType":"System.String"},"Value":"645716262"}]}],"TestRunStatistics":{"ExecutedTests":54,"Stats":{"Passed":54}},"ActiveTests":[]},"RunAttachments":[],"ExecutorUris":["executor://nunit3testexecutor/"]}}
TpTrace Verbose: 0 : 7372, 8, 2024/04/23, 20:24:08.007, 13193185477267, vstest.console.dll, TestRequestSender.EndSession: Sending end session.
TpTrace Verbose: 0 : 7372, 8, 2024/04/23, 20:24:08.007, 13193185478941, vstest.console.dll, ProxyOperationManager.Close: waiting for test host to exit for 100 ms
TpTrace Verbose: 0 : 7372, 12, 2024/04/23, 20:24:08.056, 13193185966788, vstest.console.dll, TestHostManagerCallbacks.ctor: Experimental forwarding output is disabled.
TpTrace Warning: 0 : 7372, 12, 2024/04/23, 20:24:08.056, 13193185968481, vstest.console.dll, TestHostManagerCallbacks.ErrorReceivedCallback Test host standard error line: 
TpTrace Verbose: 0 : 7372, 12, 2024/04/23, 20:24:08.064, 13193186055529, vstest.console.dll, TestHostProvider.ExitCallBack: Host exited starting callback.
TpTrace Information: 0 : 7372, 12, 2024/04/23, 20:24:08.065, 13193186057069, vstest.console.dll, TestHostManagerCallbacks.ExitCallBack: Testhost processId: 23872 exited with exitcode: 0 error: ''
TpTrace Verbose: 0 : 7372, 12, 2024/04/23, 20:24:08.065, 13193186057409, vstest.console.dll, DotnetTestHostManager.OnHostExited: invoking OnHostExited callback
TpTrace Verbose: 0 : 7372, 12, 2024/04/23, 20:24:08.065, 13193186057862, vstest.console.dll, CrossPlatEngine.TestHostManagerHostExited: calling on client process exit callback.
TpTrace Information: 0 : 7372, 12, 2024/04/23, 20:24:08.065, 13193186058293, vstest.console.dll, TestRequestSender.OnClientProcessExit: Test host process exited. Standard error: 
TpTrace Information: 0 : 7372, 12, 2024/04/23, 20:24:08.065, 13193186058606, vstest.console.dll, SocketServer.Stop: Stop server endPoint: 127.0.0.1:54226
TpTrace Information: 0 : 7372, 12, 2024/04/23, 20:24:08.065, 13193186058806, vstest.console.dll, SocketServer.Stop: Cancellation requested. Stopping message loop.
TpTrace Information: 0 : 7372, 8, 2024/04/23, 20:24:08.065, 13193186059654, vstest.console.dll, SocketServer.Stop: Stop server endPoint: 127.0.0.1:54226
TpTrace Verbose: 0 : 7372, 12, 2024/04/23, 20:24:08.065, 13193186059794, vstest.console.dll, MulticastDelegateUtilities.SafeInvoke: HostProviderEvents.OnHostExited: Invoking callback 1/1 for Microsoft.VisualStudio.TestPlatform.CrossPlatEngine.Client.ProxyOperationManager., took 0 ms.
TpTrace Information: 0 : 7372, 8, 2024/04/23, 20:24:08.065, 13193186060279, vstest.console.dll, SocketServer.Stop: Cancellation requested. Stopping message loop.
TpTrace Information: 0 : 7372, 8, 2024/04/23, 20:24:08.065, 13193186061046, vstest.console.dll, Closing the connection
TpTrace Verbose: 0 : 7372, 8, 2024/04/23, 20:24:08.065, 13193186062670, vstest.console.dll, ProxyDataCollectionManager.InvokeDataCollectionServiceAction: Starting.
TpTrace Information: 0 : 7372, 8, 2024/04/23, 20:24:08.065, 13193186063039, vstest.console.dll, ProxyDataCollectionManager.AfterTestRunEnd: Get attachment set and invoked data collectors processId: 28220 port: 54223
TpTrace Verbose: 0 : 7372, 8, 2024/04/23, 20:24:08.065, 13193186063379, vstest.console.dll, DataCollectionRequestSender.SendAfterTestRunStartAndGetResult: Send AfterTestRunEnd message with isCancelled: False
TpTrace Verbose: 0 : 7372, 8, 2024/04/23, 20:24:08.071, 13193186125020, vstest.console.dll, DataCollectionRequestSender.SendAfterTestRunStartAndGetResult: Received message: (DataCollection.AfterTestRunEndResult) -> {"MessageType":"DataCollection.AfterTestRunEndResult","Payload":{"AttachmentSets":[],"InvokedDataCollectors":[{"Uri":"datacollector://Microsoft/TestPlatform/Extensions/Blame/v1","FriendlyName":"Blame","AssemblyQualifiedName":"Microsoft.TestPlatform.Extensions.BlameDataCollector.BlameCollector, Microsoft.TestPlatform.Extensions.BlameDataCollector, Version=15.0.0.0, Culture=neutral, PublicKeyToken=b03f5f7f11d50a3a","FilePath":"C:\\Program Files\\dotnet\\sdk\\8.0.202\\Extensions\\Microsoft.TestPlatform.Extensions.BlameDataCollector.dll","HasAttachmentProcessor":false}],"Metrics":{}}}
TpTrace Information: 0 : 7372, 8, 2024/04/23, 20:24:08.077, 13193186185273, vstest.console.dll, ProxyDataCollectionManager.InvokeDataCollectionServiceAction: Completed.
TpTrace Warning: 0 : 7372, 11, 2024/04/23, 20:24:08.094, 13193186354437, vstest.console.dll, DataCollectionLauncher.ErrorReceivedCallback datacollector standard error line: 
TpTrace Information: 0 : 7372, 11, 2024/04/23, 20:24:08.104, 13193186450564, vstest.console.dll, DataCollectionLauncher.ExitCallBack: Data collector exited with exitcode: 0 error: ''
TpTrace Verbose: 0 : 7372, 8, 2024/04/23, 20:24:08.132, 13193186728532, vstest.console.dll, TestRunRequest:SendTestRunStatsChange: Starting.
TpTrace Verbose: 0 : 7372, 8, 2024/04/23, 20:24:08.132, 13193186730609, vstest.console.dll, MulticastDelegateUtilities.SafeInvoke: TestRun.RunStatsChanged: Invoking callbacks was skipped because there are no subscribers.
TpTrace Information: 0 : 7372, 8, 2024/04/23, 20:24:08.132, 13193186731320, vstest.console.dll, TestRunRequest:SendTestRunStatsChange: Completed.
TpTrace Verbose: 0 : 7372, 5, 2024/04/23, 20:24:08.132, 13193186732348, vstest.console.dll, MulticastDelegateUtilities.SafeInvoke: InternalTestLoggerEvents.SendTestResult: Invoking callback 1/1 for Microsoft.VisualStudio.TestPlatform.CommandLine.Internal.ConsoleLogger., took 0 ms.
TpTrace Verbose: 0 : 7372, 5, 2024/04/23, 20:24:08.132, 13193186733525, vstest.console.dll, MulticastDelegateUtilities.SafeInvoke: InternalTestLoggerEvents.SendTestResult: Invoking callback 1/1 for Microsoft.VisualStudio.TestPlatform.CommandLine.Internal.ConsoleLogger., took 0 ms.
TpTrace Verbose: 0 : 7372, 5, 2024/04/23, 20:24:08.132, 13193186734093, vstest.console.dll, MulticastDelegateUtilities.SafeInvoke: InternalTestLoggerEvents.SendTestResult: Invoking callback 1/1 for Microsoft.VisualStudio.TestPlatform.CommandLine.Internal.ConsoleLogger., took 0 ms.
TpTrace Verbose: 0 : 7372, 5, 2024/04/23, 20:24:08.132, 13193186734606, vstest.console.dll, MulticastDelegateUtilities.SafeInvoke: InternalTestLoggerEvents.SendTestResult: Invoking callback 1/1 for Microsoft.VisualStudio.TestPlatform.CommandLine.Internal.ConsoleLogger., took 0 ms.
TpTrace Verbose: 0 : 7372, 5, 2024/04/23, 20:24:08.132, 13193186735043, vstest.console.dll, MulticastDelegateUtilities.SafeInvoke: InternalTestLoggerEvents.SendTestResult: Invoking callback 1/1 for Microsoft.VisualStudio.TestPlatform.CommandLine.Internal.ConsoleLogger., took 0 ms.
TpTrace Verbose: 0 : 7372, 5, 2024/04/23, 20:24:08.133, 13193186735572, vstest.console.dll, MulticastDelegateUtilities.SafeInvoke: InternalTestLoggerEvents.SendTestResult: Invoking callback 1/1 for Microsoft.VisualStudio.TestPlatform.CommandLine.Internal.ConsoleLogger., took 0 ms.
TpTrace Verbose: 0 : 7372, 5, 2024/04/23, 20:24:08.133, 13193186736064, vstest.console.dll, MulticastDelegateUtilities.SafeInvoke: InternalTestLoggerEvents.SendTestResult: Invoking callback 1/1 for Microsoft.VisualStudio.TestPlatform.CommandLine.Internal.ConsoleLogger., took 0 ms.
TpTrace Verbose: 0 : 7372, 5, 2024/04/23, 20:24:08.133, 13193186736519, vstest.console.dll, MulticastDelegateUtilities.SafeInvoke: InternalTestLoggerEvents.SendTestResult: Invoking callback 1/1 for Microsoft.VisualStudio.TestPlatform.CommandLine.Internal.ConsoleLogger., took 0 ms.
TpTrace Verbose: 0 : 7372, 5, 2024/04/23, 20:24:08.133, 13193186736932, vstest.console.dll, MulticastDelegateUtilities.SafeInvoke: InternalTestLoggerEvents.SendTestResult: Invoking callback 1/1 for Microsoft.VisualStudio.TestPlatform.CommandLine.Internal.ConsoleLogger., took 0 ms.
TpTrace Verbose: 0 : 7372, 8, 2024/04/23, 20:24:08.133, 13193186737117, vstest.console.dll, ParallelProxyExecutionManager: HandlePartialRunComplete: Total workloads = 1, Total started clients = 1 Total completed clients = 1, Run complete = True, Run canceled: False.
TpTrace Verbose: 0 : 7372, 8, 2024/04/23, 20:24:08.133, 13193186738422, vstest.console.dll, ParallelProxyExecutionManager: HandlePartialRunComplete: All runs completed stopping all managers.
TpTrace Verbose: 0 : 7372, 8, 2024/04/23, 20:24:08.133, 13193186739043, vstest.console.dll, ParallelOperationManager.StopAllManagers: Stopping all managers.
TpTrace Verbose: 0 : 7372, 8, 2024/04/23, 20:24:08.133, 13193186739576, vstest.console.dll, ParallelOperationManager.ClearSlots: Clearing all slots. Slots should accept more work: False
TpTrace Verbose: 0 : 7372, 8, 2024/04/23, 20:24:08.133, 13193186740215, vstest.console.dll, ParallelOperationManager.SetOccupiedSlotCount: Setting slot counts AvailableSlotCount = 1, OccupiedSlotCount = 0.
TpTrace Verbose: 0 : 7372, 8, 2024/04/23, 20:24:08.133, 13193186741010, vstest.console.dll, Occupied slots:

TpTrace Verbose: 0 : 7372, 5, 2024/04/23, 20:24:08.143, 13193186841390, vstest.console.dll, MulticastDelegateUtilities.SafeInvoke: InternalTestLoggerEvents.SendTestRunComplete: Invoking callback 1/2 for Microsoft.TestPlatform.Extensions.BlameDataCollector.BlameLogger., took 0 ms.
TpTrace Verbose: 0 : 7372, 5, 2024/04/23, 20:24:08.149, 13193186897284, vstest.console.dll, MulticastDelegateUtilities.SafeInvoke: InternalTestLoggerEvents.SendTestRunComplete: Invoking callback 2/2 for Microsoft.VisualStudio.TestPlatform.CommandLine.Internal.ConsoleLogger., took 5 ms.
TpTrace Verbose: 0 : 7372, 8, 2024/04/23, 20:24:08.149, 13193186900954, vstest.console.dll, TestRunRequest:TestRunComplete: Starting. IsAborted:False IsCanceled:False.
TpTrace Verbose: 0 : 7372, 8, 2024/04/23, 20:24:08.149, 13193186903079, vstest.console.dll, ParallelOperationManager.DoActionOnAllManagers: Calling an action on all managers.
TpTrace Verbose: 0 : 7372, 8, 2024/04/23, 20:24:08.150, 13193186912013, vstest.console.dll, TestLoggerManager.HandleTestRunComplete: Ignoring as the object is disposed.
TpTrace Verbose: 0 : 7372, 8, 2024/04/23, 20:24:08.150, 13193186914364, vstest.console.dll, MulticastDelegateUtilities.SafeInvoke: TestRun.TestRunComplete: Invoking callback 1/2 for Microsoft.VisualStudio.TestPlatform.CommandLine.TestRunResultAggregator., took 0 ms.
TpTrace Verbose: 0 : 7372, 8, 2024/04/23, 20:24:08.150, 13193186915481, vstest.console.dll, MulticastDelegateUtilities.SafeInvoke: TestRun.TestRunComplete: Invoking callback 2/2 for Microsoft.VisualStudio.TestPlatform.CommandLine.Processors.RunTestsArgumentExecutor+TestRunRequestEventsRegistrar., took 0 ms.
TpTrace Information: 0 : 7372, 8, 2024/04/23, 20:24:08.151, 13193186916283, vstest.console.dll, TestRunRequest:TestRunComplete: Completed.
TpTrace Verbose: 0 : 7372, 8, 2024/04/23, 20:24:08.151, 13193186916564, vstest.console.dll, TestRequestSender.SetOperationComplete: Setting operation complete.
TpTrace Information: 0 : 7372, 8, 2024/04/23, 20:24:08.151, 13193186916775, vstest.console.dll, SocketServer.Stop: Stop server endPoint: 127.0.0.1:54226
TpTrace Information: 0 : 7372, 8, 2024/04/23, 20:24:08.151, 13193186916961, vstest.console.dll, SocketServer.Stop: Cancellation requested. Stopping message loop.
TpTrace Verbose: 0 : 7372, 8, 2024/04/23, 20:24:08.151, 13193186917239, vstest.console.dll, MulticastDelegateUtilities.SafeInvoke: LengthPrefixCommunicationChannel: MessageReceived: Invoking callback 1/1 for Microsoft.VisualStudio.TestPlatform.CommunicationUtilities.TestRequestSender+<>c__DisplayClass34_0., took 144 ms.
TpTrace Verbose: 0 : 7372, 1, 2024/04/23, 20:24:08.151, 13193186917335, vstest.console.dll, TestRunRequest.Dispose: Starting.
TpTrace Information: 0 : 7372, 8, 2024/04/23, 20:24:08.151, 13193186917541, vstest.console.dll, SocketServer.PrivateStop: Stopping server endPoint: 127.0.0.1:54226 error: 
TpTrace Information: 0 : 7372, 1, 2024/04/23, 20:24:08.151, 13193186918066, vstest.console.dll, TestRunRequest.Dispose: Completed.
TpTrace Information: 0 : 7372, 1, 2024/04/23, 20:24:08.151, 13193186918459, vstest.console.dll, TestRequestManager.RunTests: run tests completed.
TpTrace Information: 0 : 7372, 1, 2024/04/23, 20:24:08.151, 13193186919103, vstest.console.dll, RunTestsArgumentProcessor:Execute: Test run is completed.
TpTrace Verbose: 0 : 7372, 1, 2024/04/23, 20:24:08.151, 13193186921279, vstest.console.dll, Executor.Execute: Exiting with exit code of 0
TpTrace Verbose: 0 : 7372, 8, 2024/04/23, 20:24:08.151, 13193186921936, vstest.console.dll, LengthPrefixCommunicationChannel.Dispose: Dispose reader and writer.
TpTrace Information: 0 : 7372, 8, 2024/04/23, 20:24:08.151, 13193186922801, vstest.console.dll, SocketServer.Stop: Raise disconnected event endPoint: 127.0.0.1:54226 error: 
TpTrace Verbose: 0 : 7372, 8, 2024/04/23, 20:24:08.151, 13193186924364, vstest.console.dll, TestRequestSender: OnTestRunAbort: Operation is already complete. Skip error message.
TpTrace Verbose: 0 : 7372, 8, 2024/04/23, 20:24:08.151, 13193186925020, vstest.console.dll, MulticastDelegateUtilities.SafeInvoke: SocketServer: ClientDisconnected: Invoking callback 1/1 for Microsoft.VisualStudio.TestPlatform.CommunicationUtilities.TestRequestSender., took 0 ms.
TpTrace Verbose: 0 : 7372, 8, 2024/04/23, 20:24:08.151, 13193186925292, vstest.console.dll, TcpClientExtensions.MessageLoopAsync: exiting MessageLoopAsync remoteEndPoint: 127.0.0.1:54227 localEndPoint: 127.0.0.1:54226
