TpTrace Verbose: 0 : 5812, 1, 2024/04/24, 22:10:37.720, 460805099787, vstest.console.dll, Version: 17.9.0-release-24072-02 Current process architecture: X64
TpTrace Verbose: 0 : 5812, 1, 2024/04/24, 22:10:37.723, 460805128182, vstest.console.dll, Runtime location: C:\Program Files\dotnet\shared\Microsoft.NETCore.App\8.0.3
TpTrace Verbose: 0 : 5812, 1, 2024/04/24, 22:10:37.725, 460805151599, vstest.console.dll, ArtifactProcessingPostProcessModeProcessorExecutor.Initialize: ArtifactProcessingMode.Collect
TpTrace Verbose: 0 : 5812, 1, 2024/04/24, 22:10:37.725, 460805152711, vstest.console.dll, TestSessionCorrelationIdProcessorModeProcessorExecutor.Initialize: TestSessionCorrelationId '21932_89e34beb-1038-42aa-8cdf-56163a443511'
TpTrace Information: 0 : 5812, 1, 2024/04/24, 22:10:37.733, 460805231797, vstest.console.dll, FilePatternParser: The given file C:\Users\VC\source\repos\Day11\SoppingAppSolution\ShoppingDALTesting\bin\Debug\net6.0\fine-code-coverage\build-output\ShoppingDALTesting.dll is a full path.
TpTrace Verbose: 0 : 5812, 1, 2024/04/24, 22:10:37.737, 460805270128, vstest.console.dll, TestPluginCache.DiscoverTestExtensions: finding test extensions in assemblies ends with: RuntimeProvider.dll TPluginInfo: Microsoft.VisualStudio.TestPlatform.Common.ExtensionFramework.Utilities.TestRuntimePluginInformation TExtension: Microsoft.VisualStudio.TestPlatform.ObjectModel.Host.ITestRuntimeProvider
TpTrace Verbose: 0 : 5812, 1, 2024/04/24, 22:10:37.737, 460805272892, vstest.console.dll, TestPluginCache.GetExtensionPaths: Filtered extension paths: 
TpTrace Verbose: 0 : 5812, 1, 2024/04/24, 22:10:37.737, 460805273567, vstest.console.dll, TestPluginCache.GetExtensionPaths: Added default extension paths: C:\Program Files\dotnet\sdk\8.0.202\Extensions\Microsoft.Diagnostics.NETCore.Client.dll
C:\Program Files\dotnet\sdk\8.0.202\Extensions\Microsoft.TestPlatform.Extensions.BlameDataCollector.dll
C:\Program Files\dotnet\sdk\8.0.202\Extensions\Microsoft.TestPlatform.Extensions.EventLogCollector.dll
C:\Program Files\dotnet\sdk\8.0.202\Extensions\Microsoft.TestPlatform.TestHostRuntimeProvider.dll
C:\Program Files\dotnet\sdk\8.0.202\Extensions\Microsoft.VisualStudio.TestPlatform.Extensions.Html.TestLogger.dll
C:\Program Files\dotnet\sdk\8.0.202\Extensions\Microsoft.VisualStudio.TestPlatform.Extensions.Trx.TestLogger.dll
TpTrace Verbose: 0 : 5812, 1, 2024/04/24, 22:10:37.737, 460805273783, vstest.console.dll, TestPluginCache.GetExtensionPaths: Added unfilterableExtensionPaths: 
TpTrace Information: 0 : 5812, 1, 2024/04/24, 22:10:37.737, 460805278018, vstest.console.dll, AssemblyResolver.ctor: Creating AssemblyResolver with searchDirectories C:\Program Files\dotnet\sdk\8.0.202\Extensions,C:\Program Files\dotnet\sdk\8.0.202
TpTrace Verbose: 0 : 5812, 1, 2024/04/24, 22:10:37.739, 460805291166, vstest.console.dll, TestPluginCache.DiscoverTestExtensions: Discovering the extensions using extension path.
TpTrace Verbose: 0 : 5812, 1, 2024/04/24, 22:10:37.739, 460805292234, vstest.console.dll, TestPluginCache.GetExtensionPaths: Filtered extension paths: 
TpTrace Verbose: 0 : 5812, 1, 2024/04/24, 22:10:37.739, 460805292542, vstest.console.dll, TestPluginCache.GetExtensionPaths: Added default extension paths: C:\Program Files\dotnet\sdk\8.0.202\Extensions\Microsoft.Diagnostics.NETCore.Client.dll
C:\Program Files\dotnet\sdk\8.0.202\Extensions\Microsoft.TestPlatform.Extensions.BlameDataCollector.dll
C:\Program Files\dotnet\sdk\8.0.202\Extensions\Microsoft.TestPlatform.Extensions.EventLogCollector.dll
C:\Program Files\dotnet\sdk\8.0.202\Extensions\Microsoft.TestPlatform.TestHostRuntimeProvider.dll
C:\Program Files\dotnet\sdk\8.0.202\Extensions\Microsoft.VisualStudio.TestPlatform.Extensions.Html.TestLogger.dll
C:\Program Files\dotnet\sdk\8.0.202\Extensions\Microsoft.VisualStudio.TestPlatform.Extensions.Trx.TestLogger.dll
TpTrace Verbose: 0 : 5812, 1, 2024/04/24, 22:10:37.739, 460805292730, vstest.console.dll, TestPluginCache.GetExtensionPaths: Added unfilterableExtensionPaths: 
TpTrace Verbose: 0 : 5812, 1, 2024/04/24, 22:10:37.739, 460805293150, vstest.console.dll, TestPluginCache.DiscoverTestExtensions: Discovering the extensions using allExtensionPaths: C:\Program Files\dotnet\sdk\8.0.202\Extensions\Microsoft.Diagnostics.NETCore.Client.dll
C:\Program Files\dotnet\sdk\8.0.202\Extensions\Microsoft.TestPlatform.Extensions.BlameDataCollector.dll
C:\Program Files\dotnet\sdk\8.0.202\Extensions\Microsoft.TestPlatform.Extensions.EventLogCollector.dll
C:\Program Files\dotnet\sdk\8.0.202\Extensions\Microsoft.TestPlatform.TestHostRuntimeProvider.dll
C:\Program Files\dotnet\sdk\8.0.202\Extensions\Microsoft.VisualStudio.TestPlatform.Extensions.Html.TestLogger.dll
C:\Program Files\dotnet\sdk\8.0.202\Extensions\Microsoft.VisualStudio.TestPlatform.Extensions.Trx.TestLogger.dll
TpTrace Information: 0 : 5812, 1, 2024/04/24, 22:10:37.739, 460805294292, vstest.console.dll, AssemblyResolver.AddSearchDirectories: Adding more searchDirectories C:\Program Files\dotnet\sdk\8.0.202\Extensions,C:\Program Files\dotnet\sdk\8.0.202
TpTrace Information: 0 : 5812, 1, 2024/04/24, 22:10:37.739, 460805294681, vstest.console.dll, AssemblyResolver.AddSearchDirectories: Adding more searchDirectories C:\Program Files\dotnet\sdk\8.0.202\Extensions,C:\Program Files\dotnet\sdk\8.0.202
TpTrace Information: 0 : 5812, 1, 2024/04/24, 22:10:37.739, 460805294909, vstest.console.dll, AssemblyResolver.AddSearchDirectories: Adding more searchDirectories C:\Program Files\dotnet\sdk\8.0.202\Extensions,C:\Program Files\dotnet\sdk\8.0.202
TpTrace Information: 0 : 5812, 1, 2024/04/24, 22:10:37.739, 460805295090, vstest.console.dll, AssemblyResolver.AddSearchDirectories: Adding more searchDirectories C:\Program Files\dotnet\sdk\8.0.202\Extensions,C:\Program Files\dotnet\sdk\8.0.202
TpTrace Information: 0 : 5812, 1, 2024/04/24, 22:10:37.739, 460805295266, vstest.console.dll, AssemblyResolver.AddSearchDirectories: Adding more searchDirectories C:\Program Files\dotnet\sdk\8.0.202\Extensions,C:\Program Files\dotnet\sdk\8.0.202
TpTrace Information: 0 : 5812, 1, 2024/04/24, 22:10:37.739, 460805295465, vstest.console.dll, AssemblyResolver.AddSearchDirectories: Adding more searchDirectories C:\Program Files\dotnet\sdk\8.0.202\Extensions,C:\Program Files\dotnet\sdk\8.0.202
TpTrace Information: 0 : 5812, 1, 2024/04/24, 22:10:37.740, 460805299483, vstest.console.dll, AssemblyResolver.OnResolve: Microsoft.Diagnostics.NETCore.Client: Resolving assembly.
TpTrace Information: 0 : 5812, 1, 2024/04/24, 22:10:37.740, 460805300060, vstest.console.dll, AssemblyResolver.OnResolve: Microsoft.Diagnostics.NETCore.Client: Searching in: 'C:\Program Files\dotnet\sdk\8.0.202\Extensions'.
TpTrace Information: 0 : 5812, 1, 2024/04/24, 22:10:37.747, 460805369190, vstest.console.dll, AssemblyResolver.OnResolve: Microsoft.Diagnostics.NETCore.Client: Loading assembly 'C:\Program Files\dotnet\sdk\8.0.202\Extensions\Microsoft.Diagnostics.NETCore.Client.dll'.
TpTrace Information: 0 : 5812, 1, 2024/04/24, 22:10:37.748, 460805378349, vstest.console.dll, AssemblyResolver.OnResolve: Resolved assembly: Microsoft.Diagnostics.NETCore.Client, from path: C:\Program Files\dotnet\sdk\8.0.202\Extensions\Microsoft.Diagnostics.NETCore.Client.dll
TpTrace Verbose: 0 : 5812, 1, 2024/04/24, 22:10:37.751, 460805418022, vstest.console.dll, MetadataReaderExtensionsHelper: Discovering extensions inside assembly 'Microsoft.Diagnostics.NETCore.Client, Version=0.2.9.2401, Culture=neutral, PublicKeyToken=31bf3856ad364e35' file path 'C:\Program Files\dotnet\sdk\8.0.202\Extensions\Microsoft.Diagnostics.NETCore.Client.dll'
TpTrace Information: 0 : 5812, 1, 2024/04/24, 22:10:37.756, 460805460316, vstest.console.dll, AssemblyResolver.OnResolve: Microsoft.Bcl.AsyncInterfaces: Resolving assembly.
TpTrace Information: 0 : 5812, 1, 2024/04/24, 22:10:37.756, 460805461282, vstest.console.dll, AssemblyResolver.OnResolve: Microsoft.Bcl.AsyncInterfaces: Searching in: 'C:\Program Files\dotnet\sdk\8.0.202\Extensions'.
TpTrace Information: 0 : 5812, 1, 2024/04/24, 22:10:37.756, 460805461939, vstest.console.dll, AssemblyResolver.OnResolve: Microsoft.Bcl.AsyncInterfaces: Assembly path does not exist: 'C:\Program Files\dotnet\sdk\8.0.202\Extensions\Microsoft.Bcl.AsyncInterfaces.dll', returning.
TpTrace Information: 0 : 5812, 1, 2024/04/24, 22:10:37.756, 460805462761, vstest.console.dll, AssemblyResolver.OnResolve: Microsoft.Bcl.AsyncInterfaces: Assembly path does not exist: 'C:\Program Files\dotnet\sdk\8.0.202\Extensions\Microsoft.Bcl.AsyncInterfaces.exe', returning.
TpTrace Information: 0 : 5812, 1, 2024/04/24, 22:10:37.756, 460805463024, vstest.console.dll, AssemblyResolver.OnResolve: Microsoft.Bcl.AsyncInterfaces: Searching in: 'C:\Program Files\dotnet\sdk\8.0.202'.
TpTrace Information: 0 : 5812, 1, 2024/04/24, 22:10:37.756, 460805463477, vstest.console.dll, AssemblyResolver.OnResolve: Microsoft.Bcl.AsyncInterfaces: Assembly path does not exist: 'C:\Program Files\dotnet\sdk\8.0.202\Microsoft.Bcl.AsyncInterfaces.dll', returning.
TpTrace Information: 0 : 5812, 1, 2024/04/24, 22:10:37.756, 460805463829, vstest.console.dll, AssemblyResolver.OnResolve: Microsoft.Bcl.AsyncInterfaces: Assembly path does not exist: 'C:\Program Files\dotnet\sdk\8.0.202\Microsoft.Bcl.AsyncInterfaces.exe', returning.
TpTrace Information: 0 : 5812, 1, 2024/04/24, 22:10:37.756, 460805464000, vstest.console.dll, AssemblyResolver.OnResolve: Microsoft.Bcl.AsyncInterfaces: Failed to load assembly.
TpTrace Verbose: 0 : 5812, 1, 2024/04/24, 22:10:37.756, 460805464275, vstest.console.dll, CurrentDomainAssemblyResolve: Resolving assembly 'Microsoft.Bcl.AsyncInterfaces'.
TpTrace Information: 0 : 5812, 1, 2024/04/24, 22:10:37.756, 460805464695, vstest.console.dll, AssemblyResolver.OnResolve: Microsoft.Bcl.AsyncInterfaces: Resolving assembly.
TpTrace Information: 0 : 5812, 1, 2024/04/24, 22:10:37.756, 460805464948, vstest.console.dll, AssemblyResolver.OnResolve: Microsoft.Bcl.AsyncInterfaces: Resolved from cache.
TpTrace Verbose: 0 : 5812, 1, 2024/04/24, 22:10:37.756, 460805465114, vstest.console.dll, CurrentDomainAssemblyResolve: Resolving assembly 'Microsoft.Bcl.AsyncInterfaces'.
TpTrace Verbose: 0 : 5812, 1, 2024/04/24, 22:10:37.756, 460805465330, vstest.console.dll, CurrentDomainAssemblyResolve: Failed to resolve assembly 'Microsoft.Bcl.AsyncInterfaces'.
TpTrace Verbose: 0 : 5812, 1, 2024/04/24, 22:10:37.757, 460805474119, vstest.console.dll, CurrentDomainAssemblyResolve: Failed to resolve assembly 'Microsoft.Bcl.AsyncInterfaces'.
TpTrace Warning: 0 : 5812, 1, 2024/04/24, 22:10:37.768, 460805579670, vstest.console.dll, TestPluginDiscoverer: Failed to get types from assembly 'Microsoft.Diagnostics.NETCore.Client, Version=0.2.9.2401, Culture=neutral, PublicKeyToken=31bf3856ad364e35'. Error: System.Reflection.ReflectionTypeLoadException: Unable to load one or more of the requested types.
Could not load file or assembly 'Microsoft.Bcl.AsyncInterfaces, Version=6.0.0.0, Culture=neutral, PublicKeyToken=cc7b13ffcd2ddd51'. The system cannot find the file specified.
   at System.Reflection.RuntimeModule.GetTypes(RuntimeModule module)
   at System.Reflection.RuntimeModule.GetTypes()
   at Microsoft.VisualStudio.TestPlatform.Common.ExtensionFramework.TestPluginDiscoverer.GetTestExtensionsFromAssembly[TPluginInfo,TExtension](Assembly assembly, Dictionary`2 pluginInfos, String filePath) in /_/src/Microsoft.TestPlatform.Common/ExtensionFramework/TestPluginDiscoverer.cs:line 158
System.IO.FileNotFoundException: Could not load file or assembly 'Microsoft.Bcl.AsyncInterfaces, Version=6.0.0.0, Culture=neutral, PublicKeyToken=cc7b13ffcd2ddd51'. The system cannot find the file specified.
File name: 'Microsoft.Bcl.AsyncInterfaces, Version=6.0.0.0, Culture=neutral, PublicKeyToken=cc7b13ffcd2ddd51'
 ---> System.IO.FileNotFoundException: Could not load file or assembly 'Microsoft.Bcl.AsyncInterfaces, Culture=neutral, PublicKeyToken=null'. The system cannot find the file specified.
File name: 'Microsoft.Bcl.AsyncInterfaces, Culture=neutral, PublicKeyToken=null'
   at System.Reflection.RuntimeAssembly.InternalLoad(AssemblyName assemblyName, StackCrawlMark& stackMark, AssemblyLoadContext assemblyLoadContext, RuntimeAssembly requestingAssembly, Boolean throwOnFileNotFound)
   at System.Reflection.Assembly.Load(AssemblyName assemblyRef)
   at Microsoft.VisualStudio.TestPlatform.Common.ExtensionFramework.TestPluginCache.CurrentDomainAssemblyResolve(Object sender, AssemblyResolveEventArgs args) in /_/src/Microsoft.TestPlatform.Common/ExtensionFramework/TestPluginCache.cs:line 513
   at System.Runtime.Loader.AssemblyLoadContext.GetFirstResolvedAssemblyFromResolvingEvent(AssemblyName assemblyName)
   at System.Runtime.Loader.AssemblyLoadContext.ResolveUsingEvent(AssemblyName assemblyName)
   at System.Runtime.Loader.AssemblyLoadContext.ResolveUsingResolvingEvent(IntPtr gchManagedAssemblyLoadContext, AssemblyName assemblyName)
TpTrace Warning: 0 : 5812, 1, 2024/04/24, 22:10:37.768, 460805583746, vstest.console.dll, LoaderExceptions: System.IO.FileNotFoundException: Could not load file or assembly 'Microsoft.Bcl.AsyncInterfaces, Version=6.0.0.0, Culture=neutral, PublicKeyToken=cc7b13ffcd2ddd51'. The system cannot find the file specified.
File name: 'Microsoft.Bcl.AsyncInterfaces, Version=6.0.0.0, Culture=neutral, PublicKeyToken=cc7b13ffcd2ddd51'
 ---> System.IO.FileNotFoundException: Could not load file or assembly 'Microsoft.Bcl.AsyncInterfaces, Culture=neutral, PublicKeyToken=null'. The system cannot find the file specified.
File name: 'Microsoft.Bcl.AsyncInterfaces, Culture=neutral, PublicKeyToken=null'
   at System.Reflection.RuntimeAssembly.InternalLoad(AssemblyName assemblyName, StackCrawlMark& stackMark, AssemblyLoadContext assemblyLoadContext, RuntimeAssembly requestingAssembly, Boolean throwOnFileNotFound)
   at System.Reflection.Assembly.Load(AssemblyName assemblyRef)
   at Microsoft.VisualStudio.TestPlatform.Common.ExtensionFramework.TestPluginCache.CurrentDomainAssemblyResolve(Object sender, AssemblyResolveEventArgs args) in /_/src/Microsoft.TestPlatform.Common/ExtensionFramework/TestPluginCache.cs:line 513
   at System.Runtime.Loader.AssemblyLoadContext.GetFirstResolvedAssemblyFromResolvingEvent(AssemblyName assemblyName)
   at System.Runtime.Loader.AssemblyLoadContext.ResolveUsingEvent(AssemblyName assemblyName)
   at System.Runtime.Loader.AssemblyLoadContext.ResolveUsingResolvingEvent(IntPtr gchManagedAssemblyLoadContext, AssemblyName assemblyName)
TpTrace Information: 0 : 5812, 1, 2024/04/24, 22:10:37.768, 460805585281, vstest.console.dll, AssemblyResolver.OnResolve: Microsoft.TestPlatform.Extensions.BlameDataCollector: Resolving assembly.
TpTrace Information: 0 : 5812, 1, 2024/04/24, 22:10:37.768, 460805585664, vstest.console.dll, AssemblyResolver.OnResolve: Microsoft.TestPlatform.Extensions.BlameDataCollector: Searching in: 'C:\Program Files\dotnet\sdk\8.0.202\Extensions'.
TpTrace Information: 0 : 5812, 1, 2024/04/24, 22:10:37.769, 460805592797, vstest.console.dll, AssemblyResolver.OnResolve: Microsoft.TestPlatform.Extensions.BlameDataCollector: Loading assembly 'C:\Program Files\dotnet\sdk\8.0.202\Extensions\Microsoft.TestPlatform.Extensions.BlameDataCollector.dll'.
TpTrace Information: 0 : 5812, 1, 2024/04/24, 22:10:37.770, 460805598566, vstest.console.dll, AssemblyResolver.OnResolve: Resolved assembly: Microsoft.TestPlatform.Extensions.BlameDataCollector, from path: C:\Program Files\dotnet\sdk\8.0.202\Extensions\Microsoft.TestPlatform.Extensions.BlameDataCollector.dll
TpTrace Verbose: 0 : 5812, 1, 2024/04/24, 22:10:37.770, 460805599585, vstest.console.dll, MetadataReaderExtensionsHelper: Discovering extensions inside assembly 'Microsoft.TestPlatform.Extensions.BlameDataCollector, Version=15.0.0.0, Culture=neutral, PublicKeyToken=b03f5f7f11d50a3a' file path 'C:\Program Files\dotnet\sdk\8.0.202\Extensions\Microsoft.TestPlatform.Extensions.BlameDataCollector.dll'
TpTrace Information: 0 : 5812, 1, 2024/04/24, 22:10:37.771, 460805614912, vstest.console.dll, AssemblyResolver.OnResolve: Microsoft.TestPlatform.Extensions.EventLogCollector: Resolving assembly.
TpTrace Information: 0 : 5812, 1, 2024/04/24, 22:10:37.771, 460805615489, vstest.console.dll, AssemblyResolver.OnResolve: Microsoft.TestPlatform.Extensions.EventLogCollector: Searching in: 'C:\Program Files\dotnet\sdk\8.0.202\Extensions'.
TpTrace Information: 0 : 5812, 1, 2024/04/24, 22:10:37.772, 460805620347, vstest.console.dll, AssemblyResolver.OnResolve: Microsoft.TestPlatform.Extensions.EventLogCollector: Loading assembly 'C:\Program Files\dotnet\sdk\8.0.202\Extensions\Microsoft.TestPlatform.Extensions.EventLogCollector.dll'.
TpTrace Information: 0 : 5812, 1, 2024/04/24, 22:10:37.772, 460805627975, vstest.console.dll, AssemblyResolver.OnResolve: Resolved assembly: Microsoft.TestPlatform.Extensions.EventLogCollector, from path: C:\Program Files\dotnet\sdk\8.0.202\Extensions\Microsoft.TestPlatform.Extensions.EventLogCollector.dll
TpTrace Verbose: 0 : 5812, 1, 2024/04/24, 22:10:37.773, 460805628803, vstest.console.dll, MetadataReaderExtensionsHelper: Discovering extensions inside assembly 'Microsoft.TestPlatform.Extensions.EventLogCollector, Version=15.0.0.0, Culture=neutral, PublicKeyToken=b03f5f7f11d50a3a' file path 'C:\Program Files\dotnet\sdk\8.0.202\Extensions\Microsoft.TestPlatform.Extensions.EventLogCollector.dll'
TpTrace Information: 0 : 5812, 1, 2024/04/24, 22:10:37.776, 460805659796, vstest.console.dll, AssemblyResolver.OnResolve: Microsoft.TestPlatform.TestHostRuntimeProvider: Resolving assembly.
TpTrace Information: 0 : 5812, 1, 2024/04/24, 22:10:37.776, 460805660557, vstest.console.dll, AssemblyResolver.OnResolve: Microsoft.TestPlatform.TestHostRuntimeProvider: Searching in: 'C:\Program Files\dotnet\sdk\8.0.202\Extensions'.
TpTrace Information: 0 : 5812, 1, 2024/04/24, 22:10:37.776, 460805666589, vstest.console.dll, AssemblyResolver.OnResolve: Microsoft.TestPlatform.TestHostRuntimeProvider: Loading assembly 'C:\Program Files\dotnet\sdk\8.0.202\Extensions\Microsoft.TestPlatform.TestHostRuntimeProvider.dll'.
TpTrace Information: 0 : 5812, 1, 2024/04/24, 22:10:37.777, 460805676525, vstest.console.dll, AssemblyResolver.OnResolve: Resolved assembly: Microsoft.TestPlatform.TestHostRuntimeProvider, from path: C:\Program Files\dotnet\sdk\8.0.202\Extensions\Microsoft.TestPlatform.TestHostRuntimeProvider.dll
TpTrace Verbose: 0 : 5812, 1, 2024/04/24, 22:10:37.777, 460805677818, vstest.console.dll, MetadataReaderExtensionsHelper: Discovering extensions inside assembly 'Microsoft.TestPlatform.TestHostRuntimeProvider, Version=15.0.0.0, Culture=neutral, PublicKeyToken=b03f5f7f11d50a3a' file path 'C:\Program Files\dotnet\sdk\8.0.202\Extensions\Microsoft.TestPlatform.TestHostRuntimeProvider.dll'
TpTrace Information: 0 : 5812, 1, 2024/04/24, 22:10:37.779, 460805694570, vstest.console.dll, GetTestExtensionFromType: Register extension with identifier data 'HostProvider://DefaultTestHost' and type 'Microsoft.VisualStudio.TestPlatform.CrossPlatEngine.Hosting.DefaultTestHostManager, Microsoft.TestPlatform.TestHostRuntimeProvider, Version=15.0.0.0, Culture=neutral, PublicKeyToken=b03f5f7f11d50a3a' inside file 'C:\Program Files\dotnet\sdk\8.0.202\Extensions\Microsoft.TestPlatform.TestHostRuntimeProvider.dll'
TpTrace Information: 0 : 5812, 1, 2024/04/24, 22:10:37.779, 460805697018, vstest.console.dll, GetTestExtensionFromType: Register extension with identifier data 'HostProvider://DotnetTestHost' and type 'Microsoft.VisualStudio.TestPlatform.CrossPlatEngine.Hosting.DotnetTestHostManager, Microsoft.TestPlatform.TestHostRuntimeProvider, Version=15.0.0.0, Culture=neutral, PublicKeyToken=b03f5f7f11d50a3a' inside file 'C:\Program Files\dotnet\sdk\8.0.202\Extensions\Microsoft.TestPlatform.TestHostRuntimeProvider.dll'
TpTrace Information: 0 : 5812, 1, 2024/04/24, 22:10:37.779, 460805697846, vstest.console.dll, AssemblyResolver.OnResolve: Microsoft.VisualStudio.TestPlatform.Extensions.Html.TestLogger: Resolving assembly.
TpTrace Information: 0 : 5812, 1, 2024/04/24, 22:10:37.780, 460805698748, vstest.console.dll, AssemblyResolver.OnResolve: Microsoft.VisualStudio.TestPlatform.Extensions.Html.TestLogger: Searching in: 'C:\Program Files\dotnet\sdk\8.0.202\Extensions'.
TpTrace Information: 0 : 5812, 1, 2024/04/24, 22:10:37.780, 460805704071, vstest.console.dll, AssemblyResolver.OnResolve: Microsoft.VisualStudio.TestPlatform.Extensions.Html.TestLogger: Loading assembly 'C:\Program Files\dotnet\sdk\8.0.202\Extensions\Microsoft.VisualStudio.TestPlatform.Extensions.Html.TestLogger.dll'.
TpTrace Information: 0 : 5812, 1, 2024/04/24, 22:10:37.781, 460805711191, vstest.console.dll, AssemblyResolver.OnResolve: Resolved assembly: Microsoft.VisualStudio.TestPlatform.Extensions.Html.TestLogger, from path: C:\Program Files\dotnet\sdk\8.0.202\Extensions\Microsoft.VisualStudio.TestPlatform.Extensions.Html.TestLogger.dll
TpTrace Verbose: 0 : 5812, 1, 2024/04/24, 22:10:37.781, 460805712078, vstest.console.dll, MetadataReaderExtensionsHelper: Discovering extensions inside assembly 'Microsoft.VisualStudio.TestPlatform.Extensions.Html.TestLogger, Version=15.0.0.0, Culture=neutral, PublicKeyToken=b03f5f7f11d50a3a' file path 'C:\Program Files\dotnet\sdk\8.0.202\Extensions\Microsoft.VisualStudio.TestPlatform.Extensions.Html.TestLogger.dll'
TpTrace Information: 0 : 5812, 1, 2024/04/24, 22:10:37.782, 460805724300, vstest.console.dll, AssemblyResolver.OnResolve: Microsoft.VisualStudio.TestPlatform.Extensions.Trx.TestLogger: Resolving assembly.
TpTrace Information: 0 : 5812, 1, 2024/04/24, 22:10:37.782, 460805724806, vstest.console.dll, AssemblyResolver.OnResolve: Microsoft.VisualStudio.TestPlatform.Extensions.Trx.TestLogger: Searching in: 'C:\Program Files\dotnet\sdk\8.0.202\Extensions'.
TpTrace Information: 0 : 5812, 1, 2024/04/24, 22:10:37.783, 460805730542, vstest.console.dll, AssemblyResolver.OnResolve: Microsoft.VisualStudio.TestPlatform.Extensions.Trx.TestLogger: Loading assembly 'C:\Program Files\dotnet\sdk\8.0.202\Extensions\Microsoft.VisualStudio.TestPlatform.Extensions.Trx.TestLogger.dll'.
TpTrace Information: 0 : 5812, 1, 2024/04/24, 22:10:37.783, 460805736668, vstest.console.dll, AssemblyResolver.OnResolve: Resolved assembly: Microsoft.VisualStudio.TestPlatform.Extensions.Trx.TestLogger, from path: C:\Program Files\dotnet\sdk\8.0.202\Extensions\Microsoft.VisualStudio.TestPlatform.Extensions.Trx.TestLogger.dll
TpTrace Verbose: 0 : 5812, 1, 2024/04/24, 22:10:37.783, 460805737537, vstest.console.dll, MetadataReaderExtensionsHelper: Discovering extensions inside assembly 'Microsoft.VisualStudio.TestPlatform.Extensions.Trx.TestLogger, Version=15.0.0.0, Culture=neutral, PublicKeyToken=b03f5f7f11d50a3a' file path 'C:\Program Files\dotnet\sdk\8.0.202\Extensions\Microsoft.VisualStudio.TestPlatform.Extensions.Trx.TestLogger.dll'
TpTrace Verbose: 0 : 5812, 1, 2024/04/24, 22:10:37.785, 460805749727, vstest.console.dll, TestPluginCache: Discovered the extensions using extension path ''.
TpTrace Verbose: 0 : 5812, 1, 2024/04/24, 22:10:37.785, 460805750463, vstest.console.dll, TestPluginCache: Discoverers are ''.
TpTrace Verbose: 0 : 5812, 1, 2024/04/24, 22:10:37.785, 460805750668, vstest.console.dll, TestPluginCache: Executors are ''.
TpTrace Verbose: 0 : 5812, 1, 2024/04/24, 22:10:37.785, 460805750849, vstest.console.dll, TestPluginCache: Executors2 are ''.
TpTrace Verbose: 0 : 5812, 1, 2024/04/24, 22:10:37.785, 460805751025, vstest.console.dll, TestPluginCache: Setting providers are ''.
TpTrace Verbose: 0 : 5812, 1, 2024/04/24, 22:10:37.785, 460805751201, vstest.console.dll, TestPluginCache: Loggers are ''.
TpTrace Verbose: 0 : 5812, 1, 2024/04/24, 22:10:37.785, 460805752774, vstest.console.dll, TestPluginCache: TestHosts are 'HostProvider://DefaultTestHost,HostProvider://DotnetTestHost'.
TpTrace Verbose: 0 : 5812, 1, 2024/04/24, 22:10:37.785, 460805753063, vstest.console.dll, TestPluginCache: DataCollectors are ''.
TpTrace Information: 0 : 5812, 1, 2024/04/24, 22:10:37.799, 460805894510, vstest.console.dll, RunTestsArgumentProcessor:Execute: Test run is starting.
TpTrace Verbose: 0 : 5812, 1, 2024/04/24, 22:10:37.799, 460805895714, vstest.console.dll, RunTestsArgumentProcessor:Execute: Queuing Test run.
TpTrace Information: 0 : 5812, 1, 2024/04/24, 22:10:37.799, 460805897915, vstest.console.dll, TestRequestManager.RunTests: run tests started.
TpTrace Information: 0 : 5812, 1, 2024/04/24, 22:10:37.801, 460805910776, vstest.console.dll, AssemblyMetadataProvider.GetFrameworkName: Determined framework:'.NETCoreApp,Version=v6.0' for source: 'C:\Users\VC\source\repos\Day11\SoppingAppSolution\ShoppingDALTesting\bin\Debug\net6.0\fine-code-coverage\build-output\ShoppingDALTesting.dll'
TpTrace Information: 0 : 5812, 1, 2024/04/24, 22:10:37.801, 460805914175, vstest.console.dll, Determined framework for all sources: .NETCoreApp,Version=v6.0
TpTrace Verbose: 0 : 5812, 1, 2024/04/24, 22:10:37.802, 460805918999, vstest.console.dll, TestRequestManager.UpdateRunSettingsIfRequired: Default architecture: X64 IsDefaultTargetArchitecture: True, Current process architecture: X64 OperatingSystem: Windows.
TpTrace Information: 0 : 5812, 1, 2024/04/24, 22:10:37.803, 460805935826, vstest.console.dll, AssemblyMetadataProvider.GetArchitecture: Determined architecture:AnyCPU info for assembly: C:\Users\VC\source\repos\Day11\SoppingAppSolution\ShoppingDALTesting\bin\Debug\net6.0\fine-code-coverage\build-output\ShoppingDALTesting.dll
TpTrace Information: 0 : 5812, 1, 2024/04/24, 22:10:37.803, 460805936390, vstest.console.dll, Determined platform for source 'C:\Users\VC\source\repos\Day11\SoppingAppSolution\ShoppingDALTesting\bin\Debug\net6.0\fine-code-coverage\build-output\ShoppingDALTesting.dll' was AnyCPU and it will use the default plaform X64.
TpTrace Information: 0 : 5812, 1, 2024/04/24, 22:10:37.803, 460805936618, vstest.console.dll, None of the sources provided any runnable platform, using the default platform: X64
TpTrace Information: 0 : 5812, 1, 2024/04/24, 22:10:37.803, 460805937428, vstest.console.dll, Platform was updated to 'X64'.
TpTrace Information: 0 : 5812, 1, 2024/04/24, 22:10:37.807, 460805974996, vstest.console.dll, InferRunSettingsHelper.IsTestSettingsEnabled: Unable to navigate to RunSettings/MSTest. Current node: RunSettings
TpTrace Information: 0 : 5812, 1, 2024/04/24, 22:10:37.808, 460805981361, vstest.console.dll, AssemblyResolver.OnResolve: Microsoft.VisualStudio.TestPlatform.Fakes: Resolving assembly.
TpTrace Information: 0 : 5812, 1, 2024/04/24, 22:10:37.808, 460805982087, vstest.console.dll, AssemblyResolver.OnResolve: Microsoft.VisualStudio.TestPlatform.Fakes: Searching in: 'C:\Program Files\dotnet\sdk\8.0.202\Extensions'.
TpTrace Information: 0 : 5812, 1, 2024/04/24, 22:10:37.808, 460805983265, vstest.console.dll, AssemblyResolver.OnResolve: Microsoft.VisualStudio.TestPlatform.Fakes: Assembly path does not exist: 'C:\Program Files\dotnet\sdk\8.0.202\Extensions\Microsoft.VisualStudio.TestPlatform.Fakes.dll', returning.
TpTrace Information: 0 : 5812, 1, 2024/04/24, 22:10:37.808, 460805984463, vstest.console.dll, AssemblyResolver.OnResolve: Microsoft.VisualStudio.TestPlatform.Fakes: Assembly path does not exist: 'C:\Program Files\dotnet\sdk\8.0.202\Extensions\Microsoft.VisualStudio.TestPlatform.Fakes.exe', returning.
TpTrace Information: 0 : 5812, 1, 2024/04/24, 22:10:37.808, 460805984810, vstest.console.dll, AssemblyResolver.OnResolve: Microsoft.VisualStudio.TestPlatform.Fakes: Searching in: 'C:\Program Files\dotnet\sdk\8.0.202'.
TpTrace Information: 0 : 5812, 1, 2024/04/24, 22:10:37.808, 460805985837, vstest.console.dll, AssemblyResolver.OnResolve: Microsoft.VisualStudio.TestPlatform.Fakes: Assembly path does not exist: 'C:\Program Files\dotnet\sdk\8.0.202\Microsoft.VisualStudio.TestPlatform.Fakes.dll', returning.
TpTrace Information: 0 : 5812, 1, 2024/04/24, 22:10:37.808, 460805986546, vstest.console.dll, AssemblyResolver.OnResolve: Microsoft.VisualStudio.TestPlatform.Fakes: Assembly path does not exist: 'C:\Program Files\dotnet\sdk\8.0.202\Microsoft.VisualStudio.TestPlatform.Fakes.exe', returning.
TpTrace Information: 0 : 5812, 1, 2024/04/24, 22:10:37.808, 460805986797, vstest.console.dll, AssemblyResolver.OnResolve: Microsoft.VisualStudio.TestPlatform.Fakes: Failed to load assembly.
TpTrace Information: 0 : 5812, 1, 2024/04/24, 22:10:37.809, 460805989569, vstest.console.dll, Failed to load assembly Microsoft.VisualStudio.TestPlatform.Fakes, Version=17.0.0.0, Culture=neutral. Reason:System.IO.FileNotFoundException: Could not load file or assembly 'Microsoft.VisualStudio.TestPlatform.Fakes, Version=17.0.0.0, Culture=neutral, PublicKeyToken=null'. The system cannot find the file specified.
File name: 'Microsoft.VisualStudio.TestPlatform.Fakes, Version=17.0.0.0, Culture=neutral, PublicKeyToken=null'
   at System.Reflection.RuntimeAssembly.InternalLoad(AssemblyName assemblyName, StackCrawlMark& stackMark, AssemblyLoadContext assemblyLoadContext, RuntimeAssembly requestingAssembly, Boolean throwOnFileNotFound)
   at System.Reflection.Assembly.Load(AssemblyName assemblyRef)
   at Microsoft.VisualStudio.TestPlatform.Common.Utilities.FakesUtilities.LoadTestPlatformAssembly() in /_/src/Microsoft.TestPlatform.Common/Utilities/FakesUtilities.cs:line 272
TpTrace Verbose: 0 : 5812, 1, 2024/04/24, 22:10:37.812, 460806024381, vstest.console.dll, TestPluginCache.DiscoverTestExtensions: finding test extensions in assemblies ends with: TestLogger.dll TPluginInfo: Microsoft.VisualStudio.TestPlatform.Common.ExtensionFramework.Utilities.TestLoggerPluginInformation TExtension: Microsoft.VisualStudio.TestPlatform.ObjectModel.Client.ITestLogger
TpTrace Verbose: 0 : 5812, 1, 2024/04/24, 22:10:37.812, 460806025582, vstest.console.dll, TestPluginCache.GetExtensionPaths: Filtered extension paths: 
TpTrace Verbose: 0 : 5812, 1, 2024/04/24, 22:10:37.812, 460806025936, vstest.console.dll, TestPluginCache.GetExtensionPaths: Added default extension paths: C:\Program Files\dotnet\sdk\8.0.202\Extensions\Microsoft.Diagnostics.NETCore.Client.dll
C:\Program Files\dotnet\sdk\8.0.202\Extensions\Microsoft.TestPlatform.Extensions.BlameDataCollector.dll
C:\Program Files\dotnet\sdk\8.0.202\Extensions\Microsoft.TestPlatform.Extensions.EventLogCollector.dll
C:\Program Files\dotnet\sdk\8.0.202\Extensions\Microsoft.TestPlatform.TestHostRuntimeProvider.dll
C:\Program Files\dotnet\sdk\8.0.202\Extensions\Microsoft.VisualStudio.TestPlatform.Extensions.Html.TestLogger.dll
C:\Program Files\dotnet\sdk\8.0.202\Extensions\Microsoft.VisualStudio.TestPlatform.Extensions.Trx.TestLogger.dll
TpTrace Verbose: 0 : 5812, 1, 2024/04/24, 22:10:37.812, 460806026232, vstest.console.dll, TestPluginCache.GetExtensionPaths: Added unfilterableExtensionPaths: 
TpTrace Information: 0 : 5812, 1, 2024/04/24, 22:10:37.812, 460806027817, vstest.console.dll, AssemblyResolver.AddSearchDirectories: Adding more searchDirectories C:\Program Files\dotnet\sdk\8.0.202\Extensions,C:\Program Files\dotnet\sdk\8.0.202
TpTrace Verbose: 0 : 5812, 1, 2024/04/24, 22:10:37.813, 460806028296, vstest.console.dll, TestPluginCache.DiscoverTestExtensions: Discovering the extensions using extension path.
TpTrace Verbose: 0 : 5812, 1, 2024/04/24, 22:10:37.813, 460806028636, vstest.console.dll, TestPluginCache.GetExtensionPaths: Filtered extension paths: 
TpTrace Verbose: 0 : 5812, 1, 2024/04/24, 22:10:37.813, 460806028976, vstest.console.dll, TestPluginCache.GetExtensionPaths: Added default extension paths: C:\Program Files\dotnet\sdk\8.0.202\Extensions\Microsoft.Diagnostics.NETCore.Client.dll
C:\Program Files\dotnet\sdk\8.0.202\Extensions\Microsoft.TestPlatform.Extensions.BlameDataCollector.dll
C:\Program Files\dotnet\sdk\8.0.202\Extensions\Microsoft.TestPlatform.Extensions.EventLogCollector.dll
C:\Program Files\dotnet\sdk\8.0.202\Extensions\Microsoft.TestPlatform.TestHostRuntimeProvider.dll
C:\Program Files\dotnet\sdk\8.0.202\Extensions\Microsoft.VisualStudio.TestPlatform.Extensions.Html.TestLogger.dll
C:\Program Files\dotnet\sdk\8.0.202\Extensions\Microsoft.VisualStudio.TestPlatform.Extensions.Trx.TestLogger.dll
TpTrace Verbose: 0 : 5812, 1, 2024/04/24, 22:10:37.813, 460806029306, vstest.console.dll, TestPluginCache.GetExtensionPaths: Added unfilterableExtensionPaths: 
TpTrace Verbose: 0 : 5812, 1, 2024/04/24, 22:10:37.813, 460806029634, vstest.console.dll, TestPluginCache.DiscoverTestExtensions: Discovering the extensions using allExtensionPaths: C:\Program Files\dotnet\sdk\8.0.202\Extensions\Microsoft.Diagnostics.NETCore.Client.dll
C:\Program Files\dotnet\sdk\8.0.202\Extensions\Microsoft.TestPlatform.Extensions.BlameDataCollector.dll
C:\Program Files\dotnet\sdk\8.0.202\Extensions\Microsoft.TestPlatform.Extensions.EventLogCollector.dll
C:\Program Files\dotnet\sdk\8.0.202\Extensions\Microsoft.TestPlatform.TestHostRuntimeProvider.dll
C:\Program Files\dotnet\sdk\8.0.202\Extensions\Microsoft.VisualStudio.TestPlatform.Extensions.Html.TestLogger.dll
C:\Program Files\dotnet\sdk\8.0.202\Extensions\Microsoft.VisualStudio.TestPlatform.Extensions.Trx.TestLogger.dll
TpTrace Information: 0 : 5812, 1, 2024/04/24, 22:10:37.813, 460806030140, vstest.console.dll, AssemblyResolver.AddSearchDirectories: Adding more searchDirectories C:\Program Files\dotnet\sdk\8.0.202\Extensions,C:\Program Files\dotnet\sdk\8.0.202
TpTrace Information: 0 : 5812, 1, 2024/04/24, 22:10:37.813, 460806030521, vstest.console.dll, AssemblyResolver.AddSearchDirectories: Adding more searchDirectories C:\Program Files\dotnet\sdk\8.0.202\Extensions,C:\Program Files\dotnet\sdk\8.0.202
TpTrace Information: 0 : 5812, 1, 2024/04/24, 22:10:37.813, 460806030819, vstest.console.dll, AssemblyResolver.AddSearchDirectories: Adding more searchDirectories C:\Program Files\dotnet\sdk\8.0.202\Extensions,C:\Program Files\dotnet\sdk\8.0.202
TpTrace Information: 0 : 5812, 1, 2024/04/24, 22:10:37.813, 460806031107, vstest.console.dll, AssemblyResolver.AddSearchDirectories: Adding more searchDirectories C:\Program Files\dotnet\sdk\8.0.202\Extensions,C:\Program Files\dotnet\sdk\8.0.202
TpTrace Information: 0 : 5812, 1, 2024/04/24, 22:10:37.813, 460806031400, vstest.console.dll, AssemblyResolver.AddSearchDirectories: Adding more searchDirectories C:\Program Files\dotnet\sdk\8.0.202\Extensions,C:\Program Files\dotnet\sdk\8.0.202
TpTrace Information: 0 : 5812, 1, 2024/04/24, 22:10:37.813, 460806031736, vstest.console.dll, AssemblyResolver.AddSearchDirectories: Adding more searchDirectories C:\Program Files\dotnet\sdk\8.0.202\Extensions,C:\Program Files\dotnet\sdk\8.0.202
TpTrace Verbose: 0 : 5812, 1, 2024/04/24, 22:10:37.813, 460806033434, vstest.console.dll, MetadataReaderExtensionsHelper: Discovering extensions inside assembly 'Microsoft.Diagnostics.NETCore.Client, Version=0.2.9.2401, Culture=neutral, PublicKeyToken=31bf3856ad364e35' file path 'C:\Program Files\dotnet\sdk\8.0.202\Extensions\Microsoft.Diagnostics.NETCore.Client.dll'
TpTrace Information: 0 : 5812, 1, 2024/04/24, 22:10:37.815, 460806056258, vstest.console.dll, AssemblyResolver.OnResolve: Microsoft.Bcl.AsyncInterfaces: Resolving assembly.
TpTrace Information: 0 : 5812, 1, 2024/04/24, 22:10:37.815, 460806057259, vstest.console.dll, AssemblyResolver.OnResolve: Microsoft.Bcl.AsyncInterfaces: Resolved from cache.
TpTrace Verbose: 0 : 5812, 1, 2024/04/24, 22:10:37.815, 460806057660, vstest.console.dll, CurrentDomainAssemblyResolve: Resolving assembly 'Microsoft.Bcl.AsyncInterfaces'.
TpTrace Information: 0 : 5812, 1, 2024/04/24, 22:10:37.816, 460806058425, vstest.console.dll, AssemblyResolver.OnResolve: Microsoft.Bcl.AsyncInterfaces: Resolving assembly.
TpTrace Information: 0 : 5812, 1, 2024/04/24, 22:10:37.816, 460806058886, vstest.console.dll, AssemblyResolver.OnResolve: Microsoft.Bcl.AsyncInterfaces: Resolved from cache.
TpTrace Verbose: 0 : 5812, 1, 2024/04/24, 22:10:37.816, 460806059250, vstest.console.dll, CurrentDomainAssemblyResolve: Resolving assembly 'Microsoft.Bcl.AsyncInterfaces'.
TpTrace Verbose: 0 : 5812, 1, 2024/04/24, 22:10:37.816, 460806059614, vstest.console.dll, CurrentDomainAssemblyResolve: Failed to resolve assembly 'Microsoft.Bcl.AsyncInterfaces'.
TpTrace Verbose: 0 : 5812, 1, 2024/04/24, 22:10:37.816, 460806061857, vstest.console.dll, CurrentDomainAssemblyResolve: Failed to resolve assembly 'Microsoft.Bcl.AsyncInterfaces'.
TpTrace Warning: 0 : 5812, 1, 2024/04/24, 22:10:37.817, 460806070371, vstest.console.dll, TestPluginDiscoverer: Failed to get types from assembly 'Microsoft.Diagnostics.NETCore.Client, Version=0.2.9.2401, Culture=neutral, PublicKeyToken=31bf3856ad364e35'. Error: System.Reflection.ReflectionTypeLoadException: Unable to load one or more of the requested types.
Could not load file or assembly 'Microsoft.Bcl.AsyncInterfaces, Version=6.0.0.0, Culture=neutral, PublicKeyToken=cc7b13ffcd2ddd51'. The system cannot find the file specified.
   at System.Reflection.RuntimeModule.GetTypes(RuntimeModule module)
   at System.Reflection.RuntimeModule.GetTypes()
   at Microsoft.VisualStudio.TestPlatform.Common.ExtensionFramework.TestPluginDiscoverer.GetTestExtensionsFromAssembly[TPluginInfo,TExtension](Assembly assembly, Dictionary`2 pluginInfos, String filePath) in /_/src/Microsoft.TestPlatform.Common/ExtensionFramework/TestPluginDiscoverer.cs:line 158
System.IO.FileNotFoundException: Could not load file or assembly 'Microsoft.Bcl.AsyncInterfaces, Version=6.0.0.0, Culture=neutral, PublicKeyToken=cc7b13ffcd2ddd51'. The system cannot find the file specified.
File name: 'Microsoft.Bcl.AsyncInterfaces, Version=6.0.0.0, Culture=neutral, PublicKeyToken=cc7b13ffcd2ddd51'
 ---> System.IO.FileNotFoundException: Could not load file or assembly 'Microsoft.Bcl.AsyncInterfaces, Culture=neutral, PublicKeyToken=null'. The system cannot find the file specified.
File name: 'Microsoft.Bcl.AsyncInterfaces, Culture=neutral, PublicKeyToken=null'
   at System.Reflection.RuntimeAssembly.InternalLoad(AssemblyName assemblyName, StackCrawlMark& stackMark, AssemblyLoadContext assemblyLoadContext, RuntimeAssembly requestingAssembly, Boolean throwOnFileNotFound)
   at System.Reflection.Assembly.Load(AssemblyName assemblyRef)
   at Microsoft.VisualStudio.TestPlatform.Common.ExtensionFramework.TestPluginCache.CurrentDomainAssemblyResolve(Object sender, AssemblyResolveEventArgs args) in /_/src/Microsoft.TestPlatform.Common/ExtensionFramework/TestPluginCache.cs:line 513
   at System.Runtime.Loader.AssemblyLoadContext.GetFirstResolvedAssemblyFromResolvingEvent(AssemblyName assemblyName)
   at System.Runtime.Loader.AssemblyLoadContext.ResolveUsingEvent(AssemblyName assemblyName)
   at System.Runtime.Loader.AssemblyLoadContext.ResolveUsingResolvingEvent(IntPtr gchManagedAssemblyLoadContext, AssemblyName assemblyName)
TpTrace Warning: 0 : 5812, 1, 2024/04/24, 22:10:37.817, 460806073197, vstest.console.dll, LoaderExceptions: System.IO.FileNotFoundException: Could not load file or assembly 'Microsoft.Bcl.AsyncInterfaces, Version=6.0.0.0, Culture=neutral, PublicKeyToken=cc7b13ffcd2ddd51'. The system cannot find the file specified.
File name: 'Microsoft.Bcl.AsyncInterfaces, Version=6.0.0.0, Culture=neutral, PublicKeyToken=cc7b13ffcd2ddd51'
 ---> System.IO.FileNotFoundException: Could not load file or assembly 'Microsoft.Bcl.AsyncInterfaces, Culture=neutral, PublicKeyToken=null'. The system cannot find the file specified.
File name: 'Microsoft.Bcl.AsyncInterfaces, Culture=neutral, PublicKeyToken=null'
   at System.Reflection.RuntimeAssembly.InternalLoad(AssemblyName assemblyName, StackCrawlMark& stackMark, AssemblyLoadContext assemblyLoadContext, RuntimeAssembly requestingAssembly, Boolean throwOnFileNotFound)
   at System.Reflection.Assembly.Load(AssemblyName assemblyRef)
   at Microsoft.VisualStudio.TestPlatform.Common.ExtensionFramework.TestPluginCache.CurrentDomainAssemblyResolve(Object sender, AssemblyResolveEventArgs args) in /_/src/Microsoft.TestPlatform.Common/ExtensionFramework/TestPluginCache.cs:line 513
   at System.Runtime.Loader.AssemblyLoadContext.GetFirstResolvedAssemblyFromResolvingEvent(AssemblyName assemblyName)
   at System.Runtime.Loader.AssemblyLoadContext.ResolveUsingEvent(AssemblyName assemblyName)
   at System.Runtime.Loader.AssemblyLoadContext.ResolveUsingResolvingEvent(IntPtr gchManagedAssemblyLoadContext, AssemblyName assemblyName)
TpTrace Verbose: 0 : 5812, 1, 2024/04/24, 22:10:37.817, 460806074326, vstest.console.dll, MetadataReaderExtensionsHelper: Discovering extensions inside assembly 'Microsoft.TestPlatform.Extensions.BlameDataCollector, Version=15.0.0.0, Culture=neutral, PublicKeyToken=b03f5f7f11d50a3a' file path 'C:\Program Files\dotnet\sdk\8.0.202\Extensions\Microsoft.TestPlatform.Extensions.BlameDataCollector.dll'
TpTrace Information: 0 : 5812, 1, 2024/04/24, 22:10:37.818, 460806087444, vstest.console.dll, GetTestExtensionFromType: Register extension with identifier data 'logger://Microsoft/TestPlatform/Extensions/Blame/v1' and type 'Microsoft.TestPlatform.Extensions.BlameDataCollector.BlameLogger, Microsoft.TestPlatform.Extensions.BlameDataCollector, Version=15.0.0.0, Culture=neutral, PublicKeyToken=b03f5f7f11d50a3a' inside file 'C:\Program Files\dotnet\sdk\8.0.202\Extensions\Microsoft.TestPlatform.Extensions.BlameDataCollector.dll'
TpTrace Verbose: 0 : 5812, 1, 2024/04/24, 22:10:37.819, 460806088396, vstest.console.dll, MetadataReaderExtensionsHelper: Discovering extensions inside assembly 'Microsoft.TestPlatform.Extensions.EventLogCollector, Version=15.0.0.0, Culture=neutral, PublicKeyToken=b03f5f7f11d50a3a' file path 'C:\Program Files\dotnet\sdk\8.0.202\Extensions\Microsoft.TestPlatform.Extensions.EventLogCollector.dll'
TpTrace Verbose: 0 : 5812, 1, 2024/04/24, 22:10:37.819, 460806097632, vstest.console.dll, MetadataReaderExtensionsHelper: Discovering extensions inside assembly 'Microsoft.TestPlatform.TestHostRuntimeProvider, Version=15.0.0.0, Culture=neutral, PublicKeyToken=b03f5f7f11d50a3a' file path 'C:\Program Files\dotnet\sdk\8.0.202\Extensions\Microsoft.TestPlatform.TestHostRuntimeProvider.dll'
TpTrace Verbose: 0 : 5812, 1, 2024/04/24, 22:10:37.820, 460806104648, vstest.console.dll, MetadataReaderExtensionsHelper: Discovering extensions inside assembly 'Microsoft.VisualStudio.TestPlatform.Extensions.Html.TestLogger, Version=15.0.0.0, Culture=neutral, PublicKeyToken=b03f5f7f11d50a3a' file path 'C:\Program Files\dotnet\sdk\8.0.202\Extensions\Microsoft.VisualStudio.TestPlatform.Extensions.Html.TestLogger.dll'
TpTrace Information: 0 : 5812, 1, 2024/04/24, 22:10:37.822, 460806119810, vstest.console.dll, GetTestExtensionFromType: Register extension with identifier data 'logger://Microsoft/TestPlatform/HtmlLogger/v1' and type 'Microsoft.VisualStudio.TestPlatform.Extensions.HtmlLogger.HtmlLogger, Microsoft.VisualStudio.TestPlatform.Extensions.Html.TestLogger, Version=15.0.0.0, Culture=neutral, PublicKeyToken=b03f5f7f11d50a3a' inside file 'C:\Program Files\dotnet\sdk\8.0.202\Extensions\Microsoft.VisualStudio.TestPlatform.Extensions.Html.TestLogger.dll'
TpTrace Verbose: 0 : 5812, 1, 2024/04/24, 22:10:37.822, 460806120801, vstest.console.dll, MetadataReaderExtensionsHelper: Discovering extensions inside assembly 'Microsoft.VisualStudio.TestPlatform.Extensions.Trx.TestLogger, Version=15.0.0.0, Culture=neutral, PublicKeyToken=b03f5f7f11d50a3a' file path 'C:\Program Files\dotnet\sdk\8.0.202\Extensions\Microsoft.VisualStudio.TestPlatform.Extensions.Trx.TestLogger.dll'
TpTrace Information: 0 : 5812, 1, 2024/04/24, 22:10:37.823, 460806132446, vstest.console.dll, GetTestExtensionFromType: Register extension with identifier data 'logger://Microsoft/TestPlatform/TrxLogger/v1' and type 'Microsoft.VisualStudio.TestPlatform.Extensions.TrxLogger.TrxLogger, Microsoft.VisualStudio.TestPlatform.Extensions.Trx.TestLogger, Version=15.0.0.0, Culture=neutral, PublicKeyToken=b03f5f7f11d50a3a' inside file 'C:\Program Files\dotnet\sdk\8.0.202\Extensions\Microsoft.VisualStudio.TestPlatform.Extensions.Trx.TestLogger.dll'
TpTrace Verbose: 0 : 5812, 1, 2024/04/24, 22:10:37.823, 460806133491, vstest.console.dll, TestPluginCache: Discovered the extensions using extension path ''.
TpTrace Verbose: 0 : 5812, 1, 2024/04/24, 22:10:37.823, 460806133981, vstest.console.dll, TestPluginCache: Discoverers are ''.
TpTrace Verbose: 0 : 5812, 1, 2024/04/24, 22:10:37.823, 460806134269, vstest.console.dll, TestPluginCache: Executors are ''.
TpTrace Verbose: 0 : 5812, 1, 2024/04/24, 22:10:37.823, 460806134548, vstest.console.dll, TestPluginCache: Executors2 are ''.
TpTrace Verbose: 0 : 5812, 1, 2024/04/24, 22:10:37.823, 460806134794, vstest.console.dll, TestPluginCache: Setting providers are ''.
TpTrace Verbose: 0 : 5812, 1, 2024/04/24, 22:10:37.823, 460806135770, vstest.console.dll, TestPluginCache: Loggers are 'logger://Microsoft/TestPlatform/Extensions/Blame/v1,logger://Microsoft/TestPlatform/HtmlLogger/v1,logger://Microsoft/TestPlatform/TrxLogger/v1'.
TpTrace Verbose: 0 : 5812, 1, 2024/04/24, 22:10:37.823, 460806136288, vstest.console.dll, TestPluginCache: TestHosts are 'HostProvider://DefaultTestHost,HostProvider://DotnetTestHost'.
TpTrace Verbose: 0 : 5812, 1, 2024/04/24, 22:10:37.823, 460806136657, vstest.console.dll, TestPluginCache: DataCollectors are ''.
TpTrace Information: 0 : 5812, 1, 2024/04/24, 22:10:37.824, 460806147205, vstest.console.dll, TestPluginManager.CreateTestExtension: Attempting to load test extension: Microsoft.TestPlatform.Extensions.BlameDataCollector.BlameLogger
TpTrace Verbose: 0 : 5812, 1, 2024/04/24, 22:10:37.834, 460806248033, vstest.console.dll, TestEngine: Initializing Parallel Execution as MaxCpuCount is set to: 1
TpTrace Information: 0 : 5812, 1, 2024/04/24, 22:10:37.836, 460806265836, vstest.console.dll, TestPluginManager.CreateTestExtension: Attempting to load test extension: Microsoft.VisualStudio.TestPlatform.CrossPlatEngine.Hosting.DefaultTestHostManager
TpTrace Information: 0 : 5812, 1, 2024/04/24, 22:10:37.838, 460806279097, vstest.console.dll, TestPluginManager.CreateTestExtension: Attempting to load test extension: Microsoft.VisualStudio.TestPlatform.CrossPlatEngine.Hosting.DotnetTestHostManager
TpTrace Information: 0 : 5812, 1, 2024/04/24, 22:10:37.838, 460806283891, vstest.console.dll, InferRunSettingsHelper.IsTestSettingsEnabled: Unable to navigate to RunSettings/MSTest. Current node: RunSettings
TpTrace Verbose: 0 : 5812, 1, 2024/04/24, 22:10:37.839, 460806290642, vstest.console.dll, ParallelOperationManager.ClearSlots: Clearing all slots. Slots should accept more work: True
TpTrace Verbose: 0 : 5812, 1, 2024/04/24, 22:10:37.840, 460806298414, vstest.console.dll, ParallelOperationManager.SetOccupiedSlotCount: Setting slot counts AvailableSlotCount = 1, OccupiedSlotCount = 0.
TpTrace Verbose: 0 : 5812, 1, 2024/04/24, 22:10:37.840, 460806301369, vstest.console.dll, Occupied slots:

TpTrace Verbose: 0 : 5812, 1, 2024/04/24, 22:10:37.843, 460806334584, vstest.console.dll, TestEngine.GetExecutionManager: Chosen execution manager 'Microsoft.VisualStudio.TestPlatform.CrossPlatEngine.Client.Parallel.ParallelProxyExecutionManager, Microsoft.TestPlatform.CrossPlatEngine, Version=15.0.0.0, Culture=neutral, PublicKeyToken=b03f5f7f11d50a3a' ParallelLevel '1'.
TpTrace Verbose: 0 : 5812, 1, 2024/04/24, 22:10:37.843, 460806335676, vstest.console.dll, TestRunRequest.ExecuteAsync: Creating test run request.
TpTrace Verbose: 0 : 5812, 1, 2024/04/24, 22:10:37.843, 460806337353, vstest.console.dll, TestRunRequest.ExecuteAsync: Starting.
TpTrace Information: 0 : 5812, 1, 2024/04/24, 22:10:37.845, 460806348544, vstest.console.dll, TestRunRequest.ExecuteAsync: Starting run with settings:TestRunCriteria:
   KeepAlive=False,FrequencyOfRunStatsChangeEvent=10,RunStatsChangeEventTimeout=00:00:01.5000000,TestCaseFilter=,TestExecutorLauncher=
   Settingsxml=<RunSettings>
  <RunConfiguration>
    <ResultsDirectory>C:\Users\VC\source\repos\Day11\SoppingAppSolution\ShoppingDALTesting\bin\Debug\net6.0\fine-code-coverage\coverage-tool-output</ResultsDirectory>
    <TargetPlatform>X64</TargetPlatform>
    <TargetFrameworkVersion>.NETCoreApp,Version=v6.0</TargetFrameworkVersion>
    <DesignMode>False</DesignMode>
    <CollectSourceInformation>False</CollectSourceInformation>
  </RunConfiguration>
  <LoggerRunSettings>
    <Loggers>
      <Logger friendlyName="blame" enabled="True" />
      <Logger friendlyName="Console" uri="logger://microsoft/TestPlatform/ConsoleLogger/v1" assemblyQualifiedName="Microsoft.VisualStudio.TestPlatform.CommandLine.Internal.ConsoleLogger, vstest.console, Version=15.0.0.0, Culture=neutral, PublicKeyToken=b03f5f7f11d50a3a" codeBase="C:\Program Files\dotnet\sdk\8.0.202\vstest.console.dll" enabled="True" />
    </Loggers>
  </LoggerRunSettings>
  <DataCollectionRunSettings>
    <DataCollectors>
      <DataCollector friendlyName="blame" enabled="True">
        <Configuration>
          <ResultsDirectory>C:\Users\VC\source\repos\Day11\SoppingAppSolution\ShoppingDALTesting\bin\Debug\net6.0\fine-code-coverage\coverage-tool-output</ResultsDirectory>
        </Configuration>
      </DataCollector>
    </DataCollectors>
  </DataCollectionRunSettings>
</RunSettings>

TpTrace Verbose: 0 : 5812, 1, 2024/04/24, 22:10:37.845, 460806349166, vstest.console.dll, TestRunRequest.ExecuteAsync: Wait for the first run request is over.
TpTrace Verbose: 0 : 5812, 1, 2024/04/24, 22:10:37.845, 460806352311, vstest.console.dll, MulticastDelegateUtilities.SafeInvoke: TestRun.TestRunStart: Invoking callbacks was skipped because there are no subscribers.
TpTrace Verbose: 0 : 5812, 4, 2024/04/24, 22:10:37.845, 460806354146, vstest.console.dll, MulticastDelegateUtilities.SafeInvoke: InternalTestLoggerEvents.SendTestRunStart: Invoking callback 1/1 for Microsoft.VisualStudio.TestPlatform.CommandLine.Internal.ConsoleLogger., took 0 ms.
TpTrace Verbose: 0 : 5812, 1, 2024/04/24, 22:10:37.846, 460806364074, vstest.console.dll, ParallelProxyExecutionManager: Start execution. Total sources: 1
TpTrace Verbose: 0 : 5812, 1, 2024/04/24, 22:10:37.846, 460806367348, vstest.console.dll, ParallelOperationManager.StartWork: Starting adding 1 workloads.
TpTrace Verbose: 0 : 5812, 1, 2024/04/24, 22:10:37.846, 460806367839, vstest.console.dll, ParallelOperationManager.ClearSlots: Clearing all slots. Slots should accept more work: True
TpTrace Verbose: 0 : 5812, 1, 2024/04/24, 22:10:37.847, 460806368339, vstest.console.dll, ParallelOperationManager.SetOccupiedSlotCount: Setting slot counts AvailableSlotCount = 1, OccupiedSlotCount = 0.
TpTrace Verbose: 0 : 5812, 1, 2024/04/24, 22:10:37.847, 460806368593, vstest.console.dll, Occupied slots:

TpTrace Verbose: 0 : 5812, 1, 2024/04/24, 22:10:37.848, 460806379588, vstest.console.dll, TestRequestSender is acting as server.
TpTrace Verbose: 0 : 5812, 1, 2024/04/24, 22:10:37.848, 460806388036, vstest.console.dll, ParallelOperationManager.RunWorkInParallel: Adding 1 workload to slot, remaining workloads 0.
TpTrace Verbose: 0 : 5812, 1, 2024/04/24, 22:10:37.849, 460806388503, vstest.console.dll, ParallelOperationManager.SetOccupiedSlotCount: Setting slot counts AvailableSlotCount = 0, OccupiedSlotCount = 1.
TpTrace Verbose: 0 : 5812, 1, 2024/04/24, 22:10:37.849, 460806389244, vstest.console.dll, Occupied slots:
0: C:\Users\VC\source\repos\Day11\SoppingAppSolution\ShoppingDALTesting\bin\Debug\net6.0\fine-code-coverage\build-output\ShoppingDALTesting.dll
TpTrace Verbose: 0 : 5812, 1, 2024/04/24, 22:10:37.850, 460806398633, vstest.console.dll, ParallelOperationManager.RunWorkInParallel: Started host in slot number 0 for work (source): C:\Users\VC\source\repos\Day11\SoppingAppSolution\ShoppingDALTesting\bin\Debug\net6.0\fine-code-coverage\build-output\ShoppingDALTesting.dll.
TpTrace Verbose: 0 : 5812, 1, 2024/04/24, 22:10:37.851, 460806408992, vstest.console.dll, ParallelOperationManager.RunWorkInParallel: We started 1 work items, which is the max parallel level. Won't start more work.
TpTrace Verbose: 0 : 5812, 1, 2024/04/24, 22:10:37.851, 460806409590, vstest.console.dll, ParallelOperationManager.RunWorkInParallel: We started 1 work items in here, returning True.
TpTrace Information: 0 : 5812, 1, 2024/04/24, 22:10:37.851, 460806409890, vstest.console.dll, TestRunRequest.ExecuteAsync: Started.
TpTrace Verbose: 0 : 5812, 5, 2024/04/24, 22:10:37.851, 460806411937, vstest.console.dll, ParallelProxyExecutionManager.StartTestRunOnConcurrentManager: Initializing uninitialized client. Started clients: 0
TpTrace Verbose: 0 : 5812, 5, 2024/04/24, 22:10:37.851, 460806413170, vstest.console.dll, DataCollectionRequestSender.InitializeCommunication : Initialize communication. 
TpTrace Verbose: 0 : 5812, 1, 2024/04/24, 22:10:37.851, 460806417552, vstest.console.dll, TestRunRequest.WaitForCompletion: Waiting with timeout -1.
TpTrace Information: 0 : 5812, 5, 2024/04/24, 22:10:37.858, 460806481139, vstest.console.dll, Listening on Endpoint : 127.0.0.1:61373
TpTrace Verbose: 0 : 5812, 5, 2024/04/24, 22:10:37.864, 460806545402, vstest.console.dll, DotnetDataCollectionLauncher: Adding  --runtimeconfig "C:\Program Files\dotnet\sdk\8.0.202\datacollector.runtimeconfig.json" in args
TpTrace Verbose: 0 : 5812, 5, 2024/04/24, 22:10:37.865, 460806548430, vstest.console.dll, DotnetDataCollectionLauncher: Adding  --depsfile "C:\Program Files\dotnet\sdk\8.0.202\datacollector.deps.json" in args
TpTrace Verbose: 0 : 5812, 5, 2024/04/24, 22:10:37.865, 460806551432, vstest.console.dll, DotnetDataCollectionLauncher: Full path of dotnet.exe is C:\Program Files\dotnet\dotnet.exe
TpTrace Information: 0 : 5812, 5, 2024/04/24, 22:10:37.871, 460806617124, vstest.console.dll, ProxyDataCollectionManager.Initialize: Launched datacollector processId: 26200 port: 61373
TpTrace Information: 0 : 5812, 5, 2024/04/24, 22:10:37.872, 460806620350, vstest.console.dll, ProxyDataCollectionManager.Initialize: waiting for connection with timeout: 90 seconds
TpTrace Verbose: 0 : 5812, 5, 2024/04/24, 22:10:37.872, 460806623417, vstest.console.dll, DataCollectionRequestSender.WaitForRequestHandlerConnection : Waiting for connection with timeout: 90000
TpTrace Verbose: 0 : 5812, 5, 2024/04/24, 22:10:38.028, 460808186270, vstest.console.dll, SocketCommunicationManager.WaitForClientConnection took: 156 ms, with 90000 ms timeout, and finished with True.
TpTrace Information: 0 : 5812, 7, 2024/04/24, 22:10:38.028, 460808186144, vstest.console.dll, Using the buffer size of 16384 bytes
TpTrace Verbose: 0 : 5812, 5, 2024/04/24, 22:10:38.028, 460808187871, vstest.console.dll, ProxyDataCollectionManager.InvokeDataCollectionServiceAction: Starting.
TpTrace Information: 0 : 5812, 7, 2024/04/24, 22:10:38.028, 460808187981, vstest.console.dll, Accepted Client request and set the flag
TpTrace Information: 0 : 5812, 5, 2024/04/24, 22:10:38.029, 460808188716, vstest.console.dll, ProxyDataCollectionManager.BeforeTestRunStart: Get environment variable and port for datacollector processId: 26200 port: 61373
TpTrace Verbose: 0 : 5812, 5, 2024/04/24, 22:10:38.029, 460808189714, vstest.console.dll, DataCollectionRequestSender.SendBeforeTestRunStartAndGetResult: Send BeforeTestRunStart message with settingsXml <RunSettings><RunConfiguration><ResultsDirectory>C:\Users\VC\source\repos\Day11\SoppingAppSolution\ShoppingDALTesting\bin\Debug\net6.0\fine-code-coverage\coverage-tool-output</ResultsDirectory><TargetPlatform>X64</TargetPlatform><TargetFrameworkVersion>.NETCoreApp,Version=v6.0</TargetFrameworkVersion><DesignMode>False</DesignMode><CollectSourceInformation>False</CollectSourceInformation><TestAdaptersPaths>C:\Program Files\dotnet\sdk\8.0.202\Extensions</TestAdaptersPaths></RunConfiguration><LoggerRunSettings><Loggers><Logger friendlyName="blame" enabled="True" /><Logger friendlyName="Console" uri="logger://microsoft/TestPlatform/ConsoleLogger/v1" assemblyQualifiedName="Microsoft.VisualStudio.TestPlatform.CommandLine.Internal.ConsoleLogger, vstest.console, Version=15.0.0.0, Culture=neutral, PublicKeyToken=b03f5f7f11d50a3a" codeBase="C:\Program Files\dotnet\sdk\8.0.202\vstest.console.dll" enabled="True" /></Loggers></LoggerRunSettings><DataCollectionRunSettings><DataCollectors><DataCollector friendlyName="blame" enabled="True"><Configuration><ResultsDirectory>C:\Users\VC\source\repos\Day11\SoppingAppSolution\ShoppingDALTesting\bin\Debug\net6.0\fine-code-coverage\coverage-tool-output</ResultsDirectory></Configuration></DataCollector></DataCollectors></DataCollectionRunSettings></RunSettings> and sources System.Collections.Generic.List`1[System.String]: 
TpTrace Verbose: 0 : 5812, 5, 2024/04/24, 22:10:38.084, 460808738311, vstest.console.dll, DataCollectionRequestSender.SendBeforeTestRunStartAndGetResult: Received message: (DataCollection.SendMessage) -> {"MessageType":"DataCollection.SendMessage","Payload":{"FriendlyName":null,"Uri":null,"TestCaseId":"00000000-0000-0000-0000-000000000000","Message":"Logging DataCollector Diagnostics in file: C:\\Users\\VC\\source\\repos\\Day11\\SoppingAppSolution\\ShoppingDALTesting\\bin\\Debug\\net6.0\\fine-code-coverage\\coverage-tool-output\\diagnostics.datacollector.24-04-24_22-10-37_86417_5.log","Level":0}}
TpTrace Verbose: 0 : 5812, 5, 2024/04/24, 22:10:38.163, 460809531493, vstest.console.dll, DataCollectionRequestSender.SendBeforeTestRunStartAndGetResult: Received message: (DataCollection.BeforeTestRunStartResult) -> {"MessageType":"DataCollection.BeforeTestRunStartResult","Payload":{"EnvironmentVariables":{},"DataCollectionEventsPort":61378}}
TpTrace Information: 0 : 5812, 5, 2024/04/24, 22:10:38.167, 460809573557, vstest.console.dll, ProxyDataCollectionManager.BeforeTestRunStart: SendBeforeTestRunStartAndGetResult successful, env variable from datacollector:   and testhost port: 61378
TpTrace Information: 0 : 5812, 5, 2024/04/24, 22:10:38.167, 460809574393, vstest.console.dll, ProxyDataCollectionManager.InvokeDataCollectionServiceAction: Completed.
TpTrace Verbose: 0 : 5812, 5, 2024/04/24, 22:10:38.167, 460809574717, vstest.console.dll, ParallelProxyExecutionManager.StartTestRunOnConcurrentManager: Initializing test run. Started clients: 0
TpTrace Verbose: 0 : 5812, 5, 2024/04/24, 22:10:38.167, 460809575417, vstest.console.dll, ProxyExecutionManager: Test host is always Lazy initialize.
TpTrace Verbose: 0 : 5812, 5, 2024/04/24, 22:10:38.167, 460809577191, vstest.console.dll, TestRequestSender.InitializeCommunication: initialize communication. 
TpTrace Information: 0 : 5812, 5, 2024/04/24, 22:10:38.168, 460809581666, vstest.console.dll, SocketServer.Start: Listening on endpoint : 127.0.0.1:61379
TpTrace Verbose: 0 : 5812, 5, 2024/04/24, 22:10:38.169, 460809591527, vstest.console.dll, DotnetTestHostmanager.GetTestHostProcessStartInfo: Platform environment 'X64' target architecture 'X64' framework '.NETCoreApp,Version=v6.0' OS 'Windows'
TpTrace Verbose: 0 : 5812, 5, 2024/04/24, 22:10:38.169, 460809594566, vstest.console.dll, DotnetTestHostmanager: Adding  --runtimeconfig "C:\Users\VC\source\repos\Day11\SoppingAppSolution\ShoppingDALTesting\bin\Debug\net6.0\fine-code-coverage\build-output\ShoppingDALTesting.runtimeconfig.json" in args
TpTrace Verbose: 0 : 5812, 5, 2024/04/24, 22:10:38.169, 460809595833, vstest.console.dll, DotnetTestHostmanager: Adding  --depsfile "C:\Users\VC\source\repos\Day11\SoppingAppSolution\ShoppingDALTesting\bin\Debug\net6.0\fine-code-coverage\build-output\ShoppingDALTesting.deps.json" in args
TpTrace Verbose: 0 : 5812, 5, 2024/04/24, 22:10:38.170, 460809601925, vstest.console.dll, DotnetTestHostmanager.IsWinOnArm: Current PROCESSOR_ARCHITECTURE from environment variable 'AMD64'
TpTrace Verbose: 0 : 5812, 5, 2024/04/24, 22:10:38.170, 460809602539, vstest.console.dll, DotnetTestHostmanager.IsWinOnArm: Is Windows on ARM 'False'
TpTrace Verbose: 0 : 5812, 5, 2024/04/24, 22:10:38.170, 460809603429, vstest.console.dll, DotnetTestHostManager: testhost.exe found at path: C:\Users\VC\source\repos\Day11\SoppingAppSolution\ShoppingDALTesting\bin\Debug\net6.0\fine-code-coverage\build-output\testhost.exe
TpTrace Verbose: 0 : 5812, 5, 2024/04/24, 22:10:38.170, 460809603765, vstest.console.dll, DotnetTestHostmanager: Full path of host exe is C:\Users\VC\source\repos\Day11\SoppingAppSolution\ShoppingDALTesting\bin\Debug\net6.0\fine-code-coverage\build-output\testhost.exe
TpTrace Verbose: 0 : 5812, 5, 2024/04/24, 22:10:38.170, 460809604916, vstest.console.dll, DotnetTestHostmanager.LaunchTestHostAsync: Found 'VSTEST_WINAPPHOST_DOTNET_ROOT' in env variables, value 'C:\Program Files\dotnet', forwarding to 'DOTNET_ROOT'
TpTrace Verbose: 0 : 5812, 5, 2024/04/24, 22:10:38.170, 460809606071, vstest.console.dll, DotnetTestHostManager: Starting process 'C:\Users\VC\source\repos\Day11\SoppingAppSolution\ShoppingDALTesting\bin\Debug\net6.0\fine-code-coverage\build-output\testhost.exe' with command line ' --runtimeconfig "C:\Users\VC\source\repos\Day11\SoppingAppSolution\ShoppingDALTesting\bin\Debug\net6.0\fine-code-coverage\build-output\ShoppingDALTesting.runtimeconfig.json" --depsfile "C:\Users\VC\source\repos\Day11\SoppingAppSolution\ShoppingDALTesting\bin\Debug\net6.0\fine-code-coverage\build-output\ShoppingDALTesting.deps.json" --port 61379 --endpoint 127.0.0.1:061379 --role client --parentprocessid 5812 --diag "C:\Users\VC\source\repos\Day11\SoppingAppSolution\ShoppingDALTesting\bin\Debug\net6.0\fine-code-coverage\coverage-tool-output\diagnostics.host.24-04-24_22-10-38_16883_5.log" --tracelevel 4 --datacollectionport 61378 --telemetryoptedin false'
TpTrace Verbose: 0 : 5812, 5, 2024/04/24, 22:10:38.177, 460809675941, vstest.console.dll, MulticastDelegateUtilities.SafeInvoke: HostProviderEvents.OnHostLaunched: Invoking callback 1/2 for Microsoft.VisualStudio.TestPlatform.CrossPlatEngine.Client.ProxyExecutionManagerWithDataCollection., took 1 ms.
TpTrace Verbose: 0 : 5812, 5, 2024/04/24, 22:10:38.178, 460809679804, vstest.console.dll, Test Runtime launched
TpTrace Verbose: 0 : 5812, 5, 2024/04/24, 22:10:38.178, 460809680508, vstest.console.dll, MulticastDelegateUtilities.SafeInvoke: HostProviderEvents.OnHostLaunched: Invoking callback 2/2 for Microsoft.VisualStudio.TestPlatform.CrossPlatEngine.Client.ProxyOperationManager., took 0 ms.
TpTrace Verbose: 0 : 5812, 5, 2024/04/24, 22:10:38.178, 460809681725, vstest.console.dll, TestRequestSender.WaitForRequestHandlerConnection: waiting for connection with timeout: 90000.
TpTrace Verbose: 0 : 5812, 7, 2024/04/24, 22:10:38.318, 460811082344, vstest.console.dll, MulticastDelegateUtilities.SafeInvoke: SocketServer: ClientConnected: Invoking callback 1/1 for Microsoft.VisualStudio.TestPlatform.CommunicationUtilities.TestRequestSender., took 0 ms.
TpTrace Verbose: 0 : 5812, 5, 2024/04/24, 22:10:38.318, 460811082378, vstest.console.dll, TestRequestSender.WaitForRequestHandlerConnection: waiting took 140 ms, with timeout 90000 ms, and result 0, which is success.
TpTrace Verbose: 0 : 5812, 7, 2024/04/24, 22:10:38.318, 460811083620, vstest.console.dll, SocketServer.OnClientConnected: Client connected for endPoint: 127.0.0.1:61379, starting MessageLoopAsync:
TpTrace Verbose: 0 : 5812, 13, 2024/04/24, 22:10:38.319, 460811095489, vstest.console.dll, TcpClientExtensions.MessageLoopAsync: Polling on remoteEndPoint: 127.0.0.1:61380 localEndPoint: 127.0.0.1:61379 after 0 ms
TpTrace Verbose: 0 : 5812, 5, 2024/04/24, 22:10:38.320, 460811099338, vstest.console.dll, TestRequestSender.CheckVersionWithTestHost: Sending check version message: {"MessageType":"ProtocolVersion","Payload":7}
TpTrace Verbose: 0 : 5812, 13, 2024/04/24, 22:10:38.472, 460812625633, vstest.console.dll, TcpClientExtensions.MessageLoopAsync: NotifyDataAvailable remoteEndPoint: 127.0.0.1:61380 localEndPoint: 127.0.0.1:61379
TpTrace Verbose: 0 : 5812, 13, 2024/04/24, 22:10:38.473, 460812628892, vstest.console.dll, TestRequestSender.CheckVersionWithTestHost: onMessageReceived received message: (ProtocolVersion) -> {"MessageType":"ProtocolVersion","Payload":7}
TpTrace Verbose: 0 : 5812, 13, 2024/04/24, 22:10:38.474, 460812639751, vstest.console.dll, MulticastDelegateUtilities.SafeInvoke: LengthPrefixCommunicationChannel: MessageReceived: Invoking callback 1/1 for Microsoft.VisualStudio.TestPlatform.CommunicationUtilities.TestRequestSender+<>c__DisplayClass29_0., took 1 ms.
TpTrace Verbose: 0 : 5812, 13, 2024/04/24, 22:10:38.474, 460812640661, vstest.console.dll, TcpClientExtensions.MessageLoopAsync: Polling on remoteEndPoint: 127.0.0.1:61380 localEndPoint: 127.0.0.1:61379 after 154 ms
TpTrace Verbose: 0 : 5812, 5, 2024/04/24, 22:10:38.474, 460812641240, vstest.console.dll, TestPluginCache.GetExtensionPaths: Filtered extension paths: 
TpTrace Verbose: 0 : 5812, 5, 2024/04/24, 22:10:38.474, 460812642581, vstest.console.dll, TestPluginCache.GetExtensionPaths: Added default extension paths: C:\Program Files\dotnet\sdk\8.0.202\Extensions\Microsoft.Diagnostics.NETCore.Client.dll
C:\Program Files\dotnet\sdk\8.0.202\Extensions\Microsoft.TestPlatform.Extensions.BlameDataCollector.dll
C:\Program Files\dotnet\sdk\8.0.202\Extensions\Microsoft.TestPlatform.Extensions.EventLogCollector.dll
C:\Program Files\dotnet\sdk\8.0.202\Extensions\Microsoft.TestPlatform.TestHostRuntimeProvider.dll
C:\Program Files\dotnet\sdk\8.0.202\Extensions\Microsoft.VisualStudio.TestPlatform.Extensions.Html.TestLogger.dll
C:\Program Files\dotnet\sdk\8.0.202\Extensions\Microsoft.VisualStudio.TestPlatform.Extensions.Trx.TestLogger.dll
TpTrace Verbose: 0 : 5812, 5, 2024/04/24, 22:10:38.474, 460812643765, vstest.console.dll, TestPluginCache.GetExtensionPaths: Added unfilterableExtensionPaths: 
TpTrace Verbose: 0 : 5812, 5, 2024/04/24, 22:10:38.478, 460812685210, vstest.console.dll, TestRequestSender.InitializeExecution: Sending initialize execution with message: {"Version":7,"MessageType":"TestExecution.Initialize","Payload":["C:\\Users\\VC\\source\\repos\\Day11\\SoppingAppSolution\\ShoppingDALTesting\\bin\\Debug\\net6.0\\fine-code-coverage\\build-output\\NUnit3.TestAdapter.dll"]}
TpTrace Verbose: 0 : 5812, 5, 2024/04/24, 22:10:38.478, 460812687646, vstest.console.dll, ParallelProxyExecutionManager.StartTestRunOnConcurrentManager: Execution starting. Started clients: 1
TpTrace Verbose: 0 : 5812, 5, 2024/04/24, 22:10:38.479, 460812690445, vstest.console.dll, TestRunRequest:SendTestRunMessage: Starting.
TpTrace Verbose: 0 : 5812, 5, 2024/04/24, 22:10:38.479, 460812692354, vstest.console.dll, MulticastDelegateUtilities.SafeInvoke: TestRun.LogMessages: Invoking callback 1/1 for Microsoft.VisualStudio.TestPlatform.CommandLine.TestRunResultAggregator., took 0 ms.
TpTrace Information: 0 : 5812, 5, 2024/04/24, 22:10:38.479, 460812692802, vstest.console.dll, TestRunRequest:SendTestRunMessage: Completed.
TpTrace Verbose: 0 : 5812, 4, 2024/04/24, 22:10:38.479, 460812695871, vstest.console.dll, MulticastDelegateUtilities.SafeInvoke: InternalTestLoggerEvents.SendTestRunMessage: Invoking callback 1/1 for Microsoft.VisualStudio.TestPlatform.CommandLine.Internal.ConsoleLogger., took 0 ms.
TpTrace Warning: 0 : 5812, 5, 2024/04/24, 22:10:38.479, 460812697516, vstest.console.dll, InferRunSettingsHelper.MakeRunsettingsCompatible: Removing the following settings: TargetPlatform from RunSettings file. To use those settings please move to latest version of Microsoft.NET.Test.Sdk
TpTrace Verbose: 0 : 5812, 13, 2024/04/24, 22:10:38.480, 460812699090, vstest.console.dll, TcpClientExtensions.MessageLoopAsync: NotifyDataAvailable remoteEndPoint: 127.0.0.1:61380 localEndPoint: 127.0.0.1:61379
TpTrace Verbose: 0 : 5812, 13, 2024/04/24, 22:10:38.480, 460812704629, vstest.console.dll, TestRequestSender.OnExecutionMessageReceived: Received message: {"Version":7,"MessageType":"TestSession.Message","Payload":{"MessageLevel":0,"Message":"Logging TestHost Diagnostics in file: C:\\Users\\VC\\source\\repos\\Day11\\SoppingAppSolution\\ShoppingDALTesting\\bin\\Debug\\net6.0\\fine-code-coverage\\coverage-tool-output\\diagnostics.host.24-04-24_22-10-38_16883_5.log"}}
TpTrace Verbose: 0 : 5812, 13, 2024/04/24, 22:10:38.482, 460812726143, vstest.console.dll, TestRunRequest:SendTestRunMessage: Starting.
TpTrace Verbose: 0 : 5812, 13, 2024/04/24, 22:10:38.482, 460812727798, vstest.console.dll, MulticastDelegateUtilities.SafeInvoke: TestRun.LogMessages: Invoking callback 1/1 for Microsoft.VisualStudio.TestPlatform.CommandLine.TestRunResultAggregator., took 0 ms.
TpTrace Information: 0 : 5812, 13, 2024/04/24, 22:10:38.482, 460812728036, vstest.console.dll, TestRunRequest:SendTestRunMessage: Completed.
TpTrace Verbose: 0 : 5812, 13, 2024/04/24, 22:10:38.483, 460812728384, vstest.console.dll, MulticastDelegateUtilities.SafeInvoke: LengthPrefixCommunicationChannel: MessageReceived: Invoking callback 1/1 for Microsoft.VisualStudio.TestPlatform.CommunicationUtilities.TestRequestSender+<>c__DisplayClass34_0., took 2 ms.
TpTrace Verbose: 0 : 5812, 13, 2024/04/24, 22:10:38.483, 460812728639, vstest.console.dll, TcpClientExtensions.MessageLoopAsync: Polling on remoteEndPoint: 127.0.0.1:61380 localEndPoint: 127.0.0.1:61379 after 8 ms
TpTrace Verbose: 0 : 5812, 4, 2024/04/24, 22:10:38.483, 460812728633, vstest.console.dll, MulticastDelegateUtilities.SafeInvoke: InternalTestLoggerEvents.SendTestRunMessage: Invoking callback 1/1 for Microsoft.VisualStudio.TestPlatform.CommandLine.Internal.ConsoleLogger., took 0 ms.
TpTrace Verbose: 0 : 5812, 5, 2024/04/24, 22:10:38.491, 460812812382, vstest.console.dll, TestRequestSender.StartTestRun: Sending test run with message: {"Version":7,"MessageType":"TestExecution.StartWithSources","Payload":{"AdapterSourceMap":{"_none_":["C:\\Users\\VC\\source\\repos\\Day11\\SoppingAppSolution\\ShoppingDALTesting\\bin\\Debug\\net6.0\\fine-code-coverage\\build-output\\ShoppingDALTesting.dll"]},"RunSettings":"<RunSettings>\r\n  <RunConfiguration>\r\n    <ResultsDirectory>C:\\Users\\VC\\source\\repos\\Day11\\SoppingAppSolution\\ShoppingDALTesting\\bin\\Debug\\net6.0\\fine-code-coverage\\coverage-tool-output</ResultsDirectory>\r\n    <TargetFrameworkVersion>.NETCoreApp,Version=v6.0</TargetFrameworkVersion>\r\n    <DesignMode>False</DesignMode>\r\n    <CollectSourceInformation>False</CollectSourceInformation>\r\n  </RunConfiguration>\r\n  <LoggerRunSettings>\r\n    <Loggers>\r\n      <Logger friendlyName=\"blame\" enabled=\"True\" />\r\n      <Logger friendlyName=\"Console\" uri=\"logger://microsoft/TestPlatform/ConsoleLogger/v1\" assemblyQualifiedName=\"Microsoft.VisualStudio.TestPlatform.CommandLine.Internal.ConsoleLogger, vstest.console, Version=15.0.0.0, Culture=neutral, PublicKeyToken=b03f5f7f11d50a3a\" codeBase=\"C:\\Program Files\\dotnet\\sdk\\8.0.202\\vstest.console.dll\" enabled=\"True\" />\r\n    </Loggers>\r\n  </LoggerRunSettings>\r\n  <DataCollectionRunSettings>\r\n    <DataCollectors>\r\n      <DataCollector friendlyName=\"blame\" enabled=\"True\">\r\n        <Configuration>\r\n          <ResultsDirectory>C:\\Users\\VC\\source\\repos\\Day11\\SoppingAppSolution\\ShoppingDALTesting\\bin\\Debug\\net6.0\\fine-code-coverage\\coverage-tool-output</ResultsDirectory>\r\n        </Configuration>\r\n      </DataCollector>\r\n    </DataCollectors>\r\n  </DataCollectionRunSettings>\r\n</RunSettings>","TestExecutionContext":{"FrequencyOfRunStatsChangeEvent":10,"RunStatsChangeEventTimeout":"00:00:01.5000000","InIsolation":false,"KeepAlive":false,"AreTestCaseLevelEventsRequired":false,"IsDebug":false,"TestCaseFilter":null,"FilterOptions":null},"Package":null}}
TpTrace Verbose: 0 : 5812, 5, 2024/04/24, 22:10:38.491, 460812816086, vstest.console.dll, ParallelProxyExecutionManager.StartTestRunOnConcurrentManager: Execution started. Started clients: 1
TpTrace Verbose: 0 : 5812, 13, 2024/04/24, 22:10:38.725, 460815157854, vstest.console.dll, TcpClientExtensions.MessageLoopAsync: NotifyDataAvailable remoteEndPoint: 127.0.0.1:61380 localEndPoint: 127.0.0.1:61379
TpTrace Verbose: 0 : 5812, 13, 2024/04/24, 22:10:38.726, 460815159877, vstest.console.dll, TestRequestSender.OnExecutionMessageReceived: Received message: {"Version":7,"MessageType":"TestSession.Message","Payload":{"MessageLevel":0,"Message":"NUnit Adapter 4.4.0.0: Test execution started"}}
TpTrace Verbose: 0 : 5812, 13, 2024/04/24, 22:10:38.726, 460815161944, vstest.console.dll, TestRunRequest:SendTestRunMessage: Starting.
TpTrace Verbose: 0 : 5812, 13, 2024/04/24, 22:10:38.726, 460815162738, vstest.console.dll, MulticastDelegateUtilities.SafeInvoke: TestRun.LogMessages: Invoking callback 1/1 for Microsoft.VisualStudio.TestPlatform.CommandLine.TestRunResultAggregator., took 0 ms.
TpTrace Information: 0 : 5812, 13, 2024/04/24, 22:10:38.726, 460815163013, vstest.console.dll, TestRunRequest:SendTestRunMessage: Completed.
TpTrace Verbose: 0 : 5812, 4, 2024/04/24, 22:10:38.726, 460815163069, vstest.console.dll, MulticastDelegateUtilities.SafeInvoke: InternalTestLoggerEvents.SendTestRunMessage: Invoking callback 1/1 for Microsoft.VisualStudio.TestPlatform.CommandLine.Internal.ConsoleLogger., took 0 ms.
TpTrace Verbose: 0 : 5812, 13, 2024/04/24, 22:10:38.726, 460815165085, vstest.console.dll, MulticastDelegateUtilities.SafeInvoke: LengthPrefixCommunicationChannel: MessageReceived: Invoking callback 1/1 for Microsoft.VisualStudio.TestPlatform.CommunicationUtilities.TestRequestSender+<>c__DisplayClass34_0., took 0 ms.
TpTrace Verbose: 0 : 5812, 13, 2024/04/24, 22:10:38.726, 460815165818, vstest.console.dll, TcpClientExtensions.MessageLoopAsync: Polling on remoteEndPoint: 127.0.0.1:61380 localEndPoint: 127.0.0.1:61379 after 243 ms
TpTrace Verbose: 0 : 5812, 13, 2024/04/24, 22:10:38.762, 460815526944, vstest.console.dll, TcpClientExtensions.MessageLoopAsync: NotifyDataAvailable remoteEndPoint: 127.0.0.1:61380 localEndPoint: 127.0.0.1:61379
TpTrace Verbose: 0 : 5812, 13, 2024/04/24, 22:10:38.763, 460815529104, vstest.console.dll, TestRequestSender.OnExecutionMessageReceived: Received message: {"Version":7,"MessageType":"TestSession.Message","Payload":{"MessageLevel":0,"Message":"Running all tests in C:\\Users\\VC\\source\\repos\\Day11\\SoppingAppSolution\\ShoppingDALTesting\\bin\\Debug\\net6.0\\fine-code-coverage\\build-output\\ShoppingDALTesting.dll"}}
TpTrace Verbose: 0 : 5812, 13, 2024/04/24, 22:10:38.763, 460815530968, vstest.console.dll, TestRunRequest:SendTestRunMessage: Starting.
TpTrace Verbose: 0 : 5812, 13, 2024/04/24, 22:10:38.763, 460815531958, vstest.console.dll, MulticastDelegateUtilities.SafeInvoke: TestRun.LogMessages: Invoking callback 1/1 for Microsoft.VisualStudio.TestPlatform.CommandLine.TestRunResultAggregator., took 0 ms.
TpTrace Information: 0 : 5812, 13, 2024/04/24, 22:10:38.763, 460815532365, vstest.console.dll, TestRunRequest:SendTestRunMessage: Completed.
TpTrace Verbose: 0 : 5812, 4, 2024/04/24, 22:10:38.763, 460815532417, vstest.console.dll, MulticastDelegateUtilities.SafeInvoke: InternalTestLoggerEvents.SendTestRunMessage: Invoking callback 1/1 for Microsoft.VisualStudio.TestPlatform.CommandLine.Internal.ConsoleLogger., took 0 ms.
TpTrace Verbose: 0 : 5812, 13, 2024/04/24, 22:10:38.763, 460815533770, vstest.console.dll, MulticastDelegateUtilities.SafeInvoke: LengthPrefixCommunicationChannel: MessageReceived: Invoking callback 1/1 for Microsoft.VisualStudio.TestPlatform.CommunicationUtilities.TestRequestSender+<>c__DisplayClass34_0., took 0 ms.
TpTrace Verbose: 0 : 5812, 13, 2024/04/24, 22:10:38.763, 460815534285, vstest.console.dll, TcpClientExtensions.MessageLoopAsync: Polling on remoteEndPoint: 127.0.0.1:61380 localEndPoint: 127.0.0.1:61379 after 36 ms
TpTrace Verbose: 0 : 5812, 13, 2024/04/24, 22:10:38.883, 460816735499, vstest.console.dll, TcpClientExtensions.MessageLoopAsync: NotifyDataAvailable remoteEndPoint: 127.0.0.1:61380 localEndPoint: 127.0.0.1:61379
TpTrace Verbose: 0 : 5812, 13, 2024/04/24, 22:10:38.883, 460816737318, vstest.console.dll, TestRequestSender.OnExecutionMessageReceived: Received message: {"Version":7,"MessageType":"TestSession.Message","Payload":{"MessageLevel":0,"Message":"   NUnit3TestExecutor discovered 32 of 32 NUnit test cases using Current Discovery mode, Non-Explicit run"}}
TpTrace Verbose: 0 : 5812, 13, 2024/04/24, 22:10:38.884, 460816739068, vstest.console.dll, TestRunRequest:SendTestRunMessage: Starting.
TpTrace Verbose: 0 : 5812, 13, 2024/04/24, 22:10:38.884, 460816739841, vstest.console.dll, MulticastDelegateUtilities.SafeInvoke: TestRun.LogMessages: Invoking callback 1/1 for Microsoft.VisualStudio.TestPlatform.CommandLine.TestRunResultAggregator., took 0 ms.
TpTrace Information: 0 : 5812, 13, 2024/04/24, 22:10:38.884, 460816740194, vstest.console.dll, TestRunRequest:SendTestRunMessage: Completed.
TpTrace Verbose: 0 : 5812, 13, 2024/04/24, 22:10:38.884, 460816740505, vstest.console.dll, MulticastDelegateUtilities.SafeInvoke: LengthPrefixCommunicationChannel: MessageReceived: Invoking callback 1/1 for Microsoft.VisualStudio.TestPlatform.CommunicationUtilities.TestRequestSender+<>c__DisplayClass34_0., took 0 ms.
TpTrace Verbose: 0 : 5812, 4, 2024/04/24, 22:10:38.884, 460816740687, vstest.console.dll, MulticastDelegateUtilities.SafeInvoke: InternalTestLoggerEvents.SendTestRunMessage: Invoking callback 1/1 for Microsoft.VisualStudio.TestPlatform.CommandLine.Internal.ConsoleLogger., took 0 ms.
TpTrace Verbose: 0 : 5812, 13, 2024/04/24, 22:10:38.884, 460816741384, vstest.console.dll, TcpClientExtensions.MessageLoopAsync: Polling on remoteEndPoint: 127.0.0.1:61380 localEndPoint: 127.0.0.1:61379 after 120 ms
TpTrace Verbose: 0 : 5812, 13, 2024/04/24, 22:10:39.032, 460818220589, vstest.console.dll, TcpClientExtensions.MessageLoopAsync: NotifyDataAvailable remoteEndPoint: 127.0.0.1:61380 localEndPoint: 127.0.0.1:61379
TpTrace Verbose: 0 : 5812, 13, 2024/04/24, 22:10:39.032, 460818224133, vstest.console.dll, TestRequestSender.OnExecutionMessageReceived: Received message: {"Version":7,"MessageType":"TestExecution.StatsChange","Payload":{"NewTestResults":[{"TestCase":{"Id":"e86c1bcf-ac4b-f58f-ff60-e67833782358","FullyQualifiedName":"ShoppingDALTesting.CartRepositoryTest.AddFailTest","DisplayName":"AddFailTest","ExecutorUri":"executor://NUnit3TestExecutor","Source":"C:\\Users\\VC\\source\\repos\\Day11\\SoppingAppSolution\\ShoppingDALTesting\\bin\\Debug\\net6.0\\fine-code-coverage\\build-output\\ShoppingDALTesting.dll","CodeFilePath":null,"LineNumber":0,"Properties":[{"Key":{"Id":"NUnit.Seed","Label":"Seed","Category":"","Description":"","Attributes":0,"ValueType":"System.String"},"Value":"155104004"}]},"Attachments":[],"Outcome":1,"ErrorMessage":null,"ErrorStackTrace":null,"DisplayName":"AddFailTest","Messages":[],"ComputerName":"DESKTOP-92EC60F","Duration":"00:00:00.0123740","StartTime":"2024-04-24T16:40:38.9132723+00:00","EndTime":"2024-04-24T16:40:38.925464+00:00","Properties":[{"Key":{"Id":"NUnit.Seed","Label":"Seed","Category":"","Description":"","Attributes":0,"ValueType":"System.String"},"Value":"155104004"}]},{"TestCase":{"Id":"f2a4b845-32b9-3d9e-636b-3811c15a5eab","FullyQualifiedName":"ShoppingDALTesting.CartRepositoryTest.AddSuccessTest","DisplayName":"AddSuccessTest","ExecutorUri":"executor://NUnit3TestExecutor","Source":"C:\\Users\\VC\\source\\repos\\Day11\\SoppingAppSolution\\ShoppingDALTesting\\bin\\Debug\\net6.0\\fine-code-coverage\\build-output\\ShoppingDALTesting.dll","CodeFilePath":null,"LineNumber":0,"Properties":[{"Key":{"Id":"NUnit.Seed","Label":"Seed","Category":"","Description":"","Attributes":0,"ValueType":"System.String"},"Value":"1633346006"}]},"Attachments":[],"Outcome":1,"ErrorMessage":null,"ErrorStackTrace":null,"DisplayName":"AddSuccessTest","Messages":[],"ComputerName":"DESKTOP-92EC60F","Duration":"00:00:00.0002450","StartTime":"2024-04-24T16:40:38.9271816+00:00","EndTime":"2024-04-24T16:40:38.9274268+00:00","Properties":[{"Key":{"Id":"NUnit.Seed","Label":"Seed","Category":"","Description":"","Attributes":0,"ValueType":"System.String"},"Value":"1633346006"}]},{"TestCase":{"Id":"384e041c-99c7-3e8c-2dba-ec1cc1ca0ced","FullyQualifiedName":"ShoppingDALTesting.CartRepositoryTest.CartItemDeleteFailureTest","DisplayName":"CartItemDeleteFailureTest","ExecutorUri":"executor://NUnit3TestExecutor","Source":"C:\\Users\\VC\\source\\repos\\Day11\\SoppingAppSolution\\ShoppingDALTesting\\bin\\Debug\\net6.0\\fine-code-coverage\\build-output\\ShoppingDALTesting.dll","CodeFilePath":null,"LineNumber":0,"Properties":[{"Key":{"Id":"NUnit.Seed","Label":"Seed","Category":"","Description":"","Attributes":0,"ValueType":"System.String"},"Value":"1084516900"}]},"Attachments":[],"Outcome":1,"ErrorMessage":null,"ErrorStackTrace":null,"DisplayName":"CartItemDeleteFailureTest","Messages":[],"ComputerName":"DESKTOP-92EC60F","Duration":"00:00:00.0055430","StartTime":"2024-04-24T16:40:38.9274431+00:00","EndTime":"2024-04-24T16:40:38.9329851+00:00","Properties":[{"Key":{"Id":"NUnit.Seed","Label":"Seed","Category":"","Description":"","Attributes":0,"ValueType":"System.String"},"Value":"1084516900"}]},{"TestCase":{"Id":"f7b06a2e-46dd-6ec8-9904-cd1359c6fb47","FullyQualifiedName":"ShoppingDALTesting.CartRepositoryTest.CartItemDeleteSuccessTest","DisplayName":"CartItemDeleteSuccessTest","ExecutorUri":"executor://NUnit3TestExecutor","Source":"C:\\Users\\VC\\source\\repos\\Day11\\SoppingAppSolution\\ShoppingDALTesting\\bin\\Debug\\net6.0\\fine-code-coverage\\build-output\\ShoppingDALTesting.dll","CodeFilePath":null,"LineNumber":0,"Properties":[{"Key":{"Id":"NUnit.Seed","Label":"Seed","Category":"","Description":"","Attributes":0,"ValueType":"System.String"},"Value":"1972940381"}]},"Attachments":[],"Outcome":1,"ErrorMessage":null,"ErrorStackTrace":null,"DisplayName":"CartItemDeleteSuccessTest","Messages":[],"ComputerName":"DESKTOP-92EC60F","Duration":"00:00:00.0029730","StartTime":"2024-04-24T16:40:38.9330086+00:00","EndTime":"2024-04-24T16:40:38.9359811+00:00","Properties":[{"Key":{"Id":"NUnit.Seed","Label":"Seed","Category":"","Description":"","Attributes":0,"ValueType":"System.String"},"Value":"1972940381"}]},{"TestCase":{"Id":"4782f9bd-405f-6bdf-45ab-e2ea33ec15fd","FullyQualifiedName":"ShoppingDALTesting.CartRepositoryTest.DeleteCartExceptionTest","DisplayName":"DeleteCartExceptionTest","ExecutorUri":"executor://NUnit3TestExecutor","Source":"C:\\Users\\VC\\source\\repos\\Day11\\SoppingAppSolution\\ShoppingDALTesting\\bin\\Debug\\net6.0\\fine-code-coverage\\build-output\\ShoppingDALTesting.dll","CodeFilePath":null,"LineNumber":0,"Properties":[{"Key":{"Id":"NUnit.Seed","Label":"Seed","Category":"","Description":"","Attributes":0,"ValueType":"System.String"},"Value":"931325498"}]},"Attachments":[],"Outcome":1,"ErrorMessage":null,"ErrorStackTrace":null,"DisplayName":"DeleteCartExceptionTest","Messages":[],"ComputerName":"DESKTOP-92EC60F","Duration":"00:00:00.0003800","StartTime":"2024-04-24T16:40:38.9360003+00:00","EndTime":"2024-04-24T16:40:38.9363803+00:00","Properties":[{"Key":{"Id":"NUnit.Seed","Label":"Seed","Category":"","Description":"","Attributes":0,"ValueType":"System.String"},"Value":"931325498"}]},{"TestCase":{"Id":"f3006b39-4f1d-d762-c93d-775880a24276","FullyQualifiedName":"ShoppingDALTesting.CartRepositoryTest.DeleteCartSucessTest","DisplayName":"DeleteCartSucessTest","ExecutorUri":"executor://NUnit3TestExecutor","Source":"C:\\Users\\VC\\source\\repos\\Day11\\SoppingAppSolution\\ShoppingDALTesting\\bin\\Debug\\net6.0\\fine-code-coverage\\build-output\\ShoppingDALTesting.dll","CodeFilePath":null,"LineNumber":0,"Properties":[{"Key":{"Id":"NUnit.Seed","Label":"Seed","Category":"","Description":"","Attributes":0,"ValueType":"System.String"},"Value":"83253857"}]},"Attachments":[],"Outcome":1,"ErrorMessage":null,"ErrorStackTrace":null,"DisplayName":"DeleteCartSucessTest","Messages":[],"ComputerName":"DESKTOP-92EC60F","Duration":"00:00:00.0001520","StartTime":"2024-04-24T16:40:38.9363905+00:00","EndTime":"2024-04-24T16:40:38.9365421+00:00","Properties":[{"Key":{"Id":"NUnit.Seed","Label":"Seed","Category":"","Description":"","Attributes":0,"ValueType":"System.String"},"Value":"83253857"}]},{"TestCase":{"Id":"fccafedb-1136-d2dc-ed30-e2ea7b59cba8","FullyQualifiedName":"ShoppingDALTesting.CartRepositoryTest.GetAllFailureTest","DisplayName":"GetAllFailureTest","ExecutorUri":"executor://NUnit3TestExecutor","Source":"C:\\Users\\VC\\source\\repos\\Day11\\SoppingAppSolution\\ShoppingDALTesting\\bin\\Debug\\net6.0\\fine-code-coverage\\build-output\\ShoppingDALTesting.dll","CodeFilePath":null,"LineNumber":0,"Properties":[{"Key":{"Id":"NUnit.Seed","Label":"Seed","Category":"","Description":"","Attributes":0,"ValueType":"System.String"},"Value":"1858561575"}]},"Attachments":[],"Outcome":1,"ErrorMessage":null,"ErrorStackTrace":null,"DisplayName":"GetAllFailureTest","Messages":[],"ComputerName":"DESKTOP-92EC60F","Duration":"00:00:00.0002330","StartTime":"2024-04-24T16:40:38.93655+00:00","EndTime":"2024-04-24T16:40:38.9367827+00:00","Properties":[{"Key":{"Id":"NUnit.Seed","Label":"Seed","Category":"","Description":"","Attributes":0,"ValueType":"System.String"},"Value":"1858561575"}]},{"TestCase":{"Id":"52f348e0-a486-af1f-5b0f-efadc82ce105","FullyQualifiedName":"ShoppingDALTesting.CartRepositoryTest.GetAllSuccessTest","DisplayName":"GetAllSuccessTest","ExecutorUri":"executor://NUnit3TestExecutor","Source":"C:\\Users\\VC\\source\\repos\\Day11\\SoppingAppSolution\\ShoppingDALTesting\\bin\\Debug\\net6.0\\fine-code-coverage\\build-output\\ShoppingDALTesting.dll","CodeFilePath":null,"LineNumber":0,"Properties":[{"Key":{"Id":"NUnit.Seed","Label":"Seed","Category":"","Description":"","Attributes":0,"ValueType":"System.String"},"Value":"2114390024"}]},"Attachments":[],"Outcome":1,"ErrorMessage":null,"ErrorStackTrace":null,"DisplayName":"GetAllSuccessTest","Messages":[],"ComputerName":"DESKTOP-92EC60F","Duration":"00:00:00.0001670","StartTime":"2024-04-24T16:40:38.9367912+00:00","EndTime":"2024-04-24T16:40:38.9369586+00:00","Properties":[{"Key":{"Id":"NUnit.Seed","Label":"Seed","Category":"","Description":"","Attributes":0,"ValueType":"System.String"},"Value":"2114390024"}]},{"TestCase":{"Id":"ef5a0a2f-095a-4241-6b4b-a47c459f5bcf","FullyQualifiedName":"ShoppingDALTesting.CartRepositoryTest.GetByKeyExceptionTest","DisplayName":"GetByKeyExceptionTest","ExecutorUri":"executor://NUnit3TestExecutor","Source":"C:\\Users\\VC\\source\\repos\\Day11\\SoppingAppSolution\\ShoppingDALTesting\\bin\\Debug\\net6.0\\fine-code-coverage\\build-output\\ShoppingDALTesting.dll","CodeFilePath":null,"LineNumber":0,"Properties":[{"Key":{"Id":"NUnit.Seed","Label":"Seed","Category":"","Description":"","Attributes":0,"ValueType":"System.String"},"Value":"409757855"}]},"Attachments":[],"Outcome":1,"ErrorMessage":null,"ErrorStackTrace":null,"DisplayName":"GetByKeyExceptionTest","Messages":[],"ComputerName":"DESKTOP-92EC60F","Duration":"00:00:00.0002730","StartTime":"2024-04-24T16:40:38.9369663+00:00","EndTime":"2024-04-24T16:40:38.9372389+00:00","Properties":[{"Key":{"Id":"NUnit.Seed","Label":"Seed","Category":"","Description":"","Attributes":0,"ValueType":"System.String"},"Value":"409757855"}]}],"TestRunStatistics":{"ExecutedTests":9,"Stats":{"Passed":9}},"ActiveTests":[{"Id":"7dcfb204-6a21-40aa-8e71-02052cb0b889","FullyQualifiedName":"ShoppingDALTesting.CartRepositoryTest.GetByKeySuccessTest","DisplayName":"GetByKeySuccessTest","ExecutorUri":"executor://NUnit3TestExecutor","Source":"C:\\Users\\VC\\source\\repos\\Day11\\SoppingAppSolution\\ShoppingDALTesting\\bin\\Debug\\net6.0\\fine-code-coverage\\build-output\\ShoppingDALTesting.dll","CodeFilePath":null,"LineNumber":0,"Properties":[{"Key":{"Id":"NUnit.Seed","Label":"Seed","Category":"","Description":"","Attributes":0,"ValueType":"System.String"},"Value":"1655061753"}]}]}}
TpTrace Verbose: 0 : 5812, 13, 2024/04/24, 22:10:39.061, 460818514409, vstest.console.dll, TestRunRequest:SendTestRunStatsChange: Starting.
TpTrace Verbose: 0 : 5812, 13, 2024/04/24, 22:10:39.061, 460818515803, vstest.console.dll, InProgress is GetByKeySuccessTest
TpTrace Verbose: 0 : 5812, 13, 2024/04/24, 22:10:39.061, 460818517432, vstest.console.dll, MulticastDelegateUtilities.SafeInvoke: TestRun.RunStatsChanged: Invoking callbacks was skipped because there are no subscribers.
TpTrace Information: 0 : 5812, 13, 2024/04/24, 22:10:39.061, 460818517816, vstest.console.dll, TestRunRequest:SendTestRunStatsChange: Completed.
TpTrace Verbose: 0 : 5812, 13, 2024/04/24, 22:10:39.062, 460818518182, vstest.console.dll, MulticastDelegateUtilities.SafeInvoke: LengthPrefixCommunicationChannel: MessageReceived: Invoking callback 1/1 for Microsoft.VisualStudio.TestPlatform.CommunicationUtilities.TestRequestSender+<>c__DisplayClass34_0., took 29 ms.
TpTrace Verbose: 0 : 5812, 13, 2024/04/24, 22:10:39.062, 460818518583, vstest.console.dll, TcpClientExtensions.MessageLoopAsync: Polling on remoteEndPoint: 127.0.0.1:61380 localEndPoint: 127.0.0.1:61379 after 177 ms
TpTrace Verbose: 0 : 5812, 13, 2024/04/24, 22:10:39.062, 460818519525, vstest.console.dll, TcpClientExtensions.MessageLoopAsync: NotifyDataAvailable remoteEndPoint: 127.0.0.1:61380 localEndPoint: 127.0.0.1:61379
TpTrace Verbose: 0 : 5812, 13, 2024/04/24, 22:10:39.062, 460818521406, vstest.console.dll, TestRequestSender.OnExecutionMessageReceived: Received message: {"Version":7,"MessageType":"TestExecution.StatsChange","Payload":{"NewTestResults":[{"TestCase":{"Id":"7dcfb204-6a21-40aa-8e71-02052cb0b889","FullyQualifiedName":"ShoppingDALTesting.CartRepositoryTest.GetByKeySuccessTest","DisplayName":"GetByKeySuccessTest","ExecutorUri":"executor://NUnit3TestExecutor","Source":"C:\\Users\\VC\\source\\repos\\Day11\\SoppingAppSolution\\ShoppingDALTesting\\bin\\Debug\\net6.0\\fine-code-coverage\\build-output\\ShoppingDALTesting.dll","CodeFilePath":null,"LineNumber":0,"Properties":[{"Key":{"Id":"NUnit.Seed","Label":"Seed","Category":"","Description":"","Attributes":0,"ValueType":"System.String"},"Value":"1655061753"}]},"Attachments":[],"Outcome":1,"ErrorMessage":null,"ErrorStackTrace":null,"DisplayName":"GetByKeySuccessTest","Messages":[],"ComputerName":"DESKTOP-92EC60F","Duration":"00:00:00.0001499","StartTime":"2024-04-24T16:40:38.9372477+00:00","EndTime":"2024-04-24T16:40:38.9373978+00:00","Properties":[{"Key":{"Id":"NUnit.Seed","Label":"Seed","Category":"","Description":"","Attributes":0,"ValueType":"System.String"},"Value":"1655061753"}]},{"TestCase":{"Id":"7a8f2733-d55c-fb75-4fce-3a420a3988b5","FullyQualifiedName":"ShoppingDALTesting.CartRepositoryTest.UpdateCartExceptionTest","DisplayName":"UpdateCartExceptionTest","ExecutorUri":"executor://NUnit3TestExecutor","Source":"C:\\Users\\VC\\source\\repos\\Day11\\SoppingAppSolution\\ShoppingDALTesting\\bin\\Debug\\net6.0\\fine-code-coverage\\build-output\\ShoppingDALTesting.dll","CodeFilePath":null,"LineNumber":0,"Properties":[{"Key":{"Id":"NUnit.Seed","Label":"Seed","Category":"","Description":"","Attributes":0,"ValueType":"System.String"},"Value":"243427252"}]},"Attachments":[],"Outcome":1,"ErrorMessage":null,"ErrorStackTrace":null,"DisplayName":"UpdateCartExceptionTest","Messages":[],"ComputerName":"DESKTOP-92EC60F","Duration":"00:00:00.0005890","StartTime":"2024-04-24T16:40:38.937405+00:00","EndTime":"2024-04-24T16:40:38.9379936+00:00","Properties":[{"Key":{"Id":"NUnit.Seed","Label":"Seed","Category":"","Description":"","Attributes":0,"ValueType":"System.String"},"Value":"243427252"}]},{"TestCase":{"Id":"ac9ebfac-42a2-b807-80c9-575ea7d05994","FullyQualifiedName":"ShoppingDALTesting.CartRepositoryTest.UpdateCartSucessTest","DisplayName":"UpdateCartSucessTest","ExecutorUri":"executor://NUnit3TestExecutor","Source":"C:\\Users\\VC\\source\\repos\\Day11\\SoppingAppSolution\\ShoppingDALTesting\\bin\\Debug\\net6.0\\fine-code-coverage\\build-output\\ShoppingDALTesting.dll","CodeFilePath":null,"LineNumber":0,"Properties":[{"Key":{"Id":"NUnit.Seed","Label":"Seed","Category":"","Description":"","Attributes":0,"ValueType":"System.String"},"Value":"88212444"}]},"Attachments":[],"Outcome":1,"ErrorMessage":null,"ErrorStackTrace":null,"DisplayName":"UpdateCartSucessTest","Messages":[],"ComputerName":"DESKTOP-92EC60F","Duration":"00:00:00.0003140","StartTime":"2024-04-24T16:40:38.9380052+00:00","EndTime":"2024-04-24T16:40:38.9383192+00:00","Properties":[{"Key":{"Id":"NUnit.Seed","Label":"Seed","Category":"","Description":"","Attributes":0,"ValueType":"System.String"},"Value":"88212444"}]},{"TestCase":{"Id":"af93c043-0f85-6a39-f29a-023cc6e5bbb2","FullyQualifiedName":"ShoppingDALTesting.CustomerRepositoryTest.AddFailTest","DisplayName":"AddFailTest","ExecutorUri":"executor://NUnit3TestExecutor","Source":"C:\\Users\\VC\\source\\repos\\Day11\\SoppingAppSolution\\ShoppingDALTesting\\bin\\Debug\\net6.0\\fine-code-coverage\\build-output\\ShoppingDALTesting.dll","CodeFilePath":null,"LineNumber":0,"Properties":[{"Key":{"Id":"NUnit.Seed","Label":"Seed","Category":"","Description":"","Attributes":0,"ValueType":"System.String"},"Value":"5782547"}]},"Attachments":[],"Outcome":1,"ErrorMessage":null,"ErrorStackTrace":null,"DisplayName":"AddFailTest","Messages":[],"ComputerName":"DESKTOP-92EC60F","Duration":"00:00:00.0006200","StartTime":"2024-04-24T16:40:38.9410149+00:00","EndTime":"2024-04-24T16:40:38.9416346+00:00","Properties":[{"Key":{"Id":"NUnit.Seed","Label":"Seed","Category":"","Description":"","Attributes":0,"ValueType":"System.String"},"Value":"5782547"}]},{"TestCase":{"Id":"72680e57-616b-9271-8207-2d549a1b0f8d","FullyQualifiedName":"ShoppingDALTesting.CustomerRepositoryTest.AddSuccessTest","DisplayName":"AddSuccessTest","ExecutorUri":"executor://NUnit3TestExecutor","Source":"C:\\Users\\VC\\source\\repos\\Day11\\SoppingAppSolution\\ShoppingDALTesting\\bin\\Debug\\net6.0\\fine-code-coverage\\build-output\\ShoppingDALTesting.dll","CodeFilePath":null,"LineNumber":0,"Properties":[{"Key":{"Id":"NUnit.Seed","Label":"Seed","Category":"","Description":"","Attributes":0,"ValueType":"System.String"},"Value":"657148497"}]},"Attachments":[],"Outcome":1,"ErrorMessage":null,"ErrorStackTrace":null,"DisplayName":"AddSuccessTest","Messages":[],"ComputerName":"DESKTOP-92EC60F","Duration":"00:00:00.0001930","StartTime":"2024-04-24T16:40:38.9416486+00:00","EndTime":"2024-04-24T16:40:38.9418413+00:00","Properties":[{"Key":{"Id":"NUnit.Seed","Label":"Seed","Category":"","Description":"","Attributes":0,"ValueType":"System.String"},"Value":"657148497"}]},{"TestCase":{"Id":"8d8e14f9-c5ef-7e05-ebc6-91c54289a6eb","FullyQualifiedName":"ShoppingDALTesting.CustomerRepositoryTest.DeleteCustomerExceptionTest","DisplayName":"DeleteCustomerExceptionTest","ExecutorUri":"executor://NUnit3TestExecutor","Source":"C:\\Users\\VC\\source\\repos\\Day11\\SoppingAppSolution\\ShoppingDALTesting\\bin\\Debug\\net6.0\\fine-code-coverage\\build-output\\ShoppingDALTesting.dll","CodeFilePath":null,"LineNumber":0,"Properties":[{"Key":{"Id":"NUnit.Seed","Label":"Seed","Category":"","Description":"","Attributes":0,"ValueType":"System.String"},"Value":"505947295"}]},"Attachments":[],"Outcome":1,"ErrorMessage":null,"ErrorStackTrace":null,"DisplayName":"DeleteCustomerExceptionTest","Messages":[],"ComputerName":"DESKTOP-92EC60F","Duration":"00:00:00.0009550","StartTime":"2024-04-24T16:40:38.9418517+00:00","EndTime":"2024-04-24T16:40:38.9428062+00:00","Properties":[{"Key":{"Id":"NUnit.Seed","Label":"Seed","Category":"","Description":"","Attributes":0,"ValueType":"System.String"},"Value":"505947295"}]},{"TestCase":{"Id":"b0e09bb9-884e-5f13-32e9-e568a1b8d01e","FullyQualifiedName":"ShoppingDALTesting.CustomerRepositoryTest.DeleteCustomerSucessTest","DisplayName":"DeleteCustomerSucessTest","ExecutorUri":"executor://NUnit3TestExecutor","Source":"C:\\Users\\VC\\source\\repos\\Day11\\SoppingAppSolution\\ShoppingDALTesting\\bin\\Debug\\net6.0\\fine-code-coverage\\build-output\\ShoppingDALTesting.dll","CodeFilePath":null,"LineNumber":0,"Properties":[{"Key":{"Id":"NUnit.Seed","Label":"Seed","Category":"","Description":"","Attributes":0,"ValueType":"System.String"},"Value":"560755841"}]},"Attachments":[],"Outcome":1,"ErrorMessage":null,"ErrorStackTrace":null,"DisplayName":"DeleteCustomerSucessTest","Messages":[],"ComputerName":"DESKTOP-92EC60F","Duration":"00:00:00.0002630","StartTime":"2024-04-24T16:40:38.9428241+00:00","EndTime":"2024-04-24T16:40:38.9430867+00:00","Properties":[{"Key":{"Id":"NUnit.Seed","Label":"Seed","Category":"","Description":"","Attributes":0,"ValueType":"System.String"},"Value":"560755841"}]},{"TestCase":{"Id":"1e001158-e0d4-69f5-cc27-e74daa2c48b8","FullyQualifiedName":"ShoppingDALTesting.CustomerRepositoryTest.GetAllFailureTest","DisplayName":"GetAllFailureTest","ExecutorUri":"executor://NUnit3TestExecutor","Source":"C:\\Users\\VC\\source\\repos\\Day11\\SoppingAppSolution\\ShoppingDALTesting\\bin\\Debug\\net6.0\\fine-code-coverage\\build-output\\ShoppingDALTesting.dll","CodeFilePath":null,"LineNumber":0,"Properties":[{"Key":{"Id":"NUnit.Seed","Label":"Seed","Category":"","Description":"","Attributes":0,"ValueType":"System.String"},"Value":"1776947786"}]},"Attachments":[],"Outcome":1,"ErrorMessage":null,"ErrorStackTrace":null,"DisplayName":"GetAllFailureTest","Messages":[],"ComputerName":"DESKTOP-92EC60F","Duration":"00:00:00.0002880","StartTime":"2024-04-24T16:40:38.9431137+00:00","EndTime":"2024-04-24T16:40:38.9434014+00:00","Properties":[{"Key":{"Id":"NUnit.Seed","Label":"Seed","Category":"","Description":"","Attributes":0,"ValueType":"System.String"},"Value":"1776947786"}]},{"TestCase":{"Id":"632e4d06-827b-6d1c-c5e4-dde297497e56","FullyQualifiedName":"ShoppingDALTesting.CustomerRepositoryTest.GetAllSuccessTest","DisplayName":"GetAllSuccessTest","ExecutorUri":"executor://NUnit3TestExecutor","Source":"C:\\Users\\VC\\source\\repos\\Day11\\SoppingAppSolution\\ShoppingDALTesting\\bin\\Debug\\net6.0\\fine-code-coverage\\build-output\\ShoppingDALTesting.dll","CodeFilePath":null,"LineNumber":0,"Properties":[{"Key":{"Id":"NUnit.Seed","Label":"Seed","Category":"","Description":"","Attributes":0,"ValueType":"System.String"},"Value":"256548454"}]},"Attachments":[],"Outcome":1,"ErrorMessage":null,"ErrorStackTrace":null,"DisplayName":"GetAllSuccessTest","Messages":[],"ComputerName":"DESKTOP-92EC60F","Duration":"00:00:00.0003540","StartTime":"2024-04-24T16:40:38.9434156+00:00","EndTime":"2024-04-24T16:40:38.9437695+00:00","Properties":[{"Key":{"Id":"NUnit.Seed","Label":"Seed","Category":"","Description":"","Attributes":0,"ValueType":"System.String"},"Value":"256548454"}]}],"TestRunStatistics":{"ExecutedTests":18,"Stats":{"Passed":18}},"ActiveTests":[{"Id":"611f6b01-2144-469e-d78d-20d5449c6733","FullyQualifiedName":"ShoppingDALTesting.CustomerRepositoryTest.GetByKeyExceptionTest","DisplayName":"GetByKeyExceptionTest","ExecutorUri":"executor://NUnit3TestExecutor","Source":"C:\\Users\\VC\\source\\repos\\Day11\\SoppingAppSolution\\ShoppingDALTesting\\bin\\Debug\\net6.0\\fine-code-coverage\\build-output\\ShoppingDALTesting.dll","CodeFilePath":null,"LineNumber":0,"Properties":[{"Key":{"Id":"NUnit.Seed","Label":"Seed","Category":"","Description":"","Attributes":0,"ValueType":"System.String"},"Value":"1213425487"}]}]}}
TpTrace Verbose: 0 : 5812, 4, 2024/04/24, 22:10:39.064, 460818542882, vstest.console.dll, MulticastDelegateUtilities.SafeInvoke: InternalTestLoggerEvents.SendTestResult: Invoking callback 1/1 for Microsoft.VisualStudio.TestPlatform.CommandLine.Internal.ConsoleLogger., took 2 ms.
TpTrace Verbose: 0 : 5812, 13, 2024/04/24, 22:10:39.064, 460818543312, vstest.console.dll, TestRunRequest:SendTestRunStatsChange: Starting.
TpTrace Verbose: 0 : 5812, 13, 2024/04/24, 22:10:39.064, 460818544050, vstest.console.dll, InProgress is GetByKeyExceptionTest
TpTrace Verbose: 0 : 5812, 13, 2024/04/24, 22:10:39.064, 460818544541, vstest.console.dll, MulticastDelegateUtilities.SafeInvoke: TestRun.RunStatsChanged: Invoking callbacks was skipped because there are no subscribers.
TpTrace Information: 0 : 5812, 13, 2024/04/24, 22:10:39.064, 460818544832, vstest.console.dll, TestRunRequest:SendTestRunStatsChange: Completed.
TpTrace Verbose: 0 : 5812, 13, 2024/04/24, 22:10:39.064, 460818545253, vstest.console.dll, MulticastDelegateUtilities.SafeInvoke: LengthPrefixCommunicationChannel: MessageReceived: Invoking callback 1/1 for Microsoft.VisualStudio.TestPlatform.CommunicationUtilities.TestRequestSender+<>c__DisplayClass34_0., took 2 ms.
TpTrace Verbose: 0 : 5812, 13, 2024/04/24, 22:10:39.064, 460818545848, vstest.console.dll, TcpClientExtensions.MessageLoopAsync: Polling on remoteEndPoint: 127.0.0.1:61380 localEndPoint: 127.0.0.1:61379 after 2 ms
TpTrace Verbose: 0 : 5812, 4, 2024/04/24, 22:10:39.064, 460818546494, vstest.console.dll, MulticastDelegateUtilities.SafeInvoke: InternalTestLoggerEvents.SendTestResult: Invoking callback 1/1 for Microsoft.VisualStudio.TestPlatform.CommandLine.Internal.ConsoleLogger., took 0 ms.
TpTrace Verbose: 0 : 5812, 4, 2024/04/24, 22:10:39.064, 460818547078, vstest.console.dll, MulticastDelegateUtilities.SafeInvoke: InternalTestLoggerEvents.SendTestResult: Invoking callback 1/1 for Microsoft.VisualStudio.TestPlatform.CommandLine.Internal.ConsoleLogger., took 0 ms.
TpTrace Verbose: 0 : 5812, 4, 2024/04/24, 22:10:39.064, 460818547395, vstest.console.dll, MulticastDelegateUtilities.SafeInvoke: InternalTestLoggerEvents.SendTestResult: Invoking callback 1/1 for Microsoft.VisualStudio.TestPlatform.CommandLine.Internal.ConsoleLogger., took 0 ms.
TpTrace Verbose: 0 : 5812, 4, 2024/04/24, 22:10:39.064, 460818547958, vstest.console.dll, MulticastDelegateUtilities.SafeInvoke: InternalTestLoggerEvents.SendTestResult: Invoking callback 1/1 for Microsoft.VisualStudio.TestPlatform.CommandLine.Internal.ConsoleLogger., took 0 ms.
TpTrace Verbose: 0 : 5812, 4, 2024/04/24, 22:10:39.065, 460818548258, vstest.console.dll, MulticastDelegateUtilities.SafeInvoke: InternalTestLoggerEvents.SendTestResult: Invoking callback 1/1 for Microsoft.VisualStudio.TestPlatform.CommandLine.Internal.ConsoleLogger., took 0 ms.
TpTrace Verbose: 0 : 5812, 4, 2024/04/24, 22:10:39.065, 460818548540, vstest.console.dll, MulticastDelegateUtilities.SafeInvoke: InternalTestLoggerEvents.SendTestResult: Invoking callback 1/1 for Microsoft.VisualStudio.TestPlatform.CommandLine.Internal.ConsoleLogger., took 0 ms.
TpTrace Verbose: 0 : 5812, 4, 2024/04/24, 22:10:39.065, 460818548861, vstest.console.dll, MulticastDelegateUtilities.SafeInvoke: InternalTestLoggerEvents.SendTestResult: Invoking callback 1/1 for Microsoft.VisualStudio.TestPlatform.CommandLine.Internal.ConsoleLogger., took 0 ms.
TpTrace Verbose: 0 : 5812, 4, 2024/04/24, 22:10:39.065, 460818549182, vstest.console.dll, MulticastDelegateUtilities.SafeInvoke: InternalTestLoggerEvents.SendTestResult: Invoking callback 1/1 for Microsoft.VisualStudio.TestPlatform.CommandLine.Internal.ConsoleLogger., took 0 ms.
TpTrace Verbose: 0 : 5812, 4, 2024/04/24, 22:10:39.065, 460818549599, vstest.console.dll, MulticastDelegateUtilities.SafeInvoke: InternalTestLoggerEvents.SendTestResult: Invoking callback 1/1 for Microsoft.VisualStudio.TestPlatform.CommandLine.Internal.ConsoleLogger., took 0 ms.
TpTrace Verbose: 0 : 5812, 4, 2024/04/24, 22:10:39.065, 460818550021, vstest.console.dll, MulticastDelegateUtilities.SafeInvoke: InternalTestLoggerEvents.SendTestResult: Invoking callback 1/1 for Microsoft.VisualStudio.TestPlatform.CommandLine.Internal.ConsoleLogger., took 0 ms.
TpTrace Verbose: 0 : 5812, 4, 2024/04/24, 22:10:39.065, 460818550503, vstest.console.dll, MulticastDelegateUtilities.SafeInvoke: InternalTestLoggerEvents.SendTestResult: Invoking callback 1/1 for Microsoft.VisualStudio.TestPlatform.CommandLine.Internal.ConsoleLogger., took 0 ms.
TpTrace Verbose: 0 : 5812, 4, 2024/04/24, 22:10:39.066, 460818563117, vstest.console.dll, MulticastDelegateUtilities.SafeInvoke: InternalTestLoggerEvents.SendTestResult: Invoking callback 1/1 for Microsoft.VisualStudio.TestPlatform.CommandLine.Internal.ConsoleLogger., took 1 ms.
TpTrace Verbose: 0 : 5812, 4, 2024/04/24, 22:10:39.066, 460818564103, vstest.console.dll, MulticastDelegateUtilities.SafeInvoke: InternalTestLoggerEvents.SendTestResult: Invoking callback 1/1 for Microsoft.VisualStudio.TestPlatform.CommandLine.Internal.ConsoleLogger., took 0 ms.
TpTrace Verbose: 0 : 5812, 4, 2024/04/24, 22:10:39.066, 460818564701, vstest.console.dll, MulticastDelegateUtilities.SafeInvoke: InternalTestLoggerEvents.SendTestResult: Invoking callback 1/1 for Microsoft.VisualStudio.TestPlatform.CommandLine.Internal.ConsoleLogger., took 0 ms.
TpTrace Verbose: 0 : 5812, 4, 2024/04/24, 22:10:39.066, 460818565183, vstest.console.dll, MulticastDelegateUtilities.SafeInvoke: InternalTestLoggerEvents.SendTestResult: Invoking callback 1/1 for Microsoft.VisualStudio.TestPlatform.CommandLine.Internal.ConsoleLogger., took 0 ms.
TpTrace Verbose: 0 : 5812, 4, 2024/04/24, 22:10:39.066, 460818565902, vstest.console.dll, MulticastDelegateUtilities.SafeInvoke: InternalTestLoggerEvents.SendTestResult: Invoking callback 1/1 for Microsoft.VisualStudio.TestPlatform.CommandLine.Internal.ConsoleLogger., took 0 ms.
TpTrace Verbose: 0 : 5812, 4, 2024/04/24, 22:10:39.066, 460818566408, vstest.console.dll, MulticastDelegateUtilities.SafeInvoke: InternalTestLoggerEvents.SendTestResult: Invoking callback 1/1 for Microsoft.VisualStudio.TestPlatform.CommandLine.Internal.ConsoleLogger., took 0 ms.
TpTrace Verbose: 0 : 5812, 13, 2024/04/24, 22:10:39.086, 460818759406, vstest.console.dll, TcpClientExtensions.MessageLoopAsync: NotifyDataAvailable remoteEndPoint: 127.0.0.1:61380 localEndPoint: 127.0.0.1:61379
TpTrace Verbose: 0 : 5812, 13, 2024/04/24, 22:10:39.086, 460818761600, vstest.console.dll, TestRequestSender.OnExecutionMessageReceived: Received message: {"Version":7,"MessageType":"TestExecution.StatsChange","Payload":{"NewTestResults":[{"TestCase":{"Id":"611f6b01-2144-469e-d78d-20d5449c6733","FullyQualifiedName":"ShoppingDALTesting.CustomerRepositoryTest.GetByKeyExceptionTest","DisplayName":"GetByKeyExceptionTest","ExecutorUri":"executor://NUnit3TestExecutor","Source":"C:\\Users\\VC\\source\\repos\\Day11\\SoppingAppSolution\\ShoppingDALTesting\\bin\\Debug\\net6.0\\fine-code-coverage\\build-output\\ShoppingDALTesting.dll","CodeFilePath":null,"LineNumber":0,"Properties":[{"Key":{"Id":"NUnit.Seed","Label":"Seed","Category":"","Description":"","Attributes":0,"ValueType":"System.String"},"Value":"1213425487"}]},"Attachments":[],"Outcome":1,"ErrorMessage":null,"ErrorStackTrace":null,"DisplayName":"GetByKeyExceptionTest","Messages":[],"ComputerName":"DESKTOP-92EC60F","Duration":"00:00:00.0004730","StartTime":"2024-04-24T16:40:38.9437831+00:00","EndTime":"2024-04-24T16:40:38.9442562+00:00","Properties":[{"Key":{"Id":"NUnit.Seed","Label":"Seed","Category":"","Description":"","Attributes":0,"ValueType":"System.String"},"Value":"1213425487"}]},{"TestCase":{"Id":"049ca3e4-c4cb-2919-de14-eed3213ccc88","FullyQualifiedName":"ShoppingDALTesting.CustomerRepositoryTest.GetByKeySuccessTest","DisplayName":"GetByKeySuccessTest","ExecutorUri":"executor://NUnit3TestExecutor","Source":"C:\\Users\\VC\\source\\repos\\Day11\\SoppingAppSolution\\ShoppingDALTesting\\bin\\Debug\\net6.0\\fine-code-coverage\\build-output\\ShoppingDALTesting.dll","CodeFilePath":null,"LineNumber":0,"Properties":[{"Key":{"Id":"NUnit.Seed","Label":"Seed","Category":"","Description":"","Attributes":0,"ValueType":"System.String"},"Value":"435373875"}]},"Attachments":[],"Outcome":1,"ErrorMessage":null,"ErrorStackTrace":null,"DisplayName":"GetByKeySuccessTest","Messages":[],"ComputerName":"DESKTOP-92EC60F","Duration":"00:00:00.0043920","StartTime":"2024-04-24T16:40:38.9442709+00:00","EndTime":"2024-04-24T16:40:38.9486629+00:00","Properties":[{"Key":{"Id":"NUnit.Seed","Label":"Seed","Category":"","Description":"","Attributes":0,"ValueType":"System.String"},"Value":"435373875"}]},{"TestCase":{"Id":"3062ae94-c0fe-ca1d-3d36-b128da49ef2b","FullyQualifiedName":"ShoppingDALTesting.CustomerRepositoryTest.UpdateCustomerExceptionTest","DisplayName":"UpdateCustomerExceptionTest","ExecutorUri":"executor://NUnit3TestExecutor","Source":"C:\\Users\\VC\\source\\repos\\Day11\\SoppingAppSolution\\ShoppingDALTesting\\bin\\Debug\\net6.0\\fine-code-coverage\\build-output\\ShoppingDALTesting.dll","CodeFilePath":null,"LineNumber":0,"Properties":[{"Key":{"Id":"NUnit.Seed","Label":"Seed","Category":"","Description":"","Attributes":0,"ValueType":"System.String"},"Value":"189580554"}]},"Attachments":[],"Outcome":1,"ErrorMessage":null,"ErrorStackTrace":null,"DisplayName":"UpdateCustomerExceptionTest","Messages":[],"ComputerName":"DESKTOP-92EC60F","Duration":"00:00:00.0006179","StartTime":"2024-04-24T16:40:38.9486853+00:00","EndTime":"2024-04-24T16:40:38.9493035+00:00","Properties":[{"Key":{"Id":"NUnit.Seed","Label":"Seed","Category":"","Description":"","Attributes":0,"ValueType":"System.String"},"Value":"189580554"}]},{"TestCase":{"Id":"c0bcf52a-11e6-c88d-d122-902aa899fab0","FullyQualifiedName":"ShoppingDALTesting.CustomerRepositoryTest.UpdateCustomerSucessTest","DisplayName":"UpdateCustomerSucessTest","ExecutorUri":"executor://NUnit3TestExecutor","Source":"C:\\Users\\VC\\source\\repos\\Day11\\SoppingAppSolution\\ShoppingDALTesting\\bin\\Debug\\net6.0\\fine-code-coverage\\build-output\\ShoppingDALTesting.dll","CodeFilePath":null,"LineNumber":0,"Properties":[{"Key":{"Id":"NUnit.Seed","Label":"Seed","Category":"","Description":"","Attributes":0,"ValueType":"System.String"},"Value":"1814792574"}]},"Attachments":[],"Outcome":1,"ErrorMessage":null,"ErrorStackTrace":null,"DisplayName":"UpdateCustomerSucessTest","Messages":[],"ComputerName":"DESKTOP-92EC60F","Duration":"00:00:00.0002060","StartTime":"2024-04-24T16:40:38.9493141+00:00","EndTime":"2024-04-24T16:40:38.9495198+00:00","Properties":[{"Key":{"Id":"NUnit.Seed","Label":"Seed","Category":"","Description":"","Attributes":0,"ValueType":"System.String"},"Value":"1814792574"}]},{"TestCase":{"Id":"adc3e8e1-a4d3-6daf-bc06-95cacacc07ff","FullyQualifiedName":"ShoppingDALTesting.ProductRepositoryDALTest.AddFailTest","DisplayName":"AddFailTest","ExecutorUri":"executor://NUnit3TestExecutor","Source":"C:\\Users\\VC\\source\\repos\\Day11\\SoppingAppSolution\\ShoppingDALTesting\\bin\\Debug\\net6.0\\fine-code-coverage\\build-output\\ShoppingDALTesting.dll","CodeFilePath":null,"LineNumber":0,"Properties":[{"Key":{"Id":"NUnit.Seed","Label":"Seed","Category":"","Description":"","Attributes":0,"ValueType":"System.String"},"Value":"2124798451"}]},"Attachments":[],"Outcome":1,"ErrorMessage":null,"ErrorStackTrace":null,"DisplayName":"AddFailTest","Messages":[],"ComputerName":"DESKTOP-92EC60F","Duration":"00:00:00.0008770","StartTime":"2024-04-24T16:40:38.9496353+00:00","EndTime":"2024-04-24T16:40:38.9505121+00:00","Properties":[{"Key":{"Id":"NUnit.Seed","Label":"Seed","Category":"","Description":"","Attributes":0,"ValueType":"System.String"},"Value":"2124798451"}]},{"TestCase":{"Id":"ee4f5e95-167e-8644-a641-e6c1b0d21728","FullyQualifiedName":"ShoppingDALTesting.ProductRepositoryDALTest.AddSuccessTest","DisplayName":"AddSuccessTest","ExecutorUri":"executor://NUnit3TestExecutor","Source":"C:\\Users\\VC\\source\\repos\\Day11\\SoppingAppSolution\\ShoppingDALTesting\\bin\\Debug\\net6.0\\fine-code-coverage\\build-output\\ShoppingDALTesting.dll","CodeFilePath":null,"LineNumber":0,"Properties":[{"Key":{"Id":"NUnit.Seed","Label":"Seed","Category":"","Description":"","Attributes":0,"ValueType":"System.String"},"Value":"1372784993"}]},"Attachments":[],"Outcome":1,"ErrorMessage":null,"ErrorStackTrace":null,"DisplayName":"AddSuccessTest","Messages":[],"ComputerName":"DESKTOP-92EC60F","Duration":"00:00:00.0001520","StartTime":"2024-04-24T16:40:38.9505228+00:00","EndTime":"2024-04-24T16:40:38.9506743+00:00","Properties":[{"Key":{"Id":"NUnit.Seed","Label":"Seed","Category":"","Description":"","Attributes":0,"ValueType":"System.String"},"Value":"1372784993"}]},{"TestCase":{"Id":"92643a20-4cee-43de-99db-70da77bbf999","FullyQualifiedName":"ShoppingDALTesting.ProductRepositoryDALTest.DeleteProductExceptionTest","DisplayName":"DeleteProductExceptionTest","ExecutorUri":"executor://NUnit3TestExecutor","Source":"C:\\Users\\VC\\source\\repos\\Day11\\SoppingAppSolution\\ShoppingDALTesting\\bin\\Debug\\net6.0\\fine-code-coverage\\build-output\\ShoppingDALTesting.dll","CodeFilePath":null,"LineNumber":0,"Properties":[{"Key":{"Id":"NUnit.Seed","Label":"Seed","Category":"","Description":"","Attributes":0,"ValueType":"System.String"},"Value":"930385050"}]},"Attachments":[],"Outcome":1,"ErrorMessage":null,"ErrorStackTrace":null,"DisplayName":"DeleteProductExceptionTest","Messages":[],"ComputerName":"DESKTOP-92EC60F","Duration":"00:00:00.0009700","StartTime":"2024-04-24T16:40:38.9506825+00:00","EndTime":"2024-04-24T16:40:38.9516524+00:00","Properties":[{"Key":{"Id":"NUnit.Seed","Label":"Seed","Category":"","Description":"","Attributes":0,"ValueType":"System.String"},"Value":"930385050"}]},{"TestCase":{"Id":"e2d5063a-429e-81cf-119e-0de33f1c6fc7","FullyQualifiedName":"ShoppingDALTesting.ProductRepositoryDALTest.DeleteProductSucessTest","DisplayName":"DeleteProductSucessTest","ExecutorUri":"executor://NUnit3TestExecutor","Source":"C:\\Users\\VC\\source\\repos\\Day11\\SoppingAppSolution\\ShoppingDALTesting\\bin\\Debug\\net6.0\\fine-code-coverage\\build-output\\ShoppingDALTesting.dll","CodeFilePath":null,"LineNumber":0,"Properties":[{"Key":{"Id":"NUnit.Seed","Label":"Seed","Category":"","Description":"","Attributes":0,"ValueType":"System.String"},"Value":"1621062157"}]},"Attachments":[],"Outcome":1,"ErrorMessage":null,"ErrorStackTrace":null,"DisplayName":"DeleteProductSucessTest","Messages":[],"ComputerName":"DESKTOP-92EC60F","Duration":"00:00:00.0004060","StartTime":"2024-04-24T16:40:38.9516673+00:00","EndTime":"2024-04-24T16:40:38.952073+00:00","Properties":[{"Key":{"Id":"NUnit.Seed","Label":"Seed","Category":"","Description":"","Attributes":0,"ValueType":"System.String"},"Value":"1621062157"}]},{"TestCase":{"Id":"2059616b-2360-9401-dea9-43e034d66ecf","FullyQualifiedName":"ShoppingDALTesting.ProductRepositoryDALTest.GetAllFailureTest","DisplayName":"GetAllFailureTest","ExecutorUri":"executor://NUnit3TestExecutor","Source":"C:\\Users\\VC\\source\\repos\\Day11\\SoppingAppSolution\\ShoppingDALTesting\\bin\\Debug\\net6.0\\fine-code-coverage\\build-output\\ShoppingDALTesting.dll","CodeFilePath":null,"LineNumber":0,"Properties":[{"Key":{"Id":"NUnit.Seed","Label":"Seed","Category":"","Description":"","Attributes":0,"ValueType":"System.String"},"Value":"1009402488"}]},"Attachments":[],"Outcome":1,"ErrorMessage":null,"ErrorStackTrace":null,"DisplayName":"GetAllFailureTest","Messages":[],"ComputerName":"DESKTOP-92EC60F","Duration":"00:00:00.0002260","StartTime":"2024-04-24T16:40:38.9520858+00:00","EndTime":"2024-04-24T16:40:38.9523118+00:00","Properties":[{"Key":{"Id":"NUnit.Seed","Label":"Seed","Category":"","Description":"","Attributes":0,"ValueType":"System.String"},"Value":"1009402488"}]}],"TestRunStatistics":{"ExecutedTests":27,"Stats":{"Passed":27}},"ActiveTests":[{"Id":"03ba2078-748f-c1f7-452f-416e4b711b30","FullyQualifiedName":"ShoppingDALTesting.ProductRepositoryDALTest.GetAllSuccessTest","DisplayName":"GetAllSuccessTest","ExecutorUri":"executor://NUnit3TestExecutor","Source":"C:\\Users\\VC\\source\\repos\\Day11\\SoppingAppSolution\\ShoppingDALTesting\\bin\\Debug\\net6.0\\fine-code-coverage\\build-output\\ShoppingDALTesting.dll","CodeFilePath":null,"LineNumber":0,"Properties":[{"Key":{"Id":"NUnit.Seed","Label":"Seed","Category":"","Description":"","Attributes":0,"ValueType":"System.String"},"Value":"1783858639"}]}]}}
TpTrace Verbose: 0 : 5812, 13, 2024/04/24, 22:10:39.088, 460818778101, vstest.console.dll, TestRunRequest:SendTestRunStatsChange: Starting.
TpTrace Verbose: 0 : 5812, 13, 2024/04/24, 22:10:39.088, 460818778854, vstest.console.dll, InProgress is GetAllSuccessTest
TpTrace Verbose: 0 : 5812, 13, 2024/04/24, 22:10:39.088, 460818779612, vstest.console.dll, MulticastDelegateUtilities.SafeInvoke: TestRun.RunStatsChanged: Invoking callbacks was skipped because there are no subscribers.
TpTrace Information: 0 : 5812, 13, 2024/04/24, 22:10:39.088, 460818779942, vstest.console.dll, TestRunRequest:SendTestRunStatsChange: Completed.
TpTrace Verbose: 0 : 5812, 13, 2024/04/24, 22:10:39.088, 460818780340, vstest.console.dll, MulticastDelegateUtilities.SafeInvoke: LengthPrefixCommunicationChannel: MessageReceived: Invoking callback 1/1 for Microsoft.VisualStudio.TestPlatform.CommunicationUtilities.TestRequestSender+<>c__DisplayClass34_0., took 1 ms.
TpTrace Verbose: 0 : 5812, 13, 2024/04/24, 22:10:39.088, 460818780734, vstest.console.dll, TcpClientExtensions.MessageLoopAsync: Polling on remoteEndPoint: 127.0.0.1:61380 localEndPoint: 127.0.0.1:61379 after 23 ms
TpTrace Verbose: 0 : 5812, 4, 2024/04/24, 22:10:39.088, 460818780764, vstest.console.dll, MulticastDelegateUtilities.SafeInvoke: InternalTestLoggerEvents.SendTestResult: Invoking callback 1/1 for Microsoft.VisualStudio.TestPlatform.CommandLine.Internal.ConsoleLogger., took 0 ms.
TpTrace Verbose: 0 : 5812, 4, 2024/04/24, 22:10:39.088, 460818781872, vstest.console.dll, MulticastDelegateUtilities.SafeInvoke: InternalTestLoggerEvents.SendTestResult: Invoking callback 1/1 for Microsoft.VisualStudio.TestPlatform.CommandLine.Internal.ConsoleLogger., took 0 ms.
TpTrace Verbose: 0 : 5812, 4, 2024/04/24, 22:10:39.088, 460818782419, vstest.console.dll, MulticastDelegateUtilities.SafeInvoke: InternalTestLoggerEvents.SendTestResult: Invoking callback 1/1 for Microsoft.VisualStudio.TestPlatform.CommandLine.Internal.ConsoleLogger., took 0 ms.
TpTrace Verbose: 0 : 5812, 4, 2024/04/24, 22:10:39.088, 460818782857, vstest.console.dll, MulticastDelegateUtilities.SafeInvoke: InternalTestLoggerEvents.SendTestResult: Invoking callback 1/1 for Microsoft.VisualStudio.TestPlatform.CommandLine.Internal.ConsoleLogger., took 0 ms.
TpTrace Verbose: 0 : 5812, 4, 2024/04/24, 22:10:39.088, 460818783214, vstest.console.dll, MulticastDelegateUtilities.SafeInvoke: InternalTestLoggerEvents.SendTestResult: Invoking callback 1/1 for Microsoft.VisualStudio.TestPlatform.CommandLine.Internal.ConsoleLogger., took 0 ms.
TpTrace Verbose: 0 : 5812, 4, 2024/04/24, 22:10:39.088, 460818783580, vstest.console.dll, MulticastDelegateUtilities.SafeInvoke: InternalTestLoggerEvents.SendTestResult: Invoking callback 1/1 for Microsoft.VisualStudio.TestPlatform.CommandLine.Internal.ConsoleLogger., took 0 ms.
TpTrace Verbose: 0 : 5812, 4, 2024/04/24, 22:10:39.088, 460818783953, vstest.console.dll, MulticastDelegateUtilities.SafeInvoke: InternalTestLoggerEvents.SendTestResult: Invoking callback 1/1 for Microsoft.VisualStudio.TestPlatform.CommandLine.Internal.ConsoleLogger., took 0 ms.
TpTrace Verbose: 0 : 5812, 4, 2024/04/24, 22:10:39.088, 460818784376, vstest.console.dll, MulticastDelegateUtilities.SafeInvoke: InternalTestLoggerEvents.SendTestResult: Invoking callback 1/1 for Microsoft.VisualStudio.TestPlatform.CommandLine.Internal.ConsoleLogger., took 0 ms.
TpTrace Verbose: 0 : 5812, 4, 2024/04/24, 22:10:39.088, 460818784792, vstest.console.dll, MulticastDelegateUtilities.SafeInvoke: InternalTestLoggerEvents.SendTestResult: Invoking callback 1/1 for Microsoft.VisualStudio.TestPlatform.CommandLine.Internal.ConsoleLogger., took 0 ms.
TpTrace Verbose: 0 : 5812, 13, 2024/04/24, 22:10:39.099, 460818893700, vstest.console.dll, TcpClientExtensions.MessageLoopAsync: NotifyDataAvailable remoteEndPoint: 127.0.0.1:61380 localEndPoint: 127.0.0.1:61379
TpTrace Verbose: 0 : 5812, 13, 2024/04/24, 22:10:39.099, 460818895180, vstest.console.dll, TestRequestSender.OnExecutionMessageReceived: Received message: {"Version":7,"MessageType":"TestSession.Message","Payload":{"MessageLevel":0,"Message":"NUnit Adapter 4.4.0.0: Test execution complete"}}
TpTrace Verbose: 0 : 5812, 13, 2024/04/24, 22:10:39.099, 460818896300, vstest.console.dll, TestRunRequest:SendTestRunMessage: Starting.
TpTrace Verbose: 0 : 5812, 13, 2024/04/24, 22:10:39.099, 460818896742, vstest.console.dll, MulticastDelegateUtilities.SafeInvoke: TestRun.LogMessages: Invoking callback 1/1 for Microsoft.VisualStudio.TestPlatform.CommandLine.TestRunResultAggregator., took 0 ms.
TpTrace Information: 0 : 5812, 13, 2024/04/24, 22:10:39.099, 460818897077, vstest.console.dll, TestRunRequest:SendTestRunMessage: Completed.
TpTrace Verbose: 0 : 5812, 13, 2024/04/24, 22:10:39.099, 460818897337, vstest.console.dll, MulticastDelegateUtilities.SafeInvoke: LengthPrefixCommunicationChannel: MessageReceived: Invoking callback 1/1 for Microsoft.VisualStudio.TestPlatform.CommunicationUtilities.TestRequestSender+<>c__DisplayClass34_0., took 0 ms.
TpTrace Verbose: 0 : 5812, 4, 2024/04/24, 22:10:39.099, 460818897220, vstest.console.dll, MulticastDelegateUtilities.SafeInvoke: InternalTestLoggerEvents.SendTestRunMessage: Invoking callback 1/1 for Microsoft.VisualStudio.TestPlatform.CommandLine.Internal.ConsoleLogger., took 0 ms.
TpTrace Verbose: 0 : 5812, 13, 2024/04/24, 22:10:39.099, 460818897635, vstest.console.dll, TcpClientExtensions.MessageLoopAsync: Polling on remoteEndPoint: 127.0.0.1:61380 localEndPoint: 127.0.0.1:61379 after 11 ms
TpTrace Verbose: 0 : 5812, 13, 2024/04/24, 22:10:39.121, 460819113797, vstest.console.dll, TcpClientExtensions.MessageLoopAsync: NotifyDataAvailable remoteEndPoint: 127.0.0.1:61380 localEndPoint: 127.0.0.1:61379
TpTrace Verbose: 0 : 5812, 13, 2024/04/24, 22:10:39.121, 460819116881, vstest.console.dll, TestRequestSender.OnExecutionMessageReceived: Received message: {"Version":7,"MessageType":"TestExecution.Completed","Payload":{"TestRunCompleteArgs":{"TestRunStatistics":{"ExecutedTests":32,"Stats":{"Passed":32}},"IsCanceled":false,"IsAborted":false,"Error":null,"AttachmentSets":[],"InvokedDataCollectors":[],"ElapsedTimeInRunningTests":"00:00:00.4024862","Metrics":{},"DiscoveredExtensions":{"TestDiscoverers":["NUnit.VisualStudio.TestAdapter.NUnit3TestDiscoverer, NUnit3.TestAdapter, Version=4.4.0.0, Culture=neutral, PublicKeyToken=4cb40d35494691ac"],"TestExecutors":["executor://NUnit3TestExecutor"],"TestExecutors2":[],"TestSettingsProviders":[]}},"LastRunTests":{"NewTestResults":[{"TestCase":{"Id":"03ba2078-748f-c1f7-452f-416e4b711b30","FullyQualifiedName":"ShoppingDALTesting.ProductRepositoryDALTest.GetAllSuccessTest","DisplayName":"GetAllSuccessTest","ExecutorUri":"executor://NUnit3TestExecutor","Source":"C:\\Users\\VC\\source\\repos\\Day11\\SoppingAppSolution\\ShoppingDALTesting\\bin\\Debug\\net6.0\\fine-code-coverage\\build-output\\ShoppingDALTesting.dll","CodeFilePath":null,"LineNumber":0,"Properties":[{"Key":{"Id":"NUnit.Seed","Label":"Seed","Category":"","Description":"","Attributes":0,"ValueType":"System.String"},"Value":"1783858639"}]},"Attachments":[],"Outcome":1,"ErrorMessage":null,"ErrorStackTrace":null,"DisplayName":"GetAllSuccessTest","Messages":[],"ComputerName":"DESKTOP-92EC60F","Duration":"00:00:00.0002570","StartTime":"2024-04-24T16:40:38.9523234+00:00","EndTime":"2024-04-24T16:40:38.9525802+00:00","Properties":[{"Key":{"Id":"NUnit.Seed","Label":"Seed","Category":"","Description":"","Attributes":0,"ValueType":"System.String"},"Value":"1783858639"}]},{"TestCase":{"Id":"54877300-dbcd-b69e-5bce-fab756779473","FullyQualifiedName":"ShoppingDALTesting.ProductRepositoryDALTest.GetByKeyExceptionTest","DisplayName":"GetByKeyExceptionTest","ExecutorUri":"executor://NUnit3TestExecutor","Source":"C:\\Users\\VC\\source\\repos\\Day11\\SoppingAppSolution\\ShoppingDALTesting\\bin\\Debug\\net6.0\\fine-code-coverage\\build-output\\ShoppingDALTesting.dll","CodeFilePath":null,"LineNumber":0,"Properties":[{"Key":{"Id":"NUnit.Seed","Label":"Seed","Category":"","Description":"","Attributes":0,"ValueType":"System.String"},"Value":"1864536794"}]},"Attachments":[],"Outcome":1,"ErrorMessage":null,"ErrorStackTrace":null,"DisplayName":"GetByKeyExceptionTest","Messages":[],"ComputerName":"DESKTOP-92EC60F","Duration":"00:00:00.0004120","StartTime":"2024-04-24T16:40:38.9525913+00:00","EndTime":"2024-04-24T16:40:38.953003+00:00","Properties":[{"Key":{"Id":"NUnit.Seed","Label":"Seed","Category":"","Description":"","Attributes":0,"ValueType":"System.String"},"Value":"1864536794"}]},{"TestCase":{"Id":"2039e613-5e6a-f875-1800-eea86ad0a1a0","FullyQualifiedName":"ShoppingDALTesting.ProductRepositoryDALTest.GetByKeySuccessTest","DisplayName":"GetByKeySuccessTest","ExecutorUri":"executor://NUnit3TestExecutor","Source":"C:\\Users\\VC\\source\\repos\\Day11\\SoppingAppSolution\\ShoppingDALTesting\\bin\\Debug\\net6.0\\fine-code-coverage\\build-output\\ShoppingDALTesting.dll","CodeFilePath":null,"LineNumber":0,"Properties":[{"Key":{"Id":"NUnit.Seed","Label":"Seed","Category":"","Description":"","Attributes":0,"ValueType":"System.String"},"Value":"63459773"}]},"Attachments":[],"Outcome":1,"ErrorMessage":null,"ErrorStackTrace":null,"DisplayName":"GetByKeySuccessTest","Messages":[],"ComputerName":"DESKTOP-92EC60F","Duration":"00:00:00.0002330","StartTime":"2024-04-24T16:40:38.9530156+00:00","EndTime":"2024-04-24T16:40:38.9532489+00:00","Properties":[{"Key":{"Id":"NUnit.Seed","Label":"Seed","Category":"","Description":"","Attributes":0,"ValueType":"System.String"},"Value":"63459773"}]},{"TestCase":{"Id":"935012ea-5150-80f3-8d0d-df199884097d","FullyQualifiedName":"ShoppingDALTesting.ProductRepositoryDALTest.UpdateCustomerSucessTest","DisplayName":"UpdateCustomerSucessTest","ExecutorUri":"executor://NUnit3TestExecutor","Source":"C:\\Users\\VC\\source\\repos\\Day11\\SoppingAppSolution\\ShoppingDALTesting\\bin\\Debug\\net6.0\\fine-code-coverage\\build-output\\ShoppingDALTesting.dll","CodeFilePath":null,"LineNumber":0,"Properties":[{"Key":{"Id":"NUnit.Seed","Label":"Seed","Category":"","Description":"","Attributes":0,"ValueType":"System.String"},"Value":"1371761581"}]},"Attachments":[],"Outcome":1,"ErrorMessage":null,"ErrorStackTrace":null,"DisplayName":"UpdateCustomerSucessTest","Messages":[],"ComputerName":"DESKTOP-92EC60F","Duration":"00:00:00.0010349","StartTime":"2024-04-24T16:40:38.9532638+00:00","EndTime":"2024-04-24T16:40:38.9542985+00:00","Properties":[{"Key":{"Id":"NUnit.Seed","Label":"Seed","Category":"","Description":"","Attributes":0,"ValueType":"System.String"},"Value":"1371761581"}]},{"TestCase":{"Id":"4993309c-fa3c-dfdf-c247-e4ee8a02a0ff","FullyQualifiedName":"ShoppingDALTesting.ProductRepositoryDALTest.UpdateProductExceptionTest","DisplayName":"UpdateProductExceptionTest","ExecutorUri":"executor://NUnit3TestExecutor","Source":"C:\\Users\\VC\\source\\repos\\Day11\\SoppingAppSolution\\ShoppingDALTesting\\bin\\Debug\\net6.0\\fine-code-coverage\\build-output\\ShoppingDALTesting.dll","CodeFilePath":null,"LineNumber":0,"Properties":[{"Key":{"Id":"NUnit.Seed","Label":"Seed","Category":"","Description":"","Attributes":0,"ValueType":"System.String"},"Value":"377841041"}]},"Attachments":[],"Outcome":1,"ErrorMessage":null,"ErrorStackTrace":null,"DisplayName":"UpdateProductExceptionTest","Messages":[],"ComputerName":"DESKTOP-92EC60F","Duration":"00:00:00.0009780","StartTime":"2024-04-24T16:40:38.9543133+00:00","EndTime":"2024-04-24T16:40:38.9552915+00:00","Properties":[{"Key":{"Id":"NUnit.Seed","Label":"Seed","Category":"","Description":"","Attributes":0,"ValueType":"System.String"},"Value":"377841041"}]}],"TestRunStatistics":{"ExecutedTests":32,"Stats":{"Passed":32}},"ActiveTests":[]},"RunAttachments":[],"ExecutorUris":["executor://nunit3testexecutor/"]}}
TpTrace Verbose: 0 : 5812, 13, 2024/04/24, 22:10:39.122, 460819122048, vstest.console.dll, TestRequestSender.EndSession: Sending end session.
TpTrace Verbose: 0 : 5812, 13, 2024/04/24, 22:10:39.122, 460819123897, vstest.console.dll, ProxyOperationManager.Close: waiting for test host to exit for 100 ms
TpTrace Verbose: 0 : 5812, 12, 2024/04/24, 22:10:39.191, 460819816377, vstest.console.dll, TestHostManagerCallbacks.ctor: Experimental forwarding output is disabled.
TpTrace Warning: 0 : 5812, 12, 2024/04/24, 22:10:39.192, 460819818792, vstest.console.dll, TestHostManagerCallbacks.ErrorReceivedCallback Test host standard error line: 
TpTrace Verbose: 0 : 5812, 12, 2024/04/24, 22:10:39.204, 460819940248, vstest.console.dll, TestHostProvider.ExitCallBack: Host exited starting callback.
TpTrace Information: 0 : 5812, 12, 2024/04/24, 22:10:39.204, 460819943375, vstest.console.dll, TestHostManagerCallbacks.ExitCallBack: Testhost processId: 22224 exited with exitcode: 0 error: ''
TpTrace Verbose: 0 : 5812, 12, 2024/04/24, 22:10:39.204, 460819944414, vstest.console.dll, DotnetTestHostManager.OnHostExited: invoking OnHostExited callback
TpTrace Verbose: 0 : 5812, 12, 2024/04/24, 22:10:39.204, 460819946000, vstest.console.dll, CrossPlatEngine.TestHostManagerHostExited: calling on client process exit callback.
TpTrace Information: 0 : 5812, 12, 2024/04/24, 22:10:39.204, 460819947047, vstest.console.dll, TestRequestSender.OnClientProcessExit: Test host process exited. Standard error: 
TpTrace Information: 0 : 5812, 12, 2024/04/24, 22:10:39.204, 460819947900, vstest.console.dll, SocketServer.Stop: Stop server endPoint: 127.0.0.1:61379
TpTrace Information: 0 : 5812, 12, 2024/04/24, 22:10:39.205, 460819948511, vstest.console.dll, SocketServer.Stop: Cancellation requested. Stopping message loop.
TpTrace Information: 0 : 5812, 13, 2024/04/24, 22:10:39.205, 460819948382, vstest.console.dll, SocketServer.Stop: Stop server endPoint: 127.0.0.1:61379
TpTrace Verbose: 0 : 5812, 12, 2024/04/24, 22:10:39.205, 460819951693, vstest.console.dll, MulticastDelegateUtilities.SafeInvoke: HostProviderEvents.OnHostExited: Invoking callback 1/1 for Microsoft.VisualStudio.TestPlatform.CrossPlatEngine.Client.ProxyOperationManager., took 0 ms.
TpTrace Information: 0 : 5812, 13, 2024/04/24, 22:10:39.205, 460819951718, vstest.console.dll, SocketServer.Stop: Cancellation requested. Stopping message loop.
TpTrace Information: 0 : 5812, 13, 2024/04/24, 22:10:39.205, 460819955375, vstest.console.dll, Closing the connection
TpTrace Verbose: 0 : 5812, 13, 2024/04/24, 22:10:39.206, 460819960466, vstest.console.dll, ProxyDataCollectionManager.InvokeDataCollectionServiceAction: Starting.
TpTrace Information: 0 : 5812, 13, 2024/04/24, 22:10:39.206, 460819961714, vstest.console.dll, ProxyDataCollectionManager.AfterTestRunEnd: Get attachment set and invoked data collectors processId: 26200 port: 61373
TpTrace Verbose: 0 : 5812, 13, 2024/04/24, 22:10:39.206, 460819962861, vstest.console.dll, DataCollectionRequestSender.SendAfterTestRunStartAndGetResult: Send AfterTestRunEnd message with isCancelled: False
TpTrace Verbose: 0 : 5812, 13, 2024/04/24, 22:10:39.217, 460820075894, vstest.console.dll, DataCollectionRequestSender.SendAfterTestRunStartAndGetResult: Received message: (DataCollection.AfterTestRunEndResult) -> {"MessageType":"DataCollection.AfterTestRunEndResult","Payload":{"AttachmentSets":[],"InvokedDataCollectors":[{"Uri":"datacollector://Microsoft/TestPlatform/Extensions/Blame/v1","FriendlyName":"Blame","AssemblyQualifiedName":"Microsoft.TestPlatform.Extensions.BlameDataCollector.BlameCollector, Microsoft.TestPlatform.Extensions.BlameDataCollector, Version=15.0.0.0, Culture=neutral, PublicKeyToken=b03f5f7f11d50a3a","FilePath":"C:\\Program Files\\dotnet\\sdk\\8.0.202\\Extensions\\Microsoft.TestPlatform.Extensions.BlameDataCollector.dll","HasAttachmentProcessor":false}],"Metrics":{}}}
TpTrace Information: 0 : 5812, 13, 2024/04/24, 22:10:39.224, 460820147080, vstest.console.dll, ProxyDataCollectionManager.InvokeDataCollectionServiceAction: Completed.
TpTrace Warning: 0 : 5812, 10, 2024/04/24, 22:10:39.243, 460820332551, vstest.console.dll, DataCollectionLauncher.ErrorReceivedCallback datacollector standard error line: 
TpTrace Information: 0 : 5812, 10, 2024/04/24, 22:10:39.249, 460820392527, vstest.console.dll, DataCollectionLauncher.ExitCallBack: Data collector exited with exitcode: 0 error: ''
TpTrace Verbose: 0 : 5812, 13, 2024/04/24, 22:10:39.261, 460820509617, vstest.console.dll, TestRunRequest:SendTestRunStatsChange: Starting.
TpTrace Verbose: 0 : 5812, 13, 2024/04/24, 22:10:39.261, 460820510765, vstest.console.dll, MulticastDelegateUtilities.SafeInvoke: TestRun.RunStatsChanged: Invoking callbacks was skipped because there are no subscribers.
TpTrace Information: 0 : 5812, 13, 2024/04/24, 22:10:39.261, 460820510989, vstest.console.dll, TestRunRequest:SendTestRunStatsChange: Completed.
TpTrace Verbose: 0 : 5812, 4, 2024/04/24, 22:10:39.261, 460820512240, vstest.console.dll, MulticastDelegateUtilities.SafeInvoke: InternalTestLoggerEvents.SendTestResult: Invoking callback 1/1 for Microsoft.VisualStudio.TestPlatform.CommandLine.Internal.ConsoleLogger., took 0 ms.
TpTrace Verbose: 0 : 5812, 4, 2024/04/24, 22:10:39.261, 460820513218, vstest.console.dll, MulticastDelegateUtilities.SafeInvoke: InternalTestLoggerEvents.SendTestResult: Invoking callback 1/1 for Microsoft.VisualStudio.TestPlatform.CommandLine.Internal.ConsoleLogger., took 0 ms.
TpTrace Verbose: 0 : 5812, 13, 2024/04/24, 22:10:39.261, 460820513343, vstest.console.dll, ParallelProxyExecutionManager: HandlePartialRunComplete: Total workloads = 1, Total started clients = 1 Total completed clients = 1, Run complete = True, Run canceled: False.
TpTrace Verbose: 0 : 5812, 13, 2024/04/24, 22:10:39.261, 460820513717, vstest.console.dll, ParallelProxyExecutionManager: HandlePartialRunComplete: All runs completed stopping all managers.
TpTrace Verbose: 0 : 5812, 4, 2024/04/24, 22:10:39.261, 460820513939, vstest.console.dll, MulticastDelegateUtilities.SafeInvoke: InternalTestLoggerEvents.SendTestResult: Invoking callback 1/1 for Microsoft.VisualStudio.TestPlatform.CommandLine.Internal.ConsoleLogger., took 0 ms.
TpTrace Verbose: 0 : 5812, 4, 2024/04/24, 22:10:39.261, 460820514399, vstest.console.dll, MulticastDelegateUtilities.SafeInvoke: InternalTestLoggerEvents.SendTestResult: Invoking callback 1/1 for Microsoft.VisualStudio.TestPlatform.CommandLine.Internal.ConsoleLogger., took 0 ms.
TpTrace Verbose: 0 : 5812, 4, 2024/04/24, 22:10:39.261, 460820514763, vstest.console.dll, MulticastDelegateUtilities.SafeInvoke: InternalTestLoggerEvents.SendTestResult: Invoking callback 1/1 for Microsoft.VisualStudio.TestPlatform.CommandLine.Internal.ConsoleLogger., took 0 ms.
TpTrace Verbose: 0 : 5812, 13, 2024/04/24, 22:10:39.261, 460820514018, vstest.console.dll, ParallelOperationManager.StopAllManagers: Stopping all managers.
TpTrace Verbose: 0 : 5812, 13, 2024/04/24, 22:10:39.261, 460820516198, vstest.console.dll, ParallelOperationManager.ClearSlots: Clearing all slots. Slots should accept more work: False
TpTrace Verbose: 0 : 5812, 13, 2024/04/24, 22:10:39.261, 460820516832, vstest.console.dll, ParallelOperationManager.SetOccupiedSlotCount: Setting slot counts AvailableSlotCount = 1, OccupiedSlotCount = 0.
TpTrace Verbose: 0 : 5812, 13, 2024/04/24, 22:10:39.261, 460820517386, vstest.console.dll, Occupied slots:

TpTrace Verbose: 0 : 5812, 4, 2024/04/24, 22:10:39.269, 460820590557, vstest.console.dll, MulticastDelegateUtilities.SafeInvoke: InternalTestLoggerEvents.SendTestRunComplete: Invoking callback 1/2 for Microsoft.TestPlatform.Extensions.BlameDataCollector.BlameLogger., took 0 ms.
TpTrace Verbose: 0 : 5812, 4, 2024/04/24, 22:10:39.274, 460820643402, vstest.console.dll, MulticastDelegateUtilities.SafeInvoke: InternalTestLoggerEvents.SendTestRunComplete: Invoking callback 2/2 for Microsoft.VisualStudio.TestPlatform.CommandLine.Internal.ConsoleLogger., took 5 ms.
TpTrace Verbose: 0 : 5812, 13, 2024/04/24, 22:10:39.274, 460820647935, vstest.console.dll, TestRunRequest:TestRunComplete: Starting. IsAborted:False IsCanceled:False.
TpTrace Verbose: 0 : 5812, 13, 2024/04/24, 22:10:39.275, 460820650166, vstest.console.dll, ParallelOperationManager.DoActionOnAllManagers: Calling an action on all managers.
TpTrace Verbose: 0 : 5812, 13, 2024/04/24, 22:10:39.275, 460820657935, vstest.console.dll, TestLoggerManager.HandleTestRunComplete: Ignoring as the object is disposed.
TpTrace Verbose: 0 : 5812, 13, 2024/04/24, 22:10:39.276, 460820660129, vstest.console.dll, MulticastDelegateUtilities.SafeInvoke: TestRun.TestRunComplete: Invoking callback 1/2 for Microsoft.VisualStudio.TestPlatform.CommandLine.TestRunResultAggregator., took 0 ms.
TpTrace Verbose: 0 : 5812, 13, 2024/04/24, 22:10:39.276, 460820661217, vstest.console.dll, MulticastDelegateUtilities.SafeInvoke: TestRun.TestRunComplete: Invoking callback 2/2 for Microsoft.VisualStudio.TestPlatform.CommandLine.Processors.RunTestsArgumentExecutor+TestRunRequestEventsRegistrar., took 0 ms.
TpTrace Information: 0 : 5812, 13, 2024/04/24, 22:10:39.276, 460820662045, vstest.console.dll, TestRunRequest:TestRunComplete: Completed.
TpTrace Verbose: 0 : 5812, 13, 2024/04/24, 22:10:39.276, 460820662384, vstest.console.dll, TestRequestSender.SetOperationComplete: Setting operation complete.
TpTrace Information: 0 : 5812, 13, 2024/04/24, 22:10:39.276, 460820662603, vstest.console.dll, SocketServer.Stop: Stop server endPoint: 127.0.0.1:61379
TpTrace Information: 0 : 5812, 13, 2024/04/24, 22:10:39.276, 460820662798, vstest.console.dll, SocketServer.Stop: Cancellation requested. Stopping message loop.
TpTrace Verbose: 0 : 5812, 13, 2024/04/24, 22:10:39.276, 460820663030, vstest.console.dll, MulticastDelegateUtilities.SafeInvoke: LengthPrefixCommunicationChannel: MessageReceived: Invoking callback 1/1 for Microsoft.VisualStudio.TestPlatform.CommunicationUtilities.TestRequestSender+<>c__DisplayClass34_0., took 154 ms.
TpTrace Verbose: 0 : 5812, 1, 2024/04/24, 22:10:39.276, 460820663119, vstest.console.dll, TestRunRequest.Dispose: Starting.
TpTrace Information: 0 : 5812, 1, 2024/04/24, 22:10:39.276, 460820663852, vstest.console.dll, TestRunRequest.Dispose: Completed.
TpTrace Information: 0 : 5812, 1, 2024/04/24, 22:10:39.276, 460820664224, vstest.console.dll, TestRequestManager.RunTests: run tests completed.
TpTrace Information: 0 : 5812, 13, 2024/04/24, 22:10:39.276, 460820663345, vstest.console.dll, SocketServer.PrivateStop: Stopping server endPoint: 127.0.0.1:61379 error: 
TpTrace Information: 0 : 5812, 1, 2024/04/24, 22:10:39.276, 460820664827, vstest.console.dll, RunTestsArgumentProcessor:Execute: Test run is completed.
TpTrace Verbose: 0 : 5812, 1, 2024/04/24, 22:10:39.277, 460820668125, vstest.console.dll, Executor.Execute: Exiting with exit code of 0
TpTrace Verbose: 0 : 5812, 13, 2024/04/24, 22:10:39.277, 460820669125, vstest.console.dll, LengthPrefixCommunicationChannel.Dispose: Dispose reader and writer.
TpTrace Information: 0 : 5812, 13, 2024/04/24, 22:10:39.277, 460820670546, vstest.console.dll, SocketServer.Stop: Raise disconnected event endPoint: 127.0.0.1:61379 error: 
TpTrace Verbose: 0 : 5812, 13, 2024/04/24, 22:10:39.277, 460820671534, vstest.console.dll, TestRequestSender: OnTestRunAbort: Operation is already complete. Skip error message.
TpTrace Verbose: 0 : 5812, 13, 2024/04/24, 22:10:39.277, 460820672045, vstest.console.dll, MulticastDelegateUtilities.SafeInvoke: SocketServer: ClientDisconnected: Invoking callback 1/1 for Microsoft.VisualStudio.TestPlatform.CommunicationUtilities.TestRequestSender., took 0 ms.
TpTrace Verbose: 0 : 5812, 13, 2024/04/24, 22:10:39.277, 460820672440, vstest.console.dll, TcpClientExtensions.MessageLoopAsync: exiting MessageLoopAsync remoteEndPoint: 127.0.0.1:61380 localEndPoint: 127.0.0.1:61379
