TpTrace Verbose: 0 : 9548, 1, 2024/04/26, 18:43:15.086, 334498767595, vstest.console.dll, Version: 17.9.0-release-24072-02 Current process architecture: X64
TpTrace Verbose: 0 : 9548, 1, 2024/04/26, 18:43:15.089, 334498796023, vstest.console.dll, Runtime location: C:\Program Files\dotnet\shared\Microsoft.NETCore.App\8.0.3
TpTrace Verbose: 0 : 9548, 1, 2024/04/26, 18:43:15.091, 334498821425, vstest.console.dll, ArtifactProcessingPostProcessModeProcessorExecutor.Initialize: ArtifactProcessingMode.Collect
TpTrace Verbose: 0 : 9548, 1, 2024/04/26, 18:43:15.091, 334498823625, vstest.console.dll, TestSessionCorrelationIdProcessorModeProcessorExecutor.Initialize: TestSessionCorrelationId '24812_328b63b1-4c4b-40e8-bccf-230f8b56620e'
TpTrace Information: 0 : 9548, 1, 2024/04/26, 18:43:15.103, 334498938594, vstest.console.dll, FilePatternParser: The given file C:\Users\VC\source\repos\Day11\SoppingAppSolution\ShoppingDALTesting\bin\Debug\net6.0\fine-code-coverage\build-output\ShoppingDALTesting.dll is a full path.
TpTrace Verbose: 0 : 9548, 1, 2024/04/26, 18:43:15.112, 334499033244, vstest.console.dll, TestPluginCache.DiscoverTestExtensions: finding test extensions in assemblies ends with: RuntimeProvider.dll TPluginInfo: Microsoft.VisualStudio.TestPlatform.Common.ExtensionFramework.Utilities.TestRuntimePluginInformation TExtension: Microsoft.VisualStudio.TestPlatform.ObjectModel.Host.ITestRuntimeProvider
TpTrace Verbose: 0 : 9548, 1, 2024/04/26, 18:43:15.113, 334499038944, vstest.console.dll, TestPluginCache.GetExtensionPaths: Filtered extension paths: 
TpTrace Verbose: 0 : 9548, 1, 2024/04/26, 18:43:15.113, 334499040464, vstest.console.dll, TestPluginCache.GetExtensionPaths: Added default extension paths: C:\Program Files\dotnet\sdk\8.0.202\Extensions\Microsoft.Diagnostics.NETCore.Client.dll
C:\Program Files\dotnet\sdk\8.0.202\Extensions\Microsoft.TestPlatform.Extensions.BlameDataCollector.dll
C:\Program Files\dotnet\sdk\8.0.202\Extensions\Microsoft.TestPlatform.Extensions.EventLogCollector.dll
C:\Program Files\dotnet\sdk\8.0.202\Extensions\Microsoft.TestPlatform.TestHostRuntimeProvider.dll
C:\Program Files\dotnet\sdk\8.0.202\Extensions\Microsoft.VisualStudio.TestPlatform.Extensions.Html.TestLogger.dll
C:\Program Files\dotnet\sdk\8.0.202\Extensions\Microsoft.VisualStudio.TestPlatform.Extensions.Trx.TestLogger.dll
TpTrace Verbose: 0 : 9548, 1, 2024/04/26, 18:43:15.113, 334499041022, vstest.console.dll, TestPluginCache.GetExtensionPaths: Added unfilterableExtensionPaths: 
TpTrace Information: 0 : 9548, 1, 2024/04/26, 18:43:15.114, 334499050591, vstest.console.dll, AssemblyResolver.ctor: Creating AssemblyResolver with searchDirectories C:\Program Files\dotnet\sdk\8.0.202\Extensions,C:\Program Files\dotnet\sdk\8.0.202
TpTrace Verbose: 0 : 9548, 1, 2024/04/26, 18:43:15.118, 334499088237, vstest.console.dll, TestPluginCache.DiscoverTestExtensions: Discovering the extensions using extension path.
TpTrace Verbose: 0 : 9548, 1, 2024/04/26, 18:43:15.118, 334499091130, vstest.console.dll, TestPluginCache.GetExtensionPaths: Filtered extension paths: 
TpTrace Verbose: 0 : 9548, 1, 2024/04/26, 18:43:15.118, 334499091899, vstest.console.dll, TestPluginCache.GetExtensionPaths: Added default extension paths: C:\Program Files\dotnet\sdk\8.0.202\Extensions\Microsoft.Diagnostics.NETCore.Client.dll
C:\Program Files\dotnet\sdk\8.0.202\Extensions\Microsoft.TestPlatform.Extensions.BlameDataCollector.dll
C:\Program Files\dotnet\sdk\8.0.202\Extensions\Microsoft.TestPlatform.Extensions.EventLogCollector.dll
C:\Program Files\dotnet\sdk\8.0.202\Extensions\Microsoft.TestPlatform.TestHostRuntimeProvider.dll
C:\Program Files\dotnet\sdk\8.0.202\Extensions\Microsoft.VisualStudio.TestPlatform.Extensions.Html.TestLogger.dll
C:\Program Files\dotnet\sdk\8.0.202\Extensions\Microsoft.VisualStudio.TestPlatform.Extensions.Trx.TestLogger.dll
TpTrace Verbose: 0 : 9548, 1, 2024/04/26, 18:43:15.118, 334499092370, vstest.console.dll, TestPluginCache.GetExtensionPaths: Added unfilterableExtensionPaths: 
TpTrace Verbose: 0 : 9548, 1, 2024/04/26, 18:43:15.118, 334499093334, vstest.console.dll, TestPluginCache.DiscoverTestExtensions: Discovering the extensions using allExtensionPaths: C:\Program Files\dotnet\sdk\8.0.202\Extensions\Microsoft.Diagnostics.NETCore.Client.dll
C:\Program Files\dotnet\sdk\8.0.202\Extensions\Microsoft.TestPlatform.Extensions.BlameDataCollector.dll
C:\Program Files\dotnet\sdk\8.0.202\Extensions\Microsoft.TestPlatform.Extensions.EventLogCollector.dll
C:\Program Files\dotnet\sdk\8.0.202\Extensions\Microsoft.TestPlatform.TestHostRuntimeProvider.dll
C:\Program Files\dotnet\sdk\8.0.202\Extensions\Microsoft.VisualStudio.TestPlatform.Extensions.Html.TestLogger.dll
C:\Program Files\dotnet\sdk\8.0.202\Extensions\Microsoft.VisualStudio.TestPlatform.Extensions.Trx.TestLogger.dll
TpTrace Information: 0 : 9548, 1, 2024/04/26, 18:43:15.119, 334499095648, vstest.console.dll, AssemblyResolver.AddSearchDirectories: Adding more searchDirectories C:\Program Files\dotnet\sdk\8.0.202\Extensions,C:\Program Files\dotnet\sdk\8.0.202
TpTrace Information: 0 : 9548, 1, 2024/04/26, 18:43:15.119, 334499096566, vstest.console.dll, AssemblyResolver.AddSearchDirectories: Adding more searchDirectories C:\Program Files\dotnet\sdk\8.0.202\Extensions,C:\Program Files\dotnet\sdk\8.0.202
TpTrace Information: 0 : 9548, 1, 2024/04/26, 18:43:15.119, 334499097170, vstest.console.dll, AssemblyResolver.AddSearchDirectories: Adding more searchDirectories C:\Program Files\dotnet\sdk\8.0.202\Extensions,C:\Program Files\dotnet\sdk\8.0.202
TpTrace Information: 0 : 9548, 1, 2024/04/26, 18:43:15.119, 334499097641, vstest.console.dll, AssemblyResolver.AddSearchDirectories: Adding more searchDirectories C:\Program Files\dotnet\sdk\8.0.202\Extensions,C:\Program Files\dotnet\sdk\8.0.202
TpTrace Information: 0 : 9548, 1, 2024/04/26, 18:43:15.119, 334499098075, vstest.console.dll, AssemblyResolver.AddSearchDirectories: Adding more searchDirectories C:\Program Files\dotnet\sdk\8.0.202\Extensions,C:\Program Files\dotnet\sdk\8.0.202
TpTrace Information: 0 : 9548, 1, 2024/04/26, 18:43:15.119, 334499098546, vstest.console.dll, AssemblyResolver.AddSearchDirectories: Adding more searchDirectories C:\Program Files\dotnet\sdk\8.0.202\Extensions,C:\Program Files\dotnet\sdk\8.0.202
TpTrace Information: 0 : 9548, 1, 2024/04/26, 18:43:15.120, 334499106812, vstest.console.dll, AssemblyResolver.OnResolve: Microsoft.Diagnostics.NETCore.Client: Resolving assembly.
TpTrace Information: 0 : 9548, 1, 2024/04/26, 18:43:15.120, 334499108097, vstest.console.dll, AssemblyResolver.OnResolve: Microsoft.Diagnostics.NETCore.Client: Searching in: 'C:\Program Files\dotnet\sdk\8.0.202\Extensions'.
TpTrace Information: 0 : 9548, 1, 2024/04/26, 18:43:15.136, 334499270381, vstest.console.dll, AssemblyResolver.OnResolve: Microsoft.Diagnostics.NETCore.Client: Loading assembly 'C:\Program Files\dotnet\sdk\8.0.202\Extensions\Microsoft.Diagnostics.NETCore.Client.dll'.
TpTrace Information: 0 : 9548, 1, 2024/04/26, 18:43:15.138, 334499285243, vstest.console.dll, AssemblyResolver.OnResolve: Resolved assembly: Microsoft.Diagnostics.NETCore.Client, from path: C:\Program Files\dotnet\sdk\8.0.202\Extensions\Microsoft.Diagnostics.NETCore.Client.dll
TpTrace Verbose: 0 : 9548, 1, 2024/04/26, 18:43:15.146, 334499364817, vstest.console.dll, MetadataReaderExtensionsHelper: Discovering extensions inside assembly 'Microsoft.Diagnostics.NETCore.Client, Version=0.2.9.2401, Culture=neutral, PublicKeyToken=31bf3856ad364e35' file path 'C:\Program Files\dotnet\sdk\8.0.202\Extensions\Microsoft.Diagnostics.NETCore.Client.dll'
TpTrace Information: 0 : 9548, 1, 2024/04/26, 18:43:15.153, 334499443391, vstest.console.dll, AssemblyResolver.OnResolve: Microsoft.Bcl.AsyncInterfaces: Resolving assembly.
TpTrace Information: 0 : 9548, 1, 2024/04/26, 18:43:15.154, 334499444803, vstest.console.dll, AssemblyResolver.OnResolve: Microsoft.Bcl.AsyncInterfaces: Searching in: 'C:\Program Files\dotnet\sdk\8.0.202\Extensions'.
TpTrace Information: 0 : 9548, 1, 2024/04/26, 18:43:15.154, 334499446513, vstest.console.dll, AssemblyResolver.OnResolve: Microsoft.Bcl.AsyncInterfaces: Assembly path does not exist: 'C:\Program Files\dotnet\sdk\8.0.202\Extensions\Microsoft.Bcl.AsyncInterfaces.dll', returning.
TpTrace Information: 0 : 9548, 1, 2024/04/26, 18:43:15.154, 334499448130, vstest.console.dll, AssemblyResolver.OnResolve: Microsoft.Bcl.AsyncInterfaces: Assembly path does not exist: 'C:\Program Files\dotnet\sdk\8.0.202\Extensions\Microsoft.Bcl.AsyncInterfaces.exe', returning.
TpTrace Information: 0 : 9548, 1, 2024/04/26, 18:43:15.154, 334499448748, vstest.console.dll, AssemblyResolver.OnResolve: Microsoft.Bcl.AsyncInterfaces: Searching in: 'C:\Program Files\dotnet\sdk\8.0.202'.
TpTrace Information: 0 : 9548, 1, 2024/04/26, 18:43:15.154, 334499449669, vstest.console.dll, AssemblyResolver.OnResolve: Microsoft.Bcl.AsyncInterfaces: Assembly path does not exist: 'C:\Program Files\dotnet\sdk\8.0.202\Microsoft.Bcl.AsyncInterfaces.dll', returning.
TpTrace Information: 0 : 9548, 1, 2024/04/26, 18:43:15.154, 334499450508, vstest.console.dll, AssemblyResolver.OnResolve: Microsoft.Bcl.AsyncInterfaces: Assembly path does not exist: 'C:\Program Files\dotnet\sdk\8.0.202\Microsoft.Bcl.AsyncInterfaces.exe', returning.
TpTrace Information: 0 : 9548, 1, 2024/04/26, 18:43:15.154, 334499450979, vstest.console.dll, AssemblyResolver.OnResolve: Microsoft.Bcl.AsyncInterfaces: Failed to load assembly.
TpTrace Verbose: 0 : 9548, 1, 2024/04/26, 18:43:15.154, 334499451540, vstest.console.dll, CurrentDomainAssemblyResolve: Resolving assembly 'Microsoft.Bcl.AsyncInterfaces'.
TpTrace Information: 0 : 9548, 1, 2024/04/26, 18:43:15.154, 334499452603, vstest.console.dll, AssemblyResolver.OnResolve: Microsoft.Bcl.AsyncInterfaces: Resolving assembly.
TpTrace Information: 0 : 9548, 1, 2024/04/26, 18:43:15.154, 334499453191, vstest.console.dll, AssemblyResolver.OnResolve: Microsoft.Bcl.AsyncInterfaces: Resolved from cache.
TpTrace Verbose: 0 : 9548, 1, 2024/04/26, 18:43:15.154, 334499453598, vstest.console.dll, CurrentDomainAssemblyResolve: Resolving assembly 'Microsoft.Bcl.AsyncInterfaces'.
TpTrace Verbose: 0 : 9548, 1, 2024/04/26, 18:43:15.154, 334499454103, vstest.console.dll, CurrentDomainAssemblyResolve: Failed to resolve assembly 'Microsoft.Bcl.AsyncInterfaces'.
TpTrace Verbose: 0 : 9548, 1, 2024/04/26, 18:43:15.157, 334499482274, vstest.console.dll, CurrentDomainAssemblyResolve: Failed to resolve assembly 'Microsoft.Bcl.AsyncInterfaces'.
TpTrace Warning: 0 : 9548, 1, 2024/04/26, 18:43:15.176, 334499672178, vstest.console.dll, TestPluginDiscoverer: Failed to get types from assembly 'Microsoft.Diagnostics.NETCore.Client, Version=0.2.9.2401, Culture=neutral, PublicKeyToken=31bf3856ad364e35'. Error: System.Reflection.ReflectionTypeLoadException: Unable to load one or more of the requested types.
Could not load file or assembly 'Microsoft.Bcl.AsyncInterfaces, Version=6.0.0.0, Culture=neutral, PublicKeyToken=cc7b13ffcd2ddd51'. The system cannot find the file specified.
   at System.Reflection.RuntimeModule.GetTypes(RuntimeModule module)
   at System.Reflection.RuntimeModule.GetTypes()
   at Microsoft.VisualStudio.TestPlatform.Common.ExtensionFramework.TestPluginDiscoverer.GetTestExtensionsFromAssembly[TPluginInfo,TExtension](Assembly assembly, Dictionary`2 pluginInfos, String filePath) in /_/src/Microsoft.TestPlatform.Common/ExtensionFramework/TestPluginDiscoverer.cs:line 158
System.IO.FileNotFoundException: Could not load file or assembly 'Microsoft.Bcl.AsyncInterfaces, Version=6.0.0.0, Culture=neutral, PublicKeyToken=cc7b13ffcd2ddd51'. The system cannot find the file specified.
File name: 'Microsoft.Bcl.AsyncInterfaces, Version=6.0.0.0, Culture=neutral, PublicKeyToken=cc7b13ffcd2ddd51'
 ---> System.IO.FileNotFoundException: Could not load file or assembly 'Microsoft.Bcl.AsyncInterfaces, Culture=neutral, PublicKeyToken=null'. The system cannot find the file specified.
File name: 'Microsoft.Bcl.AsyncInterfaces, Culture=neutral, PublicKeyToken=null'
   at System.Reflection.RuntimeAssembly.InternalLoad(AssemblyName assemblyName, StackCrawlMark& stackMark, AssemblyLoadContext assemblyLoadContext, RuntimeAssembly requestingAssembly, Boolean throwOnFileNotFound)
   at System.Reflection.Assembly.Load(AssemblyName assemblyRef)
   at Microsoft.VisualStudio.TestPlatform.Common.ExtensionFramework.TestPluginCache.CurrentDomainAssemblyResolve(Object sender, AssemblyResolveEventArgs args) in /_/src/Microsoft.TestPlatform.Common/ExtensionFramework/TestPluginCache.cs:line 513
   at System.Runtime.Loader.AssemblyLoadContext.GetFirstResolvedAssemblyFromResolvingEvent(AssemblyName assemblyName)
   at System.Runtime.Loader.AssemblyLoadContext.ResolveUsingEvent(AssemblyName assemblyName)
   at System.Runtime.Loader.AssemblyLoadContext.ResolveUsingResolvingEvent(IntPtr gchManagedAssemblyLoadContext, AssemblyName assemblyName)
TpTrace Warning: 0 : 9548, 1, 2024/04/26, 18:43:15.177, 334499676819, vstest.console.dll, LoaderExceptions: System.IO.FileNotFoundException: Could not load file or assembly 'Microsoft.Bcl.AsyncInterfaces, Version=6.0.0.0, Culture=neutral, PublicKeyToken=cc7b13ffcd2ddd51'. The system cannot find the file specified.
File name: 'Microsoft.Bcl.AsyncInterfaces, Version=6.0.0.0, Culture=neutral, PublicKeyToken=cc7b13ffcd2ddd51'
 ---> System.IO.FileNotFoundException: Could not load file or assembly 'Microsoft.Bcl.AsyncInterfaces, Culture=neutral, PublicKeyToken=null'. The system cannot find the file specified.
File name: 'Microsoft.Bcl.AsyncInterfaces, Culture=neutral, PublicKeyToken=null'
   at System.Reflection.RuntimeAssembly.InternalLoad(AssemblyName assemblyName, StackCrawlMark& stackMark, AssemblyLoadContext assemblyLoadContext, RuntimeAssembly requestingAssembly, Boolean throwOnFileNotFound)
   at System.Reflection.Assembly.Load(AssemblyName assemblyRef)
   at Microsoft.VisualStudio.TestPlatform.Common.ExtensionFramework.TestPluginCache.CurrentDomainAssemblyResolve(Object sender, AssemblyResolveEventArgs args) in /_/src/Microsoft.TestPlatform.Common/ExtensionFramework/TestPluginCache.cs:line 513
   at System.Runtime.Loader.AssemblyLoadContext.GetFirstResolvedAssemblyFromResolvingEvent(AssemblyName assemblyName)
   at System.Runtime.Loader.AssemblyLoadContext.ResolveUsingEvent(AssemblyName assemblyName)
   at System.Runtime.Loader.AssemblyLoadContext.ResolveUsingResolvingEvent(IntPtr gchManagedAssemblyLoadContext, AssemblyName assemblyName)
TpTrace Information: 0 : 9548, 1, 2024/04/26, 18:43:15.177, 334499679553, vstest.console.dll, AssemblyResolver.OnResolve: Microsoft.TestPlatform.Extensions.BlameDataCollector: Resolving assembly.
TpTrace Information: 0 : 9548, 1, 2024/04/26, 18:43:15.177, 334499680587, vstest.console.dll, AssemblyResolver.OnResolve: Microsoft.TestPlatform.Extensions.BlameDataCollector: Searching in: 'C:\Program Files\dotnet\sdk\8.0.202\Extensions'.
TpTrace Information: 0 : 9548, 1, 2024/04/26, 18:43:15.179, 334499694876, vstest.console.dll, AssemblyResolver.OnResolve: Microsoft.TestPlatform.Extensions.BlameDataCollector: Loading assembly 'C:\Program Files\dotnet\sdk\8.0.202\Extensions\Microsoft.TestPlatform.Extensions.BlameDataCollector.dll'.
TpTrace Information: 0 : 9548, 1, 2024/04/26, 18:43:15.180, 334499704877, vstest.console.dll, AssemblyResolver.OnResolve: Resolved assembly: Microsoft.TestPlatform.Extensions.BlameDataCollector, from path: C:\Program Files\dotnet\sdk\8.0.202\Extensions\Microsoft.TestPlatform.Extensions.BlameDataCollector.dll
TpTrace Verbose: 0 : 9548, 1, 2024/04/26, 18:43:15.180, 334499706300, vstest.console.dll, MetadataReaderExtensionsHelper: Discovering extensions inside assembly 'Microsoft.TestPlatform.Extensions.BlameDataCollector, Version=15.0.0.0, Culture=neutral, PublicKeyToken=b03f5f7f11d50a3a' file path 'C:\Program Files\dotnet\sdk\8.0.202\Extensions\Microsoft.TestPlatform.Extensions.BlameDataCollector.dll'
TpTrace Information: 0 : 9548, 1, 2024/04/26, 18:43:15.182, 334499728787, vstest.console.dll, AssemblyResolver.OnResolve: Microsoft.TestPlatform.Extensions.EventLogCollector: Resolving assembly.
TpTrace Information: 0 : 9548, 1, 2024/04/26, 18:43:15.182, 334499729618, vstest.console.dll, AssemblyResolver.OnResolve: Microsoft.TestPlatform.Extensions.EventLogCollector: Searching in: 'C:\Program Files\dotnet\sdk\8.0.202\Extensions'.
TpTrace Information: 0 : 9548, 1, 2024/04/26, 18:43:15.183, 334499741333, vstest.console.dll, AssemblyResolver.OnResolve: Microsoft.TestPlatform.Extensions.EventLogCollector: Loading assembly 'C:\Program Files\dotnet\sdk\8.0.202\Extensions\Microsoft.TestPlatform.Extensions.EventLogCollector.dll'.
TpTrace Information: 0 : 9548, 1, 2024/04/26, 18:43:15.184, 334499750971, vstest.console.dll, AssemblyResolver.OnResolve: Resolved assembly: Microsoft.TestPlatform.Extensions.EventLogCollector, from path: C:\Program Files\dotnet\sdk\8.0.202\Extensions\Microsoft.TestPlatform.Extensions.EventLogCollector.dll
TpTrace Verbose: 0 : 9548, 1, 2024/04/26, 18:43:15.184, 334499751720, vstest.console.dll, MetadataReaderExtensionsHelper: Discovering extensions inside assembly 'Microsoft.TestPlatform.Extensions.EventLogCollector, Version=15.0.0.0, Culture=neutral, PublicKeyToken=b03f5f7f11d50a3a' file path 'C:\Program Files\dotnet\sdk\8.0.202\Extensions\Microsoft.TestPlatform.Extensions.EventLogCollector.dll'
TpTrace Information: 0 : 9548, 1, 2024/04/26, 18:43:15.190, 334499812680, vstest.console.dll, AssemblyResolver.OnResolve: Microsoft.TestPlatform.TestHostRuntimeProvider: Resolving assembly.
TpTrace Information: 0 : 9548, 1, 2024/04/26, 18:43:15.190, 334499813975, vstest.console.dll, AssemblyResolver.OnResolve: Microsoft.TestPlatform.TestHostRuntimeProvider: Searching in: 'C:\Program Files\dotnet\sdk\8.0.202\Extensions'.
TpTrace Information: 0 : 9548, 1, 2024/04/26, 18:43:15.192, 334499828228, vstest.console.dll, AssemblyResolver.OnResolve: Microsoft.TestPlatform.TestHostRuntimeProvider: Loading assembly 'C:\Program Files\dotnet\sdk\8.0.202\Extensions\Microsoft.TestPlatform.TestHostRuntimeProvider.dll'.
TpTrace Information: 0 : 9548, 1, 2024/04/26, 18:43:15.193, 334499843256, vstest.console.dll, AssemblyResolver.OnResolve: Resolved assembly: Microsoft.TestPlatform.TestHostRuntimeProvider, from path: C:\Program Files\dotnet\sdk\8.0.202\Extensions\Microsoft.TestPlatform.TestHostRuntimeProvider.dll
TpTrace Verbose: 0 : 9548, 1, 2024/04/26, 18:43:15.194, 334499844984, vstest.console.dll, MetadataReaderExtensionsHelper: Discovering extensions inside assembly 'Microsoft.TestPlatform.TestHostRuntimeProvider, Version=15.0.0.0, Culture=neutral, PublicKeyToken=b03f5f7f11d50a3a' file path 'C:\Program Files\dotnet\sdk\8.0.202\Extensions\Microsoft.TestPlatform.TestHostRuntimeProvider.dll'
TpTrace Information: 0 : 9548, 1, 2024/04/26, 18:43:15.197, 334499879087, vstest.console.dll, GetTestExtensionFromType: Register extension with identifier data 'HostProvider://DefaultTestHost' and type 'Microsoft.VisualStudio.TestPlatform.CrossPlatEngine.Hosting.DefaultTestHostManager, Microsoft.TestPlatform.TestHostRuntimeProvider, Version=15.0.0.0, Culture=neutral, PublicKeyToken=b03f5f7f11d50a3a' inside file 'C:\Program Files\dotnet\sdk\8.0.202\Extensions\Microsoft.TestPlatform.TestHostRuntimeProvider.dll'
TpTrace Information: 0 : 9548, 1, 2024/04/26, 18:43:15.197, 334499884164, vstest.console.dll, GetTestExtensionFromType: Register extension with identifier data 'HostProvider://DotnetTestHost' and type 'Microsoft.VisualStudio.TestPlatform.CrossPlatEngine.Hosting.DotnetTestHostManager, Microsoft.TestPlatform.TestHostRuntimeProvider, Version=15.0.0.0, Culture=neutral, PublicKeyToken=b03f5f7f11d50a3a' inside file 'C:\Program Files\dotnet\sdk\8.0.202\Extensions\Microsoft.TestPlatform.TestHostRuntimeProvider.dll'
TpTrace Information: 0 : 9548, 1, 2024/04/26, 18:43:15.198, 334499886241, vstest.console.dll, AssemblyResolver.OnResolve: Microsoft.VisualStudio.TestPlatform.Extensions.Html.TestLogger: Resolving assembly.
TpTrace Information: 0 : 9548, 1, 2024/04/26, 18:43:15.198, 334499886985, vstest.console.dll, AssemblyResolver.OnResolve: Microsoft.VisualStudio.TestPlatform.Extensions.Html.TestLogger: Searching in: 'C:\Program Files\dotnet\sdk\8.0.202\Extensions'.
TpTrace Information: 0 : 9548, 1, 2024/04/26, 18:43:15.199, 334499897179, vstest.console.dll, AssemblyResolver.OnResolve: Microsoft.VisualStudio.TestPlatform.Extensions.Html.TestLogger: Loading assembly 'C:\Program Files\dotnet\sdk\8.0.202\Extensions\Microsoft.VisualStudio.TestPlatform.Extensions.Html.TestLogger.dll'.
TpTrace Information: 0 : 9548, 1, 2024/04/26, 18:43:15.200, 334499907143, vstest.console.dll, AssemblyResolver.OnResolve: Resolved assembly: Microsoft.VisualStudio.TestPlatform.Extensions.Html.TestLogger, from path: C:\Program Files\dotnet\sdk\8.0.202\Extensions\Microsoft.VisualStudio.TestPlatform.Extensions.Html.TestLogger.dll
TpTrace Verbose: 0 : 9548, 1, 2024/04/26, 18:43:15.200, 334499909451, vstest.console.dll, MetadataReaderExtensionsHelper: Discovering extensions inside assembly 'Microsoft.VisualStudio.TestPlatform.Extensions.Html.TestLogger, Version=15.0.0.0, Culture=neutral, PublicKeyToken=b03f5f7f11d50a3a' file path 'C:\Program Files\dotnet\sdk\8.0.202\Extensions\Microsoft.VisualStudio.TestPlatform.Extensions.Html.TestLogger.dll'
TpTrace Information: 0 : 9548, 1, 2024/04/26, 18:43:15.201, 334499923118, vstest.console.dll, AssemblyResolver.OnResolve: Microsoft.VisualStudio.TestPlatform.Extensions.Trx.TestLogger: Resolving assembly.
TpTrace Information: 0 : 9548, 1, 2024/04/26, 18:43:15.201, 334499923980, vstest.console.dll, AssemblyResolver.OnResolve: Microsoft.VisualStudio.TestPlatform.Extensions.Trx.TestLogger: Searching in: 'C:\Program Files\dotnet\sdk\8.0.202\Extensions'.
TpTrace Information: 0 : 9548, 1, 2024/04/26, 18:43:15.202, 334499931465, vstest.console.dll, AssemblyResolver.OnResolve: Microsoft.VisualStudio.TestPlatform.Extensions.Trx.TestLogger: Loading assembly 'C:\Program Files\dotnet\sdk\8.0.202\Extensions\Microsoft.VisualStudio.TestPlatform.Extensions.Trx.TestLogger.dll'.
TpTrace Information: 0 : 9548, 1, 2024/04/26, 18:43:15.203, 334499942531, vstest.console.dll, AssemblyResolver.OnResolve: Resolved assembly: Microsoft.VisualStudio.TestPlatform.Extensions.Trx.TestLogger, from path: C:\Program Files\dotnet\sdk\8.0.202\Extensions\Microsoft.VisualStudio.TestPlatform.Extensions.Trx.TestLogger.dll
TpTrace Verbose: 0 : 9548, 1, 2024/04/26, 18:43:15.203, 334499943375, vstest.console.dll, MetadataReaderExtensionsHelper: Discovering extensions inside assembly 'Microsoft.VisualStudio.TestPlatform.Extensions.Trx.TestLogger, Version=15.0.0.0, Culture=neutral, PublicKeyToken=b03f5f7f11d50a3a' file path 'C:\Program Files\dotnet\sdk\8.0.202\Extensions\Microsoft.VisualStudio.TestPlatform.Extensions.Trx.TestLogger.dll'
TpTrace Verbose: 0 : 9548, 1, 2024/04/26, 18:43:15.205, 334499959522, vstest.console.dll, TestPluginCache: Discovered the extensions using extension path ''.
TpTrace Verbose: 0 : 9548, 1, 2024/04/26, 18:43:15.205, 334499960703, vstest.console.dll, TestPluginCache: Discoverers are ''.
TpTrace Verbose: 0 : 9548, 1, 2024/04/26, 18:43:15.205, 334499961001, vstest.console.dll, TestPluginCache: Executors are ''.
TpTrace Verbose: 0 : 9548, 1, 2024/04/26, 18:43:15.205, 334499961418, vstest.console.dll, TestPluginCache: Executors2 are ''.
TpTrace Verbose: 0 : 9548, 1, 2024/04/26, 18:43:15.205, 334499961606, vstest.console.dll, TestPluginCache: Setting providers are ''.
TpTrace Verbose: 0 : 9548, 1, 2024/04/26, 18:43:15.205, 334499961803, vstest.console.dll, TestPluginCache: Loggers are ''.
TpTrace Verbose: 0 : 9548, 1, 2024/04/26, 18:43:15.205, 334499963547, vstest.console.dll, TestPluginCache: TestHosts are 'HostProvider://DefaultTestHost,HostProvider://DotnetTestHost'.
TpTrace Verbose: 0 : 9548, 1, 2024/04/26, 18:43:15.205, 334499964124, vstest.console.dll, TestPluginCache: DataCollectors are ''.
TpTrace Information: 0 : 9548, 1, 2024/04/26, 18:43:15.224, 334500150479, vstest.console.dll, RunTestsArgumentProcessor:Execute: Test run is starting.
TpTrace Verbose: 0 : 9548, 1, 2024/04/26, 18:43:15.224, 334500151937, vstest.console.dll, RunTestsArgumentProcessor:Execute: Queuing Test run.
TpTrace Information: 0 : 9548, 1, 2024/04/26, 18:43:15.225, 334500156664, vstest.console.dll, TestRequestManager.RunTests: run tests started.
TpTrace Information: 0 : 9548, 1, 2024/04/26, 18:43:15.226, 334500173331, vstest.console.dll, AssemblyMetadataProvider.GetFrameworkName: Determined framework:'.NETCoreApp,Version=v6.0' for source: 'C:\Users\VC\source\repos\Day11\SoppingAppSolution\ShoppingDALTesting\bin\Debug\net6.0\fine-code-coverage\build-output\ShoppingDALTesting.dll'
TpTrace Information: 0 : 9548, 1, 2024/04/26, 18:43:15.227, 334500175965, vstest.console.dll, Determined framework for all sources: .NETCoreApp,Version=v6.0
TpTrace Verbose: 0 : 9548, 1, 2024/04/26, 18:43:15.227, 334500179273, vstest.console.dll, TestRequestManager.UpdateRunSettingsIfRequired: Default architecture: X64 IsDefaultTargetArchitecture: True, Current process architecture: X64 OperatingSystem: Windows.
TpTrace Information: 0 : 9548, 1, 2024/04/26, 18:43:15.229, 334500196446, vstest.console.dll, AssemblyMetadataProvider.GetArchitecture: Determined architecture:AnyCPU info for assembly: C:\Users\VC\source\repos\Day11\SoppingAppSolution\ShoppingDALTesting\bin\Debug\net6.0\fine-code-coverage\build-output\ShoppingDALTesting.dll
TpTrace Information: 0 : 9548, 1, 2024/04/26, 18:43:15.229, 334500197022, vstest.console.dll, Determined platform for source 'C:\Users\VC\source\repos\Day11\SoppingAppSolution\ShoppingDALTesting\bin\Debug\net6.0\fine-code-coverage\build-output\ShoppingDALTesting.dll' was AnyCPU and it will use the default plaform X64.
TpTrace Information: 0 : 9548, 1, 2024/04/26, 18:43:15.229, 334500197251, vstest.console.dll, None of the sources provided any runnable platform, using the default platform: X64
TpTrace Information: 0 : 9548, 1, 2024/04/26, 18:43:15.229, 334500198637, vstest.console.dll, Platform was updated to 'X64'.
TpTrace Information: 0 : 9548, 1, 2024/04/26, 18:43:15.232, 334500229175, vstest.console.dll, InferRunSettingsHelper.IsTestSettingsEnabled: Unable to navigate to RunSettings/MSTest. Current node: RunSettings
TpTrace Information: 0 : 9548, 1, 2024/04/26, 18:43:15.233, 334500235856, vstest.console.dll, AssemblyResolver.OnResolve: Microsoft.VisualStudio.TestPlatform.Fakes: Resolving assembly.
TpTrace Information: 0 : 9548, 1, 2024/04/26, 18:43:15.233, 334500236450, vstest.console.dll, AssemblyResolver.OnResolve: Microsoft.VisualStudio.TestPlatform.Fakes: Searching in: 'C:\Program Files\dotnet\sdk\8.0.202\Extensions'.
TpTrace Information: 0 : 9548, 1, 2024/04/26, 18:43:15.233, 334500237302, vstest.console.dll, AssemblyResolver.OnResolve: Microsoft.VisualStudio.TestPlatform.Fakes: Assembly path does not exist: 'C:\Program Files\dotnet\sdk\8.0.202\Extensions\Microsoft.VisualStudio.TestPlatform.Fakes.dll', returning.
TpTrace Information: 0 : 9548, 1, 2024/04/26, 18:43:15.233, 334500237781, vstest.console.dll, AssemblyResolver.OnResolve: Microsoft.VisualStudio.TestPlatform.Fakes: Assembly path does not exist: 'C:\Program Files\dotnet\sdk\8.0.202\Extensions\Microsoft.VisualStudio.TestPlatform.Fakes.exe', returning.
TpTrace Information: 0 : 9548, 1, 2024/04/26, 18:43:15.233, 334500238104, vstest.console.dll, AssemblyResolver.OnResolve: Microsoft.VisualStudio.TestPlatform.Fakes: Searching in: 'C:\Program Files\dotnet\sdk\8.0.202'.
TpTrace Information: 0 : 9548, 1, 2024/04/26, 18:43:15.233, 334500238663, vstest.console.dll, AssemblyResolver.OnResolve: Microsoft.VisualStudio.TestPlatform.Fakes: Assembly path does not exist: 'C:\Program Files\dotnet\sdk\8.0.202\Microsoft.VisualStudio.TestPlatform.Fakes.dll', returning.
TpTrace Information: 0 : 9548, 1, 2024/04/26, 18:43:15.233, 334500239091, vstest.console.dll, AssemblyResolver.OnResolve: Microsoft.VisualStudio.TestPlatform.Fakes: Assembly path does not exist: 'C:\Program Files\dotnet\sdk\8.0.202\Microsoft.VisualStudio.TestPlatform.Fakes.exe', returning.
TpTrace Information: 0 : 9548, 1, 2024/04/26, 18:43:15.233, 334500239297, vstest.console.dll, AssemblyResolver.OnResolve: Microsoft.VisualStudio.TestPlatform.Fakes: Failed to load assembly.
TpTrace Information: 0 : 9548, 1, 2024/04/26, 18:43:15.234, 334500245194, vstest.console.dll, Failed to load assembly Microsoft.VisualStudio.TestPlatform.Fakes, Version=17.0.0.0, Culture=neutral. Reason:System.IO.FileNotFoundException: Could not load file or assembly 'Microsoft.VisualStudio.TestPlatform.Fakes, Version=17.0.0.0, Culture=neutral, PublicKeyToken=null'. The system cannot find the file specified.
File name: 'Microsoft.VisualStudio.TestPlatform.Fakes, Version=17.0.0.0, Culture=neutral, PublicKeyToken=null'
   at System.Reflection.RuntimeAssembly.InternalLoad(AssemblyName assemblyName, StackCrawlMark& stackMark, AssemblyLoadContext assemblyLoadContext, RuntimeAssembly requestingAssembly, Boolean throwOnFileNotFound)
   at System.Reflection.Assembly.Load(AssemblyName assemblyRef)
   at Microsoft.VisualStudio.TestPlatform.Common.Utilities.FakesUtilities.LoadTestPlatformAssembly() in /_/src/Microsoft.TestPlatform.Common/Utilities/FakesUtilities.cs:line 272
TpTrace Verbose: 0 : 9548, 1, 2024/04/26, 18:43:15.239, 334500300272, vstest.console.dll, TestPluginCache.DiscoverTestExtensions: finding test extensions in assemblies ends with: TestLogger.dll TPluginInfo: Microsoft.VisualStudio.TestPlatform.Common.ExtensionFramework.Utilities.TestLoggerPluginInformation TExtension: Microsoft.VisualStudio.TestPlatform.ObjectModel.Client.ITestLogger
TpTrace Verbose: 0 : 9548, 1, 2024/04/26, 18:43:15.239, 334500302482, vstest.console.dll, TestPluginCache.GetExtensionPaths: Filtered extension paths: 
TpTrace Verbose: 0 : 9548, 1, 2024/04/26, 18:43:15.239, 334500303405, vstest.console.dll, TestPluginCache.GetExtensionPaths: Added default extension paths: C:\Program Files\dotnet\sdk\8.0.202\Extensions\Microsoft.Diagnostics.NETCore.Client.dll
C:\Program Files\dotnet\sdk\8.0.202\Extensions\Microsoft.TestPlatform.Extensions.BlameDataCollector.dll
C:\Program Files\dotnet\sdk\8.0.202\Extensions\Microsoft.TestPlatform.Extensions.EventLogCollector.dll
C:\Program Files\dotnet\sdk\8.0.202\Extensions\Microsoft.TestPlatform.TestHostRuntimeProvider.dll
C:\Program Files\dotnet\sdk\8.0.202\Extensions\Microsoft.VisualStudio.TestPlatform.Extensions.Html.TestLogger.dll
C:\Program Files\dotnet\sdk\8.0.202\Extensions\Microsoft.VisualStudio.TestPlatform.Extensions.Trx.TestLogger.dll
TpTrace Verbose: 0 : 9548, 1, 2024/04/26, 18:43:15.239, 334500303749, vstest.console.dll, TestPluginCache.GetExtensionPaths: Added unfilterableExtensionPaths: 
TpTrace Information: 0 : 9548, 1, 2024/04/26, 18:43:15.240, 334500305795, vstest.console.dll, AssemblyResolver.AddSearchDirectories: Adding more searchDirectories C:\Program Files\dotnet\sdk\8.0.202\Extensions,C:\Program Files\dotnet\sdk\8.0.202
TpTrace Verbose: 0 : 9548, 1, 2024/04/26, 18:43:15.240, 334500306242, vstest.console.dll, TestPluginCache.DiscoverTestExtensions: Discovering the extensions using extension path.
TpTrace Verbose: 0 : 9548, 1, 2024/04/26, 18:43:15.240, 334500306544, vstest.console.dll, TestPluginCache.GetExtensionPaths: Filtered extension paths: 
TpTrace Verbose: 0 : 9548, 1, 2024/04/26, 18:43:15.240, 334500307156, vstest.console.dll, TestPluginCache.GetExtensionPaths: Added default extension paths: C:\Program Files\dotnet\sdk\8.0.202\Extensions\Microsoft.Diagnostics.NETCore.Client.dll
C:\Program Files\dotnet\sdk\8.0.202\Extensions\Microsoft.TestPlatform.Extensions.BlameDataCollector.dll
C:\Program Files\dotnet\sdk\8.0.202\Extensions\Microsoft.TestPlatform.Extensions.EventLogCollector.dll
C:\Program Files\dotnet\sdk\8.0.202\Extensions\Microsoft.TestPlatform.TestHostRuntimeProvider.dll
C:\Program Files\dotnet\sdk\8.0.202\Extensions\Microsoft.VisualStudio.TestPlatform.Extensions.Html.TestLogger.dll
C:\Program Files\dotnet\sdk\8.0.202\Extensions\Microsoft.VisualStudio.TestPlatform.Extensions.Trx.TestLogger.dll
TpTrace Verbose: 0 : 9548, 1, 2024/04/26, 18:43:15.240, 334500307412, vstest.console.dll, TestPluginCache.GetExtensionPaths: Added unfilterableExtensionPaths: 
TpTrace Verbose: 0 : 9548, 1, 2024/04/26, 18:43:15.240, 334500307942, vstest.console.dll, TestPluginCache.DiscoverTestExtensions: Discovering the extensions using allExtensionPaths: C:\Program Files\dotnet\sdk\8.0.202\Extensions\Microsoft.Diagnostics.NETCore.Client.dll
C:\Program Files\dotnet\sdk\8.0.202\Extensions\Microsoft.TestPlatform.Extensions.BlameDataCollector.dll
C:\Program Files\dotnet\sdk\8.0.202\Extensions\Microsoft.TestPlatform.Extensions.EventLogCollector.dll
C:\Program Files\dotnet\sdk\8.0.202\Extensions\Microsoft.TestPlatform.TestHostRuntimeProvider.dll
C:\Program Files\dotnet\sdk\8.0.202\Extensions\Microsoft.VisualStudio.TestPlatform.Extensions.Html.TestLogger.dll
C:\Program Files\dotnet\sdk\8.0.202\Extensions\Microsoft.VisualStudio.TestPlatform.Extensions.Trx.TestLogger.dll
TpTrace Information: 0 : 9548, 1, 2024/04/26, 18:43:15.240, 334500308872, vstest.console.dll, AssemblyResolver.AddSearchDirectories: Adding more searchDirectories C:\Program Files\dotnet\sdk\8.0.202\Extensions,C:\Program Files\dotnet\sdk\8.0.202
TpTrace Information: 0 : 9548, 1, 2024/04/26, 18:43:15.240, 334500309373, vstest.console.dll, AssemblyResolver.AddSearchDirectories: Adding more searchDirectories C:\Program Files\dotnet\sdk\8.0.202\Extensions,C:\Program Files\dotnet\sdk\8.0.202
TpTrace Information: 0 : 9548, 1, 2024/04/26, 18:43:15.240, 334500309700, vstest.console.dll, AssemblyResolver.AddSearchDirectories: Adding more searchDirectories C:\Program Files\dotnet\sdk\8.0.202\Extensions,C:\Program Files\dotnet\sdk\8.0.202
TpTrace Information: 0 : 9548, 1, 2024/04/26, 18:43:15.240, 334500309908, vstest.console.dll, AssemblyResolver.AddSearchDirectories: Adding more searchDirectories C:\Program Files\dotnet\sdk\8.0.202\Extensions,C:\Program Files\dotnet\sdk\8.0.202
TpTrace Information: 0 : 9548, 1, 2024/04/26, 18:43:15.240, 334500310108, vstest.console.dll, AssemblyResolver.AddSearchDirectories: Adding more searchDirectories C:\Program Files\dotnet\sdk\8.0.202\Extensions,C:\Program Files\dotnet\sdk\8.0.202
TpTrace Information: 0 : 9548, 1, 2024/04/26, 18:43:15.240, 334500310502, vstest.console.dll, AssemblyResolver.AddSearchDirectories: Adding more searchDirectories C:\Program Files\dotnet\sdk\8.0.202\Extensions,C:\Program Files\dotnet\sdk\8.0.202
TpTrace Verbose: 0 : 9548, 1, 2024/04/26, 18:43:15.240, 334500312185, vstest.console.dll, MetadataReaderExtensionsHelper: Discovering extensions inside assembly 'Microsoft.Diagnostics.NETCore.Client, Version=0.2.9.2401, Culture=neutral, PublicKeyToken=31bf3856ad364e35' file path 'C:\Program Files\dotnet\sdk\8.0.202\Extensions\Microsoft.Diagnostics.NETCore.Client.dll'
TpTrace Information: 0 : 9548, 1, 2024/04/26, 18:43:15.242, 334500327281, vstest.console.dll, AssemblyResolver.OnResolve: Microsoft.Bcl.AsyncInterfaces: Resolving assembly.
TpTrace Information: 0 : 9548, 1, 2024/04/26, 18:43:15.242, 334500328281, vstest.console.dll, AssemblyResolver.OnResolve: Microsoft.Bcl.AsyncInterfaces: Resolved from cache.
TpTrace Verbose: 0 : 9548, 1, 2024/04/26, 18:43:15.242, 334500328659, vstest.console.dll, CurrentDomainAssemblyResolve: Resolving assembly 'Microsoft.Bcl.AsyncInterfaces'.
TpTrace Information: 0 : 9548, 1, 2024/04/26, 18:43:15.242, 334500330224, vstest.console.dll, AssemblyResolver.OnResolve: Microsoft.Bcl.AsyncInterfaces: Resolving assembly.
TpTrace Information: 0 : 9548, 1, 2024/04/26, 18:43:15.242, 334500330564, vstest.console.dll, AssemblyResolver.OnResolve: Microsoft.Bcl.AsyncInterfaces: Resolved from cache.
TpTrace Verbose: 0 : 9548, 1, 2024/04/26, 18:43:15.242, 334500330858, vstest.console.dll, CurrentDomainAssemblyResolve: Resolving assembly 'Microsoft.Bcl.AsyncInterfaces'.
TpTrace Verbose: 0 : 9548, 1, 2024/04/26, 18:43:15.242, 334500331148, vstest.console.dll, CurrentDomainAssemblyResolve: Failed to resolve assembly 'Microsoft.Bcl.AsyncInterfaces'.
TpTrace Verbose: 0 : 9548, 1, 2024/04/26, 18:43:15.242, 334500333397, vstest.console.dll, CurrentDomainAssemblyResolve: Failed to resolve assembly 'Microsoft.Bcl.AsyncInterfaces'.
TpTrace Warning: 0 : 9548, 1, 2024/04/26, 18:43:15.244, 334500347317, vstest.console.dll, TestPluginDiscoverer: Failed to get types from assembly 'Microsoft.Diagnostics.NETCore.Client, Version=0.2.9.2401, Culture=neutral, PublicKeyToken=31bf3856ad364e35'. Error: System.Reflection.ReflectionTypeLoadException: Unable to load one or more of the requested types.
Could not load file or assembly 'Microsoft.Bcl.AsyncInterfaces, Version=6.0.0.0, Culture=neutral, PublicKeyToken=cc7b13ffcd2ddd51'. The system cannot find the file specified.
   at System.Reflection.RuntimeModule.GetTypes(RuntimeModule module)
   at System.Reflection.RuntimeModule.GetTypes()
   at Microsoft.VisualStudio.TestPlatform.Common.ExtensionFramework.TestPluginDiscoverer.GetTestExtensionsFromAssembly[TPluginInfo,TExtension](Assembly assembly, Dictionary`2 pluginInfos, String filePath) in /_/src/Microsoft.TestPlatform.Common/ExtensionFramework/TestPluginDiscoverer.cs:line 158
System.IO.FileNotFoundException: Could not load file or assembly 'Microsoft.Bcl.AsyncInterfaces, Version=6.0.0.0, Culture=neutral, PublicKeyToken=cc7b13ffcd2ddd51'. The system cannot find the file specified.
File name: 'Microsoft.Bcl.AsyncInterfaces, Version=6.0.0.0, Culture=neutral, PublicKeyToken=cc7b13ffcd2ddd51'
 ---> System.IO.FileNotFoundException: Could not load file or assembly 'Microsoft.Bcl.AsyncInterfaces, Culture=neutral, PublicKeyToken=null'. The system cannot find the file specified.
File name: 'Microsoft.Bcl.AsyncInterfaces, Culture=neutral, PublicKeyToken=null'
   at System.Reflection.RuntimeAssembly.InternalLoad(AssemblyName assemblyName, StackCrawlMark& stackMark, AssemblyLoadContext assemblyLoadContext, RuntimeAssembly requestingAssembly, Boolean throwOnFileNotFound)
   at System.Reflection.Assembly.Load(AssemblyName assemblyRef)
   at Microsoft.VisualStudio.TestPlatform.Common.ExtensionFramework.TestPluginCache.CurrentDomainAssemblyResolve(Object sender, AssemblyResolveEventArgs args) in /_/src/Microsoft.TestPlatform.Common/ExtensionFramework/TestPluginCache.cs:line 513
   at System.Runtime.Loader.AssemblyLoadContext.GetFirstResolvedAssemblyFromResolvingEvent(AssemblyName assemblyName)
   at System.Runtime.Loader.AssemblyLoadContext.ResolveUsingEvent(AssemblyName assemblyName)
   at System.Runtime.Loader.AssemblyLoadContext.ResolveUsingResolvingEvent(IntPtr gchManagedAssemblyLoadContext, AssemblyName assemblyName)
TpTrace Warning: 0 : 9548, 1, 2024/04/26, 18:43:15.245, 334500354844, vstest.console.dll, LoaderExceptions: System.IO.FileNotFoundException: Could not load file or assembly 'Microsoft.Bcl.AsyncInterfaces, Version=6.0.0.0, Culture=neutral, PublicKeyToken=cc7b13ffcd2ddd51'. The system cannot find the file specified.
File name: 'Microsoft.Bcl.AsyncInterfaces, Version=6.0.0.0, Culture=neutral, PublicKeyToken=cc7b13ffcd2ddd51'
 ---> System.IO.FileNotFoundException: Could not load file or assembly 'Microsoft.Bcl.AsyncInterfaces, Culture=neutral, PublicKeyToken=null'. The system cannot find the file specified.
File name: 'Microsoft.Bcl.AsyncInterfaces, Culture=neutral, PublicKeyToken=null'
   at System.Reflection.RuntimeAssembly.InternalLoad(AssemblyName assemblyName, StackCrawlMark& stackMark, AssemblyLoadContext assemblyLoadContext, RuntimeAssembly requestingAssembly, Boolean throwOnFileNotFound)
   at System.Reflection.Assembly.Load(AssemblyName assemblyRef)
   at Microsoft.VisualStudio.TestPlatform.Common.ExtensionFramework.TestPluginCache.CurrentDomainAssemblyResolve(Object sender, AssemblyResolveEventArgs args) in /_/src/Microsoft.TestPlatform.Common/ExtensionFramework/TestPluginCache.cs:line 513
   at System.Runtime.Loader.AssemblyLoadContext.GetFirstResolvedAssemblyFromResolvingEvent(AssemblyName assemblyName)
   at System.Runtime.Loader.AssemblyLoadContext.ResolveUsingEvent(AssemblyName assemblyName)
   at System.Runtime.Loader.AssemblyLoadContext.ResolveUsingResolvingEvent(IntPtr gchManagedAssemblyLoadContext, AssemblyName assemblyName)
TpTrace Verbose: 0 : 9548, 1, 2024/04/26, 18:43:15.245, 334500357896, vstest.console.dll, MetadataReaderExtensionsHelper: Discovering extensions inside assembly 'Microsoft.TestPlatform.Extensions.BlameDataCollector, Version=15.0.0.0, Culture=neutral, PublicKeyToken=b03f5f7f11d50a3a' file path 'C:\Program Files\dotnet\sdk\8.0.202\Extensions\Microsoft.TestPlatform.Extensions.BlameDataCollector.dll'
TpTrace Information: 0 : 9548, 1, 2024/04/26, 18:43:15.246, 334500369641, vstest.console.dll, GetTestExtensionFromType: Register extension with identifier data 'logger://Microsoft/TestPlatform/Extensions/Blame/v1' and type 'Microsoft.TestPlatform.Extensions.BlameDataCollector.BlameLogger, Microsoft.TestPlatform.Extensions.BlameDataCollector, Version=15.0.0.0, Culture=neutral, PublicKeyToken=b03f5f7f11d50a3a' inside file 'C:\Program Files\dotnet\sdk\8.0.202\Extensions\Microsoft.TestPlatform.Extensions.BlameDataCollector.dll'
TpTrace Verbose: 0 : 9548, 1, 2024/04/26, 18:43:15.246, 334500372090, vstest.console.dll, MetadataReaderExtensionsHelper: Discovering extensions inside assembly 'Microsoft.TestPlatform.Extensions.EventLogCollector, Version=15.0.0.0, Culture=neutral, PublicKeyToken=b03f5f7f11d50a3a' file path 'C:\Program Files\dotnet\sdk\8.0.202\Extensions\Microsoft.TestPlatform.Extensions.EventLogCollector.dll'
TpTrace Verbose: 0 : 9548, 1, 2024/04/26, 18:43:15.247, 334500379420, vstest.console.dll, MetadataReaderExtensionsHelper: Discovering extensions inside assembly 'Microsoft.TestPlatform.TestHostRuntimeProvider, Version=15.0.0.0, Culture=neutral, PublicKeyToken=b03f5f7f11d50a3a' file path 'C:\Program Files\dotnet\sdk\8.0.202\Extensions\Microsoft.TestPlatform.TestHostRuntimeProvider.dll'
TpTrace Verbose: 0 : 9548, 1, 2024/04/26, 18:43:15.248, 334500387561, vstest.console.dll, MetadataReaderExtensionsHelper: Discovering extensions inside assembly 'Microsoft.VisualStudio.TestPlatform.Extensions.Html.TestLogger, Version=15.0.0.0, Culture=neutral, PublicKeyToken=b03f5f7f11d50a3a' file path 'C:\Program Files\dotnet\sdk\8.0.202\Extensions\Microsoft.VisualStudio.TestPlatform.Extensions.Html.TestLogger.dll'
TpTrace Information: 0 : 9548, 1, 2024/04/26, 18:43:15.249, 334500398288, vstest.console.dll, GetTestExtensionFromType: Register extension with identifier data 'logger://Microsoft/TestPlatform/HtmlLogger/v1' and type 'Microsoft.VisualStudio.TestPlatform.Extensions.HtmlLogger.HtmlLogger, Microsoft.VisualStudio.TestPlatform.Extensions.Html.TestLogger, Version=15.0.0.0, Culture=neutral, PublicKeyToken=b03f5f7f11d50a3a' inside file 'C:\Program Files\dotnet\sdk\8.0.202\Extensions\Microsoft.VisualStudio.TestPlatform.Extensions.Html.TestLogger.dll'
TpTrace Verbose: 0 : 9548, 1, 2024/04/26, 18:43:15.249, 334500399510, vstest.console.dll, MetadataReaderExtensionsHelper: Discovering extensions inside assembly 'Microsoft.VisualStudio.TestPlatform.Extensions.Trx.TestLogger, Version=15.0.0.0, Culture=neutral, PublicKeyToken=b03f5f7f11d50a3a' file path 'C:\Program Files\dotnet\sdk\8.0.202\Extensions\Microsoft.VisualStudio.TestPlatform.Extensions.Trx.TestLogger.dll'
TpTrace Information: 0 : 9548, 1, 2024/04/26, 18:43:15.250, 334500411212, vstest.console.dll, GetTestExtensionFromType: Register extension with identifier data 'logger://Microsoft/TestPlatform/TrxLogger/v1' and type 'Microsoft.VisualStudio.TestPlatform.Extensions.TrxLogger.TrxLogger, Microsoft.VisualStudio.TestPlatform.Extensions.Trx.TestLogger, Version=15.0.0.0, Culture=neutral, PublicKeyToken=b03f5f7f11d50a3a' inside file 'C:\Program Files\dotnet\sdk\8.0.202\Extensions\Microsoft.VisualStudio.TestPlatform.Extensions.Trx.TestLogger.dll'
TpTrace Verbose: 0 : 9548, 1, 2024/04/26, 18:43:15.250, 334500412366, vstest.console.dll, TestPluginCache: Discovered the extensions using extension path ''.
TpTrace Verbose: 0 : 9548, 1, 2024/04/26, 18:43:15.250, 334500414307, vstest.console.dll, TestPluginCache: Discoverers are ''.
TpTrace Verbose: 0 : 9548, 1, 2024/04/26, 18:43:15.251, 334500414643, vstest.console.dll, TestPluginCache: Executors are ''.
TpTrace Verbose: 0 : 9548, 1, 2024/04/26, 18:43:15.251, 334500414949, vstest.console.dll, TestPluginCache: Executors2 are ''.
TpTrace Verbose: 0 : 9548, 1, 2024/04/26, 18:43:15.251, 334500415235, vstest.console.dll, TestPluginCache: Setting providers are ''.
TpTrace Verbose: 0 : 9548, 1, 2024/04/26, 18:43:15.251, 334500416246, vstest.console.dll, TestPluginCache: Loggers are 'logger://Microsoft/TestPlatform/Extensions/Blame/v1,logger://Microsoft/TestPlatform/HtmlLogger/v1,logger://Microsoft/TestPlatform/TrxLogger/v1'.
TpTrace Verbose: 0 : 9548, 1, 2024/04/26, 18:43:15.251, 334500416988, vstest.console.dll, TestPluginCache: TestHosts are 'HostProvider://DefaultTestHost,HostProvider://DotnetTestHost'.
TpTrace Verbose: 0 : 9548, 1, 2024/04/26, 18:43:15.251, 334500417432, vstest.console.dll, TestPluginCache: DataCollectors are ''.
TpTrace Information: 0 : 9548, 1, 2024/04/26, 18:43:15.253, 334500436964, vstest.console.dll, TestPluginManager.CreateTestExtension: Attempting to load test extension: Microsoft.TestPlatform.Extensions.BlameDataCollector.BlameLogger
TpTrace Verbose: 0 : 9548, 1, 2024/04/26, 18:43:15.271, 334500617453, vstest.console.dll, TestEngine: Initializing Parallel Execution as MaxCpuCount is set to: 1
TpTrace Information: 0 : 9548, 1, 2024/04/26, 18:43:15.273, 334500641841, vstest.console.dll, TestPluginManager.CreateTestExtension: Attempting to load test extension: Microsoft.VisualStudio.TestPlatform.CrossPlatEngine.Hosting.DefaultTestHostManager
TpTrace Information: 0 : 9548, 1, 2024/04/26, 18:43:15.276, 334500667193, vstest.console.dll, TestPluginManager.CreateTestExtension: Attempting to load test extension: Microsoft.VisualStudio.TestPlatform.CrossPlatEngine.Hosting.DotnetTestHostManager
TpTrace Information: 0 : 9548, 1, 2024/04/26, 18:43:15.277, 334500679101, vstest.console.dll, InferRunSettingsHelper.IsTestSettingsEnabled: Unable to navigate to RunSettings/MSTest. Current node: RunSettings
TpTrace Verbose: 0 : 9548, 1, 2024/04/26, 18:43:15.278, 334500688345, vstest.console.dll, ParallelOperationManager.ClearSlots: Clearing all slots. Slots should accept more work: True
TpTrace Verbose: 0 : 9548, 1, 2024/04/26, 18:43:15.279, 334500701315, vstest.console.dll, ParallelOperationManager.SetOccupiedSlotCount: Setting slot counts AvailableSlotCount = 1, OccupiedSlotCount = 0.
TpTrace Verbose: 0 : 9548, 1, 2024/04/26, 18:43:15.280, 334500707563, vstest.console.dll, Occupied slots:

TpTrace Verbose: 0 : 9548, 1, 2024/04/26, 18:43:15.286, 334500773296, vstest.console.dll, TestEngine.GetExecutionManager: Chosen execution manager 'Microsoft.VisualStudio.TestPlatform.CrossPlatEngine.Client.Parallel.ParallelProxyExecutionManager, Microsoft.TestPlatform.CrossPlatEngine, Version=15.0.0.0, Culture=neutral, PublicKeyToken=b03f5f7f11d50a3a' ParallelLevel '1'.
TpTrace Verbose: 0 : 9548, 1, 2024/04/26, 18:43:15.287, 334500775653, vstest.console.dll, TestRunRequest.ExecuteAsync: Creating test run request.
TpTrace Verbose: 0 : 9548, 1, 2024/04/26, 18:43:15.287, 334500779634, vstest.console.dll, TestRunRequest.ExecuteAsync: Starting.
TpTrace Information: 0 : 9548, 1, 2024/04/26, 18:43:15.289, 334500800801, vstest.console.dll, TestRunRequest.ExecuteAsync: Starting run with settings:TestRunCriteria:
   KeepAlive=False,FrequencyOfRunStatsChangeEvent=10,RunStatsChangeEventTimeout=00:00:01.5000000,TestCaseFilter=,TestExecutorLauncher=
   Settingsxml=<RunSettings>
  <RunConfiguration>
    <ResultsDirectory>C:\Users\VC\source\repos\Day11\SoppingAppSolution\ShoppingDALTesting\bin\Debug\net6.0\fine-code-coverage\coverage-tool-output</ResultsDirectory>
    <TargetPlatform>X64</TargetPlatform>
    <TargetFrameworkVersion>.NETCoreApp,Version=v6.0</TargetFrameworkVersion>
    <DesignMode>False</DesignMode>
    <CollectSourceInformation>False</CollectSourceInformation>
  </RunConfiguration>
  <LoggerRunSettings>
    <Loggers>
      <Logger friendlyName="blame" enabled="True" />
      <Logger friendlyName="Console" uri="logger://microsoft/TestPlatform/ConsoleLogger/v1" assemblyQualifiedName="Microsoft.VisualStudio.TestPlatform.CommandLine.Internal.ConsoleLogger, vstest.console, Version=15.0.0.0, Culture=neutral, PublicKeyToken=b03f5f7f11d50a3a" codeBase="C:\Program Files\dotnet\sdk\8.0.202\vstest.console.dll" enabled="True" />
    </Loggers>
  </LoggerRunSettings>
  <DataCollectionRunSettings>
    <DataCollectors>
      <DataCollector friendlyName="blame" enabled="True">
        <Configuration>
          <ResultsDirectory>C:\Users\VC\source\repos\Day11\SoppingAppSolution\ShoppingDALTesting\bin\Debug\net6.0\fine-code-coverage\coverage-tool-output</ResultsDirectory>
        </Configuration>
      </DataCollector>
    </DataCollectors>
  </DataCollectionRunSettings>
</RunSettings>

TpTrace Verbose: 0 : 9548, 1, 2024/04/26, 18:43:15.289, 334500801920, vstest.console.dll, TestRunRequest.ExecuteAsync: Wait for the first run request is over.
TpTrace Verbose: 0 : 9548, 1, 2024/04/26, 18:43:15.290, 334500807328, vstest.console.dll, MulticastDelegateUtilities.SafeInvoke: TestRun.TestRunStart: Invoking callbacks was skipped because there are no subscribers.
TpTrace Verbose: 0 : 9548, 4, 2024/04/26, 18:43:15.290, 334500810996, vstest.console.dll, MulticastDelegateUtilities.SafeInvoke: InternalTestLoggerEvents.SendTestRunStart: Invoking callback 1/1 for Microsoft.VisualStudio.TestPlatform.CommandLine.Internal.ConsoleLogger., took 0 ms.
TpTrace Verbose: 0 : 9548, 1, 2024/04/26, 18:43:15.292, 334500824780, vstest.console.dll, ParallelProxyExecutionManager: Start execution. Total sources: 1
TpTrace Verbose: 0 : 9548, 1, 2024/04/26, 18:43:15.292, 334500829635, vstest.console.dll, ParallelOperationManager.StartWork: Starting adding 1 workloads.
TpTrace Verbose: 0 : 9548, 1, 2024/04/26, 18:43:15.292, 334500830509, vstest.console.dll, ParallelOperationManager.ClearSlots: Clearing all slots. Slots should accept more work: True
TpTrace Verbose: 0 : 9548, 1, 2024/04/26, 18:43:15.292, 334500831385, vstest.console.dll, ParallelOperationManager.SetOccupiedSlotCount: Setting slot counts AvailableSlotCount = 1, OccupiedSlotCount = 0.
TpTrace Verbose: 0 : 9548, 1, 2024/04/26, 18:43:15.292, 334500831854, vstest.console.dll, Occupied slots:

TpTrace Verbose: 0 : 9548, 1, 2024/04/26, 18:43:15.294, 334500850345, vstest.console.dll, TestRequestSender is acting as server.
TpTrace Verbose: 0 : 9548, 1, 2024/04/26, 18:43:15.296, 334500870633, vstest.console.dll, ParallelOperationManager.RunWorkInParallel: Adding 1 workload to slot, remaining workloads 0.
TpTrace Verbose: 0 : 9548, 1, 2024/04/26, 18:43:15.296, 334500871478, vstest.console.dll, ParallelOperationManager.SetOccupiedSlotCount: Setting slot counts AvailableSlotCount = 0, OccupiedSlotCount = 1.
TpTrace Verbose: 0 : 9548, 1, 2024/04/26, 18:43:15.296, 334500872764, vstest.console.dll, Occupied slots:
0: C:\Users\VC\source\repos\Day11\SoppingAppSolution\ShoppingDALTesting\bin\Debug\net6.0\fine-code-coverage\build-output\ShoppingDALTesting.dll
TpTrace Verbose: 0 : 9548, 1, 2024/04/26, 18:43:15.299, 334500895581, vstest.console.dll, ParallelOperationManager.RunWorkInParallel: Started host in slot number 0 for work (source): C:\Users\VC\source\repos\Day11\SoppingAppSolution\ShoppingDALTesting\bin\Debug\net6.0\fine-code-coverage\build-output\ShoppingDALTesting.dll.
TpTrace Verbose: 0 : 9548, 1, 2024/04/26, 18:43:15.300, 334500907893, vstest.console.dll, ParallelOperationManager.RunWorkInParallel: We started 1 work items, which is the max parallel level. Won't start more work.
TpTrace Verbose: 0 : 9548, 1, 2024/04/26, 18:43:15.300, 334500908423, vstest.console.dll, ParallelOperationManager.RunWorkInParallel: We started 1 work items in here, returning True.
TpTrace Information: 0 : 9548, 1, 2024/04/26, 18:43:15.300, 334500908700, vstest.console.dll, TestRunRequest.ExecuteAsync: Started.
TpTrace Verbose: 0 : 9548, 5, 2024/04/26, 18:43:15.300, 334500911587, vstest.console.dll, ParallelProxyExecutionManager.StartTestRunOnConcurrentManager: Initializing uninitialized client. Started clients: 0
TpTrace Verbose: 0 : 9548, 1, 2024/04/26, 18:43:15.300, 334500914162, vstest.console.dll, TestRunRequest.WaitForCompletion: Waiting with timeout -1.
TpTrace Verbose: 0 : 9548, 5, 2024/04/26, 18:43:15.300, 334500914189, vstest.console.dll, DataCollectionRequestSender.InitializeCommunication : Initialize communication. 
TpTrace Information: 0 : 9548, 5, 2024/04/26, 18:43:15.309, 334500999860, vstest.console.dll, Listening on Endpoint : 127.0.0.1:51250
TpTrace Verbose: 0 : 9548, 5, 2024/04/26, 18:43:15.318, 334501088807, vstest.console.dll, DotnetDataCollectionLauncher: Adding  --runtimeconfig "C:\Program Files\dotnet\sdk\8.0.202\datacollector.runtimeconfig.json" in args
TpTrace Verbose: 0 : 9548, 5, 2024/04/26, 18:43:15.318, 334501090973, vstest.console.dll, DotnetDataCollectionLauncher: Adding  --depsfile "C:\Program Files\dotnet\sdk\8.0.202\datacollector.deps.json" in args
TpTrace Verbose: 0 : 9548, 5, 2024/04/26, 18:43:15.318, 334501092836, vstest.console.dll, DotnetDataCollectionLauncher: Full path of dotnet.exe is C:\Program Files\dotnet\dotnet.exe
TpTrace Information: 0 : 9548, 5, 2024/04/26, 18:43:15.329, 334501195714, vstest.console.dll, ProxyDataCollectionManager.Initialize: Launched datacollector processId: 30328 port: 51250
TpTrace Information: 0 : 9548, 5, 2024/04/26, 18:43:15.329, 334501197880, vstest.console.dll, ProxyDataCollectionManager.Initialize: waiting for connection with timeout: 90 seconds
TpTrace Verbose: 0 : 9548, 5, 2024/04/26, 18:43:15.329, 334501198639, vstest.console.dll, DataCollectionRequestSender.WaitForRequestHandlerConnection : Waiting for connection with timeout: 90000
TpTrace Information: 0 : 9548, 7, 2024/04/26, 18:43:15.540, 334503304545, vstest.console.dll, Using the buffer size of 16384 bytes
TpTrace Information: 0 : 9548, 7, 2024/04/26, 18:43:15.540, 334503306142, vstest.console.dll, Accepted Client request and set the flag
TpTrace Verbose: 0 : 9548, 5, 2024/04/26, 18:43:15.540, 334503304991, vstest.console.dll, SocketCommunicationManager.WaitForClientConnection took: 210 ms, with 90000 ms timeout, and finished with True.
TpTrace Verbose: 0 : 9548, 5, 2024/04/26, 18:43:15.540, 334503307667, vstest.console.dll, ProxyDataCollectionManager.InvokeDataCollectionServiceAction: Starting.
TpTrace Information: 0 : 9548, 5, 2024/04/26, 18:43:15.540, 334503309011, vstest.console.dll, ProxyDataCollectionManager.BeforeTestRunStart: Get environment variable and port for datacollector processId: 30328 port: 51250
TpTrace Verbose: 0 : 9548, 5, 2024/04/26, 18:43:15.540, 334503309944, vstest.console.dll, DataCollectionRequestSender.SendBeforeTestRunStartAndGetResult: Send BeforeTestRunStart message with settingsXml <RunSettings><RunConfiguration><ResultsDirectory>C:\Users\VC\source\repos\Day11\SoppingAppSolution\ShoppingDALTesting\bin\Debug\net6.0\fine-code-coverage\coverage-tool-output</ResultsDirectory><TargetPlatform>X64</TargetPlatform><TargetFrameworkVersion>.NETCoreApp,Version=v6.0</TargetFrameworkVersion><DesignMode>False</DesignMode><CollectSourceInformation>False</CollectSourceInformation><TestAdaptersPaths>C:\Program Files\dotnet\sdk\8.0.202\Extensions</TestAdaptersPaths></RunConfiguration><LoggerRunSettings><Loggers><Logger friendlyName="blame" enabled="True" /><Logger friendlyName="Console" uri="logger://microsoft/TestPlatform/ConsoleLogger/v1" assemblyQualifiedName="Microsoft.VisualStudio.TestPlatform.CommandLine.Internal.ConsoleLogger, vstest.console, Version=15.0.0.0, Culture=neutral, PublicKeyToken=b03f5f7f11d50a3a" codeBase="C:\Program Files\dotnet\sdk\8.0.202\vstest.console.dll" enabled="True" /></Loggers></LoggerRunSettings><DataCollectionRunSettings><DataCollectors><DataCollector friendlyName="blame" enabled="True"><Configuration><ResultsDirectory>C:\Users\VC\source\repos\Day11\SoppingAppSolution\ShoppingDALTesting\bin\Debug\net6.0\fine-code-coverage\coverage-tool-output</ResultsDirectory></Configuration></DataCollector></DataCollectors></DataCollectionRunSettings></RunSettings> and sources System.Collections.Generic.List`1[System.String]: 
TpTrace Verbose: 0 : 9548, 5, 2024/04/26, 18:43:15.598, 334503890638, vstest.console.dll, DataCollectionRequestSender.SendBeforeTestRunStartAndGetResult: Received message: (DataCollection.SendMessage) -> {"MessageType":"DataCollection.SendMessage","Payload":{"FriendlyName":null,"Uri":null,"TestCaseId":"00000000-0000-0000-0000-000000000000","Message":"Logging DataCollector Diagnostics in file: C:\\Users\\VC\\source\\repos\\Day11\\SoppingAppSolution\\ShoppingDALTesting\\bin\\Debug\\net6.0\\fine-code-coverage\\coverage-tool-output\\diagnostics.datacollector.24-04-26_18-43-15_31811_5.log","Level":0}}
TpTrace Verbose: 0 : 9548, 5, 2024/04/26, 18:43:15.691, 334504822295, vstest.console.dll, DataCollectionRequestSender.SendBeforeTestRunStartAndGetResult: Received message: (DataCollection.BeforeTestRunStartResult) -> {"MessageType":"DataCollection.BeforeTestRunStartResult","Payload":{"EnvironmentVariables":{},"DataCollectionEventsPort":51252}}
TpTrace Information: 0 : 9548, 5, 2024/04/26, 18:43:15.697, 334504878535, vstest.console.dll, ProxyDataCollectionManager.BeforeTestRunStart: SendBeforeTestRunStartAndGetResult successful, env variable from datacollector:   and testhost port: 51252
TpTrace Information: 0 : 9548, 5, 2024/04/26, 18:43:15.697, 334504879813, vstest.console.dll, ProxyDataCollectionManager.InvokeDataCollectionServiceAction: Completed.
TpTrace Verbose: 0 : 9548, 5, 2024/04/26, 18:43:15.697, 334504880235, vstest.console.dll, ParallelProxyExecutionManager.StartTestRunOnConcurrentManager: Initializing test run. Started clients: 0
TpTrace Verbose: 0 : 9548, 5, 2024/04/26, 18:43:15.697, 334504881022, vstest.console.dll, ProxyExecutionManager: Test host is always Lazy initialize.
TpTrace Verbose: 0 : 9548, 5, 2024/04/26, 18:43:15.697, 334504883109, vstest.console.dll, TestRequestSender.InitializeCommunication: initialize communication. 
TpTrace Information: 0 : 9548, 5, 2024/04/26, 18:43:15.698, 334504888624, vstest.console.dll, SocketServer.Start: Listening on endpoint : 127.0.0.1:51253
TpTrace Verbose: 0 : 9548, 5, 2024/04/26, 18:43:15.699, 334504901434, vstest.console.dll, DotnetTestHostmanager.GetTestHostProcessStartInfo: Platform environment 'X64' target architecture 'X64' framework '.NETCoreApp,Version=v6.0' OS 'Windows'
TpTrace Verbose: 0 : 9548, 5, 2024/04/26, 18:43:15.699, 334504903946, vstest.console.dll, DotnetTestHostmanager: Adding  --runtimeconfig "C:\Users\VC\source\repos\Day11\SoppingAppSolution\ShoppingDALTesting\bin\Debug\net6.0\fine-code-coverage\build-output\ShoppingDALTesting.runtimeconfig.json" in args
TpTrace Verbose: 0 : 9548, 5, 2024/04/26, 18:43:15.700, 334504904935, vstest.console.dll, DotnetTestHostmanager: Adding  --depsfile "C:\Users\VC\source\repos\Day11\SoppingAppSolution\ShoppingDALTesting\bin\Debug\net6.0\fine-code-coverage\build-output\ShoppingDALTesting.deps.json" in args
TpTrace Verbose: 0 : 9548, 5, 2024/04/26, 18:43:15.700, 334504908231, vstest.console.dll, DotnetTestHostmanager.IsWinOnArm: Current PROCESSOR_ARCHITECTURE from environment variable 'AMD64'
TpTrace Verbose: 0 : 9548, 5, 2024/04/26, 18:43:15.700, 334504908922, vstest.console.dll, DotnetTestHostmanager.IsWinOnArm: Is Windows on ARM 'False'
TpTrace Verbose: 0 : 9548, 5, 2024/04/26, 18:43:15.700, 334504910136, vstest.console.dll, DotnetTestHostManager: testhost.exe found at path: C:\Users\VC\source\repos\Day11\SoppingAppSolution\ShoppingDALTesting\bin\Debug\net6.0\fine-code-coverage\build-output\testhost.exe
TpTrace Verbose: 0 : 9548, 5, 2024/04/26, 18:43:15.700, 334504910558, vstest.console.dll, DotnetTestHostmanager: Full path of host exe is C:\Users\VC\source\repos\Day11\SoppingAppSolution\ShoppingDALTesting\bin\Debug\net6.0\fine-code-coverage\build-output\testhost.exe
TpTrace Verbose: 0 : 9548, 5, 2024/04/26, 18:43:15.700, 334504911761, vstest.console.dll, DotnetTestHostmanager.LaunchTestHostAsync: Found 'VSTEST_WINAPPHOST_DOTNET_ROOT' in env variables, value 'C:\Program Files\dotnet', forwarding to 'DOTNET_ROOT'
TpTrace Verbose: 0 : 9548, 5, 2024/04/26, 18:43:15.700, 334504913184, vstest.console.dll, DotnetTestHostManager: Starting process 'C:\Users\VC\source\repos\Day11\SoppingAppSolution\ShoppingDALTesting\bin\Debug\net6.0\fine-code-coverage\build-output\testhost.exe' with command line ' --runtimeconfig "C:\Users\VC\source\repos\Day11\SoppingAppSolution\ShoppingDALTesting\bin\Debug\net6.0\fine-code-coverage\build-output\ShoppingDALTesting.runtimeconfig.json" --depsfile "C:\Users\VC\source\repos\Day11\SoppingAppSolution\ShoppingDALTesting\bin\Debug\net6.0\fine-code-coverage\build-output\ShoppingDALTesting.deps.json" --port 51253 --endpoint 127.0.0.1:051253 --role client --parentprocessid 9548 --diag "C:\Users\VC\source\repos\Day11\SoppingAppSolution\ShoppingDALTesting\bin\Debug\net6.0\fine-code-coverage\coverage-tool-output\diagnostics.host.24-04-26_18-43-15_69914_5.log" --tracelevel 4 --datacollectionport 51252 --telemetryoptedin false'
TpTrace Verbose: 0 : 9548, 5, 2024/04/26, 18:43:15.708, 334504989454, vstest.console.dll, MulticastDelegateUtilities.SafeInvoke: HostProviderEvents.OnHostLaunched: Invoking callback 1/2 for Microsoft.VisualStudio.TestPlatform.CrossPlatEngine.Client.ProxyExecutionManagerWithDataCollection., took 1 ms.
TpTrace Verbose: 0 : 9548, 5, 2024/04/26, 18:43:15.708, 334504994230, vstest.console.dll, Test Runtime launched
TpTrace Verbose: 0 : 9548, 5, 2024/04/26, 18:43:15.709, 334504995320, vstest.console.dll, MulticastDelegateUtilities.SafeInvoke: HostProviderEvents.OnHostLaunched: Invoking callback 2/2 for Microsoft.VisualStudio.TestPlatform.CrossPlatEngine.Client.ProxyOperationManager., took 0 ms.
TpTrace Verbose: 0 : 9548, 5, 2024/04/26, 18:43:15.709, 334504997353, vstest.console.dll, TestRequestSender.WaitForRequestHandlerConnection: waiting for connection with timeout: 90000.
TpTrace Verbose: 0 : 9548, 7, 2024/04/26, 18:43:15.914, 334507053775, vstest.console.dll, MulticastDelegateUtilities.SafeInvoke: SocketServer: ClientConnected: Invoking callback 1/1 for Microsoft.VisualStudio.TestPlatform.CommunicationUtilities.TestRequestSender., took 0 ms.
TpTrace Verbose: 0 : 9548, 5, 2024/04/26, 18:43:15.914, 334507053802, vstest.console.dll, TestRequestSender.WaitForRequestHandlerConnection: waiting took 205 ms, with timeout 90000 ms, and result 0, which is success.
TpTrace Verbose: 0 : 9548, 7, 2024/04/26, 18:43:15.915, 334507055495, vstest.console.dll, SocketServer.OnClientConnected: Client connected for endPoint: 127.0.0.1:51253, starting MessageLoopAsync:
TpTrace Verbose: 0 : 9548, 13, 2024/04/26, 18:43:15.915, 334507063795, vstest.console.dll, TcpClientExtensions.MessageLoopAsync: Polling on remoteEndPoint: 127.0.0.1:51254 localEndPoint: 127.0.0.1:51253 after 0 ms
TpTrace Verbose: 0 : 9548, 5, 2024/04/26, 18:43:15.916, 334507073568, vstest.console.dll, TestRequestSender.CheckVersionWithTestHost: Sending check version message: {"MessageType":"ProtocolVersion","Payload":7}
TpTrace Verbose: 0 : 9548, 13, 2024/04/26, 18:43:16.095, 334508861704, vstest.console.dll, TcpClientExtensions.MessageLoopAsync: NotifyDataAvailable remoteEndPoint: 127.0.0.1:51254 localEndPoint: 127.0.0.1:51253
TpTrace Verbose: 0 : 9548, 13, 2024/04/26, 18:43:16.095, 334508864273, vstest.console.dll, TestRequestSender.CheckVersionWithTestHost: onMessageReceived received message: (ProtocolVersion) -> {"MessageType":"ProtocolVersion","Payload":7}
TpTrace Verbose: 0 : 9548, 13, 2024/04/26, 18:43:16.096, 334508870279, vstest.console.dll, MulticastDelegateUtilities.SafeInvoke: LengthPrefixCommunicationChannel: MessageReceived: Invoking callback 1/1 for Microsoft.VisualStudio.TestPlatform.CommunicationUtilities.TestRequestSender+<>c__DisplayClass29_0., took 0 ms.
TpTrace Verbose: 0 : 9548, 13, 2024/04/26, 18:43:16.096, 334508871171, vstest.console.dll, TcpClientExtensions.MessageLoopAsync: Polling on remoteEndPoint: 127.0.0.1:51254 localEndPoint: 127.0.0.1:51253 after 180 ms
TpTrace Verbose: 0 : 9548, 5, 2024/04/26, 18:43:16.096, 334508871492, vstest.console.dll, TestPluginCache.GetExtensionPaths: Filtered extension paths: 
TpTrace Verbose: 0 : 9548, 5, 2024/04/26, 18:43:16.096, 334508872028, vstest.console.dll, TestPluginCache.GetExtensionPaths: Added default extension paths: C:\Program Files\dotnet\sdk\8.0.202\Extensions\Microsoft.Diagnostics.NETCore.Client.dll
C:\Program Files\dotnet\sdk\8.0.202\Extensions\Microsoft.TestPlatform.Extensions.BlameDataCollector.dll
C:\Program Files\dotnet\sdk\8.0.202\Extensions\Microsoft.TestPlatform.Extensions.EventLogCollector.dll
C:\Program Files\dotnet\sdk\8.0.202\Extensions\Microsoft.TestPlatform.TestHostRuntimeProvider.dll
C:\Program Files\dotnet\sdk\8.0.202\Extensions\Microsoft.VisualStudio.TestPlatform.Extensions.Html.TestLogger.dll
C:\Program Files\dotnet\sdk\8.0.202\Extensions\Microsoft.VisualStudio.TestPlatform.Extensions.Trx.TestLogger.dll
TpTrace Verbose: 0 : 9548, 5, 2024/04/26, 18:43:16.096, 334508872366, vstest.console.dll, TestPluginCache.GetExtensionPaths: Added unfilterableExtensionPaths: 
TpTrace Verbose: 0 : 9548, 5, 2024/04/26, 18:43:16.099, 334508903511, vstest.console.dll, TestRequestSender.InitializeExecution: Sending initialize execution with message: {"Version":7,"MessageType":"TestExecution.Initialize","Payload":["C:\\Users\\VC\\source\\repos\\Day11\\SoppingAppSolution\\ShoppingDALTesting\\bin\\Debug\\net6.0\\fine-code-coverage\\build-output\\NUnit3.TestAdapter.dll"]}
TpTrace Verbose: 0 : 9548, 5, 2024/04/26, 18:43:16.100, 334508906310, vstest.console.dll, ParallelProxyExecutionManager.StartTestRunOnConcurrentManager: Execution starting. Started clients: 1
TpTrace Verbose: 0 : 9548, 5, 2024/04/26, 18:43:16.100, 334508910104, vstest.console.dll, TestRunRequest:SendTestRunMessage: Starting.
TpTrace Verbose: 0 : 9548, 5, 2024/04/26, 18:43:16.100, 334508912086, vstest.console.dll, MulticastDelegateUtilities.SafeInvoke: TestRun.LogMessages: Invoking callback 1/1 for Microsoft.VisualStudio.TestPlatform.CommandLine.TestRunResultAggregator., took 0 ms.
TpTrace Information: 0 : 9548, 5, 2024/04/26, 18:43:16.100, 334508912552, vstest.console.dll, TestRunRequest:SendTestRunMessage: Completed.
TpTrace Verbose: 0 : 9548, 4, 2024/04/26, 18:43:16.101, 334508914698, vstest.console.dll, MulticastDelegateUtilities.SafeInvoke: InternalTestLoggerEvents.SendTestRunMessage: Invoking callback 1/1 for Microsoft.VisualStudio.TestPlatform.CommandLine.Internal.ConsoleLogger., took 0 ms.
TpTrace Warning: 0 : 9548, 5, 2024/04/26, 18:43:16.101, 334508916618, vstest.console.dll, InferRunSettingsHelper.MakeRunsettingsCompatible: Removing the following settings: TargetPlatform from RunSettings file. To use those settings please move to latest version of Microsoft.NET.Test.Sdk
TpTrace Verbose: 0 : 9548, 13, 2024/04/26, 18:43:16.101, 334508922585, vstest.console.dll, TcpClientExtensions.MessageLoopAsync: NotifyDataAvailable remoteEndPoint: 127.0.0.1:51254 localEndPoint: 127.0.0.1:51253
TpTrace Verbose: 0 : 9548, 13, 2024/04/26, 18:43:16.102, 334508927565, vstest.console.dll, TestRequestSender.OnExecutionMessageReceived: Received message: {"Version":7,"MessageType":"TestSession.Message","Payload":{"MessageLevel":0,"Message":"Logging TestHost Diagnostics in file: C:\\Users\\VC\\source\\repos\\Day11\\SoppingAppSolution\\ShoppingDALTesting\\bin\\Debug\\net6.0\\fine-code-coverage\\coverage-tool-output\\diagnostics.host.24-04-26_18-43-15_69914_5.log"}}
TpTrace Verbose: 0 : 9548, 13, 2024/04/26, 18:43:16.106, 334508965389, vstest.console.dll, TestRunRequest:SendTestRunMessage: Starting.
TpTrace Verbose: 0 : 9548, 13, 2024/04/26, 18:43:16.106, 334508967197, vstest.console.dll, MulticastDelegateUtilities.SafeInvoke: TestRun.LogMessages: Invoking callback 1/1 for Microsoft.VisualStudio.TestPlatform.CommandLine.TestRunResultAggregator., took 0 ms.
TpTrace Information: 0 : 9548, 13, 2024/04/26, 18:43:16.106, 334508967812, vstest.console.dll, TestRunRequest:SendTestRunMessage: Completed.
TpTrace Verbose: 0 : 9548, 13, 2024/04/26, 18:43:16.106, 334508968776, vstest.console.dll, MulticastDelegateUtilities.SafeInvoke: LengthPrefixCommunicationChannel: MessageReceived: Invoking callback 1/1 for Microsoft.VisualStudio.TestPlatform.CommunicationUtilities.TestRequestSender+<>c__DisplayClass34_0., took 4 ms.
TpTrace Verbose: 0 : 9548, 4, 2024/04/26, 18:43:16.106, 334508967795, vstest.console.dll, MulticastDelegateUtilities.SafeInvoke: InternalTestLoggerEvents.SendTestRunMessage: Invoking callback 1/1 for Microsoft.VisualStudio.TestPlatform.CommandLine.Internal.ConsoleLogger., took 0 ms.
TpTrace Verbose: 0 : 9548, 13, 2024/04/26, 18:43:16.106, 334508969188, vstest.console.dll, TcpClientExtensions.MessageLoopAsync: Polling on remoteEndPoint: 127.0.0.1:51254 localEndPoint: 127.0.0.1:51253 after 9 ms
TpTrace Verbose: 0 : 9548, 5, 2024/04/26, 18:43:16.113, 334509040058, vstest.console.dll, TestRequestSender.StartTestRun: Sending test run with message: {"Version":7,"MessageType":"TestExecution.StartWithSources","Payload":{"AdapterSourceMap":{"_none_":["C:\\Users\\VC\\source\\repos\\Day11\\SoppingAppSolution\\ShoppingDALTesting\\bin\\Debug\\net6.0\\fine-code-coverage\\build-output\\ShoppingDALTesting.dll"]},"RunSettings":"<RunSettings>\r\n  <RunConfiguration>\r\n    <ResultsDirectory>C:\\Users\\VC\\source\\repos\\Day11\\SoppingAppSolution\\ShoppingDALTesting\\bin\\Debug\\net6.0\\fine-code-coverage\\coverage-tool-output</ResultsDirectory>\r\n    <TargetFrameworkVersion>.NETCoreApp,Version=v6.0</TargetFrameworkVersion>\r\n    <DesignMode>False</DesignMode>\r\n    <CollectSourceInformation>False</CollectSourceInformation>\r\n  </RunConfiguration>\r\n  <LoggerRunSettings>\r\n    <Loggers>\r\n      <Logger friendlyName=\"blame\" enabled=\"True\" />\r\n      <Logger friendlyName=\"Console\" uri=\"logger://microsoft/TestPlatform/ConsoleLogger/v1\" assemblyQualifiedName=\"Microsoft.VisualStudio.TestPlatform.CommandLine.Internal.ConsoleLogger, vstest.console, Version=15.0.0.0, Culture=neutral, PublicKeyToken=b03f5f7f11d50a3a\" codeBase=\"C:\\Program Files\\dotnet\\sdk\\8.0.202\\vstest.console.dll\" enabled=\"True\" />\r\n    </Loggers>\r\n  </LoggerRunSettings>\r\n  <DataCollectionRunSettings>\r\n    <DataCollectors>\r\n      <DataCollector friendlyName=\"blame\" enabled=\"True\">\r\n        <Configuration>\r\n          <ResultsDirectory>C:\\Users\\VC\\source\\repos\\Day11\\SoppingAppSolution\\ShoppingDALTesting\\bin\\Debug\\net6.0\\fine-code-coverage\\coverage-tool-output</ResultsDirectory>\r\n        </Configuration>\r\n      </DataCollector>\r\n    </DataCollectors>\r\n  </DataCollectionRunSettings>\r\n</RunSettings>","TestExecutionContext":{"FrequencyOfRunStatsChangeEvent":10,"RunStatsChangeEventTimeout":"00:00:01.5000000","InIsolation":false,"KeepAlive":false,"AreTestCaseLevelEventsRequired":false,"IsDebug":false,"TestCaseFilter":null,"FilterOptions":null},"Package":null}}
TpTrace Verbose: 0 : 9548, 5, 2024/04/26, 18:43:16.113, 334509042338, vstest.console.dll, ParallelProxyExecutionManager.StartTestRunOnConcurrentManager: Execution started. Started clients: 1
TpTrace Verbose: 0 : 9548, 13, 2024/04/26, 18:43:16.301, 334510920027, vstest.console.dll, TcpClientExtensions.MessageLoopAsync: NotifyDataAvailable remoteEndPoint: 127.0.0.1:51254 localEndPoint: 127.0.0.1:51253
TpTrace Verbose: 0 : 9548, 13, 2024/04/26, 18:43:16.301, 334510922710, vstest.console.dll, TestRequestSender.OnExecutionMessageReceived: Received message: {"Version":7,"MessageType":"TestSession.Message","Payload":{"MessageLevel":0,"Message":"NUnit Adapter 4.4.0.0: Test execution started"}}
TpTrace Verbose: 0 : 9548, 13, 2024/04/26, 18:43:16.302, 334510925827, vstest.console.dll, TestRunRequest:SendTestRunMessage: Starting.
TpTrace Verbose: 0 : 9548, 13, 2024/04/26, 18:43:16.302, 334510926890, vstest.console.dll, MulticastDelegateUtilities.SafeInvoke: TestRun.LogMessages: Invoking callback 1/1 for Microsoft.VisualStudio.TestPlatform.CommandLine.TestRunResultAggregator., took 0 ms.
TpTrace Information: 0 : 9548, 13, 2024/04/26, 18:43:16.302, 334510927312, vstest.console.dll, TestRunRequest:SendTestRunMessage: Completed.
TpTrace Verbose: 0 : 9548, 4, 2024/04/26, 18:43:16.302, 334510927229, vstest.console.dll, MulticastDelegateUtilities.SafeInvoke: InternalTestLoggerEvents.SendTestRunMessage: Invoking callback 1/1 for Microsoft.VisualStudio.TestPlatform.CommandLine.Internal.ConsoleLogger., took 0 ms.
TpTrace Verbose: 0 : 9548, 13, 2024/04/26, 18:43:16.302, 334510927789, vstest.console.dll, MulticastDelegateUtilities.SafeInvoke: LengthPrefixCommunicationChannel: MessageReceived: Invoking callback 1/1 for Microsoft.VisualStudio.TestPlatform.CommunicationUtilities.TestRequestSender+<>c__DisplayClass34_0., took 0 ms.
TpTrace Verbose: 0 : 9548, 13, 2024/04/26, 18:43:16.302, 334510928473, vstest.console.dll, TcpClientExtensions.MessageLoopAsync: Polling on remoteEndPoint: 127.0.0.1:51254 localEndPoint: 127.0.0.1:51253 after 195 ms
TpTrace Verbose: 0 : 9548, 13, 2024/04/26, 18:43:16.335, 334511257718, vstest.console.dll, TcpClientExtensions.MessageLoopAsync: NotifyDataAvailable remoteEndPoint: 127.0.0.1:51254 localEndPoint: 127.0.0.1:51253
TpTrace Verbose: 0 : 9548, 13, 2024/04/26, 18:43:16.335, 334511259482, vstest.console.dll, TestRequestSender.OnExecutionMessageReceived: Received message: {"Version":7,"MessageType":"TestSession.Message","Payload":{"MessageLevel":0,"Message":"Running all tests in C:\\Users\\VC\\source\\repos\\Day11\\SoppingAppSolution\\ShoppingDALTesting\\bin\\Debug\\net6.0\\fine-code-coverage\\build-output\\ShoppingDALTesting.dll"}}
TpTrace Verbose: 0 : 9548, 13, 2024/04/26, 18:43:16.335, 334511260732, vstest.console.dll, TestRunRequest:SendTestRunMessage: Starting.
TpTrace Verbose: 0 : 9548, 13, 2024/04/26, 18:43:16.335, 334511261274, vstest.console.dll, MulticastDelegateUtilities.SafeInvoke: TestRun.LogMessages: Invoking callback 1/1 for Microsoft.VisualStudio.TestPlatform.CommandLine.TestRunResultAggregator., took 0 ms.
TpTrace Verbose: 0 : 9548, 4, 2024/04/26, 18:43:16.335, 334511261436, vstest.console.dll, MulticastDelegateUtilities.SafeInvoke: InternalTestLoggerEvents.SendTestRunMessage: Invoking callback 1/1 for Microsoft.VisualStudio.TestPlatform.CommandLine.Internal.ConsoleLogger., took 0 ms.
TpTrace Information: 0 : 9548, 13, 2024/04/26, 18:43:16.335, 334511261605, vstest.console.dll, TestRunRequest:SendTestRunMessage: Completed.
TpTrace Verbose: 0 : 9548, 13, 2024/04/26, 18:43:16.335, 334511262261, vstest.console.dll, MulticastDelegateUtilities.SafeInvoke: LengthPrefixCommunicationChannel: MessageReceived: Invoking callback 1/1 for Microsoft.VisualStudio.TestPlatform.CommunicationUtilities.TestRequestSender+<>c__DisplayClass34_0., took 0 ms.
TpTrace Verbose: 0 : 9548, 13, 2024/04/26, 18:43:16.335, 334511262535, vstest.console.dll, TcpClientExtensions.MessageLoopAsync: Polling on remoteEndPoint: 127.0.0.1:51254 localEndPoint: 127.0.0.1:51253 after 33 ms
TpTrace Verbose: 0 : 9548, 13, 2024/04/26, 18:43:16.483, 334512736990, vstest.console.dll, TcpClientExtensions.MessageLoopAsync: NotifyDataAvailable remoteEndPoint: 127.0.0.1:51254 localEndPoint: 127.0.0.1:51253
TpTrace Verbose: 0 : 9548, 13, 2024/04/26, 18:43:16.483, 334512738931, vstest.console.dll, TestRequestSender.OnExecutionMessageReceived: Received message: {"Version":7,"MessageType":"TestSession.Message","Payload":{"MessageLevel":0,"Message":"   NUnit3TestExecutor discovered 44 of 44 NUnit test cases using Current Discovery mode, Non-Explicit run"}}
TpTrace Verbose: 0 : 9548, 13, 2024/04/26, 18:43:16.483, 334512740286, vstest.console.dll, TestRunRequest:SendTestRunMessage: Starting.
TpTrace Verbose: 0 : 9548, 13, 2024/04/26, 18:43:16.483, 334512740862, vstest.console.dll, MulticastDelegateUtilities.SafeInvoke: TestRun.LogMessages: Invoking callback 1/1 for Microsoft.VisualStudio.TestPlatform.CommandLine.TestRunResultAggregator., took 0 ms.
TpTrace Information: 0 : 9548, 13, 2024/04/26, 18:43:16.483, 334512741113, vstest.console.dll, TestRunRequest:SendTestRunMessage: Completed.
TpTrace Verbose: 0 : 9548, 13, 2024/04/26, 18:43:16.483, 334512741352, vstest.console.dll, MulticastDelegateUtilities.SafeInvoke: LengthPrefixCommunicationChannel: MessageReceived: Invoking callback 1/1 for Microsoft.VisualStudio.TestPlatform.CommunicationUtilities.TestRequestSender+<>c__DisplayClass34_0., took 0 ms.
TpTrace Verbose: 0 : 9548, 13, 2024/04/26, 18:43:16.483, 334512741625, vstest.console.dll, TcpClientExtensions.MessageLoopAsync: Polling on remoteEndPoint: 127.0.0.1:51254 localEndPoint: 127.0.0.1:51253 after 147 ms
TpTrace Verbose: 0 : 9548, 4, 2024/04/26, 18:43:16.483, 334512742136, vstest.console.dll, MulticastDelegateUtilities.SafeInvoke: InternalTestLoggerEvents.SendTestRunMessage: Invoking callback 1/1 for Microsoft.VisualStudio.TestPlatform.CommandLine.Internal.ConsoleLogger., took 0 ms.
TpTrace Verbose: 0 : 9548, 13, 2024/04/26, 18:43:16.634, 334514247852, vstest.console.dll, TcpClientExtensions.MessageLoopAsync: NotifyDataAvailable remoteEndPoint: 127.0.0.1:51254 localEndPoint: 127.0.0.1:51253
TpTrace Verbose: 0 : 9548, 13, 2024/04/26, 18:43:16.634, 334514250777, vstest.console.dll, TestRequestSender.OnExecutionMessageReceived: Received message: {"Version":7,"MessageType":"TestExecution.StatsChange","Payload":{"NewTestResults":[{"TestCase":{"Id":"e990ca76-3586-4bae-c7a8-7037210854d1","FullyQualifiedName":"ShoppingDALTesting.CartItemRepositoryTest.AddFailureTest","DisplayName":"AddFailureTest","ExecutorUri":"executor://NUnit3TestExecutor","Source":"C:\\Users\\VC\\source\\repos\\Day11\\SoppingAppSolution\\ShoppingDALTesting\\bin\\Debug\\net6.0\\fine-code-coverage\\build-output\\ShoppingDALTesting.dll","CodeFilePath":null,"LineNumber":0,"Properties":[{"Key":{"Id":"NUnit.Seed","Label":"Seed","Category":"","Description":"","Attributes":0,"ValueType":"System.String"},"Value":"736021825"}]},"Attachments":[],"Outcome":1,"ErrorMessage":null,"ErrorStackTrace":null,"DisplayName":"AddFailureTest","Messages":[],"ComputerName":"DESKTOP-92EC60F","Duration":"00:00:00.0215870","StartTime":"2024-04-26T13:13:16.5119858+00:00","EndTime":"2024-04-26T13:13:16.5334851+00:00","Properties":[{"Key":{"Id":"NUnit.Seed","Label":"Seed","Category":"","Description":"","Attributes":0,"ValueType":"System.String"},"Value":"736021825"}]},{"TestCase":{"Id":"63d5015d-83bf-8de9-fe2d-16d754962771","FullyQualifiedName":"ShoppingDALTesting.CartItemRepositoryTest.AddSuccessTest","DisplayName":"AddSuccessTest","ExecutorUri":"executor://NUnit3TestExecutor","Source":"C:\\Users\\VC\\source\\repos\\Day11\\SoppingAppSolution\\ShoppingDALTesting\\bin\\Debug\\net6.0\\fine-code-coverage\\build-output\\ShoppingDALTesting.dll","CodeFilePath":null,"LineNumber":0,"Properties":[{"Key":{"Id":"NUnit.Seed","Label":"Seed","Category":"","Description":"","Attributes":0,"ValueType":"System.String"},"Value":"1241717172"}]},"Attachments":[],"Outcome":1,"ErrorMessage":null,"ErrorStackTrace":null,"DisplayName":"AddSuccessTest","Messages":[],"ComputerName":"DESKTOP-92EC60F","Duration":"00:00:00.0005960","StartTime":"2024-04-26T13:13:16.5350637+00:00","EndTime":"2024-04-26T13:13:16.53566+00:00","Properties":[{"Key":{"Id":"NUnit.Seed","Label":"Seed","Category":"","Description":"","Attributes":0,"ValueType":"System.String"},"Value":"1241717172"}]},{"TestCase":{"Id":"63cd3314-e1fc-26a3-7c53-4a1956c664a9","FullyQualifiedName":"ShoppingDALTesting.CartItemRepositoryTest.CartItemDeleteFailureTest","DisplayName":"CartItemDeleteFailureTest","ExecutorUri":"executor://NUnit3TestExecutor","Source":"C:\\Users\\VC\\source\\repos\\Day11\\SoppingAppSolution\\ShoppingDALTesting\\bin\\Debug\\net6.0\\fine-code-coverage\\build-output\\ShoppingDALTesting.dll","CodeFilePath":null,"LineNumber":0,"Properties":[{"Key":{"Id":"NUnit.Seed","Label":"Seed","Category":"","Description":"","Attributes":0,"ValueType":"System.String"},"Value":"280200433"}]},"Attachments":[],"Outcome":1,"ErrorMessage":null,"ErrorStackTrace":null,"DisplayName":"CartItemDeleteFailureTest","Messages":[],"ComputerName":"DESKTOP-92EC60F","Duration":"00:00:00.0062650","StartTime":"2024-04-26T13:13:16.5356755+00:00","EndTime":"2024-04-26T13:13:16.5419397+00:00","Properties":[{"Key":{"Id":"NUnit.Seed","Label":"Seed","Category":"","Description":"","Attributes":0,"ValueType":"System.String"},"Value":"280200433"}]},{"TestCase":{"Id":"a5e20155-d809-ad4d-ea9f-e11ec4e46850","FullyQualifiedName":"ShoppingDALTesting.CartItemRepositoryTest.CartItemDeleteSuccessTest","DisplayName":"CartItemDeleteSuccessTest","ExecutorUri":"executor://NUnit3TestExecutor","Source":"C:\\Users\\VC\\source\\repos\\Day11\\SoppingAppSolution\\ShoppingDALTesting\\bin\\Debug\\net6.0\\fine-code-coverage\\build-output\\ShoppingDALTesting.dll","CodeFilePath":null,"LineNumber":0,"Properties":[{"Key":{"Id":"NUnit.Seed","Label":"Seed","Category":"","Description":"","Attributes":0,"ValueType":"System.String"},"Value":"996270360"}]},"Attachments":[],"Outcome":1,"ErrorMessage":null,"ErrorStackTrace":null,"DisplayName":"CartItemDeleteSuccessTest","Messages":[],"ComputerName":"DESKTOP-92EC60F","Duration":"00:00:00.0028010","StartTime":"2024-04-26T13:13:16.541956+00:00","EndTime":"2024-04-26T13:13:16.5447566+00:00","Properties":[{"Key":{"Id":"NUnit.Seed","Label":"Seed","Category":"","Description":"","Attributes":0,"ValueType":"System.String"},"Value":"996270360"}]},{"TestCase":{"Id":"c6db781c-5b41-3fb5-e103-88a49d4f6f81","FullyQualifiedName":"ShoppingDALTesting.CartItemRepositoryTest.DeleteCartExceptionTest","DisplayName":"DeleteCartExceptionTest","ExecutorUri":"executor://NUnit3TestExecutor","Source":"C:\\Users\\VC\\source\\repos\\Day11\\SoppingAppSolution\\ShoppingDALTesting\\bin\\Debug\\net6.0\\fine-code-coverage\\build-output\\ShoppingDALTesting.dll","CodeFilePath":null,"LineNumber":0,"Properties":[{"Key":{"Id":"NUnit.Seed","Label":"Seed","Category":"","Description":"","Attributes":0,"ValueType":"System.String"},"Value":"1302034469"}]},"Attachments":[],"Outcome":1,"ErrorMessage":null,"ErrorStackTrace":null,"DisplayName":"DeleteCartExceptionTest","Messages":[],"ComputerName":"DESKTOP-92EC60F","Duration":"00:00:00.0006930","StartTime":"2024-04-26T13:13:16.5447754+00:00","EndTime":"2024-04-26T13:13:16.5454677+00:00","Properties":[{"Key":{"Id":"NUnit.Seed","Label":"Seed","Category":"","Description":"","Attributes":0,"ValueType":"System.String"},"Value":"1302034469"}]},{"TestCase":{"Id":"e6b27b26-d3d5-94ed-0cd3-5682ae75bdf4","FullyQualifiedName":"ShoppingDALTesting.CartItemRepositoryTest.DeleteCartSucessTest","DisplayName":"DeleteCartSucessTest","ExecutorUri":"executor://NUnit3TestExecutor","Source":"C:\\Users\\VC\\source\\repos\\Day11\\SoppingAppSolution\\ShoppingDALTesting\\bin\\Debug\\net6.0\\fine-code-coverage\\build-output\\ShoppingDALTesting.dll","CodeFilePath":null,"LineNumber":0,"Properties":[{"Key":{"Id":"NUnit.Seed","Label":"Seed","Category":"","Description":"","Attributes":0,"ValueType":"System.String"},"Value":"394463195"}]},"Attachments":[],"Outcome":1,"ErrorMessage":null,"ErrorStackTrace":null,"DisplayName":"DeleteCartSucessTest","Messages":[],"ComputerName":"DESKTOP-92EC60F","Duration":"00:00:00.0007720","StartTime":"2024-04-26T13:13:16.5454784+00:00","EndTime":"2024-04-26T13:13:16.5462506+00:00","Properties":[{"Key":{"Id":"NUnit.Seed","Label":"Seed","Category":"","Description":"","Attributes":0,"ValueType":"System.String"},"Value":"394463195"}]},{"TestCase":{"Id":"19d1f641-e41e-fc1a-c562-6e3491641243","FullyQualifiedName":"ShoppingDALTesting.CartItemRepositoryTest.GetAllFailureTest","DisplayName":"GetAllFailureTest","ExecutorUri":"executor://NUnit3TestExecutor","Source":"C:\\Users\\VC\\source\\repos\\Day11\\SoppingAppSolution\\ShoppingDALTesting\\bin\\Debug\\net6.0\\fine-code-coverage\\build-output\\ShoppingDALTesting.dll","CodeFilePath":null,"LineNumber":0,"Properties":[{"Key":{"Id":"NUnit.Seed","Label":"Seed","Category":"","Description":"","Attributes":0,"ValueType":"System.String"},"Value":"849829277"}]},"Attachments":[],"Outcome":1,"ErrorMessage":null,"ErrorStackTrace":null,"DisplayName":"GetAllFailureTest","Messages":[],"ComputerName":"DESKTOP-92EC60F","Duration":"00:00:00.0013770","StartTime":"2024-04-26T13:13:16.5462609+00:00","EndTime":"2024-04-26T13:13:16.5476378+00:00","Properties":[{"Key":{"Id":"NUnit.Seed","Label":"Seed","Category":"","Description":"","Attributes":0,"ValueType":"System.String"},"Value":"849829277"}]},{"TestCase":{"Id":"31900c23-7826-ec40-b658-79fa99cc5be6","FullyQualifiedName":"ShoppingDALTesting.CartItemRepositoryTest.GetAllSuccessTest","DisplayName":"GetAllSuccessTest","ExecutorUri":"executor://NUnit3TestExecutor","Source":"C:\\Users\\VC\\source\\repos\\Day11\\SoppingAppSolution\\ShoppingDALTesting\\bin\\Debug\\net6.0\\fine-code-coverage\\build-output\\ShoppingDALTesting.dll","CodeFilePath":null,"LineNumber":0,"Properties":[{"Key":{"Id":"NUnit.Seed","Label":"Seed","Category":"","Description":"","Attributes":0,"ValueType":"System.String"},"Value":"58741961"}]},"Attachments":[],"Outcome":1,"ErrorMessage":null,"ErrorStackTrace":null,"DisplayName":"GetAllSuccessTest","Messages":[],"ComputerName":"DESKTOP-92EC60F","Duration":"00:00:00.0008870","StartTime":"2024-04-26T13:13:16.5476634+00:00","EndTime":"2024-04-26T13:13:16.5485506+00:00","Properties":[{"Key":{"Id":"NUnit.Seed","Label":"Seed","Category":"","Description":"","Attributes":0,"ValueType":"System.String"},"Value":"58741961"}]},{"TestCase":{"Id":"1aef713b-fae4-9dfa-ffd9-3ebfa92606f2","FullyQualifiedName":"ShoppingDALTesting.CartItemRepositoryTest.GetByKeyExceptionTest","DisplayName":"GetByKeyExceptionTest","ExecutorUri":"executor://NUnit3TestExecutor","Source":"C:\\Users\\VC\\source\\repos\\Day11\\SoppingAppSolution\\ShoppingDALTesting\\bin\\Debug\\net6.0\\fine-code-coverage\\build-output\\ShoppingDALTesting.dll","CodeFilePath":null,"LineNumber":0,"Properties":[{"Key":{"Id":"NUnit.Seed","Label":"Seed","Category":"","Description":"","Attributes":0,"ValueType":"System.String"},"Value":"1263875781"}]},"Attachments":[],"Outcome":1,"ErrorMessage":null,"ErrorStackTrace":null,"DisplayName":"GetByKeyExceptionTest","Messages":[],"ComputerName":"DESKTOP-92EC60F","Duration":"00:00:00.0010140","StartTime":"2024-04-26T13:13:16.5485657+00:00","EndTime":"2024-04-26T13:13:16.5495793+00:00","Properties":[{"Key":{"Id":"NUnit.Seed","Label":"Seed","Category":"","Description":"","Attributes":0,"ValueType":"System.String"},"Value":"1263875781"}]}],"TestRunStatistics":{"ExecutedTests":9,"Stats":{"Passed":9}},"ActiveTests":[{"Id":"8d3ba2e6-6cdd-fdd5-959e-58f8e2f63e31","FullyQualifiedName":"ShoppingDALTesting.CartItemRepositoryTest.GetByKeySuccessTest","DisplayName":"GetByKeySuccessTest","ExecutorUri":"executor://NUnit3TestExecutor","Source":"C:\\Users\\VC\\source\\repos\\Day11\\SoppingAppSolution\\ShoppingDALTesting\\bin\\Debug\\net6.0\\fine-code-coverage\\build-output\\ShoppingDALTesting.dll","CodeFilePath":null,"LineNumber":0,"Properties":[{"Key":{"Id":"NUnit.Seed","Label":"Seed","Category":"","Description":"","Attributes":0,"ValueType":"System.String"},"Value":"706357842"}]}]}}
TpTrace Verbose: 0 : 9548, 13, 2024/04/26, 18:43:16.663, 334514536892, vstest.console.dll, TestRunRequest:SendTestRunStatsChange: Starting.
TpTrace Verbose: 0 : 9548, 13, 2024/04/26, 18:43:16.663, 334514538330, vstest.console.dll, InProgress is GetByKeySuccessTest
TpTrace Verbose: 0 : 9548, 13, 2024/04/26, 18:43:16.663, 334514540191, vstest.console.dll, MulticastDelegateUtilities.SafeInvoke: TestRun.RunStatsChanged: Invoking callbacks was skipped because there are no subscribers.
TpTrace Information: 0 : 9548, 13, 2024/04/26, 18:43:16.663, 334514540523, vstest.console.dll, TestRunRequest:SendTestRunStatsChange: Completed.
TpTrace Verbose: 0 : 9548, 13, 2024/04/26, 18:43:16.663, 334514541069, vstest.console.dll, MulticastDelegateUtilities.SafeInvoke: LengthPrefixCommunicationChannel: MessageReceived: Invoking callback 1/1 for Microsoft.VisualStudio.TestPlatform.CommunicationUtilities.TestRequestSender+<>c__DisplayClass34_0., took 29 ms.
TpTrace Verbose: 0 : 9548, 13, 2024/04/26, 18:43:16.663, 334514541464, vstest.console.dll, TcpClientExtensions.MessageLoopAsync: Polling on remoteEndPoint: 127.0.0.1:51254 localEndPoint: 127.0.0.1:51253 after 179 ms
TpTrace Verbose: 0 : 9548, 4, 2024/04/26, 18:43:16.665, 334514562857, vstest.console.dll, MulticastDelegateUtilities.SafeInvoke: InternalTestLoggerEvents.SendTestResult: Invoking callback 1/1 for Microsoft.VisualStudio.TestPlatform.CommandLine.Internal.ConsoleLogger., took 2 ms.
TpTrace Verbose: 0 : 9548, 4, 2024/04/26, 18:43:16.666, 334514568735, vstest.console.dll, MulticastDelegateUtilities.SafeInvoke: InternalTestLoggerEvents.SendTestResult: Invoking callback 1/1 for Microsoft.VisualStudio.TestPlatform.CommandLine.Internal.ConsoleLogger., took 0 ms.
TpTrace Verbose: 0 : 9548, 13, 2024/04/26, 18:43:16.666, 334514568778, vstest.console.dll, TcpClientExtensions.MessageLoopAsync: NotifyDataAvailable remoteEndPoint: 127.0.0.1:51254 localEndPoint: 127.0.0.1:51253
TpTrace Verbose: 0 : 9548, 4, 2024/04/26, 18:43:16.666, 334514569778, vstest.console.dll, MulticastDelegateUtilities.SafeInvoke: InternalTestLoggerEvents.SendTestResult: Invoking callback 1/1 for Microsoft.VisualStudio.TestPlatform.CommandLine.Internal.ConsoleLogger., took 0 ms.
TpTrace Verbose: 0 : 9548, 4, 2024/04/26, 18:43:16.666, 334514571417, vstest.console.dll, MulticastDelegateUtilities.SafeInvoke: InternalTestLoggerEvents.SendTestResult: Invoking callback 1/1 for Microsoft.VisualStudio.TestPlatform.CommandLine.Internal.ConsoleLogger., took 0 ms.
TpTrace Verbose: 0 : 9548, 13, 2024/04/26, 18:43:16.666, 334514572134, vstest.console.dll, TestRequestSender.OnExecutionMessageReceived: Received message: {"Version":7,"MessageType":"TestExecution.StatsChange","Payload":{"NewTestResults":[{"TestCase":{"Id":"8d3ba2e6-6cdd-fdd5-959e-58f8e2f63e31","FullyQualifiedName":"ShoppingDALTesting.CartItemRepositoryTest.GetByKeySuccessTest","DisplayName":"GetByKeySuccessTest","ExecutorUri":"executor://NUnit3TestExecutor","Source":"C:\\Users\\VC\\source\\repos\\Day11\\SoppingAppSolution\\ShoppingDALTesting\\bin\\Debug\\net6.0\\fine-code-coverage\\build-output\\ShoppingDALTesting.dll","CodeFilePath":null,"LineNumber":0,"Properties":[{"Key":{"Id":"NUnit.Seed","Label":"Seed","Category":"","Description":"","Attributes":0,"ValueType":"System.String"},"Value":"706357842"}]},"Attachments":[],"Outcome":1,"ErrorMessage":null,"ErrorStackTrace":null,"DisplayName":"GetByKeySuccessTest","Messages":[],"ComputerName":"DESKTOP-92EC60F","Duration":"00:00:00.0007790","StartTime":"2024-04-26T13:13:16.549593+00:00","EndTime":"2024-04-26T13:13:16.5503723+00:00","Properties":[{"Key":{"Id":"NUnit.Seed","Label":"Seed","Category":"","Description":"","Attributes":0,"ValueType":"System.String"},"Value":"706357842"}]},{"TestCase":{"Id":"e34b079f-b07e-0b45-4c3f-a2d645f0c855","FullyQualifiedName":"ShoppingDALTesting.CartItemRepositoryTest.UpdateCartExceptionTest","DisplayName":"UpdateCartExceptionTest","ExecutorUri":"executor://NUnit3TestExecutor","Source":"C:\\Users\\VC\\source\\repos\\Day11\\SoppingAppSolution\\ShoppingDALTesting\\bin\\Debug\\net6.0\\fine-code-coverage\\build-output\\ShoppingDALTesting.dll","CodeFilePath":null,"LineNumber":0,"Properties":[{"Key":{"Id":"NUnit.Seed","Label":"Seed","Category":"","Description":"","Attributes":0,"ValueType":"System.String"},"Value":"1091916769"}]},"Attachments":[],"Outcome":1,"ErrorMessage":null,"ErrorStackTrace":null,"DisplayName":"UpdateCartExceptionTest","Messages":[],"ComputerName":"DESKTOP-92EC60F","Duration":"00:00:00.0016570","StartTime":"2024-04-26T13:13:16.5503851+00:00","EndTime":"2024-04-26T13:13:16.5520416+00:00","Properties":[{"Key":{"Id":"NUnit.Seed","Label":"Seed","Category":"","Description":"","Attributes":0,"ValueType":"System.String"},"Value":"1091916769"}]},{"TestCase":{"Id":"0bdeef1e-6eb3-2dd8-b390-23f2fd977c72","FullyQualifiedName":"ShoppingDALTesting.CartItemRepositoryTest.UpdateCartSucessTest","DisplayName":"UpdateCartSucessTest","ExecutorUri":"executor://NUnit3TestExecutor","Source":"C:\\Users\\VC\\source\\repos\\Day11\\SoppingAppSolution\\ShoppingDALTesting\\bin\\Debug\\net6.0\\fine-code-coverage\\build-output\\ShoppingDALTesting.dll","CodeFilePath":null,"LineNumber":0,"Properties":[{"Key":{"Id":"NUnit.Seed","Label":"Seed","Category":"","Description":"","Attributes":0,"ValueType":"System.String"},"Value":"1922497420"}]},"Attachments":[],"Outcome":1,"ErrorMessage":null,"ErrorStackTrace":null,"DisplayName":"UpdateCartSucessTest","Messages":[],"ComputerName":"DESKTOP-92EC60F","Duration":"00:00:00.0014480","StartTime":"2024-04-26T13:13:16.5520576+00:00","EndTime":"2024-04-26T13:13:16.5535056+00:00","Properties":[{"Key":{"Id":"NUnit.Seed","Label":"Seed","Category":"","Description":"","Attributes":0,"ValueType":"System.String"},"Value":"1922497420"}]},{"TestCase":{"Id":"e86c1bcf-ac4b-f58f-ff60-e67833782358","FullyQualifiedName":"ShoppingDALTesting.CartRepositoryTest.AddFailTest","DisplayName":"AddFailTest","ExecutorUri":"executor://NUnit3TestExecutor","Source":"C:\\Users\\VC\\source\\repos\\Day11\\SoppingAppSolution\\ShoppingDALTesting\\bin\\Debug\\net6.0\\fine-code-coverage\\build-output\\ShoppingDALTesting.dll","CodeFilePath":null,"LineNumber":0,"Properties":[{"Key":{"Id":"NUnit.Seed","Label":"Seed","Category":"","Description":"","Attributes":0,"ValueType":"System.String"},"Value":"1145824448"}]},"Attachments":[],"Outcome":1,"ErrorMessage":null,"ErrorStackTrace":null,"DisplayName":"AddFailTest","Messages":[],"ComputerName":"DESKTOP-92EC60F","Duration":"00:00:00.0010690","StartTime":"2024-04-26T13:13:16.5557791+00:00","EndTime":"2024-04-26T13:13:16.5568477+00:00","Properties":[{"Key":{"Id":"NUnit.Seed","Label":"Seed","Category":"","Description":"","Attributes":0,"ValueType":"System.String"},"Value":"1145824448"}]},{"TestCase":{"Id":"f2a4b845-32b9-3d9e-636b-3811c15a5eab","FullyQualifiedName":"ShoppingDALTesting.CartRepositoryTest.AddSuccessTest","DisplayName":"AddSuccessTest","ExecutorUri":"executor://NUnit3TestExecutor","Source":"C:\\Users\\VC\\source\\repos\\Day11\\SoppingAppSolution\\ShoppingDALTesting\\bin\\Debug\\net6.0\\fine-code-coverage\\build-output\\ShoppingDALTesting.dll","CodeFilePath":null,"LineNumber":0,"Properties":[{"Key":{"Id":"NUnit.Seed","Label":"Seed","Category":"","Description":"","Attributes":0,"ValueType":"System.String"},"Value":"126196144"}]},"Attachments":[],"Outcome":1,"ErrorMessage":null,"ErrorStackTrace":null,"DisplayName":"AddSuccessTest","Messages":[],"ComputerName":"DESKTOP-92EC60F","Duration":"00:00:00.0006470","StartTime":"2024-04-26T13:13:16.5568606+00:00","EndTime":"2024-04-26T13:13:16.5575077+00:00","Properties":[{"Key":{"Id":"NUnit.Seed","Label":"Seed","Category":"","Description":"","Attributes":0,"ValueType":"System.String"},"Value":"126196144"}]},{"TestCase":{"Id":"384e041c-99c7-3e8c-2dba-ec1cc1ca0ced","FullyQualifiedName":"ShoppingDALTesting.CartRepositoryTest.CartItemDeleteFailureTest","DisplayName":"CartItemDeleteFailureTest","ExecutorUri":"executor://NUnit3TestExecutor","Source":"C:\\Users\\VC\\source\\repos\\Day11\\SoppingAppSolution\\ShoppingDALTesting\\bin\\Debug\\net6.0\\fine-code-coverage\\build-output\\ShoppingDALTesting.dll","CodeFilePath":null,"LineNumber":0,"Properties":[{"Key":{"Id":"NUnit.Seed","Label":"Seed","Category":"","Description":"","Attributes":0,"ValueType":"System.String"},"Value":"35295521"}]},"Attachments":[],"Outcome":1,"ErrorMessage":null,"ErrorStackTrace":null,"DisplayName":"CartItemDeleteFailureTest","Messages":[],"ComputerName":"DESKTOP-92EC60F","Duration":"00:00:00.0029730","StartTime":"2024-04-26T13:13:16.5575226+00:00","EndTime":"2024-04-26T13:13:16.560495+00:00","Properties":[{"Key":{"Id":"NUnit.Seed","Label":"Seed","Category":"","Description":"","Attributes":0,"ValueType":"System.String"},"Value":"35295521"}]},{"TestCase":{"Id":"f7b06a2e-46dd-6ec8-9904-cd1359c6fb47","FullyQualifiedName":"ShoppingDALTesting.CartRepositoryTest.CartItemDeleteSuccessTest","DisplayName":"CartItemDeleteSuccessTest","ExecutorUri":"executor://NUnit3TestExecutor","Source":"C:\\Users\\VC\\source\\repos\\Day11\\SoppingAppSolution\\ShoppingDALTesting\\bin\\Debug\\net6.0\\fine-code-coverage\\build-output\\ShoppingDALTesting.dll","CodeFilePath":null,"LineNumber":0,"Properties":[{"Key":{"Id":"NUnit.Seed","Label":"Seed","Category":"","Description":"","Attributes":0,"ValueType":"System.String"},"Value":"1620712935"}]},"Attachments":[],"Outcome":1,"ErrorMessage":null,"ErrorStackTrace":null,"DisplayName":"CartItemDeleteSuccessTest","Messages":[],"ComputerName":"DESKTOP-92EC60F","Duration":"00:00:00.0005830","StartTime":"2024-04-26T13:13:16.5605101+00:00","EndTime":"2024-04-26T13:13:16.5610931+00:00","Properties":[{"Key":{"Id":"NUnit.Seed","Label":"Seed","Category":"","Description":"","Attributes":0,"ValueType":"System.String"},"Value":"1620712935"}]},{"TestCase":{"Id":"4782f9bd-405f-6bdf-45ab-e2ea33ec15fd","FullyQualifiedName":"ShoppingDALTesting.CartRepositoryTest.DeleteCartExceptionTest","DisplayName":"DeleteCartExceptionTest","ExecutorUri":"executor://NUnit3TestExecutor","Source":"C:\\Users\\VC\\source\\repos\\Day11\\SoppingAppSolution\\ShoppingDALTesting\\bin\\Debug\\net6.0\\fine-code-coverage\\build-output\\ShoppingDALTesting.dll","CodeFilePath":null,"LineNumber":0,"Properties":[{"Key":{"Id":"NUnit.Seed","Label":"Seed","Category":"","Description":"","Attributes":0,"ValueType":"System.String"},"Value":"723285156"}]},"Attachments":[],"Outcome":1,"ErrorMessage":null,"ErrorStackTrace":null,"DisplayName":"DeleteCartExceptionTest","Messages":[],"ComputerName":"DESKTOP-92EC60F","Duration":"00:00:00.0005950","StartTime":"2024-04-26T13:13:16.5611125+00:00","EndTime":"2024-04-26T13:13:16.5617072+00:00","Properties":[{"Key":{"Id":"NUnit.Seed","Label":"Seed","Category":"","Description":"","Attributes":0,"ValueType":"System.String"},"Value":"723285156"}]},{"TestCase":{"Id":"f3006b39-4f1d-d762-c93d-775880a24276","FullyQualifiedName":"ShoppingDALTesting.CartRepositoryTest.DeleteCartSucessTest","DisplayName":"DeleteCartSucessTest","ExecutorUri":"executor://NUnit3TestExecutor","Source":"C:\\Users\\VC\\source\\repos\\Day11\\SoppingAppSolution\\ShoppingDALTesting\\bin\\Debug\\net6.0\\fine-code-coverage\\build-output\\ShoppingDALTesting.dll","CodeFilePath":null,"LineNumber":0,"Properties":[{"Key":{"Id":"NUnit.Seed","Label":"Seed","Category":"","Description":"","Attributes":0,"ValueType":"System.String"},"Value":"218973085"}]},"Attachments":[],"Outcome":1,"ErrorMessage":null,"ErrorStackTrace":null,"DisplayName":"DeleteCartSucessTest","Messages":[],"ComputerName":"DESKTOP-92EC60F","Duration":"00:00:00.0005190","StartTime":"2024-04-26T13:13:16.5617168+00:00","EndTime":"2024-04-26T13:13:16.5622355+00:00","Properties":[{"Key":{"Id":"NUnit.Seed","Label":"Seed","Category":"","Description":"","Attributes":0,"ValueType":"System.String"},"Value":"218973085"}]}],"TestRunStatistics":{"ExecutedTests":18,"Stats":{"Passed":18}},"ActiveTests":[{"Id":"fccafedb-1136-d2dc-ed30-e2ea7b59cba8","FullyQualifiedName":"ShoppingDALTesting.CartRepositoryTest.GetAllFailureTest","DisplayName":"GetAllFailureTest","ExecutorUri":"executor://NUnit3TestExecutor","Source":"C:\\Users\\VC\\source\\repos\\Day11\\SoppingAppSolution\\ShoppingDALTesting\\bin\\Debug\\net6.0\\fine-code-coverage\\build-output\\ShoppingDALTesting.dll","CodeFilePath":null,"LineNumber":0,"Properties":[{"Key":{"Id":"NUnit.Seed","Label":"Seed","Category":"","Description":"","Attributes":0,"ValueType":"System.String"},"Value":"1691493473"}]}]}}
TpTrace Verbose: 0 : 9548, 4, 2024/04/26, 18:43:16.666, 334514572430, vstest.console.dll, MulticastDelegateUtilities.SafeInvoke: InternalTestLoggerEvents.SendTestResult: Invoking callback 1/1 for Microsoft.VisualStudio.TestPlatform.CommandLine.Internal.ConsoleLogger., took 0 ms.
TpTrace Verbose: 0 : 9548, 4, 2024/04/26, 18:43:16.666, 334514573969, vstest.console.dll, MulticastDelegateUtilities.SafeInvoke: InternalTestLoggerEvents.SendTestResult: Invoking callback 1/1 for Microsoft.VisualStudio.TestPlatform.CommandLine.Internal.ConsoleLogger., took 0 ms.
TpTrace Verbose: 0 : 9548, 4, 2024/04/26, 18:43:16.667, 334514574515, vstest.console.dll, MulticastDelegateUtilities.SafeInvoke: InternalTestLoggerEvents.SendTestResult: Invoking callback 1/1 for Microsoft.VisualStudio.TestPlatform.CommandLine.Internal.ConsoleLogger., took 0 ms.
TpTrace Verbose: 0 : 9548, 4, 2024/04/26, 18:43:16.667, 334514574989, vstest.console.dll, MulticastDelegateUtilities.SafeInvoke: InternalTestLoggerEvents.SendTestResult: Invoking callback 1/1 for Microsoft.VisualStudio.TestPlatform.CommandLine.Internal.ConsoleLogger., took 0 ms.
TpTrace Verbose: 0 : 9548, 4, 2024/04/26, 18:43:16.667, 334514575457, vstest.console.dll, MulticastDelegateUtilities.SafeInvoke: InternalTestLoggerEvents.SendTestResult: Invoking callback 1/1 for Microsoft.VisualStudio.TestPlatform.CommandLine.Internal.ConsoleLogger., took 0 ms.
TpTrace Verbose: 0 : 9548, 13, 2024/04/26, 18:43:16.669, 334514596799, vstest.console.dll, TestRunRequest:SendTestRunStatsChange: Starting.
TpTrace Verbose: 0 : 9548, 13, 2024/04/26, 18:43:16.669, 334514597622, vstest.console.dll, InProgress is GetAllFailureTest
TpTrace Verbose: 0 : 9548, 13, 2024/04/26, 18:43:16.669, 334514598446, vstest.console.dll, MulticastDelegateUtilities.SafeInvoke: TestRun.RunStatsChanged: Invoking callbacks was skipped because there are no subscribers.
TpTrace Information: 0 : 9548, 13, 2024/04/26, 18:43:16.669, 334514598910, vstest.console.dll, TestRunRequest:SendTestRunStatsChange: Completed.
TpTrace Verbose: 0 : 9548, 4, 2024/04/26, 18:43:16.669, 334514598989, vstest.console.dll, MulticastDelegateUtilities.SafeInvoke: InternalTestLoggerEvents.SendTestResult: Invoking callback 1/1 for Microsoft.VisualStudio.TestPlatform.CommandLine.Internal.ConsoleLogger., took 0 ms.
TpTrace Verbose: 0 : 9548, 13, 2024/04/26, 18:43:16.669, 334514599290, vstest.console.dll, MulticastDelegateUtilities.SafeInvoke: LengthPrefixCommunicationChannel: MessageReceived: Invoking callback 1/1 for Microsoft.VisualStudio.TestPlatform.CommunicationUtilities.TestRequestSender+<>c__DisplayClass34_0., took 2 ms.
TpTrace Verbose: 0 : 9548, 4, 2024/04/26, 18:43:16.669, 334514599999, vstest.console.dll, MulticastDelegateUtilities.SafeInvoke: InternalTestLoggerEvents.SendTestResult: Invoking callback 1/1 for Microsoft.VisualStudio.TestPlatform.CommandLine.Internal.ConsoleLogger., took 0 ms.
TpTrace Verbose: 0 : 9548, 13, 2024/04/26, 18:43:16.669, 334514600193, vstest.console.dll, TcpClientExtensions.MessageLoopAsync: Polling on remoteEndPoint: 127.0.0.1:51254 localEndPoint: 127.0.0.1:51253 after 5 ms
TpTrace Verbose: 0 : 9548, 4, 2024/04/26, 18:43:16.669, 334514600821, vstest.console.dll, MulticastDelegateUtilities.SafeInvoke: InternalTestLoggerEvents.SendTestResult: Invoking callback 1/1 for Microsoft.VisualStudio.TestPlatform.CommandLine.Internal.ConsoleLogger., took 0 ms.
TpTrace Verbose: 0 : 9548, 4, 2024/04/26, 18:43:16.670, 334514611014, vstest.console.dll, MulticastDelegateUtilities.SafeInvoke: InternalTestLoggerEvents.SendTestResult: Invoking callback 1/1 for Microsoft.VisualStudio.TestPlatform.CommandLine.Internal.ConsoleLogger., took 0 ms.
TpTrace Verbose: 0 : 9548, 4, 2024/04/26, 18:43:16.670, 334514611910, vstest.console.dll, MulticastDelegateUtilities.SafeInvoke: InternalTestLoggerEvents.SendTestResult: Invoking callback 1/1 for Microsoft.VisualStudio.TestPlatform.CommandLine.Internal.ConsoleLogger., took 0 ms.
TpTrace Verbose: 0 : 9548, 4, 2024/04/26, 18:43:16.670, 334514612362, vstest.console.dll, MulticastDelegateUtilities.SafeInvoke: InternalTestLoggerEvents.SendTestResult: Invoking callback 1/1 for Microsoft.VisualStudio.TestPlatform.CommandLine.Internal.ConsoleLogger., took 0 ms.
TpTrace Verbose: 0 : 9548, 4, 2024/04/26, 18:43:16.670, 334514612719, vstest.console.dll, MulticastDelegateUtilities.SafeInvoke: InternalTestLoggerEvents.SendTestResult: Invoking callback 1/1 for Microsoft.VisualStudio.TestPlatform.CommandLine.Internal.ConsoleLogger., took 0 ms.
TpTrace Verbose: 0 : 9548, 4, 2024/04/26, 18:43:16.670, 334514613052, vstest.console.dll, MulticastDelegateUtilities.SafeInvoke: InternalTestLoggerEvents.SendTestResult: Invoking callback 1/1 for Microsoft.VisualStudio.TestPlatform.CommandLine.Internal.ConsoleLogger., took 0 ms.
TpTrace Verbose: 0 : 9548, 4, 2024/04/26, 18:43:16.670, 334514613482, vstest.console.dll, MulticastDelegateUtilities.SafeInvoke: InternalTestLoggerEvents.SendTestResult: Invoking callback 1/1 for Microsoft.VisualStudio.TestPlatform.CommandLine.Internal.ConsoleLogger., took 0 ms.
TpTrace Verbose: 0 : 9548, 13, 2024/04/26, 18:43:16.691, 334514821777, vstest.console.dll, TcpClientExtensions.MessageLoopAsync: NotifyDataAvailable remoteEndPoint: 127.0.0.1:51254 localEndPoint: 127.0.0.1:51253
TpTrace Verbose: 0 : 9548, 13, 2024/04/26, 18:43:16.692, 334514824747, vstest.console.dll, TestRequestSender.OnExecutionMessageReceived: Received message: {"Version":7,"MessageType":"TestExecution.StatsChange","Payload":{"NewTestResults":[{"TestCase":{"Id":"fccafedb-1136-d2dc-ed30-e2ea7b59cba8","FullyQualifiedName":"ShoppingDALTesting.CartRepositoryTest.GetAllFailureTest","DisplayName":"GetAllFailureTest","ExecutorUri":"executor://NUnit3TestExecutor","Source":"C:\\Users\\VC\\source\\repos\\Day11\\SoppingAppSolution\\ShoppingDALTesting\\bin\\Debug\\net6.0\\fine-code-coverage\\build-output\\ShoppingDALTesting.dll","CodeFilePath":null,"LineNumber":0,"Properties":[{"Key":{"Id":"NUnit.Seed","Label":"Seed","Category":"","Description":"","Attributes":0,"ValueType":"System.String"},"Value":"1691493473"}]},"Attachments":[],"Outcome":1,"ErrorMessage":null,"ErrorStackTrace":null,"DisplayName":"GetAllFailureTest","Messages":[],"ComputerName":"DESKTOP-92EC60F","Duration":"00:00:00.0004520","StartTime":"2024-04-26T13:13:16.5622447+00:00","EndTime":"2024-04-26T13:13:16.5626963+00:00","Properties":[{"Key":{"Id":"NUnit.Seed","Label":"Seed","Category":"","Description":"","Attributes":0,"ValueType":"System.String"},"Value":"1691493473"}]},{"TestCase":{"Id":"52f348e0-a486-af1f-5b0f-efadc82ce105","FullyQualifiedName":"ShoppingDALTesting.CartRepositoryTest.GetAllSuccessTest","DisplayName":"GetAllSuccessTest","ExecutorUri":"executor://NUnit3TestExecutor","Source":"C:\\Users\\VC\\source\\repos\\Day11\\SoppingAppSolution\\ShoppingDALTesting\\bin\\Debug\\net6.0\\fine-code-coverage\\build-output\\ShoppingDALTesting.dll","CodeFilePath":null,"LineNumber":0,"Properties":[{"Key":{"Id":"NUnit.Seed","Label":"Seed","Category":"","Description":"","Attributes":0,"ValueType":"System.String"},"Value":"1657700350"}]},"Attachments":[],"Outcome":1,"ErrorMessage":null,"ErrorStackTrace":null,"DisplayName":"GetAllSuccessTest","Messages":[],"ComputerName":"DESKTOP-92EC60F","Duration":"00:00:00.0005260","StartTime":"2024-04-26T13:13:16.5627057+00:00","EndTime":"2024-04-26T13:13:16.5632312+00:00","Properties":[{"Key":{"Id":"NUnit.Seed","Label":"Seed","Category":"","Description":"","Attributes":0,"ValueType":"System.String"},"Value":"1657700350"}]},{"TestCase":{"Id":"ef5a0a2f-095a-4241-6b4b-a47c459f5bcf","FullyQualifiedName":"ShoppingDALTesting.CartRepositoryTest.GetByKeyExceptionTest","DisplayName":"GetByKeyExceptionTest","ExecutorUri":"executor://NUnit3TestExecutor","Source":"C:\\Users\\VC\\source\\repos\\Day11\\SoppingAppSolution\\ShoppingDALTesting\\bin\\Debug\\net6.0\\fine-code-coverage\\build-output\\ShoppingDALTesting.dll","CodeFilePath":null,"LineNumber":0,"Properties":[{"Key":{"Id":"NUnit.Seed","Label":"Seed","Category":"","Description":"","Attributes":0,"ValueType":"System.String"},"Value":"264584428"}]},"Attachments":[],"Outcome":1,"ErrorMessage":null,"ErrorStackTrace":null,"DisplayName":"GetByKeyExceptionTest","Messages":[],"ComputerName":"DESKTOP-92EC60F","Duration":"00:00:00.0006489","StartTime":"2024-04-26T13:13:16.5632405+00:00","EndTime":"2024-04-26T13:13:16.5638894+00:00","Properties":[{"Key":{"Id":"NUnit.Seed","Label":"Seed","Category":"","Description":"","Attributes":0,"ValueType":"System.String"},"Value":"264584428"}]},{"TestCase":{"Id":"7dcfb204-6a21-40aa-8e71-02052cb0b889","FullyQualifiedName":"ShoppingDALTesting.CartRepositoryTest.GetByKeySuccessTest","DisplayName":"GetByKeySuccessTest","ExecutorUri":"executor://NUnit3TestExecutor","Source":"C:\\Users\\VC\\source\\repos\\Day11\\SoppingAppSolution\\ShoppingDALTesting\\bin\\Debug\\net6.0\\fine-code-coverage\\build-output\\ShoppingDALTesting.dll","CodeFilePath":null,"LineNumber":0,"Properties":[{"Key":{"Id":"NUnit.Seed","Label":"Seed","Category":"","Description":"","Attributes":0,"ValueType":"System.String"},"Value":"1538338488"}]},"Attachments":[],"Outcome":1,"ErrorMessage":null,"ErrorStackTrace":null,"DisplayName":"GetByKeySuccessTest","Messages":[],"ComputerName":"DESKTOP-92EC60F","Duration":"00:00:00.0005190","StartTime":"2024-04-26T13:13:16.5638989+00:00","EndTime":"2024-04-26T13:13:16.5644174+00:00","Properties":[{"Key":{"Id":"NUnit.Seed","Label":"Seed","Category":"","Description":"","Attributes":0,"ValueType":"System.String"},"Value":"1538338488"}]},{"TestCase":{"Id":"7a8f2733-d55c-fb75-4fce-3a420a3988b5","FullyQualifiedName":"ShoppingDALTesting.CartRepositoryTest.UpdateCartExceptionTest","DisplayName":"UpdateCartExceptionTest","ExecutorUri":"executor://NUnit3TestExecutor","Source":"C:\\Users\\VC\\source\\repos\\Day11\\SoppingAppSolution\\ShoppingDALTesting\\bin\\Debug\\net6.0\\fine-code-coverage\\build-output\\ShoppingDALTesting.dll","CodeFilePath":null,"LineNumber":0,"Properties":[{"Key":{"Id":"NUnit.Seed","Label":"Seed","Category":"","Description":"","Attributes":0,"ValueType":"System.String"},"Value":"1946626580"}]},"Attachments":[],"Outcome":1,"ErrorMessage":null,"ErrorStackTrace":null,"DisplayName":"UpdateCartExceptionTest","Messages":[],"ComputerName":"DESKTOP-92EC60F","Duration":"00:00:00.0011050","StartTime":"2024-04-26T13:13:16.5644266+00:00","EndTime":"2024-04-26T13:13:16.5655314+00:00","Properties":[{"Key":{"Id":"NUnit.Seed","Label":"Seed","Category":"","Description":"","Attributes":0,"ValueType":"System.String"},"Value":"1946626580"}]},{"TestCase":{"Id":"ac9ebfac-42a2-b807-80c9-575ea7d05994","FullyQualifiedName":"ShoppingDALTesting.CartRepositoryTest.UpdateCartSucessTest","DisplayName":"UpdateCartSucessTest","ExecutorUri":"executor://NUnit3TestExecutor","Source":"C:\\Users\\VC\\source\\repos\\Day11\\SoppingAppSolution\\ShoppingDALTesting\\bin\\Debug\\net6.0\\fine-code-coverage\\build-output\\ShoppingDALTesting.dll","CodeFilePath":null,"LineNumber":0,"Properties":[{"Key":{"Id":"NUnit.Seed","Label":"Seed","Category":"","Description":"","Attributes":0,"ValueType":"System.String"},"Value":"1228316430"}]},"Attachments":[],"Outcome":1,"ErrorMessage":null,"ErrorStackTrace":null,"DisplayName":"UpdateCartSucessTest","Messages":[],"ComputerName":"DESKTOP-92EC60F","Duration":"00:00:00.0006110","StartTime":"2024-04-26T13:13:16.5655409+00:00","EndTime":"2024-04-26T13:13:16.5661518+00:00","Properties":[{"Key":{"Id":"NUnit.Seed","Label":"Seed","Category":"","Description":"","Attributes":0,"ValueType":"System.String"},"Value":"1228316430"}]},{"TestCase":{"Id":"2e06312a-9ac6-1525-07ae-264c2f5ee82c","FullyQualifiedName":"ShoppingDALTesting.CustomerRepositoryTest.AddFailTestAsync","DisplayName":"AddFailTestAsync","ExecutorUri":"executor://NUnit3TestExecutor","Source":"C:\\Users\\VC\\source\\repos\\Day11\\SoppingAppSolution\\ShoppingDALTesting\\bin\\Debug\\net6.0\\fine-code-coverage\\build-output\\ShoppingDALTesting.dll","CodeFilePath":null,"LineNumber":0,"Properties":[{"Key":{"Id":"NUnit.Seed","Label":"Seed","Category":"","Description":"","Attributes":0,"ValueType":"System.String"},"Value":"446091920"}]},"Attachments":[],"Outcome":1,"ErrorMessage":null,"ErrorStackTrace":null,"DisplayName":"AddFailTestAsync","Messages":[],"ComputerName":"DESKTOP-92EC60F","Duration":"00:00:00.0008510","StartTime":"2024-04-26T13:13:16.5662661+00:00","EndTime":"2024-04-26T13:13:16.5671172+00:00","Properties":[{"Key":{"Id":"NUnit.Seed","Label":"Seed","Category":"","Description":"","Attributes":0,"ValueType":"System.String"},"Value":"446091920"}]},{"TestCase":{"Id":"b6c6dc29-e1dc-ed08-94e5-b0c42a7b774b","FullyQualifiedName":"ShoppingDALTesting.CustomerRepositoryTest.AddSuccessTestAsync","DisplayName":"AddSuccessTestAsync","ExecutorUri":"executor://NUnit3TestExecutor","Source":"C:\\Users\\VC\\source\\repos\\Day11\\SoppingAppSolution\\ShoppingDALTesting\\bin\\Debug\\net6.0\\fine-code-coverage\\build-output\\ShoppingDALTesting.dll","CodeFilePath":null,"LineNumber":0,"Properties":[{"Key":{"Id":"NUnit.Seed","Label":"Seed","Category":"","Description":"","Attributes":0,"ValueType":"System.String"},"Value":"2120662590"}]},"Attachments":[],"Outcome":1,"ErrorMessage":null,"ErrorStackTrace":null,"DisplayName":"AddSuccessTestAsync","Messages":[],"ComputerName":"DESKTOP-92EC60F","Duration":"00:00:00.0006070","StartTime":"2024-04-26T13:13:16.5671271+00:00","EndTime":"2024-04-26T13:13:16.5677336+00:00","Properties":[{"Key":{"Id":"NUnit.Seed","Label":"Seed","Category":"","Description":"","Attributes":0,"ValueType":"System.String"},"Value":"2120662590"}]},{"TestCase":{"Id":"8d8e14f9-c5ef-7e05-ebc6-91c54289a6eb","FullyQualifiedName":"ShoppingDALTesting.CustomerRepositoryTest.DeleteCustomerExceptionTest","DisplayName":"DeleteCustomerExceptionTest","ExecutorUri":"executor://NUnit3TestExecutor","Source":"C:\\Users\\VC\\source\\repos\\Day11\\SoppingAppSolution\\ShoppingDALTesting\\bin\\Debug\\net6.0\\fine-code-coverage\\build-output\\ShoppingDALTesting.dll","CodeFilePath":null,"LineNumber":0,"Properties":[{"Key":{"Id":"NUnit.Seed","Label":"Seed","Category":"","Description":"","Attributes":0,"ValueType":"System.String"},"Value":"1745453944"}]},"Attachments":[],"Outcome":1,"ErrorMessage":null,"ErrorStackTrace":null,"DisplayName":"DeleteCustomerExceptionTest","Messages":[],"ComputerName":"DESKTOP-92EC60F","Duration":"00:00:00.0020439","StartTime":"2024-04-26T13:13:16.5677438+00:00","EndTime":"2024-04-26T13:13:16.5697878+00:00","Properties":[{"Key":{"Id":"NUnit.Seed","Label":"Seed","Category":"","Description":"","Attributes":0,"ValueType":"System.String"},"Value":"1745453944"}]}],"TestRunStatistics":{"ExecutedTests":27,"Stats":{"Passed":27}},"ActiveTests":[{"Id":"b0e09bb9-884e-5f13-32e9-e568a1b8d01e","FullyQualifiedName":"ShoppingDALTesting.CustomerRepositoryTest.DeleteCustomerSucessTest","DisplayName":"DeleteCustomerSucessTest","ExecutorUri":"executor://NUnit3TestExecutor","Source":"C:\\Users\\VC\\source\\repos\\Day11\\SoppingAppSolution\\ShoppingDALTesting\\bin\\Debug\\net6.0\\fine-code-coverage\\build-output\\ShoppingDALTesting.dll","CodeFilePath":null,"LineNumber":0,"Properties":[{"Key":{"Id":"NUnit.Seed","Label":"Seed","Category":"","Description":"","Attributes":0,"ValueType":"System.String"},"Value":"2084787248"}]}]}}
TpTrace Verbose: 0 : 9548, 13, 2024/04/26, 18:43:16.693, 334514842891, vstest.console.dll, TestRunRequest:SendTestRunStatsChange: Starting.
TpTrace Verbose: 0 : 9548, 13, 2024/04/26, 18:43:16.693, 334514844055, vstest.console.dll, InProgress is DeleteCustomerSucessTest
TpTrace Verbose: 0 : 9548, 13, 2024/04/26, 18:43:16.694, 334514844598, vstest.console.dll, MulticastDelegateUtilities.SafeInvoke: TestRun.RunStatsChanged: Invoking callbacks was skipped because there are no subscribers.
TpTrace Information: 0 : 9548, 13, 2024/04/26, 18:43:16.694, 334514844917, vstest.console.dll, TestRunRequest:SendTestRunStatsChange: Completed.
TpTrace Verbose: 0 : 9548, 4, 2024/04/26, 18:43:16.694, 334514845164, vstest.console.dll, MulticastDelegateUtilities.SafeInvoke: InternalTestLoggerEvents.SendTestResult: Invoking callback 1/1 for Microsoft.VisualStudio.TestPlatform.CommandLine.Internal.ConsoleLogger., took 0 ms.
TpTrace Verbose: 0 : 9548, 13, 2024/04/26, 18:43:16.694, 334514845250, vstest.console.dll, MulticastDelegateUtilities.SafeInvoke: LengthPrefixCommunicationChannel: MessageReceived: Invoking callback 1/1 for Microsoft.VisualStudio.TestPlatform.CommunicationUtilities.TestRequestSender+<>c__DisplayClass34_0., took 2 ms.
TpTrace Verbose: 0 : 9548, 4, 2024/04/26, 18:43:16.694, 334514845719, vstest.console.dll, MulticastDelegateUtilities.SafeInvoke: InternalTestLoggerEvents.SendTestResult: Invoking callback 1/1 for Microsoft.VisualStudio.TestPlatform.CommandLine.Internal.ConsoleLogger., took 0 ms.
TpTrace Verbose: 0 : 9548, 13, 2024/04/26, 18:43:16.694, 334514846093, vstest.console.dll, TcpClientExtensions.MessageLoopAsync: Polling on remoteEndPoint: 127.0.0.1:51254 localEndPoint: 127.0.0.1:51253 after 24 ms
TpTrace Verbose: 0 : 9548, 4, 2024/04/26, 18:43:16.694, 334514846151, vstest.console.dll, MulticastDelegateUtilities.SafeInvoke: InternalTestLoggerEvents.SendTestResult: Invoking callback 1/1 for Microsoft.VisualStudio.TestPlatform.CommandLine.Internal.ConsoleLogger., took 0 ms.
TpTrace Verbose: 0 : 9548, 4, 2024/04/26, 18:43:16.694, 334514846806, vstest.console.dll, MulticastDelegateUtilities.SafeInvoke: InternalTestLoggerEvents.SendTestResult: Invoking callback 1/1 for Microsoft.VisualStudio.TestPlatform.CommandLine.Internal.ConsoleLogger., took 0 ms.
TpTrace Verbose: 0 : 9548, 4, 2024/04/26, 18:43:16.694, 334514847158, vstest.console.dll, MulticastDelegateUtilities.SafeInvoke: InternalTestLoggerEvents.SendTestResult: Invoking callback 1/1 for Microsoft.VisualStudio.TestPlatform.CommandLine.Internal.ConsoleLogger., took 0 ms.
TpTrace Verbose: 0 : 9548, 4, 2024/04/26, 18:43:16.694, 334514847446, vstest.console.dll, MulticastDelegateUtilities.SafeInvoke: InternalTestLoggerEvents.SendTestResult: Invoking callback 1/1 for Microsoft.VisualStudio.TestPlatform.CommandLine.Internal.ConsoleLogger., took 0 ms.
TpTrace Verbose: 0 : 9548, 4, 2024/04/26, 18:43:16.694, 334514847765, vstest.console.dll, MulticastDelegateUtilities.SafeInvoke: InternalTestLoggerEvents.SendTestResult: Invoking callback 1/1 for Microsoft.VisualStudio.TestPlatform.CommandLine.Internal.ConsoleLogger., took 0 ms.
TpTrace Verbose: 0 : 9548, 4, 2024/04/26, 18:43:16.694, 334514848082, vstest.console.dll, MulticastDelegateUtilities.SafeInvoke: InternalTestLoggerEvents.SendTestResult: Invoking callback 1/1 for Microsoft.VisualStudio.TestPlatform.CommandLine.Internal.ConsoleLogger., took 0 ms.
TpTrace Verbose: 0 : 9548, 4, 2024/04/26, 18:43:16.694, 334514848394, vstest.console.dll, MulticastDelegateUtilities.SafeInvoke: InternalTestLoggerEvents.SendTestResult: Invoking callback 1/1 for Microsoft.VisualStudio.TestPlatform.CommandLine.Internal.ConsoleLogger., took 0 ms.
TpTrace Verbose: 0 : 9548, 13, 2024/04/26, 18:43:16.711, 334515019072, vstest.console.dll, TcpClientExtensions.MessageLoopAsync: NotifyDataAvailable remoteEndPoint: 127.0.0.1:51254 localEndPoint: 127.0.0.1:51253
TpTrace Verbose: 0 : 9548, 13, 2024/04/26, 18:43:16.711, 334515021978, vstest.console.dll, TestRequestSender.OnExecutionMessageReceived: Received message: {"Version":7,"MessageType":"TestExecution.StatsChange","Payload":{"NewTestResults":[{"TestCase":{"Id":"b0e09bb9-884e-5f13-32e9-e568a1b8d01e","FullyQualifiedName":"ShoppingDALTesting.CustomerRepositoryTest.DeleteCustomerSucessTest","DisplayName":"DeleteCustomerSucessTest","ExecutorUri":"executor://NUnit3TestExecutor","Source":"C:\\Users\\VC\\source\\repos\\Day11\\SoppingAppSolution\\ShoppingDALTesting\\bin\\Debug\\net6.0\\fine-code-coverage\\build-output\\ShoppingDALTesting.dll","CodeFilePath":null,"LineNumber":0,"Properties":[{"Key":{"Id":"NUnit.Seed","Label":"Seed","Category":"","Description":"","Attributes":0,"ValueType":"System.String"},"Value":"2084787248"}]},"Attachments":[],"Outcome":1,"ErrorMessage":null,"ErrorStackTrace":null,"DisplayName":"DeleteCustomerSucessTest","Messages":[],"ComputerName":"DESKTOP-92EC60F","Duration":"00:00:00.0006330","StartTime":"2024-04-26T13:13:16.5698029+00:00","EndTime":"2024-04-26T13:13:16.5704355+00:00","Properties":[{"Key":{"Id":"NUnit.Seed","Label":"Seed","Category":"","Description":"","Attributes":0,"ValueType":"System.String"},"Value":"2084787248"}]},{"TestCase":{"Id":"9b6b4cb2-ab8c-4c84-1068-98a8a5e1a00d","FullyQualifiedName":"ShoppingDALTesting.CustomerRepositoryTest.GetAllFailureTestAsync","DisplayName":"GetAllFailureTestAsync","ExecutorUri":"executor://NUnit3TestExecutor","Source":"C:\\Users\\VC\\source\\repos\\Day11\\SoppingAppSolution\\ShoppingDALTesting\\bin\\Debug\\net6.0\\fine-code-coverage\\build-output\\ShoppingDALTesting.dll","CodeFilePath":null,"LineNumber":0,"Properties":[{"Key":{"Id":"NUnit.Seed","Label":"Seed","Category":"","Description":"","Attributes":0,"ValueType":"System.String"},"Value":"763805523"}]},"Attachments":[],"Outcome":1,"ErrorMessage":null,"ErrorStackTrace":null,"DisplayName":"GetAllFailureTestAsync","Messages":[],"ComputerName":"DESKTOP-92EC60F","Duration":"00:00:00.0004880","StartTime":"2024-04-26T13:13:16.5704499+00:00","EndTime":"2024-04-26T13:13:16.5709373+00:00","Properties":[{"Key":{"Id":"NUnit.Seed","Label":"Seed","Category":"","Description":"","Attributes":0,"ValueType":"System.String"},"Value":"763805523"}]},{"TestCase":{"Id":"56176569-2f3d-5326-9b8e-6f3eed44d924","FullyQualifiedName":"ShoppingDALTesting.CustomerRepositoryTest.GetAllSuccessTestAsync","DisplayName":"GetAllSuccessTestAsync","ExecutorUri":"executor://NUnit3TestExecutor","Source":"C:\\Users\\VC\\source\\repos\\Day11\\SoppingAppSolution\\ShoppingDALTesting\\bin\\Debug\\net6.0\\fine-code-coverage\\build-output\\ShoppingDALTesting.dll","CodeFilePath":null,"LineNumber":0,"Properties":[{"Key":{"Id":"NUnit.Seed","Label":"Seed","Category":"","Description":"","Attributes":0,"ValueType":"System.String"},"Value":"1071002718"}]},"Attachments":[],"Outcome":1,"ErrorMessage":null,"ErrorStackTrace":null,"DisplayName":"GetAllSuccessTestAsync","Messages":[],"ComputerName":"DESKTOP-92EC60F","Duration":"00:00:00.0005540","StartTime":"2024-04-26T13:13:16.5709479+00:00","EndTime":"2024-04-26T13:13:16.5715016+00:00","Properties":[{"Key":{"Id":"NUnit.Seed","Label":"Seed","Category":"","Description":"","Attributes":0,"ValueType":"System.String"},"Value":"1071002718"}]},{"TestCase":{"Id":"611f6b01-2144-469e-d78d-20d5449c6733","FullyQualifiedName":"ShoppingDALTesting.CustomerRepositoryTest.GetByKeyExceptionTest","DisplayName":"GetByKeyExceptionTest","ExecutorUri":"executor://NUnit3TestExecutor","Source":"C:\\Users\\VC\\source\\repos\\Day11\\SoppingAppSolution\\ShoppingDALTesting\\bin\\Debug\\net6.0\\fine-code-coverage\\build-output\\ShoppingDALTesting.dll","CodeFilePath":null,"LineNumber":0,"Properties":[{"Key":{"Id":"NUnit.Seed","Label":"Seed","Category":"","Description":"","Attributes":0,"ValueType":"System.String"},"Value":"54349078"}]},"Attachments":[],"Outcome":1,"ErrorMessage":null,"ErrorStackTrace":null,"DisplayName":"GetByKeyExceptionTest","Messages":[],"ComputerName":"DESKTOP-92EC60F","Duration":"00:00:00.0005999","StartTime":"2024-04-26T13:13:16.5715114+00:00","EndTime":"2024-04-26T13:13:16.5721114+00:00","Properties":[{"Key":{"Id":"NUnit.Seed","Label":"Seed","Category":"","Description":"","Attributes":0,"ValueType":"System.String"},"Value":"54349078"}]},{"TestCase":{"Id":"d461380f-9f3c-7c4e-8871-55d37ccead8d","FullyQualifiedName":"ShoppingDALTesting.CustomerRepositoryTest.GetByKeySuccessTestAsync","DisplayName":"GetByKeySuccessTestAsync","ExecutorUri":"executor://NUnit3TestExecutor","Source":"C:\\Users\\VC\\source\\repos\\Day11\\SoppingAppSolution\\ShoppingDALTesting\\bin\\Debug\\net6.0\\fine-code-coverage\\build-output\\ShoppingDALTesting.dll","CodeFilePath":null,"LineNumber":0,"Properties":[{"Key":{"Id":"NUnit.Seed","Label":"Seed","Category":"","Description":"","Attributes":0,"ValueType":"System.String"},"Value":"1760347898"}]},"Attachments":[],"Outcome":1,"ErrorMessage":null,"ErrorStackTrace":null,"DisplayName":"GetByKeySuccessTestAsync","Messages":[],"ComputerName":"DESKTOP-92EC60F","Duration":"00:00:00.0005199","StartTime":"2024-04-26T13:13:16.5721209+00:00","EndTime":"2024-04-26T13:13:16.5726406+00:00","Properties":[{"Key":{"Id":"NUnit.Seed","Label":"Seed","Category":"","Description":"","Attributes":0,"ValueType":"System.String"},"Value":"1760347898"}]},{"TestCase":{"Id":"3062ae94-c0fe-ca1d-3d36-b128da49ef2b","FullyQualifiedName":"ShoppingDALTesting.CustomerRepositoryTest.UpdateCustomerExceptionTest","DisplayName":"UpdateCustomerExceptionTest","ExecutorUri":"executor://NUnit3TestExecutor","Source":"C:\\Users\\VC\\source\\repos\\Day11\\SoppingAppSolution\\ShoppingDALTesting\\bin\\Debug\\net6.0\\fine-code-coverage\\build-output\\ShoppingDALTesting.dll","CodeFilePath":null,"LineNumber":0,"Properties":[{"Key":{"Id":"NUnit.Seed","Label":"Seed","Category":"","Description":"","Attributes":0,"ValueType":"System.String"},"Value":"632105355"}]},"Attachments":[],"Outcome":1,"ErrorMessage":null,"ErrorStackTrace":null,"DisplayName":"UpdateCustomerExceptionTest","Messages":[],"ComputerName":"DESKTOP-92EC60F","Duration":"00:00:00.0013110","StartTime":"2024-04-26T13:13:16.5728642+00:00","EndTime":"2024-04-26T13:13:16.5741747+00:00","Properties":[{"Key":{"Id":"NUnit.Seed","Label":"Seed","Category":"","Description":"","Attributes":0,"ValueType":"System.String"},"Value":"632105355"}]},{"TestCase":{"Id":"c0bcf52a-11e6-c88d-d122-902aa899fab0","FullyQualifiedName":"ShoppingDALTesting.CustomerRepositoryTest.UpdateCustomerSucessTest","DisplayName":"UpdateCustomerSucessTest","ExecutorUri":"executor://NUnit3TestExecutor","Source":"C:\\Users\\VC\\source\\repos\\Day11\\SoppingAppSolution\\ShoppingDALTesting\\bin\\Debug\\net6.0\\fine-code-coverage\\build-output\\ShoppingDALTesting.dll","CodeFilePath":null,"LineNumber":0,"Properties":[{"Key":{"Id":"NUnit.Seed","Label":"Seed","Category":"","Description":"","Attributes":0,"ValueType":"System.String"},"Value":"512165746"}]},"Attachments":[],"Outcome":1,"ErrorMessage":null,"ErrorStackTrace":null,"DisplayName":"UpdateCustomerSucessTest","Messages":[],"ComputerName":"DESKTOP-92EC60F","Duration":"00:00:00.0005910","StartTime":"2024-04-26T13:13:16.574186+00:00","EndTime":"2024-04-26T13:13:16.5747771+00:00","Properties":[{"Key":{"Id":"NUnit.Seed","Label":"Seed","Category":"","Description":"","Attributes":0,"ValueType":"System.String"},"Value":"512165746"}]},{"TestCase":{"Id":"adc3e8e1-a4d3-6daf-bc06-95cacacc07ff","FullyQualifiedName":"ShoppingDALTesting.ProductRepositoryDALTest.AddFailTest","DisplayName":"AddFailTest","ExecutorUri":"executor://NUnit3TestExecutor","Source":"C:\\Users\\VC\\source\\repos\\Day11\\SoppingAppSolution\\ShoppingDALTesting\\bin\\Debug\\net6.0\\fine-code-coverage\\build-output\\ShoppingDALTesting.dll","CodeFilePath":null,"LineNumber":0,"Properties":[{"Key":{"Id":"NUnit.Seed","Label":"Seed","Category":"","Description":"","Attributes":0,"ValueType":"System.String"},"Value":"1224540119"}]},"Attachments":[],"Outcome":1,"ErrorMessage":null,"ErrorStackTrace":null,"DisplayName":"AddFailTest","Messages":[],"ComputerName":"DESKTOP-92EC60F","Duration":"00:00:00.0008950","StartTime":"2024-04-26T13:13:16.5749201+00:00","EndTime":"2024-04-26T13:13:16.5758146+00:00","Properties":[{"Key":{"Id":"NUnit.Seed","Label":"Seed","Category":"","Description":"","Attributes":0,"ValueType":"System.String"},"Value":"1224540119"}]},{"TestCase":{"Id":"ee4f5e95-167e-8644-a641-e6c1b0d21728","FullyQualifiedName":"ShoppingDALTesting.ProductRepositoryDALTest.AddSuccessTest","DisplayName":"AddSuccessTest","ExecutorUri":"executor://NUnit3TestExecutor","Source":"C:\\Users\\VC\\source\\repos\\Day11\\SoppingAppSolution\\ShoppingDALTesting\\bin\\Debug\\net6.0\\fine-code-coverage\\build-output\\ShoppingDALTesting.dll","CodeFilePath":null,"LineNumber":0,"Properties":[{"Key":{"Id":"NUnit.Seed","Label":"Seed","Category":"","Description":"","Attributes":0,"ValueType":"System.String"},"Value":"918699287"}]},"Attachments":[],"Outcome":1,"ErrorMessage":null,"ErrorStackTrace":null,"DisplayName":"AddSuccessTest","Messages":[],"ComputerName":"DESKTOP-92EC60F","Duration":"00:00:00.0004340","StartTime":"2024-04-26T13:13:16.5758239+00:00","EndTime":"2024-04-26T13:13:16.576258+00:00","Properties":[{"Key":{"Id":"NUnit.Seed","Label":"Seed","Category":"","Description":"","Attributes":0,"ValueType":"System.String"},"Value":"918699287"}]}],"TestRunStatistics":{"ExecutedTests":36,"Stats":{"Passed":36}},"ActiveTests":[{"Id":"92643a20-4cee-43de-99db-70da77bbf999","FullyQualifiedName":"ShoppingDALTesting.ProductRepositoryDALTest.DeleteProductExceptionTest","DisplayName":"DeleteProductExceptionTest","ExecutorUri":"executor://NUnit3TestExecutor","Source":"C:\\Users\\VC\\source\\repos\\Day11\\SoppingAppSolution\\ShoppingDALTesting\\bin\\Debug\\net6.0\\fine-code-coverage\\build-output\\ShoppingDALTesting.dll","CodeFilePath":null,"LineNumber":0,"Properties":[{"Key":{"Id":"NUnit.Seed","Label":"Seed","Category":"","Description":"","Attributes":0,"ValueType":"System.String"},"Value":"536699180"}]}]}}
TpTrace Verbose: 0 : 9548, 13, 2024/04/26, 18:43:16.713, 334515040467, vstest.console.dll, TestRunRequest:SendTestRunStatsChange: Starting.
TpTrace Verbose: 0 : 9548, 13, 2024/04/26, 18:43:16.713, 334515041317, vstest.console.dll, InProgress is DeleteProductExceptionTest
TpTrace Verbose: 0 : 9548, 13, 2024/04/26, 18:43:16.713, 334515041856, vstest.console.dll, MulticastDelegateUtilities.SafeInvoke: TestRun.RunStatsChanged: Invoking callbacks was skipped because there are no subscribers.
TpTrace Information: 0 : 9548, 13, 2024/04/26, 18:43:16.713, 334515042084, vstest.console.dll, TestRunRequest:SendTestRunStatsChange: Completed.
TpTrace Verbose: 0 : 9548, 13, 2024/04/26, 18:43:16.713, 334515042333, vstest.console.dll, MulticastDelegateUtilities.SafeInvoke: LengthPrefixCommunicationChannel: MessageReceived: Invoking callback 1/1 for Microsoft.VisualStudio.TestPlatform.CommunicationUtilities.TestRequestSender+<>c__DisplayClass34_0., took 2 ms.
TpTrace Verbose: 0 : 9548, 13, 2024/04/26, 18:43:16.713, 334515042613, vstest.console.dll, TcpClientExtensions.MessageLoopAsync: Polling on remoteEndPoint: 127.0.0.1:51254 localEndPoint: 127.0.0.1:51253 after 19 ms
TpTrace Verbose: 0 : 9548, 4, 2024/04/26, 18:43:16.713, 334515042573, vstest.console.dll, MulticastDelegateUtilities.SafeInvoke: InternalTestLoggerEvents.SendTestResult: Invoking callback 1/1 for Microsoft.VisualStudio.TestPlatform.CommandLine.Internal.ConsoleLogger., took 0 ms.
TpTrace Verbose: 0 : 9548, 4, 2024/04/26, 18:43:16.713, 334515043476, vstest.console.dll, MulticastDelegateUtilities.SafeInvoke: InternalTestLoggerEvents.SendTestResult: Invoking callback 1/1 for Microsoft.VisualStudio.TestPlatform.CommandLine.Internal.ConsoleLogger., took 0 ms.
TpTrace Verbose: 0 : 9548, 4, 2024/04/26, 18:43:16.713, 334515044370, vstest.console.dll, MulticastDelegateUtilities.SafeInvoke: InternalTestLoggerEvents.SendTestResult: Invoking callback 1/1 for Microsoft.VisualStudio.TestPlatform.CommandLine.Internal.ConsoleLogger., took 0 ms.
TpTrace Verbose: 0 : 9548, 4, 2024/04/26, 18:43:16.714, 334515044740, vstest.console.dll, MulticastDelegateUtilities.SafeInvoke: InternalTestLoggerEvents.SendTestResult: Invoking callback 1/1 for Microsoft.VisualStudio.TestPlatform.CommandLine.Internal.ConsoleLogger., took 0 ms.
TpTrace Verbose: 0 : 9548, 4, 2024/04/26, 18:43:16.714, 334515045097, vstest.console.dll, MulticastDelegateUtilities.SafeInvoke: InternalTestLoggerEvents.SendTestResult: Invoking callback 1/1 for Microsoft.VisualStudio.TestPlatform.CommandLine.Internal.ConsoleLogger., took 0 ms.
TpTrace Verbose: 0 : 9548, 4, 2024/04/26, 18:43:16.714, 334515045422, vstest.console.dll, MulticastDelegateUtilities.SafeInvoke: InternalTestLoggerEvents.SendTestResult: Invoking callback 1/1 for Microsoft.VisualStudio.TestPlatform.CommandLine.Internal.ConsoleLogger., took 0 ms.
TpTrace Verbose: 0 : 9548, 4, 2024/04/26, 18:43:16.714, 334515045692, vstest.console.dll, MulticastDelegateUtilities.SafeInvoke: InternalTestLoggerEvents.SendTestResult: Invoking callback 1/1 for Microsoft.VisualStudio.TestPlatform.CommandLine.Internal.ConsoleLogger., took 0 ms.
TpTrace Verbose: 0 : 9548, 4, 2024/04/26, 18:43:16.714, 334515045961, vstest.console.dll, MulticastDelegateUtilities.SafeInvoke: InternalTestLoggerEvents.SendTestResult: Invoking callback 1/1 for Microsoft.VisualStudio.TestPlatform.CommandLine.Internal.ConsoleLogger., took 0 ms.
TpTrace Verbose: 0 : 9548, 4, 2024/04/26, 18:43:16.714, 334515046287, vstest.console.dll, MulticastDelegateUtilities.SafeInvoke: InternalTestLoggerEvents.SendTestResult: Invoking callback 1/1 for Microsoft.VisualStudio.TestPlatform.CommandLine.Internal.ConsoleLogger., took 0 ms.
TpTrace Verbose: 0 : 9548, 13, 2024/04/26, 18:43:16.733, 334515236984, vstest.console.dll, TcpClientExtensions.MessageLoopAsync: NotifyDataAvailable remoteEndPoint: 127.0.0.1:51254 localEndPoint: 127.0.0.1:51253
TpTrace Verbose: 0 : 9548, 13, 2024/04/26, 18:43:16.733, 334515238601, vstest.console.dll, TestRequestSender.OnExecutionMessageReceived: Received message: {"Version":7,"MessageType":"TestSession.Message","Payload":{"MessageLevel":0,"Message":"NUnit Adapter 4.4.0.0: Test execution complete"}}
TpTrace Verbose: 0 : 9548, 13, 2024/04/26, 18:43:16.733, 334515239750, vstest.console.dll, TestRunRequest:SendTestRunMessage: Starting.
TpTrace Verbose: 0 : 9548, 13, 2024/04/26, 18:43:16.733, 334515240228, vstest.console.dll, MulticastDelegateUtilities.SafeInvoke: TestRun.LogMessages: Invoking callback 1/1 for Microsoft.VisualStudio.TestPlatform.CommandLine.TestRunResultAggregator., took 0 ms.
TpTrace Information: 0 : 9548, 13, 2024/04/26, 18:43:16.733, 334515240445, vstest.console.dll, TestRunRequest:SendTestRunMessage: Completed.
TpTrace Verbose: 0 : 9548, 13, 2024/04/26, 18:43:16.733, 334515240672, vstest.console.dll, MulticastDelegateUtilities.SafeInvoke: LengthPrefixCommunicationChannel: MessageReceived: Invoking callback 1/1 for Microsoft.VisualStudio.TestPlatform.CommunicationUtilities.TestRequestSender+<>c__DisplayClass34_0., took 0 ms.
TpTrace Verbose: 0 : 9548, 4, 2024/04/26, 18:43:16.733, 334515240639, vstest.console.dll, MulticastDelegateUtilities.SafeInvoke: InternalTestLoggerEvents.SendTestRunMessage: Invoking callback 1/1 for Microsoft.VisualStudio.TestPlatform.CommandLine.Internal.ConsoleLogger., took 0 ms.
TpTrace Verbose: 0 : 9548, 13, 2024/04/26, 18:43:16.733, 334515241573, vstest.console.dll, TcpClientExtensions.MessageLoopAsync: Polling on remoteEndPoint: 127.0.0.1:51254 localEndPoint: 127.0.0.1:51253 after 19 ms
TpTrace Verbose: 0 : 9548, 13, 2024/04/26, 18:43:16.752, 334515427142, vstest.console.dll, TcpClientExtensions.MessageLoopAsync: NotifyDataAvailable remoteEndPoint: 127.0.0.1:51254 localEndPoint: 127.0.0.1:51253
TpTrace Verbose: 0 : 9548, 13, 2024/04/26, 18:43:16.752, 334515430621, vstest.console.dll, TestRequestSender.OnExecutionMessageReceived: Received message: {"Version":7,"MessageType":"TestExecution.Completed","Payload":{"TestRunCompleteArgs":{"TestRunStatistics":{"ExecutedTests":44,"Stats":{"Passed":44}},"IsCanceled":false,"IsAborted":false,"Error":null,"AttachmentSets":[],"InvokedDataCollectors":[],"ElapsedTimeInRunningTests":"00:00:00.4662884","Metrics":{},"DiscoveredExtensions":{"TestDiscoverers":["NUnit.VisualStudio.TestAdapter.NUnit3TestDiscoverer, NUnit3.TestAdapter, Version=4.4.0.0, Culture=neutral, PublicKeyToken=4cb40d35494691ac"],"TestExecutors":["executor://NUnit3TestExecutor"],"TestExecutors2":[],"TestSettingsProviders":[]}},"LastRunTests":{"NewTestResults":[{"TestCase":{"Id":"92643a20-4cee-43de-99db-70da77bbf999","FullyQualifiedName":"ShoppingDALTesting.ProductRepositoryDALTest.DeleteProductExceptionTest","DisplayName":"DeleteProductExceptionTest","ExecutorUri":"executor://NUnit3TestExecutor","Source":"C:\\Users\\VC\\source\\repos\\Day11\\SoppingAppSolution\\ShoppingDALTesting\\bin\\Debug\\net6.0\\fine-code-coverage\\build-output\\ShoppingDALTesting.dll","CodeFilePath":null,"LineNumber":0,"Properties":[{"Key":{"Id":"NUnit.Seed","Label":"Seed","Category":"","Description":"","Attributes":0,"ValueType":"System.String"},"Value":"536699180"}]},"Attachments":[],"Outcome":1,"ErrorMessage":null,"ErrorStackTrace":null,"DisplayName":"DeleteProductExceptionTest","Messages":[],"ComputerName":"DESKTOP-92EC60F","Duration":"00:00:00.0016520","StartTime":"2024-04-26T13:13:16.5762676+00:00","EndTime":"2024-04-26T13:13:16.5779191+00:00","Properties":[{"Key":{"Id":"NUnit.Seed","Label":"Seed","Category":"","Description":"","Attributes":0,"ValueType":"System.String"},"Value":"536699180"}]},{"TestCase":{"Id":"e2d5063a-429e-81cf-119e-0de33f1c6fc7","FullyQualifiedName":"ShoppingDALTesting.ProductRepositoryDALTest.DeleteProductSucessTest","DisplayName":"DeleteProductSucessTest","ExecutorUri":"executor://NUnit3TestExecutor","Source":"C:\\Users\\VC\\source\\repos\\Day11\\SoppingAppSolution\\ShoppingDALTesting\\bin\\Debug\\net6.0\\fine-code-coverage\\build-output\\ShoppingDALTesting.dll","CodeFilePath":null,"LineNumber":0,"Properties":[{"Key":{"Id":"NUnit.Seed","Label":"Seed","Category":"","Description":"","Attributes":0,"ValueType":"System.String"},"Value":"793125273"}]},"Attachments":[],"Outcome":1,"ErrorMessage":null,"ErrorStackTrace":null,"DisplayName":"DeleteProductSucessTest","Messages":[],"ComputerName":"DESKTOP-92EC60F","Duration":"00:00:00.0005670","StartTime":"2024-04-26T13:13:16.5779318+00:00","EndTime":"2024-04-26T13:13:16.5784987+00:00","Properties":[{"Key":{"Id":"NUnit.Seed","Label":"Seed","Category":"","Description":"","Attributes":0,"ValueType":"System.String"},"Value":"793125273"}]},{"TestCase":{"Id":"2059616b-2360-9401-dea9-43e034d66ecf","FullyQualifiedName":"ShoppingDALTesting.ProductRepositoryDALTest.GetAllFailureTest","DisplayName":"GetAllFailureTest","ExecutorUri":"executor://NUnit3TestExecutor","Source":"C:\\Users\\VC\\source\\repos\\Day11\\SoppingAppSolution\\ShoppingDALTesting\\bin\\Debug\\net6.0\\fine-code-coverage\\build-output\\ShoppingDALTesting.dll","CodeFilePath":null,"LineNumber":0,"Properties":[{"Key":{"Id":"NUnit.Seed","Label":"Seed","Category":"","Description":"","Attributes":0,"ValueType":"System.String"},"Value":"1170385888"}]},"Attachments":[],"Outcome":1,"ErrorMessage":null,"ErrorStackTrace":null,"DisplayName":"GetAllFailureTest","Messages":[],"ComputerName":"DESKTOP-92EC60F","Duration":"00:00:00.0006160","StartTime":"2024-04-26T13:13:16.5785082+00:00","EndTime":"2024-04-26T13:13:16.5791242+00:00","Properties":[{"Key":{"Id":"NUnit.Seed","Label":"Seed","Category":"","Description":"","Attributes":0,"ValueType":"System.String"},"Value":"1170385888"}]},{"TestCase":{"Id":"03ba2078-748f-c1f7-452f-416e4b711b30","FullyQualifiedName":"ShoppingDALTesting.ProductRepositoryDALTest.GetAllSuccessTest","DisplayName":"GetAllSuccessTest","ExecutorUri":"executor://NUnit3TestExecutor","Source":"C:\\Users\\VC\\source\\repos\\Day11\\SoppingAppSolution\\ShoppingDALTesting\\bin\\Debug\\net6.0\\fine-code-coverage\\build-output\\ShoppingDALTesting.dll","CodeFilePath":null,"LineNumber":0,"Properties":[{"Key":{"Id":"NUnit.Seed","Label":"Seed","Category":"","Description":"","Attributes":0,"ValueType":"System.String"},"Value":"2045028348"}]},"Attachments":[],"Outcome":1,"ErrorMessage":null,"ErrorStackTrace":null,"DisplayName":"GetAllSuccessTest","Messages":[],"ComputerName":"DESKTOP-92EC60F","Duration":"00:00:00.0006190","StartTime":"2024-04-26T13:13:16.5791363+00:00","EndTime":"2024-04-26T13:13:16.579755+00:00","Properties":[{"Key":{"Id":"NUnit.Seed","Label":"Seed","Category":"","Description":"","Attributes":0,"ValueType":"System.String"},"Value":"2045028348"}]},{"TestCase":{"Id":"54877300-dbcd-b69e-5bce-fab756779473","FullyQualifiedName":"ShoppingDALTesting.ProductRepositoryDALTest.GetByKeyExceptionTest","DisplayName":"GetByKeyExceptionTest","ExecutorUri":"executor://NUnit3TestExecutor","Source":"C:\\Users\\VC\\source\\repos\\Day11\\SoppingAppSolution\\ShoppingDALTesting\\bin\\Debug\\net6.0\\fine-code-coverage\\build-output\\ShoppingDALTesting.dll","CodeFilePath":null,"LineNumber":0,"Properties":[{"Key":{"Id":"NUnit.Seed","Label":"Seed","Category":"","Description":"","Attributes":0,"ValueType":"System.String"},"Value":"1556400697"}]},"Attachments":[],"Outcome":1,"ErrorMessage":null,"ErrorStackTrace":null,"DisplayName":"GetByKeyExceptionTest","Messages":[],"ComputerName":"DESKTOP-92EC60F","Duration":"00:00:00.0006730","StartTime":"2024-04-26T13:13:16.579765+00:00","EndTime":"2024-04-26T13:13:16.5804374+00:00","Properties":[{"Key":{"Id":"NUnit.Seed","Label":"Seed","Category":"","Description":"","Attributes":0,"ValueType":"System.String"},"Value":"1556400697"}]},{"TestCase":{"Id":"2039e613-5e6a-f875-1800-eea86ad0a1a0","FullyQualifiedName":"ShoppingDALTesting.ProductRepositoryDALTest.GetByKeySuccessTest","DisplayName":"GetByKeySuccessTest","ExecutorUri":"executor://NUnit3TestExecutor","Source":"C:\\Users\\VC\\source\\repos\\Day11\\SoppingAppSolution\\ShoppingDALTesting\\bin\\Debug\\net6.0\\fine-code-coverage\\build-output\\ShoppingDALTesting.dll","CodeFilePath":null,"LineNumber":0,"Properties":[{"Key":{"Id":"NUnit.Seed","Label":"Seed","Category":"","Description":"","Attributes":0,"ValueType":"System.String"},"Value":"1790014816"}]},"Attachments":[],"Outcome":1,"ErrorMessage":null,"ErrorStackTrace":null,"DisplayName":"GetByKeySuccessTest","Messages":[],"ComputerName":"DESKTOP-92EC60F","Duration":"00:00:00.0005440","StartTime":"2024-04-26T13:13:16.580447+00:00","EndTime":"2024-04-26T13:13:16.5809907+00:00","Properties":[{"Key":{"Id":"NUnit.Seed","Label":"Seed","Category":"","Description":"","Attributes":0,"ValueType":"System.String"},"Value":"1790014816"}]},{"TestCase":{"Id":"935012ea-5150-80f3-8d0d-df199884097d","FullyQualifiedName":"ShoppingDALTesting.ProductRepositoryDALTest.UpdateCustomerSucessTest","DisplayName":"UpdateCustomerSucessTest","ExecutorUri":"executor://NUnit3TestExecutor","Source":"C:\\Users\\VC\\source\\repos\\Day11\\SoppingAppSolution\\ShoppingDALTesting\\bin\\Debug\\net6.0\\fine-code-coverage\\build-output\\ShoppingDALTesting.dll","CodeFilePath":null,"LineNumber":0,"Properties":[{"Key":{"Id":"NUnit.Seed","Label":"Seed","Category":"","Description":"","Attributes":0,"ValueType":"System.String"},"Value":"390209163"}]},"Attachments":[],"Outcome":1,"ErrorMessage":null,"ErrorStackTrace":null,"DisplayName":"UpdateCustomerSucessTest","Messages":[],"ComputerName":"DESKTOP-92EC60F","Duration":"00:00:00.0010839","StartTime":"2024-04-26T13:13:16.5809998+00:00","EndTime":"2024-04-26T13:13:16.5820832+00:00","Properties":[{"Key":{"Id":"NUnit.Seed","Label":"Seed","Category":"","Description":"","Attributes":0,"ValueType":"System.String"},"Value":"390209163"}]},{"TestCase":{"Id":"4993309c-fa3c-dfdf-c247-e4ee8a02a0ff","FullyQualifiedName":"ShoppingDALTesting.ProductRepositoryDALTest.UpdateProductExceptionTest","DisplayName":"UpdateProductExceptionTest","ExecutorUri":"executor://NUnit3TestExecutor","Source":"C:\\Users\\VC\\source\\repos\\Day11\\SoppingAppSolution\\ShoppingDALTesting\\bin\\Debug\\net6.0\\fine-code-coverage\\build-output\\ShoppingDALTesting.dll","CodeFilePath":null,"LineNumber":0,"Properties":[{"Key":{"Id":"NUnit.Seed","Label":"Seed","Category":"","Description":"","Attributes":0,"ValueType":"System.String"},"Value":"889928567"}]},"Attachments":[],"Outcome":1,"ErrorMessage":null,"ErrorStackTrace":null,"DisplayName":"UpdateProductExceptionTest","Messages":[],"ComputerName":"DESKTOP-92EC60F","Duration":"00:00:00.0007290","StartTime":"2024-04-26T13:13:16.5820928+00:00","EndTime":"2024-04-26T13:13:16.5828214+00:00","Properties":[{"Key":{"Id":"NUnit.Seed","Label":"Seed","Category":"","Description":"","Attributes":0,"ValueType":"System.String"},"Value":"889928567"}]}],"TestRunStatistics":{"ExecutedTests":44,"Stats":{"Passed":44}},"ActiveTests":[]},"RunAttachments":[],"ExecutorUris":["executor://nunit3testexecutor/"]}}
TpTrace Verbose: 0 : 9548, 13, 2024/04/26, 18:43:16.752, 334515432508, vstest.console.dll, TestRequestSender.EndSession: Sending end session.
TpTrace Verbose: 0 : 9548, 13, 2024/04/26, 18:43:16.752, 334515434103, vstest.console.dll, ProxyOperationManager.Close: waiting for test host to exit for 100 ms
TpTrace Verbose: 0 : 9548, 11, 2024/04/26, 18:43:16.807, 334515982039, vstest.console.dll, TestHostManagerCallbacks.ctor: Experimental forwarding output is disabled.
TpTrace Warning: 0 : 9548, 11, 2024/04/26, 18:43:16.807, 334515983768, vstest.console.dll, TestHostManagerCallbacks.ErrorReceivedCallback Test host standard error line: 
TpTrace Verbose: 0 : 9548, 11, 2024/04/26, 18:43:16.818, 334516094175, vstest.console.dll, TestHostProvider.ExitCallBack: Host exited starting callback.
TpTrace Information: 0 : 9548, 11, 2024/04/26, 18:43:16.819, 334516096906, vstest.console.dll, TestHostManagerCallbacks.ExitCallBack: Testhost processId: 19360 exited with exitcode: 0 error: ''
TpTrace Verbose: 0 : 9548, 11, 2024/04/26, 18:43:16.819, 334516097621, vstest.console.dll, DotnetTestHostManager.OnHostExited: invoking OnHostExited callback
TpTrace Verbose: 0 : 9548, 11, 2024/04/26, 18:43:16.819, 334516098486, vstest.console.dll, CrossPlatEngine.TestHostManagerHostExited: calling on client process exit callback.
TpTrace Information: 0 : 9548, 11, 2024/04/26, 18:43:16.819, 334516099255, vstest.console.dll, TestRequestSender.OnClientProcessExit: Test host process exited. Standard error: 
TpTrace Information: 0 : 9548, 11, 2024/04/26, 18:43:16.819, 334516099955, vstest.console.dll, SocketServer.Stop: Stop server endPoint: 127.0.0.1:51253
TpTrace Information: 0 : 9548, 13, 2024/04/26, 18:43:16.819, 334516100102, vstest.console.dll, SocketServer.Stop: Stop server endPoint: 127.0.0.1:51253
TpTrace Information: 0 : 9548, 13, 2024/04/26, 18:43:16.819, 334516101847, vstest.console.dll, SocketServer.Stop: Cancellation requested. Stopping message loop.
TpTrace Information: 0 : 9548, 11, 2024/04/26, 18:43:16.819, 334516100429, vstest.console.dll, SocketServer.Stop: Cancellation requested. Stopping message loop.
TpTrace Information: 0 : 9548, 13, 2024/04/26, 18:43:16.819, 334516103833, vstest.console.dll, Closing the connection
TpTrace Verbose: 0 : 9548, 11, 2024/04/26, 18:43:16.819, 334516104044, vstest.console.dll, MulticastDelegateUtilities.SafeInvoke: HostProviderEvents.OnHostExited: Invoking callback 1/1 for Microsoft.VisualStudio.TestPlatform.CrossPlatEngine.Client.ProxyOperationManager., took 0 ms.
TpTrace Verbose: 0 : 9548, 13, 2024/04/26, 18:43:16.820, 334516107653, vstest.console.dll, ProxyDataCollectionManager.InvokeDataCollectionServiceAction: Starting.
TpTrace Information: 0 : 9548, 13, 2024/04/26, 18:43:16.820, 334516108441, vstest.console.dll, ProxyDataCollectionManager.AfterTestRunEnd: Get attachment set and invoked data collectors processId: 30328 port: 51250
TpTrace Verbose: 0 : 9548, 13, 2024/04/26, 18:43:16.820, 334516109219, vstest.console.dll, DataCollectionRequestSender.SendAfterTestRunStartAndGetResult: Send AfterTestRunEnd message with isCancelled: False
TpTrace Verbose: 0 : 9548, 13, 2024/04/26, 18:43:16.832, 334516228349, vstest.console.dll, DataCollectionRequestSender.SendAfterTestRunStartAndGetResult: Received message: (DataCollection.AfterTestRunEndResult) -> {"MessageType":"DataCollection.AfterTestRunEndResult","Payload":{"AttachmentSets":[],"InvokedDataCollectors":[{"Uri":"datacollector://Microsoft/TestPlatform/Extensions/Blame/v1","FriendlyName":"Blame","AssemblyQualifiedName":"Microsoft.TestPlatform.Extensions.BlameDataCollector.BlameCollector, Microsoft.TestPlatform.Extensions.BlameDataCollector, Version=15.0.0.0, Culture=neutral, PublicKeyToken=b03f5f7f11d50a3a","FilePath":"C:\\Program Files\\dotnet\\sdk\\8.0.202\\Extensions\\Microsoft.TestPlatform.Extensions.BlameDataCollector.dll","HasAttachmentProcessor":false}],"Metrics":{}}}
TpTrace Warning: 0 : 9548, 10, 2024/04/26, 18:43:16.838, 334516291465, vstest.console.dll, DataCollectionLauncher.ErrorReceivedCallback datacollector standard error line: 
TpTrace Information: 0 : 9548, 13, 2024/04/26, 18:43:16.843, 334516339002, vstest.console.dll, ProxyDataCollectionManager.InvokeDataCollectionServiceAction: Completed.
TpTrace Information: 0 : 9548, 10, 2024/04/26, 18:43:16.849, 334516398520, vstest.console.dll, DataCollectionLauncher.ExitCallBack: Data collector exited with exitcode: 0 error: ''
TpTrace Verbose: 0 : 9548, 13, 2024/04/26, 18:43:16.894, 334516854229, vstest.console.dll, TestRunRequest:SendTestRunStatsChange: Starting.
TpTrace Verbose: 0 : 9548, 13, 2024/04/26, 18:43:16.895, 334516855519, vstest.console.dll, MulticastDelegateUtilities.SafeInvoke: TestRun.RunStatsChanged: Invoking callbacks was skipped because there are no subscribers.
TpTrace Information: 0 : 9548, 13, 2024/04/26, 18:43:16.895, 334516855779, vstest.console.dll, TestRunRequest:SendTestRunStatsChange: Completed.
TpTrace Verbose: 0 : 9548, 4, 2024/04/26, 18:43:16.895, 334516857149, vstest.console.dll, MulticastDelegateUtilities.SafeInvoke: InternalTestLoggerEvents.SendTestResult: Invoking callback 1/1 for Microsoft.VisualStudio.TestPlatform.CommandLine.Internal.ConsoleLogger., took 0 ms.
TpTrace Verbose: 0 : 9548, 4, 2024/04/26, 18:43:16.895, 334516858369, vstest.console.dll, MulticastDelegateUtilities.SafeInvoke: InternalTestLoggerEvents.SendTestResult: Invoking callback 1/1 for Microsoft.VisualStudio.TestPlatform.CommandLine.Internal.ConsoleLogger., took 0 ms.
TpTrace Verbose: 0 : 9548, 4, 2024/04/26, 18:43:16.895, 334516858959, vstest.console.dll, MulticastDelegateUtilities.SafeInvoke: InternalTestLoggerEvents.SendTestResult: Invoking callback 1/1 for Microsoft.VisualStudio.TestPlatform.CommandLine.Internal.ConsoleLogger., took 0 ms.
TpTrace Verbose: 0 : 9548, 4, 2024/04/26, 18:43:16.895, 334516859409, vstest.console.dll, MulticastDelegateUtilities.SafeInvoke: InternalTestLoggerEvents.SendTestResult: Invoking callback 1/1 for Microsoft.VisualStudio.TestPlatform.CommandLine.Internal.ConsoleLogger., took 0 ms.
TpTrace Verbose: 0 : 9548, 4, 2024/04/26, 18:43:16.895, 334516859876, vstest.console.dll, MulticastDelegateUtilities.SafeInvoke: InternalTestLoggerEvents.SendTestResult: Invoking callback 1/1 for Microsoft.VisualStudio.TestPlatform.CommandLine.Internal.ConsoleLogger., took 0 ms.
TpTrace Verbose: 0 : 9548, 4, 2024/04/26, 18:43:16.895, 334516860314, vstest.console.dll, MulticastDelegateUtilities.SafeInvoke: InternalTestLoggerEvents.SendTestResult: Invoking callback 1/1 for Microsoft.VisualStudio.TestPlatform.CommandLine.Internal.ConsoleLogger., took 0 ms.
TpTrace Verbose: 0 : 9548, 4, 2024/04/26, 18:43:16.895, 334516860731, vstest.console.dll, MulticastDelegateUtilities.SafeInvoke: InternalTestLoggerEvents.SendTestResult: Invoking callback 1/1 for Microsoft.VisualStudio.TestPlatform.CommandLine.Internal.ConsoleLogger., took 0 ms.
TpTrace Verbose: 0 : 9548, 4, 2024/04/26, 18:43:16.895, 334516861362, vstest.console.dll, MulticastDelegateUtilities.SafeInvoke: InternalTestLoggerEvents.SendTestResult: Invoking callback 1/1 for Microsoft.VisualStudio.TestPlatform.CommandLine.Internal.ConsoleLogger., took 0 ms.
TpTrace Verbose: 0 : 9548, 13, 2024/04/26, 18:43:16.895, 334516858650, vstest.console.dll, ParallelProxyExecutionManager: HandlePartialRunComplete: Total workloads = 1, Total started clients = 1 Total completed clients = 1, Run complete = True, Run canceled: False.
TpTrace Verbose: 0 : 9548, 13, 2024/04/26, 18:43:16.895, 334516863981, vstest.console.dll, ParallelProxyExecutionManager: HandlePartialRunComplete: All runs completed stopping all managers.
TpTrace Verbose: 0 : 9548, 13, 2024/04/26, 18:43:16.896, 334516864548, vstest.console.dll, ParallelOperationManager.StopAllManagers: Stopping all managers.
TpTrace Verbose: 0 : 9548, 13, 2024/04/26, 18:43:16.896, 334516864892, vstest.console.dll, ParallelOperationManager.ClearSlots: Clearing all slots. Slots should accept more work: False
TpTrace Verbose: 0 : 9548, 13, 2024/04/26, 18:43:16.896, 334516865288, vstest.console.dll, ParallelOperationManager.SetOccupiedSlotCount: Setting slot counts AvailableSlotCount = 1, OccupiedSlotCount = 0.
TpTrace Verbose: 0 : 9548, 13, 2024/04/26, 18:43:16.896, 334516865883, vstest.console.dll, Occupied slots:

TpTrace Verbose: 0 : 9548, 4, 2024/04/26, 18:43:16.907, 334516980655, vstest.console.dll, MulticastDelegateUtilities.SafeInvoke: InternalTestLoggerEvents.SendTestRunComplete: Invoking callback 1/2 for Microsoft.TestPlatform.Extensions.BlameDataCollector.BlameLogger., took 0 ms.
TpTrace Verbose: 0 : 9548, 4, 2024/04/26, 18:43:16.914, 334517050499, vstest.console.dll, MulticastDelegateUtilities.SafeInvoke: InternalTestLoggerEvents.SendTestRunComplete: Invoking callback 2/2 for Microsoft.VisualStudio.TestPlatform.CommandLine.Internal.ConsoleLogger., took 6 ms.
TpTrace Verbose: 0 : 9548, 13, 2024/04/26, 18:43:16.915, 334517055406, vstest.console.dll, TestRunRequest:TestRunComplete: Starting. IsAborted:False IsCanceled:False.
TpTrace Verbose: 0 : 9548, 13, 2024/04/26, 18:43:16.915, 334517057473, vstest.console.dll, ParallelOperationManager.DoActionOnAllManagers: Calling an action on all managers.
TpTrace Verbose: 0 : 9548, 13, 2024/04/26, 18:43:16.916, 334517069066, vstest.console.dll, TestLoggerManager.HandleTestRunComplete: Ignoring as the object is disposed.
TpTrace Verbose: 0 : 9548, 13, 2024/04/26, 18:43:16.916, 334517071859, vstest.console.dll, MulticastDelegateUtilities.SafeInvoke: TestRun.TestRunComplete: Invoking callback 1/2 for Microsoft.VisualStudio.TestPlatform.CommandLine.TestRunResultAggregator., took 0 ms.
TpTrace Verbose: 0 : 9548, 13, 2024/04/26, 18:43:16.916, 334517073440, vstest.console.dll, MulticastDelegateUtilities.SafeInvoke: TestRun.TestRunComplete: Invoking callback 2/2 for Microsoft.VisualStudio.TestPlatform.CommandLine.Processors.RunTestsArgumentExecutor+TestRunRequestEventsRegistrar., took 0 ms.
TpTrace Information: 0 : 9548, 13, 2024/04/26, 18:43:16.917, 334517075035, vstest.console.dll, TestRunRequest:TestRunComplete: Completed.
TpTrace Verbose: 0 : 9548, 13, 2024/04/26, 18:43:16.917, 334517075504, vstest.console.dll, TestRequestSender.SetOperationComplete: Setting operation complete.
TpTrace Verbose: 0 : 9548, 1, 2024/04/26, 18:43:16.917, 334517075774, vstest.console.dll, TestRunRequest.Dispose: Starting.
TpTrace Information: 0 : 9548, 13, 2024/04/26, 18:43:16.917, 334517075958, vstest.console.dll, SocketServer.Stop: Stop server endPoint: 127.0.0.1:51253
TpTrace Information: 0 : 9548, 1, 2024/04/26, 18:43:16.917, 334517076965, vstest.console.dll, TestRunRequest.Dispose: Completed.
TpTrace Information: 0 : 9548, 13, 2024/04/26, 18:43:16.917, 334517077469, vstest.console.dll, SocketServer.Stop: Cancellation requested. Stopping message loop.
TpTrace Information: 0 : 9548, 1, 2024/04/26, 18:43:16.917, 334517077618, vstest.console.dll, TestRequestManager.RunTests: run tests completed.
TpTrace Verbose: 0 : 9548, 13, 2024/04/26, 18:43:16.917, 334517078163, vstest.console.dll, MulticastDelegateUtilities.SafeInvoke: LengthPrefixCommunicationChannel: MessageReceived: Invoking callback 1/1 for Microsoft.VisualStudio.TestPlatform.CommunicationUtilities.TestRequestSender+<>c__DisplayClass34_0., took 164 ms.
TpTrace Information: 0 : 9548, 1, 2024/04/26, 18:43:16.917, 334517078972, vstest.console.dll, RunTestsArgumentProcessor:Execute: Test run is completed.
TpTrace Information: 0 : 9548, 13, 2024/04/26, 18:43:16.917, 334517079164, vstest.console.dll, SocketServer.PrivateStop: Stopping server endPoint: 127.0.0.1:51253 error: 
TpTrace Verbose: 0 : 9548, 1, 2024/04/26, 18:43:16.917, 334517083255, vstest.console.dll, Executor.Execute: Exiting with exit code of 0
TpTrace Verbose: 0 : 9548, 13, 2024/04/26, 18:43:16.918, 334517084867, vstest.console.dll, LengthPrefixCommunicationChannel.Dispose: Dispose reader and writer.
TpTrace Information: 0 : 9548, 13, 2024/04/26, 18:43:16.918, 334517086124, vstest.console.dll, SocketServer.Stop: Raise disconnected event endPoint: 127.0.0.1:51253 error: 
TpTrace Verbose: 0 : 9548, 13, 2024/04/26, 18:43:16.918, 334517087165, vstest.console.dll, TestRequestSender: OnTestRunAbort: Operation is already complete. Skip error message.
TpTrace Verbose: 0 : 9548, 13, 2024/04/26, 18:43:16.918, 334517087651, vstest.console.dll, MulticastDelegateUtilities.SafeInvoke: SocketServer: ClientDisconnected: Invoking callback 1/1 for Microsoft.VisualStudio.TestPlatform.CommunicationUtilities.TestRequestSender., took 0 ms.
TpTrace Verbose: 0 : 9548, 13, 2024/04/26, 18:43:16.918, 334517088018, vstest.console.dll, TcpClientExtensions.MessageLoopAsync: exiting MessageLoopAsync remoteEndPoint: 127.0.0.1:51254 localEndPoint: 127.0.0.1:51253
